ERROR - 2024-11-18 06:25:07 --> mysqli_sql_exception: Unknown column 'product_id' in 'where clause' in /home2/cwltechin/public_html/dawar-jewellery/system/Database/MySQLi/Connection.php:312
Stack trace:
#0 /home2/cwltechin/public_html/dawar-jewellery/system/Database/MySQLi/Connection.php(312): mysqli->query('SELECT *\nFROM `...', 0)
#1 /home2/cwltechin/public_html/dawar-jewellery/system/Database/BaseConnection.php(734): CodeIgniter\Database\MySQLi\Connection->execute('SELECT *\nFROM `...')
#2 /home2/cwltechin/public_html/dawar-jewellery/system/Database/BaseConnection.php(648): CodeIgniter\Database\BaseConnection->simpleQuery('SELECT *\nFROM `...')
#3 /home2/cwltechin/public_html/dawar-jewellery/system/Database/BaseBuilder.php(1636): CodeIgniter\Database\BaseConnection->query('SELECT *\nFROM `...', Array, false)
#4 /home2/cwltechin/public_html/dawar-jewellery/app/Models/HomeModel.php(292): CodeIgniter\Database\BaseBuilder->get()
#5 /home2/cwltechin/public_html/dawar-jewellery/app/Controllers/Home.php(549): App\Models\HomeModel->checkCart('1', '1')
#6 /home2/cwltechin/public_html/dawar-jewellery/system/CodeIgniter.php(933): App\Controllers\Home->saveCart()
#7 /home2/cwltechin/public_html/dawar-jewellery/system/CodeIgniter.php(509): CodeIgniter\CodeIgniter->runController(Object(App\Controllers\Home))
#8 /home2/cwltechin/public_html/dawar-jewellery/system/CodeIgniter.php(355): CodeIgniter\CodeIgniter->handleRequest(NULL, Object(Config\Cache), false)
#9 /home2/cwltechin/public_html/dawar-jewellery/system/Boot.php(325): CodeIgniter\CodeIgniter->run()
#10 /home2/cwltechin/public_html/dawar-jewellery/system/Boot.php(67): CodeIgniter\Boot::runCodeIgniter(Object(CodeIgniter\CodeIgniter))
#11 /home2/cwltechin/public_html/dawar-jewellery/index.php(56): CodeIgniter\Boot::bootWeb(Object(Config\Paths))
#12 {main}
CRITICAL - 2024-11-18 06:25:07 --> CodeIgniter\Database\Exceptions\DatabaseException: Unknown column 'product_id' in 'where clause'
[Method: POST, Route: saveCart]
in SYSTEMPATH/Database/BaseConnection.php on line 688.
 1 SYSTEMPATH/Database/BaseBuilder.php(1636): CodeIgniter\Database\BaseConnection->query('SELECT *
FROM `tbl_cart`
WHERE `user_id` = :user_id:
AND `product_id` = :product_id:', [...], false)
 2 APPPATH/Models/HomeModel.php(292): CodeIgniter\Database\BaseBuilder->get()
 3 APPPATH/Controllers/Home.php(549): App\Models\HomeModel->checkCart('1', '1')
 4 SYSTEMPATH/CodeIgniter.php(933): App\Controllers\Home->saveCart()
 5 SYSTEMPATH/CodeIgniter.php(509): CodeIgniter\CodeIgniter->runController(Object(App\Controllers\Home))
 6 SYSTEMPATH/CodeIgniter.php(355): CodeIgniter\CodeIgniter->handleRequest(null, Object(Config\Cache), false)
 7 SYSTEMPATH/Boot.php(325): CodeIgniter\CodeIgniter->run()
 8 SYSTEMPATH/Boot.php(67): CodeIgniter\Boot::runCodeIgniter(Object(CodeIgniter\CodeIgniter))
 9 FCPATH/index.php(56): CodeIgniter\Boot::bootWeb(Object(Config\Paths))
CRITICAL - 2024-11-18 06:25:07 --> [Caused by] CodeIgniter\Database\Exceptions\DatabaseException: Unknown column 'product_id' in 'where clause'
in SYSTEMPATH/Database/MySQLi/Connection.php on line 317.
 1 SYSTEMPATH/Database/BaseConnection.php(734): CodeIgniter\Database\MySQLi\Connection->execute('SELECT *
FROM `tbl_cart`
WHERE `user_id` = \'1\'
AND `product_id` = \'1\'')
 2 SYSTEMPATH/Database/BaseConnection.php(648): CodeIgniter\Database\BaseConnection->simpleQuery('SELECT *
FROM `tbl_cart`
WHERE `user_id` = \'1\'
AND `product_id` = \'1\'')
 3 SYSTEMPATH/Database/BaseBuilder.php(1636): CodeIgniter\Database\BaseConnection->query('SELECT *
FROM `tbl_cart`
WHERE `user_id` = :user_id:
AND `product_id` = :product_id:', [...], false)
 4 APPPATH/Models/HomeModel.php(292): CodeIgniter\Database\BaseBuilder->get()
 5 APPPATH/Controllers/Home.php(549): App\Models\HomeModel->checkCart('1', '1')
 6 SYSTEMPATH/CodeIgniter.php(933): App\Controllers\Home->saveCart()
 7 SYSTEMPATH/CodeIgniter.php(509): CodeIgniter\CodeIgniter->runController(Object(App\Controllers\Home))
 8 SYSTEMPATH/CodeIgniter.php(355): CodeIgniter\CodeIgniter->handleRequest(null, Object(Config\Cache), false)
 9 SYSTEMPATH/Boot.php(325): CodeIgniter\CodeIgniter->run()
10 SYSTEMPATH/Boot.php(67): CodeIgniter\Boot::runCodeIgniter(Object(CodeIgniter\CodeIgniter))
11 FCPATH/index.php(56): CodeIgniter\Boot::bootWeb(Object(Config\Paths))
CRITICAL - 2024-11-18 06:25:07 --> [Caused by] mysqli_sql_exception: Unknown column 'product_id' in 'where clause'
in SYSTEMPATH/Database/MySQLi/Connection.php on line 312.
 1 SYSTEMPATH/Database/MySQLi/Connection.php(312): mysqli->query('SELECT *
FROM `tbl_cart`
WHERE `user_id` = \'1\'
AND `product_id` = \'1\'', 0)
 2 SYSTEMPATH/Database/BaseConnection.php(734): CodeIgniter\Database\MySQLi\Connection->execute('SELECT *
FROM `tbl_cart`
WHERE `user_id` = \'1\'
AND `product_id` = \'1\'')
 3 SYSTEMPATH/Database/BaseConnection.php(648): CodeIgniter\Database\BaseConnection->simpleQuery('SELECT *
FROM `tbl_cart`
WHERE `user_id` = \'1\'
AND `product_id` = \'1\'')
 4 SYSTEMPATH/Database/BaseBuilder.php(1636): CodeIgniter\Database\BaseConnection->query('SELECT *
FROM `tbl_cart`
WHERE `user_id` = :user_id:
AND `product_id` = :product_id:', [...], false)
 5 APPPATH/Models/HomeModel.php(292): CodeIgniter\Database\BaseBuilder->get()
 6 APPPATH/Controllers/Home.php(549): App\Models\HomeModel->checkCart('1', '1')
 7 SYSTEMPATH/CodeIgniter.php(933): App\Controllers\Home->saveCart()
 8 SYSTEMPATH/CodeIgniter.php(509): CodeIgniter\CodeIgniter->runController(Object(App\Controllers\Home))
 9 SYSTEMPATH/CodeIgniter.php(355): CodeIgniter\CodeIgniter->handleRequest(null, Object(Config\Cache), false)
10 SYSTEMPATH/Boot.php(325): CodeIgniter\CodeIgniter->run()
11 SYSTEMPATH/Boot.php(67): CodeIgniter\Boot::runCodeIgniter(Object(CodeIgniter\CodeIgniter))
12 FCPATH/index.php(56): CodeIgniter\Boot::bootWeb(Object(Config\Paths))
ERROR - 2024-11-18 06:25:30 --> mysqli_sql_exception: Unknown column 'product_id' in 'where clause' in /home2/cwltechin/public_html/dawar-jewellery/system/Database/MySQLi/Connection.php:312
Stack trace:
#0 /home2/cwltechin/public_html/dawar-jewellery/system/Database/MySQLi/Connection.php(312): mysqli->query('SELECT *\nFROM `...', 0)
#1 /home2/cwltechin/public_html/dawar-jewellery/system/Database/BaseConnection.php(734): CodeIgniter\Database\MySQLi\Connection->execute('SELECT *\nFROM `...')
#2 /home2/cwltechin/public_html/dawar-jewellery/system/Database/BaseConnection.php(648): CodeIgniter\Database\BaseConnection->simpleQuery('SELECT *\nFROM `...')
#3 /home2/cwltechin/public_html/dawar-jewellery/system/Database/BaseBuilder.php(1636): CodeIgniter\Database\BaseConnection->query('SELECT *\nFROM `...', Array, false)
#4 /home2/cwltechin/public_html/dawar-jewellery/app/Models/HomeModel.php(292): CodeIgniter\Database\BaseBuilder->get()
#5 /home2/cwltechin/public_html/dawar-jewellery/app/Controllers/Home.php(549): App\Models\HomeModel->checkCart('1', '1')
#6 /home2/cwltechin/public_html/dawar-jewellery/system/CodeIgniter.php(933): App\Controllers\Home->saveCart()
#7 /home2/cwltechin/public_html/dawar-jewellery/system/CodeIgniter.php(509): CodeIgniter\CodeIgniter->runController(Object(App\Controllers\Home))
#8 /home2/cwltechin/public_html/dawar-jewellery/system/CodeIgniter.php(355): CodeIgniter\CodeIgniter->handleRequest(NULL, Object(Config\Cache), false)
#9 /home2/cwltechin/public_html/dawar-jewellery/system/Boot.php(325): CodeIgniter\CodeIgniter->run()
#10 /home2/cwltechin/public_html/dawar-jewellery/system/Boot.php(67): CodeIgniter\Boot::runCodeIgniter(Object(CodeIgniter\CodeIgniter))
#11 /home2/cwltechin/public_html/dawar-jewellery/index.php(56): CodeIgniter\Boot::bootWeb(Object(Config\Paths))
#12 {main}
CRITICAL - 2024-11-18 06:25:30 --> CodeIgniter\Database\Exceptions\DatabaseException: Unknown column 'product_id' in 'where clause'
[Method: POST, Route: saveCart]
in SYSTEMPATH/Database/BaseConnection.php on line 688.
 1 SYSTEMPATH/Database/BaseBuilder.php(1636): CodeIgniter\Database\BaseConnection->query('SELECT *
FROM `tbl_cart`
WHERE `user_id` = :user_id:
AND `product_id` = :product_id:', [...], false)
 2 APPPATH/Models/HomeModel.php(292): CodeIgniter\Database\BaseBuilder->get()
 3 APPPATH/Controllers/Home.php(549): App\Models\HomeModel->checkCart('1', '1')
 4 SYSTEMPATH/CodeIgniter.php(933): App\Controllers\Home->saveCart()
 5 SYSTEMPATH/CodeIgniter.php(509): CodeIgniter\CodeIgniter->runController(Object(App\Controllers\Home))
 6 SYSTEMPATH/CodeIgniter.php(355): CodeIgniter\CodeIgniter->handleRequest(null, Object(Config\Cache), false)
 7 SYSTEMPATH/Boot.php(325): CodeIgniter\CodeIgniter->run()
 8 SYSTEMPATH/Boot.php(67): CodeIgniter\Boot::runCodeIgniter(Object(CodeIgniter\CodeIgniter))
 9 FCPATH/index.php(56): CodeIgniter\Boot::bootWeb(Object(Config\Paths))
CRITICAL - 2024-11-18 06:25:30 --> [Caused by] CodeIgniter\Database\Exceptions\DatabaseException: Unknown column 'product_id' in 'where clause'
in SYSTEMPATH/Database/MySQLi/Connection.php on line 317.
 1 SYSTEMPATH/Database/BaseConnection.php(734): CodeIgniter\Database\MySQLi\Connection->execute('SELECT *
FROM `tbl_cart`
WHERE `user_id` = \'1\'
AND `product_id` = \'1\'')
 2 SYSTEMPATH/Database/BaseConnection.php(648): CodeIgniter\Database\BaseConnection->simpleQuery('SELECT *
FROM `tbl_cart`
WHERE `user_id` = \'1\'
AND `product_id` = \'1\'')
 3 SYSTEMPATH/Database/BaseBuilder.php(1636): CodeIgniter\Database\BaseConnection->query('SELECT *
FROM `tbl_cart`
WHERE `user_id` = :user_id:
AND `product_id` = :product_id:', [...], false)
 4 APPPATH/Models/HomeModel.php(292): CodeIgniter\Database\BaseBuilder->get()
 5 APPPATH/Controllers/Home.php(549): App\Models\HomeModel->checkCart('1', '1')
 6 SYSTEMPATH/CodeIgniter.php(933): App\Controllers\Home->saveCart()
 7 SYSTEMPATH/CodeIgniter.php(509): CodeIgniter\CodeIgniter->runController(Object(App\Controllers\Home))
 8 SYSTEMPATH/CodeIgniter.php(355): CodeIgniter\CodeIgniter->handleRequest(null, Object(Config\Cache), false)
 9 SYSTEMPATH/Boot.php(325): CodeIgniter\CodeIgniter->run()
10 SYSTEMPATH/Boot.php(67): CodeIgniter\Boot::runCodeIgniter(Object(CodeIgniter\CodeIgniter))
11 FCPATH/index.php(56): CodeIgniter\Boot::bootWeb(Object(Config\Paths))
CRITICAL - 2024-11-18 06:25:30 --> [Caused by] mysqli_sql_exception: Unknown column 'product_id' in 'where clause'
in SYSTEMPATH/Database/MySQLi/Connection.php on line 312.
 1 SYSTEMPATH/Database/MySQLi/Connection.php(312): mysqli->query('SELECT *
FROM `tbl_cart`
WHERE `user_id` = \'1\'
AND `product_id` = \'1\'', 0)
 2 SYSTEMPATH/Database/BaseConnection.php(734): CodeIgniter\Database\MySQLi\Connection->execute('SELECT *
FROM `tbl_cart`
WHERE `user_id` = \'1\'
AND `product_id` = \'1\'')
 3 SYSTEMPATH/Database/BaseConnection.php(648): CodeIgniter\Database\BaseConnection->simpleQuery('SELECT *
FROM `tbl_cart`
WHERE `user_id` = \'1\'
AND `product_id` = \'1\'')
 4 SYSTEMPATH/Database/BaseBuilder.php(1636): CodeIgniter\Database\BaseConnection->query('SELECT *
FROM `tbl_cart`
WHERE `user_id` = :user_id:
AND `product_id` = :product_id:', [...], false)
 5 APPPATH/Models/HomeModel.php(292): CodeIgniter\Database\BaseBuilder->get()
 6 APPPATH/Controllers/Home.php(549): App\Models\HomeModel->checkCart('1', '1')
 7 SYSTEMPATH/CodeIgniter.php(933): App\Controllers\Home->saveCart()
 8 SYSTEMPATH/CodeIgniter.php(509): CodeIgniter\CodeIgniter->runController(Object(App\Controllers\Home))
 9 SYSTEMPATH/CodeIgniter.php(355): CodeIgniter\CodeIgniter->handleRequest(null, Object(Config\Cache), false)
10 SYSTEMPATH/Boot.php(325): CodeIgniter\CodeIgniter->run()
11 SYSTEMPATH/Boot.php(67): CodeIgniter\Boot::runCodeIgniter(Object(CodeIgniter\CodeIgniter))
12 FCPATH/index.php(56): CodeIgniter\Boot::bootWeb(Object(Config\Paths))
ERROR - 2024-11-18 06:25:34 --> mysqli_sql_exception: Unknown column 'product_id' in 'where clause' in /home2/cwltechin/public_html/dawar-jewellery/system/Database/MySQLi/Connection.php:312
Stack trace:
#0 /home2/cwltechin/public_html/dawar-jewellery/system/Database/MySQLi/Connection.php(312): mysqli->query('SELECT *\nFROM `...', 0)
#1 /home2/cwltechin/public_html/dawar-jewellery/system/Database/BaseConnection.php(734): CodeIgniter\Database\MySQLi\Connection->execute('SELECT *\nFROM `...')
#2 /home2/cwltechin/public_html/dawar-jewellery/system/Database/BaseConnection.php(648): CodeIgniter\Database\BaseConnection->simpleQuery('SELECT *\nFROM `...')
#3 /home2/cwltechin/public_html/dawar-jewellery/system/Database/BaseBuilder.php(1636): CodeIgniter\Database\BaseConnection->query('SELECT *\nFROM `...', Array, false)
#4 /home2/cwltechin/public_html/dawar-jewellery/app/Models/HomeModel.php(292): CodeIgniter\Database\BaseBuilder->get()
#5 /home2/cwltechin/public_html/dawar-jewellery/app/Controllers/Home.php(549): App\Models\HomeModel->checkCart('1', '1')
#6 /home2/cwltechin/public_html/dawar-jewellery/system/CodeIgniter.php(933): App\Controllers\Home->saveCart()
#7 /home2/cwltechin/public_html/dawar-jewellery/system/CodeIgniter.php(509): CodeIgniter\CodeIgniter->runController(Object(App\Controllers\Home))
#8 /home2/cwltechin/public_html/dawar-jewellery/system/CodeIgniter.php(355): CodeIgniter\CodeIgniter->handleRequest(NULL, Object(Config\Cache), false)
#9 /home2/cwltechin/public_html/dawar-jewellery/system/Boot.php(325): CodeIgniter\CodeIgniter->run()
#10 /home2/cwltechin/public_html/dawar-jewellery/system/Boot.php(67): CodeIgniter\Boot::runCodeIgniter(Object(CodeIgniter\CodeIgniter))
#11 /home2/cwltechin/public_html/dawar-jewellery/index.php(56): CodeIgniter\Boot::bootWeb(Object(Config\Paths))
#12 {main}
CRITICAL - 2024-11-18 06:25:34 --> CodeIgniter\Database\Exceptions\DatabaseException: Unknown column 'product_id' in 'where clause'
[Method: POST, Route: saveCart]
in SYSTEMPATH/Database/BaseConnection.php on line 688.
 1 SYSTEMPATH/Database/BaseBuilder.php(1636): CodeIgniter\Database\BaseConnection->query('SELECT *
FROM `tbl_cart`
WHERE `user_id` = :user_id:
AND `product_id` = :product_id:', [...], false)
 2 APPPATH/Models/HomeModel.php(292): CodeIgniter\Database\BaseBuilder->get()
 3 APPPATH/Controllers/Home.php(549): App\Models\HomeModel->checkCart('1', '1')
 4 SYSTEMPATH/CodeIgniter.php(933): App\Controllers\Home->saveCart()
 5 SYSTEMPATH/CodeIgniter.php(509): CodeIgniter\CodeIgniter->runController(Object(App\Controllers\Home))
 6 SYSTEMPATH/CodeIgniter.php(355): CodeIgniter\CodeIgniter->handleRequest(null, Object(Config\Cache), false)
 7 SYSTEMPATH/Boot.php(325): CodeIgniter\CodeIgniter->run()
 8 SYSTEMPATH/Boot.php(67): CodeIgniter\Boot::runCodeIgniter(Object(CodeIgniter\CodeIgniter))
 9 FCPATH/index.php(56): CodeIgniter\Boot::bootWeb(Object(Config\Paths))
CRITICAL - 2024-11-18 06:25:34 --> [Caused by] CodeIgniter\Database\Exceptions\DatabaseException: Unknown column 'product_id' in 'where clause'
in SYSTEMPATH/Database/MySQLi/Connection.php on line 317.
 1 SYSTEMPATH/Database/BaseConnection.php(734): CodeIgniter\Database\MySQLi\Connection->execute('SELECT *
FROM `tbl_cart`
WHERE `user_id` = \'1\'
AND `product_id` = \'1\'')
 2 SYSTEMPATH/Database/BaseConnection.php(648): CodeIgniter\Database\BaseConnection->simpleQuery('SELECT *
FROM `tbl_cart`
WHERE `user_id` = \'1\'
AND `product_id` = \'1\'')
 3 SYSTEMPATH/Database/BaseBuilder.php(1636): CodeIgniter\Database\BaseConnection->query('SELECT *
FROM `tbl_cart`
WHERE `user_id` = :user_id:
AND `product_id` = :product_id:', [...], false)
 4 APPPATH/Models/HomeModel.php(292): CodeIgniter\Database\BaseBuilder->get()
 5 APPPATH/Controllers/Home.php(549): App\Models\HomeModel->checkCart('1', '1')
 6 SYSTEMPATH/CodeIgniter.php(933): App\Controllers\Home->saveCart()
 7 SYSTEMPATH/CodeIgniter.php(509): CodeIgniter\CodeIgniter->runController(Object(App\Controllers\Home))
 8 SYSTEMPATH/CodeIgniter.php(355): CodeIgniter\CodeIgniter->handleRequest(null, Object(Config\Cache), false)
 9 SYSTEMPATH/Boot.php(325): CodeIgniter\CodeIgniter->run()
10 SYSTEMPATH/Boot.php(67): CodeIgniter\Boot::runCodeIgniter(Object(CodeIgniter\CodeIgniter))
11 FCPATH/index.php(56): CodeIgniter\Boot::bootWeb(Object(Config\Paths))
CRITICAL - 2024-11-18 06:25:34 --> [Caused by] mysqli_sql_exception: Unknown column 'product_id' in 'where clause'
in SYSTEMPATH/Database/MySQLi/Connection.php on line 312.
 1 SYSTEMPATH/Database/MySQLi/Connection.php(312): mysqli->query('SELECT *
FROM `tbl_cart`
WHERE `user_id` = \'1\'
AND `product_id` = \'1\'', 0)
 2 SYSTEMPATH/Database/BaseConnection.php(734): CodeIgniter\Database\MySQLi\Connection->execute('SELECT *
FROM `tbl_cart`
WHERE `user_id` = \'1\'
AND `product_id` = \'1\'')
 3 SYSTEMPATH/Database/BaseConnection.php(648): CodeIgniter\Database\BaseConnection->simpleQuery('SELECT *
FROM `tbl_cart`
WHERE `user_id` = \'1\'
AND `product_id` = \'1\'')
 4 SYSTEMPATH/Database/BaseBuilder.php(1636): CodeIgniter\Database\BaseConnection->query('SELECT *
FROM `tbl_cart`
WHERE `user_id` = :user_id:
AND `product_id` = :product_id:', [...], false)
 5 APPPATH/Models/HomeModel.php(292): CodeIgniter\Database\BaseBuilder->get()
 6 APPPATH/Controllers/Home.php(549): App\Models\HomeModel->checkCart('1', '1')
 7 SYSTEMPATH/CodeIgniter.php(933): App\Controllers\Home->saveCart()
 8 SYSTEMPATH/CodeIgniter.php(509): CodeIgniter\CodeIgniter->runController(Object(App\Controllers\Home))
 9 SYSTEMPATH/CodeIgniter.php(355): CodeIgniter\CodeIgniter->handleRequest(null, Object(Config\Cache), false)
10 SYSTEMPATH/Boot.php(325): CodeIgniter\CodeIgniter->run()
11 SYSTEMPATH/Boot.php(67): CodeIgniter\Boot::runCodeIgniter(Object(CodeIgniter\CodeIgniter))
12 FCPATH/index.php(56): CodeIgniter\Boot::bootWeb(Object(Config\Paths))
ERROR - 2024-11-18 06:25:43 --> mysqli_sql_exception: Unknown column 'product_id' in 'where clause' in /home2/cwltechin/public_html/dawar-jewellery/system/Database/MySQLi/Connection.php:312
Stack trace:
#0 /home2/cwltechin/public_html/dawar-jewellery/system/Database/MySQLi/Connection.php(312): mysqli->query('SELECT *\nFROM `...', 0)
#1 /home2/cwltechin/public_html/dawar-jewellery/system/Database/BaseConnection.php(734): CodeIgniter\Database\MySQLi\Connection->execute('SELECT *\nFROM `...')
#2 /home2/cwltechin/public_html/dawar-jewellery/system/Database/BaseConnection.php(648): CodeIgniter\Database\BaseConnection->simpleQuery('SELECT *\nFROM `...')
#3 /home2/cwltechin/public_html/dawar-jewellery/system/Database/BaseBuilder.php(1636): CodeIgniter\Database\BaseConnection->query('SELECT *\nFROM `...', Array, false)
#4 /home2/cwltechin/public_html/dawar-jewellery/app/Models/HomeModel.php(292): CodeIgniter\Database\BaseBuilder->get()
#5 /home2/cwltechin/public_html/dawar-jewellery/app/Controllers/Home.php(549): App\Models\HomeModel->checkCart('1', '1')
#6 /home2/cwltechin/public_html/dawar-jewellery/system/CodeIgniter.php(933): App\Controllers\Home->saveCart()
#7 /home2/cwltechin/public_html/dawar-jewellery/system/CodeIgniter.php(509): CodeIgniter\CodeIgniter->runController(Object(App\Controllers\Home))
#8 /home2/cwltechin/public_html/dawar-jewellery/system/CodeIgniter.php(355): CodeIgniter\CodeIgniter->handleRequest(NULL, Object(Config\Cache), false)
#9 /home2/cwltechin/public_html/dawar-jewellery/system/Boot.php(325): CodeIgniter\CodeIgniter->run()
#10 /home2/cwltechin/public_html/dawar-jewellery/system/Boot.php(67): CodeIgniter\Boot::runCodeIgniter(Object(CodeIgniter\CodeIgniter))
#11 /home2/cwltechin/public_html/dawar-jewellery/index.php(56): CodeIgniter\Boot::bootWeb(Object(Config\Paths))
#12 {main}
CRITICAL - 2024-11-18 06:25:43 --> CodeIgniter\Database\Exceptions\DatabaseException: Unknown column 'product_id' in 'where clause'
[Method: POST, Route: saveCart]
in SYSTEMPATH/Database/BaseConnection.php on line 688.
 1 SYSTEMPATH/Database/BaseBuilder.php(1636): CodeIgniter\Database\BaseConnection->query('SELECT *
FROM `tbl_cart`
WHERE `user_id` = :user_id:
AND `product_id` = :product_id:', [...], false)
 2 APPPATH/Models/HomeModel.php(292): CodeIgniter\Database\BaseBuilder->get()
 3 APPPATH/Controllers/Home.php(549): App\Models\HomeModel->checkCart('1', '1')
 4 SYSTEMPATH/CodeIgniter.php(933): App\Controllers\Home->saveCart()
 5 SYSTEMPATH/CodeIgniter.php(509): CodeIgniter\CodeIgniter->runController(Object(App\Controllers\Home))
 6 SYSTEMPATH/CodeIgniter.php(355): CodeIgniter\CodeIgniter->handleRequest(null, Object(Config\Cache), false)
 7 SYSTEMPATH/Boot.php(325): CodeIgniter\CodeIgniter->run()
 8 SYSTEMPATH/Boot.php(67): CodeIgniter\Boot::runCodeIgniter(Object(CodeIgniter\CodeIgniter))
 9 FCPATH/index.php(56): CodeIgniter\Boot::bootWeb(Object(Config\Paths))
CRITICAL - 2024-11-18 06:25:43 --> [Caused by] CodeIgniter\Database\Exceptions\DatabaseException: Unknown column 'product_id' in 'where clause'
in SYSTEMPATH/Database/MySQLi/Connection.php on line 317.
 1 SYSTEMPATH/Database/BaseConnection.php(734): CodeIgniter\Database\MySQLi\Connection->execute('SELECT *
FROM `tbl_cart`
WHERE `user_id` = \'1\'
AND `product_id` = \'1\'')
 2 SYSTEMPATH/Database/BaseConnection.php(648): CodeIgniter\Database\BaseConnection->simpleQuery('SELECT *
FROM `tbl_cart`
WHERE `user_id` = \'1\'
AND `product_id` = \'1\'')
 3 SYSTEMPATH/Database/BaseBuilder.php(1636): CodeIgniter\Database\BaseConnection->query('SELECT *
FROM `tbl_cart`
WHERE `user_id` = :user_id:
AND `product_id` = :product_id:', [...], false)
 4 APPPATH/Models/HomeModel.php(292): CodeIgniter\Database\BaseBuilder->get()
 5 APPPATH/Controllers/Home.php(549): App\Models\HomeModel->checkCart('1', '1')
 6 SYSTEMPATH/CodeIgniter.php(933): App\Controllers\Home->saveCart()
 7 SYSTEMPATH/CodeIgniter.php(509): CodeIgniter\CodeIgniter->runController(Object(App\Controllers\Home))
 8 SYSTEMPATH/CodeIgniter.php(355): CodeIgniter\CodeIgniter->handleRequest(null, Object(Config\Cache), false)
 9 SYSTEMPATH/Boot.php(325): CodeIgniter\CodeIgniter->run()
10 SYSTEMPATH/Boot.php(67): CodeIgniter\Boot::runCodeIgniter(Object(CodeIgniter\CodeIgniter))
11 FCPATH/index.php(56): CodeIgniter\Boot::bootWeb(Object(Config\Paths))
CRITICAL - 2024-11-18 06:25:43 --> [Caused by] mysqli_sql_exception: Unknown column 'product_id' in 'where clause'
in SYSTEMPATH/Database/MySQLi/Connection.php on line 312.
 1 SYSTEMPATH/Database/MySQLi/Connection.php(312): mysqli->query('SELECT *
FROM `tbl_cart`
WHERE `user_id` = \'1\'
AND `product_id` = \'1\'', 0)
 2 SYSTEMPATH/Database/BaseConnection.php(734): CodeIgniter\Database\MySQLi\Connection->execute('SELECT *
FROM `tbl_cart`
WHERE `user_id` = \'1\'
AND `product_id` = \'1\'')
 3 SYSTEMPATH/Database/BaseConnection.php(648): CodeIgniter\Database\BaseConnection->simpleQuery('SELECT *
FROM `tbl_cart`
WHERE `user_id` = \'1\'
AND `product_id` = \'1\'')
 4 SYSTEMPATH/Database/BaseBuilder.php(1636): CodeIgniter\Database\BaseConnection->query('SELECT *
FROM `tbl_cart`
WHERE `user_id` = :user_id:
AND `product_id` = :product_id:', [...], false)
 5 APPPATH/Models/HomeModel.php(292): CodeIgniter\Database\BaseBuilder->get()
 6 APPPATH/Controllers/Home.php(549): App\Models\HomeModel->checkCart('1', '1')
 7 SYSTEMPATH/CodeIgniter.php(933): App\Controllers\Home->saveCart()
 8 SYSTEMPATH/CodeIgniter.php(509): CodeIgniter\CodeIgniter->runController(Object(App\Controllers\Home))
 9 SYSTEMPATH/CodeIgniter.php(355): CodeIgniter\CodeIgniter->handleRequest(null, Object(Config\Cache), false)
10 SYSTEMPATH/Boot.php(325): CodeIgniter\CodeIgniter->run()
11 SYSTEMPATH/Boot.php(67): CodeIgniter\Boot::runCodeIgniter(Object(CodeIgniter\CodeIgniter))
12 FCPATH/index.php(56): CodeIgniter\Boot::bootWeb(Object(Config\Paths))
ERROR - 2024-11-18 06:25:58 --> mysqli_sql_exception: Unknown column 'product_id' in 'where clause' in /home2/cwltechin/public_html/dawar-jewellery/system/Database/MySQLi/Connection.php:312
Stack trace:
#0 /home2/cwltechin/public_html/dawar-jewellery/system/Database/MySQLi/Connection.php(312): mysqli->query('SELECT *\nFROM `...', 0)
#1 /home2/cwltechin/public_html/dawar-jewellery/system/Database/BaseConnection.php(734): CodeIgniter\Database\MySQLi\Connection->execute('SELECT *\nFROM `...')
#2 /home2/cwltechin/public_html/dawar-jewellery/system/Database/BaseConnection.php(648): CodeIgniter\Database\BaseConnection->simpleQuery('SELECT *\nFROM `...')
#3 /home2/cwltechin/public_html/dawar-jewellery/system/Database/BaseBuilder.php(1636): CodeIgniter\Database\BaseConnection->query('SELECT *\nFROM `...', Array, false)
#4 /home2/cwltechin/public_html/dawar-jewellery/app/Models/HomeModel.php(292): CodeIgniter\Database\BaseBuilder->get()
#5 /home2/cwltechin/public_html/dawar-jewellery/app/Controllers/Home.php(549): App\Models\HomeModel->checkCart('1', '1')
#6 /home2/cwltechin/public_html/dawar-jewellery/system/CodeIgniter.php(933): App\Controllers\Home->saveCart()
#7 /home2/cwltechin/public_html/dawar-jewellery/system/CodeIgniter.php(509): CodeIgniter\CodeIgniter->runController(Object(App\Controllers\Home))
#8 /home2/cwltechin/public_html/dawar-jewellery/system/CodeIgniter.php(355): CodeIgniter\CodeIgniter->handleRequest(NULL, Object(Config\Cache), false)
#9 /home2/cwltechin/public_html/dawar-jewellery/system/Boot.php(325): CodeIgniter\CodeIgniter->run()
#10 /home2/cwltechin/public_html/dawar-jewellery/system/Boot.php(67): CodeIgniter\Boot::runCodeIgniter(Object(CodeIgniter\CodeIgniter))
#11 /home2/cwltechin/public_html/dawar-jewellery/index.php(56): CodeIgniter\Boot::bootWeb(Object(Config\Paths))
#12 {main}
CRITICAL - 2024-11-18 06:25:58 --> CodeIgniter\Database\Exceptions\DatabaseException: Unknown column 'product_id' in 'where clause'
[Method: POST, Route: saveCart]
in SYSTEMPATH/Database/BaseConnection.php on line 688.
 1 SYSTEMPATH/Database/BaseBuilder.php(1636): CodeIgniter\Database\BaseConnection->query('SELECT *
FROM `tbl_cart`
WHERE `user_id` = :user_id:
AND `product_id` = :product_id:', [...], false)
 2 APPPATH/Models/HomeModel.php(292): CodeIgniter\Database\BaseBuilder->get()
 3 APPPATH/Controllers/Home.php(549): App\Models\HomeModel->checkCart('1', '1')
 4 SYSTEMPATH/CodeIgniter.php(933): App\Controllers\Home->saveCart()
 5 SYSTEMPATH/CodeIgniter.php(509): CodeIgniter\CodeIgniter->runController(Object(App\Controllers\Home))
 6 SYSTEMPATH/CodeIgniter.php(355): CodeIgniter\CodeIgniter->handleRequest(null, Object(Config\Cache), false)
 7 SYSTEMPATH/Boot.php(325): CodeIgniter\CodeIgniter->run()
 8 SYSTEMPATH/Boot.php(67): CodeIgniter\Boot::runCodeIgniter(Object(CodeIgniter\CodeIgniter))
 9 FCPATH/index.php(56): CodeIgniter\Boot::bootWeb(Object(Config\Paths))
CRITICAL - 2024-11-18 06:25:58 --> [Caused by] CodeIgniter\Database\Exceptions\DatabaseException: Unknown column 'product_id' in 'where clause'
in SYSTEMPATH/Database/MySQLi/Connection.php on line 317.
 1 SYSTEMPATH/Database/BaseConnection.php(734): CodeIgniter\Database\MySQLi\Connection->execute('SELECT *
FROM `tbl_cart`
WHERE `user_id` = \'1\'
AND `product_id` = \'1\'')
 2 SYSTEMPATH/Database/BaseConnection.php(648): CodeIgniter\Database\BaseConnection->simpleQuery('SELECT *
FROM `tbl_cart`
WHERE `user_id` = \'1\'
AND `product_id` = \'1\'')
 3 SYSTEMPATH/Database/BaseBuilder.php(1636): CodeIgniter\Database\BaseConnection->query('SELECT *
FROM `tbl_cart`
WHERE `user_id` = :user_id:
AND `product_id` = :product_id:', [...], false)
 4 APPPATH/Models/HomeModel.php(292): CodeIgniter\Database\BaseBuilder->get()
 5 APPPATH/Controllers/Home.php(549): App\Models\HomeModel->checkCart('1', '1')
 6 SYSTEMPATH/CodeIgniter.php(933): App\Controllers\Home->saveCart()
 7 SYSTEMPATH/CodeIgniter.php(509): CodeIgniter\CodeIgniter->runController(Object(App\Controllers\Home))
 8 SYSTEMPATH/CodeIgniter.php(355): CodeIgniter\CodeIgniter->handleRequest(null, Object(Config\Cache), false)
 9 SYSTEMPATH/Boot.php(325): CodeIgniter\CodeIgniter->run()
10 SYSTEMPATH/Boot.php(67): CodeIgniter\Boot::runCodeIgniter(Object(CodeIgniter\CodeIgniter))
11 FCPATH/index.php(56): CodeIgniter\Boot::bootWeb(Object(Config\Paths))
CRITICAL - 2024-11-18 06:25:58 --> [Caused by] mysqli_sql_exception: Unknown column 'product_id' in 'where clause'
in SYSTEMPATH/Database/MySQLi/Connection.php on line 312.
 1 SYSTEMPATH/Database/MySQLi/Connection.php(312): mysqli->query('SELECT *
FROM `tbl_cart`
WHERE `user_id` = \'1\'
AND `product_id` = \'1\'', 0)
 2 SYSTEMPATH/Database/BaseConnection.php(734): CodeIgniter\Database\MySQLi\Connection->execute('SELECT *
FROM `tbl_cart`
WHERE `user_id` = \'1\'
AND `product_id` = \'1\'')
 3 SYSTEMPATH/Database/BaseConnection.php(648): CodeIgniter\Database\BaseConnection->simpleQuery('SELECT *
FROM `tbl_cart`
WHERE `user_id` = \'1\'
AND `product_id` = \'1\'')
 4 SYSTEMPATH/Database/BaseBuilder.php(1636): CodeIgniter\Database\BaseConnection->query('SELECT *
FROM `tbl_cart`
WHERE `user_id` = :user_id:
AND `product_id` = :product_id:', [...], false)
 5 APPPATH/Models/HomeModel.php(292): CodeIgniter\Database\BaseBuilder->get()
 6 APPPATH/Controllers/Home.php(549): App\Models\HomeModel->checkCart('1', '1')
 7 SYSTEMPATH/CodeIgniter.php(933): App\Controllers\Home->saveCart()
 8 SYSTEMPATH/CodeIgniter.php(509): CodeIgniter\CodeIgniter->runController(Object(App\Controllers\Home))
 9 SYSTEMPATH/CodeIgniter.php(355): CodeIgniter\CodeIgniter->handleRequest(null, Object(Config\Cache), false)
10 SYSTEMPATH/Boot.php(325): CodeIgniter\CodeIgniter->run()
11 SYSTEMPATH/Boot.php(67): CodeIgniter\Boot::runCodeIgniter(Object(CodeIgniter\CodeIgniter))
12 FCPATH/index.php(56): CodeIgniter\Boot::bootWeb(Object(Config\Paths))
ERROR - 2024-11-18 06:26:01 --> mysqli_sql_exception: Unknown column 'product_id' in 'where clause' in /home2/cwltechin/public_html/dawar-jewellery/system/Database/MySQLi/Connection.php:312
Stack trace:
#0 /home2/cwltechin/public_html/dawar-jewellery/system/Database/MySQLi/Connection.php(312): mysqli->query('SELECT *\nFROM `...', 0)
#1 /home2/cwltechin/public_html/dawar-jewellery/system/Database/BaseConnection.php(734): CodeIgniter\Database\MySQLi\Connection->execute('SELECT *\nFROM `...')
#2 /home2/cwltechin/public_html/dawar-jewellery/system/Database/BaseConnection.php(648): CodeIgniter\Database\BaseConnection->simpleQuery('SELECT *\nFROM `...')
#3 /home2/cwltechin/public_html/dawar-jewellery/system/Database/BaseBuilder.php(1636): CodeIgniter\Database\BaseConnection->query('SELECT *\nFROM `...', Array, false)
#4 /home2/cwltechin/public_html/dawar-jewellery/app/Models/HomeModel.php(292): CodeIgniter\Database\BaseBuilder->get()
#5 /home2/cwltechin/public_html/dawar-jewellery/app/Controllers/Home.php(549): App\Models\HomeModel->checkCart('1', '1')
#6 /home2/cwltechin/public_html/dawar-jewellery/system/CodeIgniter.php(933): App\Controllers\Home->saveCart()
#7 /home2/cwltechin/public_html/dawar-jewellery/system/CodeIgniter.php(509): CodeIgniter\CodeIgniter->runController(Object(App\Controllers\Home))
#8 /home2/cwltechin/public_html/dawar-jewellery/system/CodeIgniter.php(355): CodeIgniter\CodeIgniter->handleRequest(NULL, Object(Config\Cache), false)
#9 /home2/cwltechin/public_html/dawar-jewellery/system/Boot.php(325): CodeIgniter\CodeIgniter->run()
#10 /home2/cwltechin/public_html/dawar-jewellery/system/Boot.php(67): CodeIgniter\Boot::runCodeIgniter(Object(CodeIgniter\CodeIgniter))
#11 /home2/cwltechin/public_html/dawar-jewellery/index.php(56): CodeIgniter\Boot::bootWeb(Object(Config\Paths))
#12 {main}
CRITICAL - 2024-11-18 06:26:01 --> CodeIgniter\Database\Exceptions\DatabaseException: Unknown column 'product_id' in 'where clause'
[Method: POST, Route: saveCart]
in SYSTEMPATH/Database/BaseConnection.php on line 688.
 1 SYSTEMPATH/Database/BaseBuilder.php(1636): CodeIgniter\Database\BaseConnection->query('SELECT *
FROM `tbl_cart`
WHERE `user_id` = :user_id:
AND `product_id` = :product_id:', [...], false)
 2 APPPATH/Models/HomeModel.php(292): CodeIgniter\Database\BaseBuilder->get()
 3 APPPATH/Controllers/Home.php(549): App\Models\HomeModel->checkCart('1', '1')
 4 SYSTEMPATH/CodeIgniter.php(933): App\Controllers\Home->saveCart()
 5 SYSTEMPATH/CodeIgniter.php(509): CodeIgniter\CodeIgniter->runController(Object(App\Controllers\Home))
 6 SYSTEMPATH/CodeIgniter.php(355): CodeIgniter\CodeIgniter->handleRequest(null, Object(Config\Cache), false)
 7 SYSTEMPATH/Boot.php(325): CodeIgniter\CodeIgniter->run()
 8 SYSTEMPATH/Boot.php(67): CodeIgniter\Boot::runCodeIgniter(Object(CodeIgniter\CodeIgniter))
 9 FCPATH/index.php(56): CodeIgniter\Boot::bootWeb(Object(Config\Paths))
CRITICAL - 2024-11-18 06:26:01 --> [Caused by] CodeIgniter\Database\Exceptions\DatabaseException: Unknown column 'product_id' in 'where clause'
in SYSTEMPATH/Database/MySQLi/Connection.php on line 317.
 1 SYSTEMPATH/Database/BaseConnection.php(734): CodeIgniter\Database\MySQLi\Connection->execute('SELECT *
FROM `tbl_cart`
WHERE `user_id` = \'1\'
AND `product_id` = \'1\'')
 2 SYSTEMPATH/Database/BaseConnection.php(648): CodeIgniter\Database\BaseConnection->simpleQuery('SELECT *
FROM `tbl_cart`
WHERE `user_id` = \'1\'
AND `product_id` = \'1\'')
 3 SYSTEMPATH/Database/BaseBuilder.php(1636): CodeIgniter\Database\BaseConnection->query('SELECT *
FROM `tbl_cart`
WHERE `user_id` = :user_id:
AND `product_id` = :product_id:', [...], false)
 4 APPPATH/Models/HomeModel.php(292): CodeIgniter\Database\BaseBuilder->get()
 5 APPPATH/Controllers/Home.php(549): App\Models\HomeModel->checkCart('1', '1')
 6 SYSTEMPATH/CodeIgniter.php(933): App\Controllers\Home->saveCart()
 7 SYSTEMPATH/CodeIgniter.php(509): CodeIgniter\CodeIgniter->runController(Object(App\Controllers\Home))
 8 SYSTEMPATH/CodeIgniter.php(355): CodeIgniter\CodeIgniter->handleRequest(null, Object(Config\Cache), false)
 9 SYSTEMPATH/Boot.php(325): CodeIgniter\CodeIgniter->run()
10 SYSTEMPATH/Boot.php(67): CodeIgniter\Boot::runCodeIgniter(Object(CodeIgniter\CodeIgniter))
11 FCPATH/index.php(56): CodeIgniter\Boot::bootWeb(Object(Config\Paths))
CRITICAL - 2024-11-18 06:26:01 --> [Caused by] mysqli_sql_exception: Unknown column 'product_id' in 'where clause'
in SYSTEMPATH/Database/MySQLi/Connection.php on line 312.
 1 SYSTEMPATH/Database/MySQLi/Connection.php(312): mysqli->query('SELECT *
FROM `tbl_cart`
WHERE `user_id` = \'1\'
AND `product_id` = \'1\'', 0)
 2 SYSTEMPATH/Database/BaseConnection.php(734): CodeIgniter\Database\MySQLi\Connection->execute('SELECT *
FROM `tbl_cart`
WHERE `user_id` = \'1\'
AND `product_id` = \'1\'')
 3 SYSTEMPATH/Database/BaseConnection.php(648): CodeIgniter\Database\BaseConnection->simpleQuery('SELECT *
FROM `tbl_cart`
WHERE `user_id` = \'1\'
AND `product_id` = \'1\'')
 4 SYSTEMPATH/Database/BaseBuilder.php(1636): CodeIgniter\Database\BaseConnection->query('SELECT *
FROM `tbl_cart`
WHERE `user_id` = :user_id:
AND `product_id` = :product_id:', [...], false)
 5 APPPATH/Models/HomeModel.php(292): CodeIgniter\Database\BaseBuilder->get()
 6 APPPATH/Controllers/Home.php(549): App\Models\HomeModel->checkCart('1', '1')
 7 SYSTEMPATH/CodeIgniter.php(933): App\Controllers\Home->saveCart()
 8 SYSTEMPATH/CodeIgniter.php(509): CodeIgniter\CodeIgniter->runController(Object(App\Controllers\Home))
 9 SYSTEMPATH/CodeIgniter.php(355): CodeIgniter\CodeIgniter->handleRequest(null, Object(Config\Cache), false)
10 SYSTEMPATH/Boot.php(325): CodeIgniter\CodeIgniter->run()
11 SYSTEMPATH/Boot.php(67): CodeIgniter\Boot::runCodeIgniter(Object(CodeIgniter\CodeIgniter))
12 FCPATH/index.php(56): CodeIgniter\Boot::bootWeb(Object(Config\Paths))
CRITICAL - 2024-11-18 06:31:54 --> CodeIgniter\Database\Exceptions\DatabaseException: You must set the database table to be used with your query.
[Method: POST, Route: cartList]
in SYSTEMPATH/Database/BaseConnection.php on line 927.
 1 SYSTEMPATH/Model.php(716): CodeIgniter\Database\BaseConnection->table(null)
 2 SYSTEMPATH/Model.php(922): CodeIgniter\Model->builder()
 3 APPPATH/Controllers/Home.php(574): CodeIgniter\Model->__call('cartList', [...])
 4 SYSTEMPATH/CodeIgniter.php(933): App\Controllers\Home->cartList()
 5 SYSTEMPATH/CodeIgniter.php(509): CodeIgniter\CodeIgniter->runController(Object(App\Controllers\Home))
 6 SYSTEMPATH/CodeIgniter.php(355): CodeIgniter\CodeIgniter->handleRequest(null, Object(Config\Cache), false)
 7 SYSTEMPATH/Boot.php(325): CodeIgniter\CodeIgniter->run()
 8 SYSTEMPATH/Boot.php(67): CodeIgniter\Boot::runCodeIgniter(Object(CodeIgniter\CodeIgniter))
 9 FCPATH/index.php(56): CodeIgniter\Boot::bootWeb(Object(Config\Paths))
CRITICAL - 2024-11-18 06:33:00 --> ErrorException: Undefined array key "qty"
[Method: POST, Route: cartList]
in APPPATH/Controllers/Home.php on line 583.
 1 APPPATH/Controllers/Home.php(583): CodeIgniter\Debug\Exceptions->errorHandler(2, 'Undefined array key "qty"', '/home2/cwltechin/public_html/dawar-jewellery/app/Controllers/Home.php', 583)
 2 SYSTEMPATH/CodeIgniter.php(933): App\Controllers\Home->cartList()
 3 SYSTEMPATH/CodeIgniter.php(509): CodeIgniter\CodeIgniter->runController(Object(App\Controllers\Home))
 4 SYSTEMPATH/CodeIgniter.php(355): CodeIgniter\CodeIgniter->handleRequest(null, Object(Config\Cache), false)
 5 SYSTEMPATH/Boot.php(325): CodeIgniter\CodeIgniter->run()
 6 SYSTEMPATH/Boot.php(67): CodeIgniter\Boot::runCodeIgniter(Object(CodeIgniter\CodeIgniter))
 7 FCPATH/index.php(56): CodeIgniter\Boot::bootWeb(Object(Config\Paths))
CRITICAL - 2024-11-18 06:33:34 --> ErrorException: Undefined array key "qty"
[Method: POST, Route: cartList]
in APPPATH/Controllers/Home.php on line 583.
 1 APPPATH/Controllers/Home.php(583): CodeIgniter\Debug\Exceptions->errorHandler(2, 'Undefined array key "qty"', '/home2/cwltechin/public_html/dawar-jewellery/app/Controllers/Home.php', 583)
 2 SYSTEMPATH/CodeIgniter.php(933): App\Controllers\Home->cartList()
 3 SYSTEMPATH/CodeIgniter.php(509): CodeIgniter\CodeIgniter->runController(Object(App\Controllers\Home))
 4 SYSTEMPATH/CodeIgniter.php(355): CodeIgniter\CodeIgniter->handleRequest(null, Object(Config\Cache), false)
 5 SYSTEMPATH/Boot.php(325): CodeIgniter\CodeIgniter->run()
 6 SYSTEMPATH/Boot.php(67): CodeIgniter\Boot::runCodeIgniter(Object(CodeIgniter\CodeIgniter))
 7 FCPATH/index.php(56): CodeIgniter\Boot::bootWeb(Object(Config\Paths))
CRITICAL - 2024-11-18 06:33:35 --> ErrorException: Undefined array key "qty"
[Method: POST, Route: cartList]
in APPPATH/Controllers/Home.php on line 583.
 1 APPPATH/Controllers/Home.php(583): CodeIgniter\Debug\Exceptions->errorHandler(2, 'Undefined array key "qty"', '/home2/cwltechin/public_html/dawar-jewellery/app/Controllers/Home.php', 583)
 2 SYSTEMPATH/CodeIgniter.php(933): App\Controllers\Home->cartList()
 3 SYSTEMPATH/CodeIgniter.php(509): CodeIgniter\CodeIgniter->runController(Object(App\Controllers\Home))
 4 SYSTEMPATH/CodeIgniter.php(355): CodeIgniter\CodeIgniter->handleRequest(null, Object(Config\Cache), false)
 5 SYSTEMPATH/Boot.php(325): CodeIgniter\CodeIgniter->run()
 6 SYSTEMPATH/Boot.php(67): CodeIgniter\Boot::runCodeIgniter(Object(CodeIgniter\CodeIgniter))
 7 FCPATH/index.php(56): CodeIgniter\Boot::bootWeb(Object(Config\Paths))
CRITICAL - 2024-11-18 06:33:38 --> ErrorException: Undefined array key "qty"
[Method: POST, Route: cartList]
in APPPATH/Controllers/Home.php on line 583.
 1 APPPATH/Controllers/Home.php(583): CodeIgniter\Debug\Exceptions->errorHandler(2, 'Undefined array key "qty"', '/home2/cwltechin/public_html/dawar-jewellery/app/Controllers/Home.php', 583)
 2 SYSTEMPATH/CodeIgniter.php(933): App\Controllers\Home->cartList()
 3 SYSTEMPATH/CodeIgniter.php(509): CodeIgniter\CodeIgniter->runController(Object(App\Controllers\Home))
 4 SYSTEMPATH/CodeIgniter.php(355): CodeIgniter\CodeIgniter->handleRequest(null, Object(Config\Cache), false)
 5 SYSTEMPATH/Boot.php(325): CodeIgniter\CodeIgniter->run()
 6 SYSTEMPATH/Boot.php(67): CodeIgniter\Boot::runCodeIgniter(Object(CodeIgniter\CodeIgniter))
 7 FCPATH/index.php(56): CodeIgniter\Boot::bootWeb(Object(Config\Paths))
CRITICAL - 2024-11-18 06:33:57 --> ErrorException: Undefined array key "qty"
[Method: POST, Route: cartList]
in APPPATH/Controllers/Home.php on line 583.
 1 APPPATH/Controllers/Home.php(583): CodeIgniter\Debug\Exceptions->errorHandler(2, 'Undefined array key "qty"', '/home2/cwltechin/public_html/dawar-jewellery/app/Controllers/Home.php', 583)
 2 SYSTEMPATH/CodeIgniter.php(933): App\Controllers\Home->cartList()
 3 SYSTEMPATH/CodeIgniter.php(509): CodeIgniter\CodeIgniter->runController(Object(App\Controllers\Home))
 4 SYSTEMPATH/CodeIgniter.php(355): CodeIgniter\CodeIgniter->handleRequest(null, Object(Config\Cache), false)
 5 SYSTEMPATH/Boot.php(325): CodeIgniter\CodeIgniter->run()
 6 SYSTEMPATH/Boot.php(67): CodeIgniter\Boot::runCodeIgniter(Object(CodeIgniter\CodeIgniter))
 7 FCPATH/index.php(56): CodeIgniter\Boot::bootWeb(Object(Config\Paths))
CRITICAL - 2024-11-18 06:34:16 --> ErrorException: Undefined array key "qty"
[Method: POST, Route: cartList]
in APPPATH/Controllers/Home.php on line 583.
 1 APPPATH/Controllers/Home.php(583): CodeIgniter\Debug\Exceptions->errorHandler(2, 'Undefined array key "qty"', '/home2/cwltechin/public_html/dawar-jewellery/app/Controllers/Home.php', 583)
 2 SYSTEMPATH/CodeIgniter.php(933): App\Controllers\Home->cartList()
 3 SYSTEMPATH/CodeIgniter.php(509): CodeIgniter\CodeIgniter->runController(Object(App\Controllers\Home))
 4 SYSTEMPATH/CodeIgniter.php(355): CodeIgniter\CodeIgniter->handleRequest(null, Object(Config\Cache), false)
 5 SYSTEMPATH/Boot.php(325): CodeIgniter\CodeIgniter->run()
 6 SYSTEMPATH/Boot.php(67): CodeIgniter\Boot::runCodeIgniter(Object(CodeIgniter\CodeIgniter))
 7 FCPATH/index.php(56): CodeIgniter\Boot::bootWeb(Object(Config\Paths))
CRITICAL - 2024-11-18 06:35:53 --> ParseError: syntax error, unexpected variable "$i"
[Method: POST, Route: cartList]
in APPPATH/Controllers/Home.php on line 587.
 1 SYSTEMPATH/Autoloader/Autoloader.php(296): CodeIgniter\Autoloader\Autoloader->includeFile('/home2/cwltechin/public_html/dawar-jewellery/app/Controllers/Home.php')
 2 SYSTEMPATH/Autoloader/Autoloader.php(272): CodeIgniter\Autoloader\Autoloader->loadInNamespace('App\\Controllers\\Home')
 3 [internal function]: CodeIgniter\Autoloader\Autoloader->loadClass('App\\Controllers\\Home')
 4 SYSTEMPATH/CodeIgniter.php(887): class_exists('\\App\\Controllers\\Home', true)
 5 SYSTEMPATH/CodeIgniter.php(496): CodeIgniter\CodeIgniter->startController()
 6 SYSTEMPATH/CodeIgniter.php(355): CodeIgniter\CodeIgniter->handleRequest(null, Object(Config\Cache), false)
 7 SYSTEMPATH/Boot.php(325): CodeIgniter\CodeIgniter->run()
 8 SYSTEMPATH/Boot.php(67): CodeIgniter\Boot::runCodeIgniter(Object(CodeIgniter\CodeIgniter))
 9 FCPATH/index.php(56): CodeIgniter\Boot::bootWeb(Object(Config\Paths))
CRITICAL - 2024-11-18 06:35:58 --> ParseError: syntax error, unexpected variable "$i"
[Method: POST, Route: cartList]
in APPPATH/Controllers/Home.php on line 587.
 1 SYSTEMPATH/Autoloader/Autoloader.php(296): CodeIgniter\Autoloader\Autoloader->includeFile('/home2/cwltechin/public_html/dawar-jewellery/app/Controllers/Home.php')
 2 SYSTEMPATH/Autoloader/Autoloader.php(272): CodeIgniter\Autoloader\Autoloader->loadInNamespace('App\\Controllers\\Home')
 3 [internal function]: CodeIgniter\Autoloader\Autoloader->loadClass('App\\Controllers\\Home')
 4 SYSTEMPATH/CodeIgniter.php(887): class_exists('\\App\\Controllers\\Home', true)
 5 SYSTEMPATH/CodeIgniter.php(496): CodeIgniter\CodeIgniter->startController()
 6 SYSTEMPATH/CodeIgniter.php(355): CodeIgniter\CodeIgniter->handleRequest(null, Object(Config\Cache), false)
 7 SYSTEMPATH/Boot.php(325): CodeIgniter\CodeIgniter->run()
 8 SYSTEMPATH/Boot.php(67): CodeIgniter\Boot::runCodeIgniter(Object(CodeIgniter\CodeIgniter))
 9 FCPATH/index.php(56): CodeIgniter\Boot::bootWeb(Object(Config\Paths))
CRITICAL - 2024-11-18 06:35:59 --> ParseError: syntax error, unexpected variable "$i"
[Method: POST, Route: cartList]
in APPPATH/Controllers/Home.php on line 587.
 1 SYSTEMPATH/Autoloader/Autoloader.php(296): CodeIgniter\Autoloader\Autoloader->includeFile('/home2/cwltechin/public_html/dawar-jewellery/app/Controllers/Home.php')
 2 SYSTEMPATH/Autoloader/Autoloader.php(272): CodeIgniter\Autoloader\Autoloader->loadInNamespace('App\\Controllers\\Home')
 3 [internal function]: CodeIgniter\Autoloader\Autoloader->loadClass('App\\Controllers\\Home')
 4 SYSTEMPATH/CodeIgniter.php(887): class_exists('\\App\\Controllers\\Home', true)
 5 SYSTEMPATH/CodeIgniter.php(496): CodeIgniter\CodeIgniter->startController()
 6 SYSTEMPATH/CodeIgniter.php(355): CodeIgniter\CodeIgniter->handleRequest(null, Object(Config\Cache), false)
 7 SYSTEMPATH/Boot.php(325): CodeIgniter\CodeIgniter->run()
 8 SYSTEMPATH/Boot.php(67): CodeIgniter\Boot::runCodeIgniter(Object(CodeIgniter\CodeIgniter))
 9 FCPATH/index.php(56): CodeIgniter\Boot::bootWeb(Object(Config\Paths))
CRITICAL - 2024-11-18 06:37:33 --> ErrorException: Undefined variable $grand_total
[Method: POST, Route: cartList]
in APPPATH/Controllers/Home.php on line 586.
 1 APPPATH/Controllers/Home.php(586): CodeIgniter\Debug\Exceptions->errorHandler(2, 'Undefined variable $grand_total', '/home2/cwltechin/public_html/dawar-jewellery/app/Controllers/Home.php', 586)
 2 SYSTEMPATH/CodeIgniter.php(933): App\Controllers\Home->cartList()
 3 SYSTEMPATH/CodeIgniter.php(509): CodeIgniter\CodeIgniter->runController(Object(App\Controllers\Home))
 4 SYSTEMPATH/CodeIgniter.php(355): CodeIgniter\CodeIgniter->handleRequest(null, Object(Config\Cache), false)
 5 SYSTEMPATH/Boot.php(325): CodeIgniter\CodeIgniter->run()
 6 SYSTEMPATH/Boot.php(67): CodeIgniter\Boot::runCodeIgniter(Object(CodeIgniter\CodeIgniter))
 7 FCPATH/index.php(56): CodeIgniter\Boot::bootWeb(Object(Config\Paths))
CRITICAL - 2024-11-18 06:37:34 --> ErrorException: Undefined variable $grand_total
[Method: POST, Route: cartList]
in APPPATH/Controllers/Home.php on line 586.
 1 APPPATH/Controllers/Home.php(586): CodeIgniter\Debug\Exceptions->errorHandler(2, 'Undefined variable $grand_total', '/home2/cwltechin/public_html/dawar-jewellery/app/Controllers/Home.php', 586)
 2 SYSTEMPATH/CodeIgniter.php(933): App\Controllers\Home->cartList()
 3 SYSTEMPATH/CodeIgniter.php(509): CodeIgniter\CodeIgniter->runController(Object(App\Controllers\Home))
 4 SYSTEMPATH/CodeIgniter.php(355): CodeIgniter\CodeIgniter->handleRequest(null, Object(Config\Cache), false)
 5 SYSTEMPATH/Boot.php(325): CodeIgniter\CodeIgniter->run()
 6 SYSTEMPATH/Boot.php(67): CodeIgniter\Boot::runCodeIgniter(Object(CodeIgniter\CodeIgniter))
 7 FCPATH/index.php(56): CodeIgniter\Boot::bootWeb(Object(Config\Paths))
CRITICAL - 2024-11-18 06:37:38 --> ErrorException: Undefined variable $grand_total
[Method: POST, Route: cartList]
in APPPATH/Controllers/Home.php on line 586.
 1 APPPATH/Controllers/Home.php(586): CodeIgniter\Debug\Exceptions->errorHandler(2, 'Undefined variable $grand_total', '/home2/cwltechin/public_html/dawar-jewellery/app/Controllers/Home.php', 586)
 2 SYSTEMPATH/CodeIgniter.php(933): App\Controllers\Home->cartList()
 3 SYSTEMPATH/CodeIgniter.php(509): CodeIgniter\CodeIgniter->runController(Object(App\Controllers\Home))
 4 SYSTEMPATH/CodeIgniter.php(355): CodeIgniter\CodeIgniter->handleRequest(null, Object(Config\Cache), false)
 5 SYSTEMPATH/Boot.php(325): CodeIgniter\CodeIgniter->run()
 6 SYSTEMPATH/Boot.php(67): CodeIgniter\Boot::runCodeIgniter(Object(CodeIgniter\CodeIgniter))
 7 FCPATH/index.php(56): CodeIgniter\Boot::bootWeb(Object(Config\Paths))
CRITICAL - 2024-11-18 06:37:39 --> ErrorException: Undefined variable $grand_total
[Method: POST, Route: cartList]
in APPPATH/Controllers/Home.php on line 586.
 1 APPPATH/Controllers/Home.php(586): CodeIgniter\Debug\Exceptions->errorHandler(2, 'Undefined variable $grand_total', '/home2/cwltechin/public_html/dawar-jewellery/app/Controllers/Home.php', 586)
 2 SYSTEMPATH/CodeIgniter.php(933): App\Controllers\Home->cartList()
 3 SYSTEMPATH/CodeIgniter.php(509): CodeIgniter\CodeIgniter->runController(Object(App\Controllers\Home))
 4 SYSTEMPATH/CodeIgniter.php(355): CodeIgniter\CodeIgniter->handleRequest(null, Object(Config\Cache), false)
 5 SYSTEMPATH/Boot.php(325): CodeIgniter\CodeIgniter->run()
 6 SYSTEMPATH/Boot.php(67): CodeIgniter\Boot::runCodeIgniter(Object(CodeIgniter\CodeIgniter))
 7 FCPATH/index.php(56): CodeIgniter\Boot::bootWeb(Object(Config\Paths))
CRITICAL - 2024-11-18 06:37:48 --> ErrorException: Undefined variable $grand_total
[Method: POST, Route: cartList]
in APPPATH/Controllers/Home.php on line 586.
 1 APPPATH/Controllers/Home.php(586): CodeIgniter\Debug\Exceptions->errorHandler(2, 'Undefined variable $grand_total', '/home2/cwltechin/public_html/dawar-jewellery/app/Controllers/Home.php', 586)
 2 SYSTEMPATH/CodeIgniter.php(933): App\Controllers\Home->cartList()
 3 SYSTEMPATH/CodeIgniter.php(509): CodeIgniter\CodeIgniter->runController(Object(App\Controllers\Home))
 4 SYSTEMPATH/CodeIgniter.php(355): CodeIgniter\CodeIgniter->handleRequest(null, Object(Config\Cache), false)
 5 SYSTEMPATH/Boot.php(325): CodeIgniter\CodeIgniter->run()
 6 SYSTEMPATH/Boot.php(67): CodeIgniter\Boot::runCodeIgniter(Object(CodeIgniter\CodeIgniter))
 7 FCPATH/index.php(56): CodeIgniter\Boot::bootWeb(Object(Config\Paths))
CRITICAL - 2024-11-18 06:37:50 --> ErrorException: Undefined variable $grand_total
[Method: POST, Route: cartList]
in APPPATH/Controllers/Home.php on line 586.
 1 APPPATH/Controllers/Home.php(586): CodeIgniter\Debug\Exceptions->errorHandler(2, 'Undefined variable $grand_total', '/home2/cwltechin/public_html/dawar-jewellery/app/Controllers/Home.php', 586)
 2 SYSTEMPATH/CodeIgniter.php(933): App\Controllers\Home->cartList()
 3 SYSTEMPATH/CodeIgniter.php(509): CodeIgniter\CodeIgniter->runController(Object(App\Controllers\Home))
 4 SYSTEMPATH/CodeIgniter.php(355): CodeIgniter\CodeIgniter->handleRequest(null, Object(Config\Cache), false)
 5 SYSTEMPATH/Boot.php(325): CodeIgniter\CodeIgniter->run()
 6 SYSTEMPATH/Boot.php(67): CodeIgniter\Boot::runCodeIgniter(Object(CodeIgniter\CodeIgniter))
 7 FCPATH/index.php(56): CodeIgniter\Boot::bootWeb(Object(Config\Paths))
CRITICAL - 2024-11-18 06:38:06 --> ErrorException: Undefined variable $grand_total
[Method: POST, Route: cartList]
in APPPATH/Controllers/Home.php on line 586.
 1 APPPATH/Controllers/Home.php(586): CodeIgniter\Debug\Exceptions->errorHandler(2, 'Undefined variable $grand_total', '/home2/cwltechin/public_html/dawar-jewellery/app/Controllers/Home.php', 586)
 2 SYSTEMPATH/CodeIgniter.php(933): App\Controllers\Home->cartList()
 3 SYSTEMPATH/CodeIgniter.php(509): CodeIgniter\CodeIgniter->runController(Object(App\Controllers\Home))
 4 SYSTEMPATH/CodeIgniter.php(355): CodeIgniter\CodeIgniter->handleRequest(null, Object(Config\Cache), false)
 5 SYSTEMPATH/Boot.php(325): CodeIgniter\CodeIgniter->run()
 6 SYSTEMPATH/Boot.php(67): CodeIgniter\Boot::runCodeIgniter(Object(CodeIgniter\CodeIgniter))
 7 FCPATH/index.php(56): CodeIgniter\Boot::bootWeb(Object(Config\Paths))
CRITICAL - 2024-11-18 06:39:24 --> ErrorException: Undefined array key "grand_total"
[Method: POST, Route: cartList]
in APPPATH/Controllers/Home.php on line 586.
 1 APPPATH/Controllers/Home.php(586): CodeIgniter\Debug\Exceptions->errorHandler(2, 'Undefined array key "grand_total"', '/home2/cwltechin/public_html/dawar-jewellery/app/Controllers/Home.php', 586)
 2 SYSTEMPATH/CodeIgniter.php(933): App\Controllers\Home->cartList()
 3 SYSTEMPATH/CodeIgniter.php(509): CodeIgniter\CodeIgniter->runController(Object(App\Controllers\Home))
 4 SYSTEMPATH/CodeIgniter.php(355): CodeIgniter\CodeIgniter->handleRequest(null, Object(Config\Cache), false)
 5 SYSTEMPATH/Boot.php(325): CodeIgniter\CodeIgniter->run()
 6 SYSTEMPATH/Boot.php(67): CodeIgniter\Boot::runCodeIgniter(Object(CodeIgniter\CodeIgniter))
 7 FCPATH/index.php(56): CodeIgniter\Boot::bootWeb(Object(Config\Paths))
CRITICAL - 2024-11-18 07:50:20 --> ErrorException: Trying to access array offset on value of type null
[Method: POST, Route: cartList]
in APPPATH/Controllers/Home.php on line 581.
 1 APPPATH/Controllers/Home.php(581): CodeIgniter\Debug\Exceptions->errorHandler(2, 'Trying to access array offset on value of type null', '/home2/cwltechin/public_html/dawar-jewellery/app/Controllers/Home.php', 581)
 2 SYSTEMPATH/CodeIgniter.php(933): App\Controllers\Home->cartList()
 3 SYSTEMPATH/CodeIgniter.php(509): CodeIgniter\CodeIgniter->runController(Object(App\Controllers\Home))
 4 SYSTEMPATH/CodeIgniter.php(355): CodeIgniter\CodeIgniter->handleRequest(null, Object(Config\Cache), false)
 5 SYSTEMPATH/Boot.php(325): CodeIgniter\CodeIgniter->run()
 6 SYSTEMPATH/Boot.php(67): CodeIgniter\Boot::runCodeIgniter(Object(CodeIgniter\CodeIgniter))
 7 FCPATH/index.php(56): CodeIgniter\Boot::bootWeb(Object(Config\Paths))
CRITICAL - 2024-11-18 07:50:56 --> ErrorException: Trying to access array offset on value of type null
[Method: POST, Route: cartList]
in APPPATH/Controllers/Home.php on line 581.
 1 APPPATH/Controllers/Home.php(581): CodeIgniter\Debug\Exceptions->errorHandler(2, 'Trying to access array offset on value of type null', '/home2/cwltechin/public_html/dawar-jewellery/app/Controllers/Home.php', 581)
 2 SYSTEMPATH/CodeIgniter.php(933): App\Controllers\Home->cartList()
 3 SYSTEMPATH/CodeIgniter.php(509): CodeIgniter\CodeIgniter->runController(Object(App\Controllers\Home))
 4 SYSTEMPATH/CodeIgniter.php(355): CodeIgniter\CodeIgniter->handleRequest(null, Object(Config\Cache), false)
 5 SYSTEMPATH/Boot.php(325): CodeIgniter\CodeIgniter->run()
 6 SYSTEMPATH/Boot.php(67): CodeIgniter\Boot::runCodeIgniter(Object(CodeIgniter\CodeIgniter))
 7 FCPATH/index.php(56): CodeIgniter\Boot::bootWeb(Object(Config\Paths))
CRITICAL - 2024-11-18 07:52:16 --> ErrorException: Trying to access array offset on value of type null
[Method: POST, Route: cartList]
in APPPATH/Controllers/Home.php on line 581.
 1 APPPATH/Controllers/Home.php(581): CodeIgniter\Debug\Exceptions->errorHandler(2, 'Trying to access array offset on value of type null', '/home2/cwltechin/public_html/dawar-jewellery/app/Controllers/Home.php', 581)
 2 SYSTEMPATH/CodeIgniter.php(933): App\Controllers\Home->cartList()
 3 SYSTEMPATH/CodeIgniter.php(509): CodeIgniter\CodeIgniter->runController(Object(App\Controllers\Home))
 4 SYSTEMPATH/CodeIgniter.php(355): CodeIgniter\CodeIgniter->handleRequest(null, Object(Config\Cache), false)
 5 SYSTEMPATH/Boot.php(325): CodeIgniter\CodeIgniter->run()
 6 SYSTEMPATH/Boot.php(67): CodeIgniter\Boot::runCodeIgniter(Object(CodeIgniter\CodeIgniter))
 7 FCPATH/index.php(56): CodeIgniter\Boot::bootWeb(Object(Config\Paths))
CRITICAL - 2024-11-18 07:53:29 --> ErrorException: Trying to access array offset on value of type null
[Method: POST, Route: cartList]
in APPPATH/Controllers/Home.php on line 581.
 1 APPPATH/Controllers/Home.php(581): CodeIgniter\Debug\Exceptions->errorHandler(2, 'Trying to access array offset on value of type null', '/home2/cwltechin/public_html/dawar-jewellery/app/Controllers/Home.php', 581)
 2 SYSTEMPATH/CodeIgniter.php(933): App\Controllers\Home->cartList()
 3 SYSTEMPATH/CodeIgniter.php(509): CodeIgniter\CodeIgniter->runController(Object(App\Controllers\Home))
 4 SYSTEMPATH/CodeIgniter.php(355): CodeIgniter\CodeIgniter->handleRequest(null, Object(Config\Cache), false)
 5 SYSTEMPATH/Boot.php(325): CodeIgniter\CodeIgniter->run()
 6 SYSTEMPATH/Boot.php(67): CodeIgniter\Boot::runCodeIgniter(Object(CodeIgniter\CodeIgniter))
 7 FCPATH/index.php(56): CodeIgniter\Boot::bootWeb(Object(Config\Paths))
CRITICAL - 2024-11-18 07:54:01 --> ErrorException: Trying to access array offset on value of type null
[Method: POST, Route: cartList]
in APPPATH/Controllers/Home.php on line 581.
 1 APPPATH/Controllers/Home.php(581): CodeIgniter\Debug\Exceptions->errorHandler(2, 'Trying to access array offset on value of type null', '/home2/cwltechin/public_html/dawar-jewellery/app/Controllers/Home.php', 581)
 2 SYSTEMPATH/CodeIgniter.php(933): App\Controllers\Home->cartList()
 3 SYSTEMPATH/CodeIgniter.php(509): CodeIgniter\CodeIgniter->runController(Object(App\Controllers\Home))
 4 SYSTEMPATH/CodeIgniter.php(355): CodeIgniter\CodeIgniter->handleRequest(null, Object(Config\Cache), false)
 5 SYSTEMPATH/Boot.php(325): CodeIgniter\CodeIgniter->run()
 6 SYSTEMPATH/Boot.php(67): CodeIgniter\Boot::runCodeIgniter(Object(CodeIgniter\CodeIgniter))
 7 FCPATH/index.php(56): CodeIgniter\Boot::bootWeb(Object(Config\Paths))
CRITICAL - 2024-11-18 11:20:28 --> ErrorException: Trying to access array offset on value of type null
[Method: POST, Route: saveOrder]
in APPPATH/Controllers/Home.php on line 621.
 1 APPPATH/Controllers/Home.php(621): CodeIgniter\Debug\Exceptions->errorHandler(2, 'Trying to access array offset on value of type null', '/home2/cwltechin/public_html/dawar-jewellery/app/Controllers/Home.php', 621)
 2 SYSTEMPATH/CodeIgniter.php(933): App\Controllers\Home->saveOrder()
 3 SYSTEMPATH/CodeIgniter.php(509): CodeIgniter\CodeIgniter->runController(Object(App\Controllers\Home))
 4 SYSTEMPATH/CodeIgniter.php(355): CodeIgniter\CodeIgniter->handleRequest(null, Object(Config\Cache), false)
 5 SYSTEMPATH/Boot.php(325): CodeIgniter\CodeIgniter->run()
 6 SYSTEMPATH/Boot.php(67): CodeIgniter\Boot::runCodeIgniter(Object(CodeIgniter\CodeIgniter))
 7 FCPATH/index.php(56): CodeIgniter\Boot::bootWeb(Object(Config\Paths))
CRITICAL - 2024-11-18 11:20:44 --> ErrorException: Trying to access array offset on value of type null
[Method: POST, Route: saveOrder]
in APPPATH/Controllers/Home.php on line 621.
 1 APPPATH/Controllers/Home.php(621): CodeIgniter\Debug\Exceptions->errorHandler(2, 'Trying to access array offset on value of type null', '/home2/cwltechin/public_html/dawar-jewellery/app/Controllers/Home.php', 621)
 2 SYSTEMPATH/CodeIgniter.php(933): App\Controllers\Home->saveOrder()
 3 SYSTEMPATH/CodeIgniter.php(509): CodeIgniter\CodeIgniter->runController(Object(App\Controllers\Home))
 4 SYSTEMPATH/CodeIgniter.php(355): CodeIgniter\CodeIgniter->handleRequest(null, Object(Config\Cache), false)
 5 SYSTEMPATH/Boot.php(325): CodeIgniter\CodeIgniter->run()
 6 SYSTEMPATH/Boot.php(67): CodeIgniter\Boot::runCodeIgniter(Object(CodeIgniter\CodeIgniter))
 7 FCPATH/index.php(56): CodeIgniter\Boot::bootWeb(Object(Config\Paths))
CRITICAL - 2024-11-18 11:23:44 --> ErrorException: Trying to access array offset on value of type null
[Method: POST, Route: saveOrder]
in APPPATH/Controllers/Home.php on line 621.
 1 APPPATH/Controllers/Home.php(621): CodeIgniter\Debug\Exceptions->errorHandler(2, 'Trying to access array offset on value of type null', '/home2/cwltechin/public_html/dawar-jewellery/app/Controllers/Home.php', 621)
 2 SYSTEMPATH/CodeIgniter.php(933): App\Controllers\Home->saveOrder()
 3 SYSTEMPATH/CodeIgniter.php(509): CodeIgniter\CodeIgniter->runController(Object(App\Controllers\Home))
 4 SYSTEMPATH/CodeIgniter.php(355): CodeIgniter\CodeIgniter->handleRequest(null, Object(Config\Cache), false)
 5 SYSTEMPATH/Boot.php(325): CodeIgniter\CodeIgniter->run()
 6 SYSTEMPATH/Boot.php(67): CodeIgniter\Boot::runCodeIgniter(Object(CodeIgniter\CodeIgniter))
 7 FCPATH/index.php(56): CodeIgniter\Boot::bootWeb(Object(Config\Paths))
CRITICAL - 2024-11-18 11:24:06 --> ErrorException: Trying to access array offset on value of type null
[Method: POST, Route: saveOrder]
in APPPATH/Controllers/Home.php on line 621.
 1 APPPATH/Controllers/Home.php(621): CodeIgniter\Debug\Exceptions->errorHandler(2, 'Trying to access array offset on value of type null', '/home2/cwltechin/public_html/dawar-jewellery/app/Controllers/Home.php', 621)
 2 SYSTEMPATH/CodeIgniter.php(933): App\Controllers\Home->saveOrder()
 3 SYSTEMPATH/CodeIgniter.php(509): CodeIgniter\CodeIgniter->runController(Object(App\Controllers\Home))
 4 SYSTEMPATH/CodeIgniter.php(355): CodeIgniter\CodeIgniter->handleRequest(null, Object(Config\Cache), false)
 5 SYSTEMPATH/Boot.php(325): CodeIgniter\CodeIgniter->run()
 6 SYSTEMPATH/Boot.php(67): CodeIgniter\Boot::runCodeIgniter(Object(CodeIgniter\CodeIgniter))
 7 FCPATH/index.php(56): CodeIgniter\Boot::bootWeb(Object(Config\Paths))
CRITICAL - 2024-11-18 11:24:47 --> ErrorException: Trying to access array offset on value of type null
[Method: POST, Route: saveOrder]
in APPPATH/Controllers/Home.php on line 621.
 1 APPPATH/Controllers/Home.php(621): CodeIgniter\Debug\Exceptions->errorHandler(2, 'Trying to access array offset on value of type null', '/home2/cwltechin/public_html/dawar-jewellery/app/Controllers/Home.php', 621)
 2 SYSTEMPATH/CodeIgniter.php(933): App\Controllers\Home->saveOrder()
 3 SYSTEMPATH/CodeIgniter.php(509): CodeIgniter\CodeIgniter->runController(Object(App\Controllers\Home))
 4 SYSTEMPATH/CodeIgniter.php(355): CodeIgniter\CodeIgniter->handleRequest(null, Object(Config\Cache), false)
 5 SYSTEMPATH/Boot.php(325): CodeIgniter\CodeIgniter->run()
 6 SYSTEMPATH/Boot.php(67): CodeIgniter\Boot::runCodeIgniter(Object(CodeIgniter\CodeIgniter))
 7 FCPATH/index.php(56): CodeIgniter\Boot::bootWeb(Object(Config\Paths))
CRITICAL - 2024-11-18 11:25:22 --> ErrorException: Trying to access array offset on value of type null
[Method: POST, Route: saveOrder]
in APPPATH/Controllers/Home.php on line 621.
 1 APPPATH/Controllers/Home.php(621): CodeIgniter\Debug\Exceptions->errorHandler(2, 'Trying to access array offset on value of type null', '/home2/cwltechin/public_html/dawar-jewellery/app/Controllers/Home.php', 621)
 2 SYSTEMPATH/CodeIgniter.php(933): App\Controllers\Home->saveOrder()
 3 SYSTEMPATH/CodeIgniter.php(509): CodeIgniter\CodeIgniter->runController(Object(App\Controllers\Home))
 4 SYSTEMPATH/CodeIgniter.php(355): CodeIgniter\CodeIgniter->handleRequest(null, Object(Config\Cache), false)
 5 SYSTEMPATH/Boot.php(325): CodeIgniter\CodeIgniter->run()
 6 SYSTEMPATH/Boot.php(67): CodeIgniter\Boot::runCodeIgniter(Object(CodeIgniter\CodeIgniter))
 7 FCPATH/index.php(56): CodeIgniter\Boot::bootWeb(Object(Config\Paths))
CRITICAL - 2024-11-18 11:25:33 --> ErrorException: Trying to access array offset on value of type null
[Method: POST, Route: saveOrder]
in APPPATH/Controllers/Home.php on line 621.
 1 APPPATH/Controllers/Home.php(621): CodeIgniter\Debug\Exceptions->errorHandler(2, 'Trying to access array offset on value of type null', '/home2/cwltechin/public_html/dawar-jewellery/app/Controllers/Home.php', 621)
 2 SYSTEMPATH/CodeIgniter.php(933): App\Controllers\Home->saveOrder()
 3 SYSTEMPATH/CodeIgniter.php(509): CodeIgniter\CodeIgniter->runController(Object(App\Controllers\Home))
 4 SYSTEMPATH/CodeIgniter.php(355): CodeIgniter\CodeIgniter->handleRequest(null, Object(Config\Cache), false)
 5 SYSTEMPATH/Boot.php(325): CodeIgniter\CodeIgniter->run()
 6 SYSTEMPATH/Boot.php(67): CodeIgniter\Boot::runCodeIgniter(Object(CodeIgniter\CodeIgniter))
 7 FCPATH/index.php(56): CodeIgniter\Boot::bootWeb(Object(Config\Paths))
CRITICAL - 2024-11-18 11:26:01 --> ErrorException: Trying to access array offset on value of type null
[Method: POST, Route: saveOrder]
in APPPATH/Controllers/Home.php on line 621.
 1 APPPATH/Controllers/Home.php(621): CodeIgniter\Debug\Exceptions->errorHandler(2, 'Trying to access array offset on value of type null', '/home2/cwltechin/public_html/dawar-jewellery/app/Controllers/Home.php', 621)
 2 SYSTEMPATH/CodeIgniter.php(933): App\Controllers\Home->saveOrder()
 3 SYSTEMPATH/CodeIgniter.php(509): CodeIgniter\CodeIgniter->runController(Object(App\Controllers\Home))
 4 SYSTEMPATH/CodeIgniter.php(355): CodeIgniter\CodeIgniter->handleRequest(null, Object(Config\Cache), false)
 5 SYSTEMPATH/Boot.php(325): CodeIgniter\CodeIgniter->run()
 6 SYSTEMPATH/Boot.php(67): CodeIgniter\Boot::runCodeIgniter(Object(CodeIgniter\CodeIgniter))
 7 FCPATH/index.php(56): CodeIgniter\Boot::bootWeb(Object(Config\Paths))
CRITICAL - 2024-11-18 11:26:06 --> ErrorException: Trying to access array offset on value of type null
[Method: POST, Route: saveOrder]
in APPPATH/Controllers/Home.php on line 621.
 1 APPPATH/Controllers/Home.php(621): CodeIgniter\Debug\Exceptions->errorHandler(2, 'Trying to access array offset on value of type null', '/home2/cwltechin/public_html/dawar-jewellery/app/Controllers/Home.php', 621)
 2 SYSTEMPATH/CodeIgniter.php(933): App\Controllers\Home->saveOrder()
 3 SYSTEMPATH/CodeIgniter.php(509): CodeIgniter\CodeIgniter->runController(Object(App\Controllers\Home))
 4 SYSTEMPATH/CodeIgniter.php(355): CodeIgniter\CodeIgniter->handleRequest(null, Object(Config\Cache), false)
 5 SYSTEMPATH/Boot.php(325): CodeIgniter\CodeIgniter->run()
 6 SYSTEMPATH/Boot.php(67): CodeIgniter\Boot::runCodeIgniter(Object(CodeIgniter\CodeIgniter))
 7 FCPATH/index.php(56): CodeIgniter\Boot::bootWeb(Object(Config\Paths))
CRITICAL - 2024-11-18 11:26:41 --> ErrorException: Trying to access array offset on value of type null
[Method: POST, Route: saveOrder]
in APPPATH/Controllers/Home.php on line 621.
 1 APPPATH/Controllers/Home.php(621): CodeIgniter\Debug\Exceptions->errorHandler(2, 'Trying to access array offset on value of type null', '/home2/cwltechin/public_html/dawar-jewellery/app/Controllers/Home.php', 621)
 2 SYSTEMPATH/CodeIgniter.php(933): App\Controllers\Home->saveOrder()
 3 SYSTEMPATH/CodeIgniter.php(509): CodeIgniter\CodeIgniter->runController(Object(App\Controllers\Home))
 4 SYSTEMPATH/CodeIgniter.php(355): CodeIgniter\CodeIgniter->handleRequest(null, Object(Config\Cache), false)
 5 SYSTEMPATH/Boot.php(325): CodeIgniter\CodeIgniter->run()
 6 SYSTEMPATH/Boot.php(67): CodeIgniter\Boot::runCodeIgniter(Object(CodeIgniter\CodeIgniter))
 7 FCPATH/index.php(56): CodeIgniter\Boot::bootWeb(Object(Config\Paths))
CRITICAL - 2024-11-18 11:27:35 --> ErrorException: Trying to access array offset on value of type null
[Method: POST, Route: saveOrder]
in APPPATH/Controllers/Home.php on line 621.
 1 APPPATH/Controllers/Home.php(621): CodeIgniter\Debug\Exceptions->errorHandler(2, 'Trying to access array offset on value of type null', '/home2/cwltechin/public_html/dawar-jewellery/app/Controllers/Home.php', 621)
 2 SYSTEMPATH/CodeIgniter.php(933): App\Controllers\Home->saveOrder()
 3 SYSTEMPATH/CodeIgniter.php(509): CodeIgniter\CodeIgniter->runController(Object(App\Controllers\Home))
 4 SYSTEMPATH/CodeIgniter.php(355): CodeIgniter\CodeIgniter->handleRequest(null, Object(Config\Cache), false)
 5 SYSTEMPATH/Boot.php(325): CodeIgniter\CodeIgniter->run()
 6 SYSTEMPATH/Boot.php(67): CodeIgniter\Boot::runCodeIgniter(Object(CodeIgniter\CodeIgniter))
 7 FCPATH/index.php(56): CodeIgniter\Boot::bootWeb(Object(Config\Paths))
CRITICAL - 2024-11-18 11:27:37 --> ErrorException: Trying to access array offset on value of type null
[Method: POST, Route: saveOrder]
in APPPATH/Controllers/Home.php on line 621.
 1 APPPATH/Controllers/Home.php(621): CodeIgniter\Debug\Exceptions->errorHandler(2, 'Trying to access array offset on value of type null', '/home2/cwltechin/public_html/dawar-jewellery/app/Controllers/Home.php', 621)
 2 SYSTEMPATH/CodeIgniter.php(933): App\Controllers\Home->saveOrder()
 3 SYSTEMPATH/CodeIgniter.php(509): CodeIgniter\CodeIgniter->runController(Object(App\Controllers\Home))
 4 SYSTEMPATH/CodeIgniter.php(355): CodeIgniter\CodeIgniter->handleRequest(null, Object(Config\Cache), false)
 5 SYSTEMPATH/Boot.php(325): CodeIgniter\CodeIgniter->run()
 6 SYSTEMPATH/Boot.php(67): CodeIgniter\Boot::runCodeIgniter(Object(CodeIgniter\CodeIgniter))
 7 FCPATH/index.php(56): CodeIgniter\Boot::bootWeb(Object(Config\Paths))
CRITICAL - 2024-11-18 11:27:42 --> ErrorException: Trying to access array offset on value of type null
[Method: POST, Route: saveOrder]
in APPPATH/Controllers/Home.php on line 621.
 1 APPPATH/Controllers/Home.php(621): CodeIgniter\Debug\Exceptions->errorHandler(2, 'Trying to access array offset on value of type null', '/home2/cwltechin/public_html/dawar-jewellery/app/Controllers/Home.php', 621)
 2 SYSTEMPATH/CodeIgniter.php(933): App\Controllers\Home->saveOrder()
 3 SYSTEMPATH/CodeIgniter.php(509): CodeIgniter\CodeIgniter->runController(Object(App\Controllers\Home))
 4 SYSTEMPATH/CodeIgniter.php(355): CodeIgniter\CodeIgniter->handleRequest(null, Object(Config\Cache), false)
 5 SYSTEMPATH/Boot.php(325): CodeIgniter\CodeIgniter->run()
 6 SYSTEMPATH/Boot.php(67): CodeIgniter\Boot::runCodeIgniter(Object(CodeIgniter\CodeIgniter))
 7 FCPATH/index.php(56): CodeIgniter\Boot::bootWeb(Object(Config\Paths))
CRITICAL - 2024-11-18 11:27:46 --> ErrorException: Trying to access array offset on value of type null
[Method: POST, Route: saveOrder]
in APPPATH/Controllers/Home.php on line 621.
 1 APPPATH/Controllers/Home.php(621): CodeIgniter\Debug\Exceptions->errorHandler(2, 'Trying to access array offset on value of type null', '/home2/cwltechin/public_html/dawar-jewellery/app/Controllers/Home.php', 621)
 2 SYSTEMPATH/CodeIgniter.php(933): App\Controllers\Home->saveOrder()
 3 SYSTEMPATH/CodeIgniter.php(509): CodeIgniter\CodeIgniter->runController(Object(App\Controllers\Home))
 4 SYSTEMPATH/CodeIgniter.php(355): CodeIgniter\CodeIgniter->handleRequest(null, Object(Config\Cache), false)
 5 SYSTEMPATH/Boot.php(325): CodeIgniter\CodeIgniter->run()
 6 SYSTEMPATH/Boot.php(67): CodeIgniter\Boot::runCodeIgniter(Object(CodeIgniter\CodeIgniter))
 7 FCPATH/index.php(56): CodeIgniter\Boot::bootWeb(Object(Config\Paths))
CRITICAL - 2024-11-18 11:28:05 --> ErrorException: Trying to access array offset on value of type null
[Method: POST, Route: saveOrder]
in APPPATH/Controllers/Home.php on line 621.
 1 APPPATH/Controllers/Home.php(621): CodeIgniter\Debug\Exceptions->errorHandler(2, 'Trying to access array offset on value of type null', '/home2/cwltechin/public_html/dawar-jewellery/app/Controllers/Home.php', 621)
 2 SYSTEMPATH/CodeIgniter.php(933): App\Controllers\Home->saveOrder()
 3 SYSTEMPATH/CodeIgniter.php(509): CodeIgniter\CodeIgniter->runController(Object(App\Controllers\Home))
 4 SYSTEMPATH/CodeIgniter.php(355): CodeIgniter\CodeIgniter->handleRequest(null, Object(Config\Cache), false)
 5 SYSTEMPATH/Boot.php(325): CodeIgniter\CodeIgniter->run()
 6 SYSTEMPATH/Boot.php(67): CodeIgniter\Boot::runCodeIgniter(Object(CodeIgniter\CodeIgniter))
 7 FCPATH/index.php(56): CodeIgniter\Boot::bootWeb(Object(Config\Paths))
CRITICAL - 2024-11-18 11:30:04 --> ErrorException: Trying to access array offset on value of type null
[Method: POST, Route: saveOrder]
in APPPATH/Controllers/Home.php on line 621.
 1 APPPATH/Controllers/Home.php(621): CodeIgniter\Debug\Exceptions->errorHandler(2, 'Trying to access array offset on value of type null', '/home2/cwltechin/public_html/dawar-jewellery/app/Controllers/Home.php', 621)
 2 SYSTEMPATH/CodeIgniter.php(933): App\Controllers\Home->saveOrder()
 3 SYSTEMPATH/CodeIgniter.php(509): CodeIgniter\CodeIgniter->runController(Object(App\Controllers\Home))
 4 SYSTEMPATH/CodeIgniter.php(355): CodeIgniter\CodeIgniter->handleRequest(null, Object(Config\Cache), false)
 5 SYSTEMPATH/Boot.php(325): CodeIgniter\CodeIgniter->run()
 6 SYSTEMPATH/Boot.php(67): CodeIgniter\Boot::runCodeIgniter(Object(CodeIgniter\CodeIgniter))
 7 FCPATH/index.php(56): CodeIgniter\Boot::bootWeb(Object(Config\Paths))
CRITICAL - 2024-11-18 11:30:06 --> ErrorException: Trying to access array offset on value of type null
[Method: POST, Route: saveOrder]
in APPPATH/Controllers/Home.php on line 621.
 1 APPPATH/Controllers/Home.php(621): CodeIgniter\Debug\Exceptions->errorHandler(2, 'Trying to access array offset on value of type null', '/home2/cwltechin/public_html/dawar-jewellery/app/Controllers/Home.php', 621)
 2 SYSTEMPATH/CodeIgniter.php(933): App\Controllers\Home->saveOrder()
 3 SYSTEMPATH/CodeIgniter.php(509): CodeIgniter\CodeIgniter->runController(Object(App\Controllers\Home))
 4 SYSTEMPATH/CodeIgniter.php(355): CodeIgniter\CodeIgniter->handleRequest(null, Object(Config\Cache), false)
 5 SYSTEMPATH/Boot.php(325): CodeIgniter\CodeIgniter->run()
 6 SYSTEMPATH/Boot.php(67): CodeIgniter\Boot::runCodeIgniter(Object(CodeIgniter\CodeIgniter))
 7 FCPATH/index.php(56): CodeIgniter\Boot::bootWeb(Object(Config\Paths))
CRITICAL - 2024-11-18 11:30:13 --> ErrorException: Trying to access array offset on value of type null
[Method: POST, Route: saveOrder]
in APPPATH/Controllers/Home.php on line 621.
 1 APPPATH/Controllers/Home.php(621): CodeIgniter\Debug\Exceptions->errorHandler(2, 'Trying to access array offset on value of type null', '/home2/cwltechin/public_html/dawar-jewellery/app/Controllers/Home.php', 621)
 2 SYSTEMPATH/CodeIgniter.php(933): App\Controllers\Home->saveOrder()
 3 SYSTEMPATH/CodeIgniter.php(509): CodeIgniter\CodeIgniter->runController(Object(App\Controllers\Home))
 4 SYSTEMPATH/CodeIgniter.php(355): CodeIgniter\CodeIgniter->handleRequest(null, Object(Config\Cache), false)
 5 SYSTEMPATH/Boot.php(325): CodeIgniter\CodeIgniter->run()
 6 SYSTEMPATH/Boot.php(67): CodeIgniter\Boot::runCodeIgniter(Object(CodeIgniter\CodeIgniter))
 7 FCPATH/index.php(56): CodeIgniter\Boot::bootWeb(Object(Config\Paths))
CRITICAL - 2024-11-18 11:30:35 --> ErrorException: Trying to access array offset on value of type null
[Method: POST, Route: saveOrder]
in APPPATH/Controllers/Home.php on line 621.
 1 APPPATH/Controllers/Home.php(621): CodeIgniter\Debug\Exceptions->errorHandler(2, 'Trying to access array offset on value of type null', '/home2/cwltechin/public_html/dawar-jewellery/app/Controllers/Home.php', 621)
 2 SYSTEMPATH/CodeIgniter.php(933): App\Controllers\Home->saveOrder()
 3 SYSTEMPATH/CodeIgniter.php(509): CodeIgniter\CodeIgniter->runController(Object(App\Controllers\Home))
 4 SYSTEMPATH/CodeIgniter.php(355): CodeIgniter\CodeIgniter->handleRequest(null, Object(Config\Cache), false)
 5 SYSTEMPATH/Boot.php(325): CodeIgniter\CodeIgniter->run()
 6 SYSTEMPATH/Boot.php(67): CodeIgniter\Boot::runCodeIgniter(Object(CodeIgniter\CodeIgniter))
 7 FCPATH/index.php(56): CodeIgniter\Boot::bootWeb(Object(Config\Paths))
CRITICAL - 2024-11-18 11:30:58 --> ErrorException: Trying to access array offset on value of type null
[Method: POST, Route: saveOrder]
in APPPATH/Controllers/Home.php on line 621.
 1 APPPATH/Controllers/Home.php(621): CodeIgniter\Debug\Exceptions->errorHandler(2, 'Trying to access array offset on value of type null', '/home2/cwltechin/public_html/dawar-jewellery/app/Controllers/Home.php', 621)
 2 SYSTEMPATH/CodeIgniter.php(933): App\Controllers\Home->saveOrder()
 3 SYSTEMPATH/CodeIgniter.php(509): CodeIgniter\CodeIgniter->runController(Object(App\Controllers\Home))
 4 SYSTEMPATH/CodeIgniter.php(355): CodeIgniter\CodeIgniter->handleRequest(null, Object(Config\Cache), false)
 5 SYSTEMPATH/Boot.php(325): CodeIgniter\CodeIgniter->run()
 6 SYSTEMPATH/Boot.php(67): CodeIgniter\Boot::runCodeIgniter(Object(CodeIgniter\CodeIgniter))
 7 FCPATH/index.php(56): CodeIgniter\Boot::bootWeb(Object(Config\Paths))
CRITICAL - 2024-11-18 11:31:28 --> ErrorException: Trying to access array offset on value of type null
[Method: POST, Route: saveOrder]
in APPPATH/Controllers/Home.php on line 621.
 1 APPPATH/Controllers/Home.php(621): CodeIgniter\Debug\Exceptions->errorHandler(2, 'Trying to access array offset on value of type null', '/home2/cwltechin/public_html/dawar-jewellery/app/Controllers/Home.php', 621)
 2 SYSTEMPATH/CodeIgniter.php(933): App\Controllers\Home->saveOrder()
 3 SYSTEMPATH/CodeIgniter.php(509): CodeIgniter\CodeIgniter->runController(Object(App\Controllers\Home))
 4 SYSTEMPATH/CodeIgniter.php(355): CodeIgniter\CodeIgniter->handleRequest(null, Object(Config\Cache), false)
 5 SYSTEMPATH/Boot.php(325): CodeIgniter\CodeIgniter->run()
 6 SYSTEMPATH/Boot.php(67): CodeIgniter\Boot::runCodeIgniter(Object(CodeIgniter\CodeIgniter))
 7 FCPATH/index.php(56): CodeIgniter\Boot::bootWeb(Object(Config\Paths))
CRITICAL - 2024-11-18 11:31:37 --> ErrorException: Trying to access array offset on value of type null
[Method: POST, Route: saveOrder]
in APPPATH/Controllers/Home.php on line 621.
 1 APPPATH/Controllers/Home.php(621): CodeIgniter\Debug\Exceptions->errorHandler(2, 'Trying to access array offset on value of type null', '/home2/cwltechin/public_html/dawar-jewellery/app/Controllers/Home.php', 621)
 2 SYSTEMPATH/CodeIgniter.php(933): App\Controllers\Home->saveOrder()
 3 SYSTEMPATH/CodeIgniter.php(509): CodeIgniter\CodeIgniter->runController(Object(App\Controllers\Home))
 4 SYSTEMPATH/CodeIgniter.php(355): CodeIgniter\CodeIgniter->handleRequest(null, Object(Config\Cache), false)
 5 SYSTEMPATH/Boot.php(325): CodeIgniter\CodeIgniter->run()
 6 SYSTEMPATH/Boot.php(67): CodeIgniter\Boot::runCodeIgniter(Object(CodeIgniter\CodeIgniter))
 7 FCPATH/index.php(56): CodeIgniter\Boot::bootWeb(Object(Config\Paths))
CRITICAL - 2024-11-18 11:31:45 --> ErrorException: Undefined variable $json_array
[Method: POST, Route: saveOrder]
in APPPATH/Controllers/Home.php on line 670.
 1 APPPATH/Controllers/Home.php(670): CodeIgniter\Debug\Exceptions->errorHandler(2, 'Undefined variable $json_array', '/home2/cwltechin/public_html/dawar-jewellery/app/Controllers/Home.php', 670)
 2 SYSTEMPATH/CodeIgniter.php(933): App\Controllers\Home->saveOrder()
 3 SYSTEMPATH/CodeIgniter.php(509): CodeIgniter\CodeIgniter->runController(Object(App\Controllers\Home))
 4 SYSTEMPATH/CodeIgniter.php(355): CodeIgniter\CodeIgniter->handleRequest(null, Object(Config\Cache), false)
 5 SYSTEMPATH/Boot.php(325): CodeIgniter\CodeIgniter->run()
 6 SYSTEMPATH/Boot.php(67): CodeIgniter\Boot::runCodeIgniter(Object(CodeIgniter\CodeIgniter))
 7 FCPATH/index.php(56): CodeIgniter\Boot::bootWeb(Object(Config\Paths))
CRITICAL - 2024-11-18 11:31:50 --> ErrorException: Undefined variable $json_array
[Method: POST, Route: saveOrder]
in APPPATH/Controllers/Home.php on line 670.
 1 APPPATH/Controllers/Home.php(670): CodeIgniter\Debug\Exceptions->errorHandler(2, 'Undefined variable $json_array', '/home2/cwltechin/public_html/dawar-jewellery/app/Controllers/Home.php', 670)
 2 SYSTEMPATH/CodeIgniter.php(933): App\Controllers\Home->saveOrder()
 3 SYSTEMPATH/CodeIgniter.php(509): CodeIgniter\CodeIgniter->runController(Object(App\Controllers\Home))
 4 SYSTEMPATH/CodeIgniter.php(355): CodeIgniter\CodeIgniter->handleRequest(null, Object(Config\Cache), false)
 5 SYSTEMPATH/Boot.php(325): CodeIgniter\CodeIgniter->run()
 6 SYSTEMPATH/Boot.php(67): CodeIgniter\Boot::runCodeIgniter(Object(CodeIgniter\CodeIgniter))
 7 FCPATH/index.php(56): CodeIgniter\Boot::bootWeb(Object(Config\Paths))
CRITICAL - 2024-11-18 11:32:00 --> ErrorException: Undefined variable $json_array
[Method: POST, Route: saveOrder]
in APPPATH/Controllers/Home.php on line 670.
 1 APPPATH/Controllers/Home.php(670): CodeIgniter\Debug\Exceptions->errorHandler(2, 'Undefined variable $json_array', '/home2/cwltechin/public_html/dawar-jewellery/app/Controllers/Home.php', 670)
 2 SYSTEMPATH/CodeIgniter.php(933): App\Controllers\Home->saveOrder()
 3 SYSTEMPATH/CodeIgniter.php(509): CodeIgniter\CodeIgniter->runController(Object(App\Controllers\Home))
 4 SYSTEMPATH/CodeIgniter.php(355): CodeIgniter\CodeIgniter->handleRequest(null, Object(Config\Cache), false)
 5 SYSTEMPATH/Boot.php(325): CodeIgniter\CodeIgniter->run()
 6 SYSTEMPATH/Boot.php(67): CodeIgniter\Boot::runCodeIgniter(Object(CodeIgniter\CodeIgniter))
 7 FCPATH/index.php(56): CodeIgniter\Boot::bootWeb(Object(Config\Paths))
CRITICAL - 2024-11-18 11:32:07 --> ErrorException: Undefined variable $json_array
[Method: POST, Route: saveOrder]
in APPPATH/Controllers/Home.php on line 670.
 1 APPPATH/Controllers/Home.php(670): CodeIgniter\Debug\Exceptions->errorHandler(2, 'Undefined variable $json_array', '/home2/cwltechin/public_html/dawar-jewellery/app/Controllers/Home.php', 670)
 2 SYSTEMPATH/CodeIgniter.php(933): App\Controllers\Home->saveOrder()
 3 SYSTEMPATH/CodeIgniter.php(509): CodeIgniter\CodeIgniter->runController(Object(App\Controllers\Home))
 4 SYSTEMPATH/CodeIgniter.php(355): CodeIgniter\CodeIgniter->handleRequest(null, Object(Config\Cache), false)
 5 SYSTEMPATH/Boot.php(325): CodeIgniter\CodeIgniter->run()
 6 SYSTEMPATH/Boot.php(67): CodeIgniter\Boot::runCodeIgniter(Object(CodeIgniter\CodeIgniter))
 7 FCPATH/index.php(56): CodeIgniter\Boot::bootWeb(Object(Config\Paths))
CRITICAL - 2024-11-18 11:32:20 --> ErrorException: Undefined variable $json_array
[Method: POST, Route: saveOrder]
in APPPATH/Controllers/Home.php on line 670.
 1 APPPATH/Controllers/Home.php(670): CodeIgniter\Debug\Exceptions->errorHandler(2, 'Undefined variable $json_array', '/home2/cwltechin/public_html/dawar-jewellery/app/Controllers/Home.php', 670)
 2 SYSTEMPATH/CodeIgniter.php(933): App\Controllers\Home->saveOrder()
 3 SYSTEMPATH/CodeIgniter.php(509): CodeIgniter\CodeIgniter->runController(Object(App\Controllers\Home))
 4 SYSTEMPATH/CodeIgniter.php(355): CodeIgniter\CodeIgniter->handleRequest(null, Object(Config\Cache), false)
 5 SYSTEMPATH/Boot.php(325): CodeIgniter\CodeIgniter->run()
 6 SYSTEMPATH/Boot.php(67): CodeIgniter\Boot::runCodeIgniter(Object(CodeIgniter\CodeIgniter))
 7 FCPATH/index.php(56): CodeIgniter\Boot::bootWeb(Object(Config\Paths))
CRITICAL - 2024-11-18 11:32:49 --> ErrorException: Undefined variable $json_array
[Method: POST, Route: saveOrder]
in APPPATH/Controllers/Home.php on line 670.
 1 APPPATH/Controllers/Home.php(670): CodeIgniter\Debug\Exceptions->errorHandler(2, 'Undefined variable $json_array', '/home2/cwltechin/public_html/dawar-jewellery/app/Controllers/Home.php', 670)
 2 SYSTEMPATH/CodeIgniter.php(933): App\Controllers\Home->saveOrder()
 3 SYSTEMPATH/CodeIgniter.php(509): CodeIgniter\CodeIgniter->runController(Object(App\Controllers\Home))
 4 SYSTEMPATH/CodeIgniter.php(355): CodeIgniter\CodeIgniter->handleRequest(null, Object(Config\Cache), false)
 5 SYSTEMPATH/Boot.php(325): CodeIgniter\CodeIgniter->run()
 6 SYSTEMPATH/Boot.php(67): CodeIgniter\Boot::runCodeIgniter(Object(CodeIgniter\CodeIgniter))
 7 FCPATH/index.php(56): CodeIgniter\Boot::bootWeb(Object(Config\Paths))
CRITICAL - 2024-11-18 11:32:53 --> ErrorException: Undefined variable $json_array
[Method: POST, Route: saveOrder]
in APPPATH/Controllers/Home.php on line 670.
 1 APPPATH/Controllers/Home.php(670): CodeIgniter\Debug\Exceptions->errorHandler(2, 'Undefined variable $json_array', '/home2/cwltechin/public_html/dawar-jewellery/app/Controllers/Home.php', 670)
 2 SYSTEMPATH/CodeIgniter.php(933): App\Controllers\Home->saveOrder()
 3 SYSTEMPATH/CodeIgniter.php(509): CodeIgniter\CodeIgniter->runController(Object(App\Controllers\Home))
 4 SYSTEMPATH/CodeIgniter.php(355): CodeIgniter\CodeIgniter->handleRequest(null, Object(Config\Cache), false)
 5 SYSTEMPATH/Boot.php(325): CodeIgniter\CodeIgniter->run()
 6 SYSTEMPATH/Boot.php(67): CodeIgniter\Boot::runCodeIgniter(Object(CodeIgniter\CodeIgniter))
 7 FCPATH/index.php(56): CodeIgniter\Boot::bootWeb(Object(Config\Paths))
CRITICAL - 2024-11-18 11:53:42 --> Error: Call to undefined method CodeIgniter\Database\MySQLi\Builder::getRowArray()
[Method: POST, Route: saveOrder]
in APPPATH/Models/HomeModel.php on line 345.
 1 APPPATH/Controllers/Home.php(620): App\Models\HomeModel->lastOrderId()
 2 SYSTEMPATH/CodeIgniter.php(933): App\Controllers\Home->saveOrder()
 3 SYSTEMPATH/CodeIgniter.php(509): CodeIgniter\CodeIgniter->runController(Object(App\Controllers\Home))
 4 SYSTEMPATH/CodeIgniter.php(355): CodeIgniter\CodeIgniter->handleRequest(null, Object(Config\Cache), false)
 5 SYSTEMPATH/Boot.php(325): CodeIgniter\CodeIgniter->run()
 6 SYSTEMPATH/Boot.php(67): CodeIgniter\Boot::runCodeIgniter(Object(CodeIgniter\CodeIgniter))
 7 FCPATH/index.php(56): CodeIgniter\Boot::bootWeb(Object(Config\Paths))
CRITICAL - 2024-11-18 11:55:47 --> ErrorException: Undefined variable $json_array
[Method: POST, Route: saveOrder]
in APPPATH/Controllers/Home.php on line 671.
 1 APPPATH/Controllers/Home.php(671): CodeIgniter\Debug\Exceptions->errorHandler(2, 'Undefined variable $json_array', '/home2/cwltechin/public_html/dawar-jewellery/app/Controllers/Home.php', 671)
 2 SYSTEMPATH/CodeIgniter.php(933): App\Controllers\Home->saveOrder()
 3 SYSTEMPATH/CodeIgniter.php(509): CodeIgniter\CodeIgniter->runController(Object(App\Controllers\Home))
 4 SYSTEMPATH/CodeIgniter.php(355): CodeIgniter\CodeIgniter->handleRequest(null, Object(Config\Cache), false)
 5 SYSTEMPATH/Boot.php(325): CodeIgniter\CodeIgniter->run()
 6 SYSTEMPATH/Boot.php(67): CodeIgniter\Boot::runCodeIgniter(Object(CodeIgniter\CodeIgniter))
 7 FCPATH/index.php(56): CodeIgniter\Boot::bootWeb(Object(Config\Paths))
CRITICAL - 2024-11-18 11:56:45 --> ErrorException: Undefined variable $json_array
[Method: POST, Route: saveOrder]
in APPPATH/Controllers/Home.php on line 670.
 1 APPPATH/Controllers/Home.php(670): CodeIgniter\Debug\Exceptions->errorHandler(2, 'Undefined variable $json_array', '/home2/cwltechin/public_html/dawar-jewellery/app/Controllers/Home.php', 670)
 2 SYSTEMPATH/CodeIgniter.php(933): App\Controllers\Home->saveOrder()
 3 SYSTEMPATH/CodeIgniter.php(509): CodeIgniter\CodeIgniter->runController(Object(App\Controllers\Home))
 4 SYSTEMPATH/CodeIgniter.php(355): CodeIgniter\CodeIgniter->handleRequest(null, Object(Config\Cache), false)
 5 SYSTEMPATH/Boot.php(325): CodeIgniter\CodeIgniter->run()
 6 SYSTEMPATH/Boot.php(67): CodeIgniter\Boot::runCodeIgniter(Object(CodeIgniter\CodeIgniter))
 7 FCPATH/index.php(56): CodeIgniter\Boot::bootWeb(Object(Config\Paths))
CRITICAL - 2024-11-18 11:56:54 --> ErrorException: Undefined variable $json_array
[Method: POST, Route: saveOrder]
in APPPATH/Controllers/Home.php on line 670.
 1 APPPATH/Controllers/Home.php(670): CodeIgniter\Debug\Exceptions->errorHandler(2, 'Undefined variable $json_array', '/home2/cwltechin/public_html/dawar-jewellery/app/Controllers/Home.php', 670)
 2 SYSTEMPATH/CodeIgniter.php(933): App\Controllers\Home->saveOrder()
 3 SYSTEMPATH/CodeIgniter.php(509): CodeIgniter\CodeIgniter->runController(Object(App\Controllers\Home))
 4 SYSTEMPATH/CodeIgniter.php(355): CodeIgniter\CodeIgniter->handleRequest(null, Object(Config\Cache), false)
 5 SYSTEMPATH/Boot.php(325): CodeIgniter\CodeIgniter->run()
 6 SYSTEMPATH/Boot.php(67): CodeIgniter\Boot::runCodeIgniter(Object(CodeIgniter\CodeIgniter))
 7 FCPATH/index.php(56): CodeIgniter\Boot::bootWeb(Object(Config\Paths))
CRITICAL - 2024-11-18 11:57:07 --> ErrorException: Undefined variable $json_array
[Method: POST, Route: saveOrder]
in APPPATH/Controllers/Home.php on line 670.
 1 APPPATH/Controllers/Home.php(670): CodeIgniter\Debug\Exceptions->errorHandler(2, 'Undefined variable $json_array', '/home2/cwltechin/public_html/dawar-jewellery/app/Controllers/Home.php', 670)
 2 SYSTEMPATH/CodeIgniter.php(933): App\Controllers\Home->saveOrder()
 3 SYSTEMPATH/CodeIgniter.php(509): CodeIgniter\CodeIgniter->runController(Object(App\Controllers\Home))
 4 SYSTEMPATH/CodeIgniter.php(355): CodeIgniter\CodeIgniter->handleRequest(null, Object(Config\Cache), false)
 5 SYSTEMPATH/Boot.php(325): CodeIgniter\CodeIgniter->run()
 6 SYSTEMPATH/Boot.php(67): CodeIgniter\Boot::runCodeIgniter(Object(CodeIgniter\CodeIgniter))
 7 FCPATH/index.php(56): CodeIgniter\Boot::bootWeb(Object(Config\Paths))
CRITICAL - 2024-11-18 12:03:55 --> ErrorException: Undefined array key "gender"
[Method: POST, Route: saveOrder]
in APPPATH/Controllers/Home.php on line 652.
 1 APPPATH/Controllers/Home.php(652): CodeIgniter\Debug\Exceptions->errorHandler(2, 'Undefined array key "gender"', '/home2/cwltechin/public_html/dawar-jewellery/app/Controllers/Home.php', 652)
 2 SYSTEMPATH/CodeIgniter.php(933): App\Controllers\Home->saveOrder()
 3 SYSTEMPATH/CodeIgniter.php(509): CodeIgniter\CodeIgniter->runController(Object(App\Controllers\Home))
 4 SYSTEMPATH/CodeIgniter.php(355): CodeIgniter\CodeIgniter->handleRequest(null, Object(Config\Cache), false)
 5 SYSTEMPATH/Boot.php(325): CodeIgniter\CodeIgniter->run()
 6 SYSTEMPATH/Boot.php(67): CodeIgniter\Boot::runCodeIgniter(Object(CodeIgniter\CodeIgniter))
 7 FCPATH/index.php(56): CodeIgniter\Boot::bootWeb(Object(Config\Paths))
CRITICAL - 2024-11-18 12:04:03 --> ErrorException: Undefined array key "gender"
[Method: POST, Route: saveOrder]
in APPPATH/Controllers/Home.php on line 652.
 1 APPPATH/Controllers/Home.php(652): CodeIgniter\Debug\Exceptions->errorHandler(2, 'Undefined array key "gender"', '/home2/cwltechin/public_html/dawar-jewellery/app/Controllers/Home.php', 652)
 2 SYSTEMPATH/CodeIgniter.php(933): App\Controllers\Home->saveOrder()
 3 SYSTEMPATH/CodeIgniter.php(509): CodeIgniter\CodeIgniter->runController(Object(App\Controllers\Home))
 4 SYSTEMPATH/CodeIgniter.php(355): CodeIgniter\CodeIgniter->handleRequest(null, Object(Config\Cache), false)
 5 SYSTEMPATH/Boot.php(325): CodeIgniter\CodeIgniter->run()
 6 SYSTEMPATH/Boot.php(67): CodeIgniter\Boot::runCodeIgniter(Object(CodeIgniter\CodeIgniter))
 7 FCPATH/index.php(56): CodeIgniter\Boot::bootWeb(Object(Config\Paths))
CRITICAL - 2024-11-18 12:04:28 --> ErrorException: Undefined array key "gender"
[Method: POST, Route: saveOrder]
in APPPATH/Controllers/Home.php on line 652.
 1 APPPATH/Controllers/Home.php(652): CodeIgniter\Debug\Exceptions->errorHandler(2, 'Undefined array key "gender"', '/home2/cwltechin/public_html/dawar-jewellery/app/Controllers/Home.php', 652)
 2 SYSTEMPATH/CodeIgniter.php(933): App\Controllers\Home->saveOrder()
 3 SYSTEMPATH/CodeIgniter.php(509): CodeIgniter\CodeIgniter->runController(Object(App\Controllers\Home))
 4 SYSTEMPATH/CodeIgniter.php(355): CodeIgniter\CodeIgniter->handleRequest(null, Object(Config\Cache), false)
 5 SYSTEMPATH/Boot.php(325): CodeIgniter\CodeIgniter->run()
 6 SYSTEMPATH/Boot.php(67): CodeIgniter\Boot::runCodeIgniter(Object(CodeIgniter\CodeIgniter))
 7 FCPATH/index.php(56): CodeIgniter\Boot::bootWeb(Object(Config\Paths))
CRITICAL - 2024-11-18 12:04:51 --> ErrorException: Undefined array key "gender"
[Method: POST, Route: saveOrder]
in APPPATH/Controllers/Home.php on line 652.
 1 APPPATH/Controllers/Home.php(652): CodeIgniter\Debug\Exceptions->errorHandler(2, 'Undefined array key "gender"', '/home2/cwltechin/public_html/dawar-jewellery/app/Controllers/Home.php', 652)
 2 SYSTEMPATH/CodeIgniter.php(933): App\Controllers\Home->saveOrder()
 3 SYSTEMPATH/CodeIgniter.php(509): CodeIgniter\CodeIgniter->runController(Object(App\Controllers\Home))
 4 SYSTEMPATH/CodeIgniter.php(355): CodeIgniter\CodeIgniter->handleRequest(null, Object(Config\Cache), false)
 5 SYSTEMPATH/Boot.php(325): CodeIgniter\CodeIgniter->run()
 6 SYSTEMPATH/Boot.php(67): CodeIgniter\Boot::runCodeIgniter(Object(CodeIgniter\CodeIgniter))
 7 FCPATH/index.php(56): CodeIgniter\Boot::bootWeb(Object(Config\Paths))
CRITICAL - 2024-11-18 12:05:16 --> ErrorException: Undefined array key "gender"
[Method: POST, Route: saveOrder]
in APPPATH/Controllers/Home.php on line 652.
 1 APPPATH/Controllers/Home.php(652): CodeIgniter\Debug\Exceptions->errorHandler(2, 'Undefined array key "gender"', '/home2/cwltechin/public_html/dawar-jewellery/app/Controllers/Home.php', 652)
 2 SYSTEMPATH/CodeIgniter.php(933): App\Controllers\Home->saveOrder()
 3 SYSTEMPATH/CodeIgniter.php(509): CodeIgniter\CodeIgniter->runController(Object(App\Controllers\Home))
 4 SYSTEMPATH/CodeIgniter.php(355): CodeIgniter\CodeIgniter->handleRequest(null, Object(Config\Cache), false)
 5 SYSTEMPATH/Boot.php(325): CodeIgniter\CodeIgniter->run()
 6 SYSTEMPATH/Boot.php(67): CodeIgniter\Boot::runCodeIgniter(Object(CodeIgniter\CodeIgniter))
 7 FCPATH/index.php(56): CodeIgniter\Boot::bootWeb(Object(Config\Paths))
CRITICAL - 2024-11-18 12:05:21 --> ErrorException: Undefined array key "gender"
[Method: POST, Route: saveOrder]
in APPPATH/Controllers/Home.php on line 652.
 1 APPPATH/Controllers/Home.php(652): CodeIgniter\Debug\Exceptions->errorHandler(2, 'Undefined array key "gender"', '/home2/cwltechin/public_html/dawar-jewellery/app/Controllers/Home.php', 652)
 2 SYSTEMPATH/CodeIgniter.php(933): App\Controllers\Home->saveOrder()
 3 SYSTEMPATH/CodeIgniter.php(509): CodeIgniter\CodeIgniter->runController(Object(App\Controllers\Home))
 4 SYSTEMPATH/CodeIgniter.php(355): CodeIgniter\CodeIgniter->handleRequest(null, Object(Config\Cache), false)
 5 SYSTEMPATH/Boot.php(325): CodeIgniter\CodeIgniter->run()
 6 SYSTEMPATH/Boot.php(67): CodeIgniter\Boot::runCodeIgniter(Object(CodeIgniter\CodeIgniter))
 7 FCPATH/index.php(56): CodeIgniter\Boot::bootWeb(Object(Config\Paths))
CRITICAL - 2024-11-18 12:13:14 --> ErrorException: Undefined array key "gender"
[Method: POST, Route: saveOrder]
in APPPATH/Controllers/Home.php on line 652.
 1 APPPATH/Controllers/Home.php(652): CodeIgniter\Debug\Exceptions->errorHandler(2, 'Undefined array key "gender"', '/home2/cwltechin/public_html/dawar-jewellery/app/Controllers/Home.php', 652)
 2 SYSTEMPATH/CodeIgniter.php(933): App\Controllers\Home->saveOrder()
 3 SYSTEMPATH/CodeIgniter.php(509): CodeIgniter\CodeIgniter->runController(Object(App\Controllers\Home))
 4 SYSTEMPATH/CodeIgniter.php(355): CodeIgniter\CodeIgniter->handleRequest(null, Object(Config\Cache), false)
 5 SYSTEMPATH/Boot.php(325): CodeIgniter\CodeIgniter->run()
 6 SYSTEMPATH/Boot.php(67): CodeIgniter\Boot::runCodeIgniter(Object(CodeIgniter\CodeIgniter))
 7 FCPATH/index.php(56): CodeIgniter\Boot::bootWeb(Object(Config\Paths))
CRITICAL - 2024-11-18 12:14:03 --> CodeIgniter\Database\Exceptions\DatabaseException: You must set the database table to be used with your query.
[Method: POST, Route: saveOrder]
in SYSTEMPATH/Database/BaseConnection.php on line 927.
 1 SYSTEMPATH/Model.php(716): CodeIgniter\Database\BaseConnection->table(null)
 2 SYSTEMPATH/Model.php(922): CodeIgniter\Model->builder()
 3 APPPATH/Controllers/Home.php(620): CodeIgniter\Model->__call('lastOrderId', [])
 4 SYSTEMPATH/CodeIgniter.php(933): App\Controllers\Home->saveOrder()
 5 SYSTEMPATH/CodeIgniter.php(509): CodeIgniter\CodeIgniter->runController(Object(App\Controllers\Home))
 6 SYSTEMPATH/CodeIgniter.php(355): CodeIgniter\CodeIgniter->handleRequest(null, Object(Config\Cache), false)
 7 SYSTEMPATH/Boot.php(325): CodeIgniter\CodeIgniter->run()
 8 SYSTEMPATH/Boot.php(67): CodeIgniter\Boot::runCodeIgniter(Object(CodeIgniter\CodeIgniter))
 9 FCPATH/index.php(56): CodeIgniter\Boot::bootWeb(Object(Config\Paths))
CRITICAL - 2024-11-18 12:14:22 --> ErrorException: Undefined array key "gender"
[Method: POST, Route: saveOrder]
in APPPATH/Controllers/Home.php on line 652.
 1 APPPATH/Controllers/Home.php(652): CodeIgniter\Debug\Exceptions->errorHandler(2, 'Undefined array key "gender"', '/home2/cwltechin/public_html/dawar-jewellery/app/Controllers/Home.php', 652)
 2 SYSTEMPATH/CodeIgniter.php(933): App\Controllers\Home->saveOrder()
 3 SYSTEMPATH/CodeIgniter.php(509): CodeIgniter\CodeIgniter->runController(Object(App\Controllers\Home))
 4 SYSTEMPATH/CodeIgniter.php(355): CodeIgniter\CodeIgniter->handleRequest(null, Object(Config\Cache), false)
 5 SYSTEMPATH/Boot.php(325): CodeIgniter\CodeIgniter->run()
 6 SYSTEMPATH/Boot.php(67): CodeIgniter\Boot::runCodeIgniter(Object(CodeIgniter\CodeIgniter))
 7 FCPATH/index.php(56): CodeIgniter\Boot::bootWeb(Object(Config\Paths))
CRITICAL - 2024-11-18 12:14:31 --> ErrorException: Undefined array key "gender"
[Method: POST, Route: saveOrder]
in APPPATH/Controllers/Home.php on line 652.
 1 APPPATH/Controllers/Home.php(652): CodeIgniter\Debug\Exceptions->errorHandler(2, 'Undefined array key "gender"', '/home2/cwltechin/public_html/dawar-jewellery/app/Controllers/Home.php', 652)
 2 SYSTEMPATH/CodeIgniter.php(933): App\Controllers\Home->saveOrder()
 3 SYSTEMPATH/CodeIgniter.php(509): CodeIgniter\CodeIgniter->runController(Object(App\Controllers\Home))
 4 SYSTEMPATH/CodeIgniter.php(355): CodeIgniter\CodeIgniter->handleRequest(null, Object(Config\Cache), false)
 5 SYSTEMPATH/Boot.php(325): CodeIgniter\CodeIgniter->run()
 6 SYSTEMPATH/Boot.php(67): CodeIgniter\Boot::runCodeIgniter(Object(CodeIgniter\CodeIgniter))
 7 FCPATH/index.php(56): CodeIgniter\Boot::bootWeb(Object(Config\Paths))
CRITICAL - 2024-11-18 12:15:52 --> ErrorException: Undefined array key "gender"
[Method: POST, Route: saveOrder]
in APPPATH/Controllers/Home.php on line 652.
 1 APPPATH/Controllers/Home.php(652): CodeIgniter\Debug\Exceptions->errorHandler(2, 'Undefined array key "gender"', '/home2/cwltechin/public_html/dawar-jewellery/app/Controllers/Home.php', 652)
 2 SYSTEMPATH/CodeIgniter.php(933): App\Controllers\Home->saveOrder()
 3 SYSTEMPATH/CodeIgniter.php(509): CodeIgniter\CodeIgniter->runController(Object(App\Controllers\Home))
 4 SYSTEMPATH/CodeIgniter.php(355): CodeIgniter\CodeIgniter->handleRequest(null, Object(Config\Cache), false)
 5 SYSTEMPATH/Boot.php(325): CodeIgniter\CodeIgniter->run()
 6 SYSTEMPATH/Boot.php(67): CodeIgniter\Boot::runCodeIgniter(Object(CodeIgniter\CodeIgniter))
 7 FCPATH/index.php(56): CodeIgniter\Boot::bootWeb(Object(Config\Paths))
CRITICAL - 2024-11-18 12:16:15 --> ErrorException: Undefined array key "gender"
[Method: POST, Route: saveOrder]
in APPPATH/Controllers/Home.php on line 652.
 1 APPPATH/Controllers/Home.php(652): CodeIgniter\Debug\Exceptions->errorHandler(2, 'Undefined array key "gender"', '/home2/cwltechin/public_html/dawar-jewellery/app/Controllers/Home.php', 652)
 2 SYSTEMPATH/CodeIgniter.php(933): App\Controllers\Home->saveOrder()
 3 SYSTEMPATH/CodeIgniter.php(509): CodeIgniter\CodeIgniter->runController(Object(App\Controllers\Home))
 4 SYSTEMPATH/CodeIgniter.php(355): CodeIgniter\CodeIgniter->handleRequest(null, Object(Config\Cache), false)
 5 SYSTEMPATH/Boot.php(325): CodeIgniter\CodeIgniter->run()
 6 SYSTEMPATH/Boot.php(67): CodeIgniter\Boot::runCodeIgniter(Object(CodeIgniter\CodeIgniter))
 7 FCPATH/index.php(56): CodeIgniter\Boot::bootWeb(Object(Config\Paths))
CRITICAL - 2024-11-18 12:17:52 --> ErrorException: Undefined array key "gender"
[Method: POST, Route: saveOrder]
in APPPATH/Controllers/Home.php on line 652.
 1 APPPATH/Controllers/Home.php(652): CodeIgniter\Debug\Exceptions->errorHandler(2, 'Undefined array key "gender"', '/home2/cwltechin/public_html/dawar-jewellery/app/Controllers/Home.php', 652)
 2 SYSTEMPATH/CodeIgniter.php(933): App\Controllers\Home->saveOrder()
 3 SYSTEMPATH/CodeIgniter.php(509): CodeIgniter\CodeIgniter->runController(Object(App\Controllers\Home))
 4 SYSTEMPATH/CodeIgniter.php(355): CodeIgniter\CodeIgniter->handleRequest(null, Object(Config\Cache), false)
 5 SYSTEMPATH/Boot.php(325): CodeIgniter\CodeIgniter->run()
 6 SYSTEMPATH/Boot.php(67): CodeIgniter\Boot::runCodeIgniter(Object(CodeIgniter\CodeIgniter))
 7 FCPATH/index.php(56): CodeIgniter\Boot::bootWeb(Object(Config\Paths))
