CRITICAL - 2025-04-15 07:36:58 --> ErrorException: Undefined property: App\Controllers\Admin\Myproduct::$Myproductm
[Method: GET, Route: admin/myproduct]
in APPPATH\Controllers\Admin\Myproduct.php on line 17.
 1 APPPATH\Controllers\Admin\Myproduct.php(17): CodeIgniter\Debug\Exceptions->errorHandler(2, 'Undefined property: App\\Controllers\\Admin\\Myproduct::$Myproductm', 'C:\\xampp\\htdocs\\kara_new\\app\\Controllers\\Admin\\Myproduct.php', 17)
 2 SYSTEMPATH\CodeIgniter.php(933): App\Controllers\Admin\Myproduct->index1()
 3 SYSTEMPATH\CodeIgniter.php(509): CodeIgniter\CodeIgniter->runController(Object(App\Controllers\Admin\Myproduct))
 4 SYSTEMPATH\CodeIgniter.php(355): CodeIgniter\CodeIgniter->handleRequest(null, Object(Config\Cache), false)
 5 SYSTEMPATH\Boot.php(325): CodeIgniter\CodeIgniter->run()
 6 SYSTEMPATH\Boot.php(67): CodeIgniter\Boot::runCodeIgniter(Object(CodeIgniter\CodeIgniter))
 7 FCPATH\index.php(56): CodeIgniter\Boot::bootWeb(Object(Config\Paths))
CRITICAL - 2025-04-15 07:44:06 --> BadMethodCallException: Call to undefined method App\Models\Admin\MyproductmModel::productList
[Method: GET, Route: admin/myproduct]
in SYSTEMPATH\Model.php on line 932.
 1 APPPATH\Controllers\Admin\Myproduct.php(15): CodeIgniter\Model->__call('productList', [])
 2 SYSTEMPATH\CodeIgniter.php(933): App\Controllers\Admin\Myproduct->index1()
 3 SYSTEMPATH\CodeIgniter.php(509): CodeIgniter\CodeIgniter->runController(Object(App\Controllers\Admin\Myproduct))
 4 SYSTEMPATH\CodeIgniter.php(355): CodeIgniter\CodeIgniter->handleRequest(null, Object(Config\Cache), false)
 5 SYSTEMPATH\Boot.php(325): CodeIgniter\CodeIgniter->run()
 6 SYSTEMPATH\Boot.php(67): CodeIgniter\Boot::runCodeIgniter(Object(CodeIgniter\CodeIgniter))
 7 FCPATH\index.php(56): CodeIgniter\Boot::bootWeb(Object(Config\Paths))
CRITICAL - 2025-04-15 07:48:19 --> ParseError: syntax error, unexpected variable "$data", expecting "," or ";"
[Method: GET, Route: admin/myproduct]
in APPPATH\Controllers\Admin\Myproduct.php on line 16.
 1 SYSTEMPATH\Autoloader\Autoloader.php(296): CodeIgniter\Autoloader\Autoloader->includeFile('C:\\xampp\\htdocs\\kara_new\\app\\Controllers\\Admin\\myProduct.php')
 2 SYSTEMPATH\Autoloader\Autoloader.php(272): CodeIgniter\Autoloader\Autoloader->loadInNamespace('App\\Controllers\\Admin\\myProduct')
 3 [internal function]: CodeIgniter\Autoloader\Autoloader->loadClass('App\\Controllers\\Admin\\myProduct')
 4 SYSTEMPATH\CodeIgniter.php(887): class_exists('\\App\\Controllers\\Admin\\myProduct', true)
 5 SYSTEMPATH\CodeIgniter.php(496): CodeIgniter\CodeIgniter->startController()
 6 SYSTEMPATH\CodeIgniter.php(355): CodeIgniter\CodeIgniter->handleRequest(null, Object(Config\Cache), false)
 7 SYSTEMPATH\Boot.php(325): CodeIgniter\CodeIgniter->run()
 8 SYSTEMPATH\Boot.php(67): CodeIgniter\Boot::runCodeIgniter(Object(CodeIgniter\CodeIgniter))
 9 FCPATH\index.php(56): CodeIgniter\Boot::bootWeb(Object(Config\Paths))
CRITICAL - 2025-04-15 07:48:36 --> BadMethodCallException: Call to undefined method App\Models\Admin\MyproductmModel::productList
[Method: GET, Route: admin/myproduct]
in SYSTEMPATH\Model.php on line 932.
 1 APPPATH\Controllers\Admin\Myproduct.php(16): CodeIgniter\Model->__call('productList', [])
 2 SYSTEMPATH\CodeIgniter.php(933): App\Controllers\Admin\Myproduct->index()
 3 SYSTEMPATH\CodeIgniter.php(509): CodeIgniter\CodeIgniter->runController(Object(App\Controllers\Admin\Myproduct))
 4 SYSTEMPATH\CodeIgniter.php(355): CodeIgniter\CodeIgniter->handleRequest(null, Object(Config\Cache), false)
 5 SYSTEMPATH\Boot.php(325): CodeIgniter\CodeIgniter->run()
 6 SYSTEMPATH\Boot.php(67): CodeIgniter\Boot::runCodeIgniter(Object(CodeIgniter\CodeIgniter))
 7 FCPATH\index.php(56): CodeIgniter\Boot::bootWeb(Object(Config\Paths))
CRITICAL - 2025-04-15 07:50:37 --> BadMethodCallException: Call to undefined method App\Models\Admin\MyproductmModel::productList
[Method: GET, Route: admin/myproduct]
in SYSTEMPATH\Model.php on line 932.
 1 APPPATH\Controllers\Admin\Myproduct.php(15): CodeIgniter\Model->__call('productList', [])
 2 SYSTEMPATH\CodeIgniter.php(933): App\Controllers\Admin\Myproduct->index()
 3 SYSTEMPATH\CodeIgniter.php(509): CodeIgniter\CodeIgniter->runController(Object(App\Controllers\Admin\Myproduct))
 4 SYSTEMPATH\CodeIgniter.php(355): CodeIgniter\CodeIgniter->handleRequest(null, Object(Config\Cache), false)
 5 SYSTEMPATH\Boot.php(325): CodeIgniter\CodeIgniter->run()
 6 SYSTEMPATH\Boot.php(67): CodeIgniter\Boot::runCodeIgniter(Object(CodeIgniter\CodeIgniter))
 7 FCPATH\index.php(56): CodeIgniter\Boot::bootWeb(Object(Config\Paths))
CRITICAL - 2025-04-15 07:53:40 --> BadMethodCallException: Call to undefined method App\Models\Admin\MyproductmModel::productList
[Method: GET, Route: admin/myproduct]
in SYSTEMPATH\Model.php on line 932.
 1 APPPATH\Controllers\Admin\Myproduct.php(15): CodeIgniter\Model->__call('productList', [])
 2 SYSTEMPATH\CodeIgniter.php(933): App\Controllers\Admin\Myproduct->index()
 3 SYSTEMPATH\CodeIgniter.php(509): CodeIgniter\CodeIgniter->runController(Object(App\Controllers\Admin\Myproduct))
 4 SYSTEMPATH\CodeIgniter.php(355): CodeIgniter\CodeIgniter->handleRequest(null, Object(Config\Cache), false)
 5 SYSTEMPATH\Boot.php(325): CodeIgniter\CodeIgniter->run()
 6 SYSTEMPATH\Boot.php(67): CodeIgniter\Boot::runCodeIgniter(Object(CodeIgniter\CodeIgniter))
 7 FCPATH\index.php(56): CodeIgniter\Boot::bootWeb(Object(Config\Paths))
CRITICAL - 2025-04-15 07:57:50 --> BadMethodCallException: Call to undefined method App\Models\Admin\MyproductmModel::productList
[Method: GET, Route: admin/myproduct]
in SYSTEMPATH\Model.php on line 932.
 1 APPPATH\Controllers\Admin\Myproduct.php(15): CodeIgniter\Model->__call('productList', [])
 2 SYSTEMPATH\CodeIgniter.php(933): App\Controllers\Admin\Myproduct->index()
 3 SYSTEMPATH\CodeIgniter.php(509): CodeIgniter\CodeIgniter->runController(Object(App\Controllers\Admin\Myproduct))
 4 SYSTEMPATH\CodeIgniter.php(355): CodeIgniter\CodeIgniter->handleRequest(null, Object(Config\Cache), false)
 5 SYSTEMPATH\Boot.php(325): CodeIgniter\CodeIgniter->run()
 6 SYSTEMPATH\Boot.php(67): CodeIgniter\Boot::runCodeIgniter(Object(CodeIgniter\CodeIgniter))
 7 FCPATH\index.php(56): CodeIgniter\Boot::bootWeb(Object(Config\Paths))
CRITICAL - 2025-04-15 07:57:54 --> BadMethodCallException: Call to undefined method App\Models\Admin\MyproductmModel::productList
[Method: GET, Route: admin/myproduct]
in SYSTEMPATH\Model.php on line 932.
 1 APPPATH\Controllers\Admin\Myproduct.php(15): CodeIgniter\Model->__call('productList', [])
 2 SYSTEMPATH\CodeIgniter.php(933): App\Controllers\Admin\Myproduct->index()
 3 SYSTEMPATH\CodeIgniter.php(509): CodeIgniter\CodeIgniter->runController(Object(App\Controllers\Admin\Myproduct))
 4 SYSTEMPATH\CodeIgniter.php(355): CodeIgniter\CodeIgniter->handleRequest(null, Object(Config\Cache), false)
 5 SYSTEMPATH\Boot.php(325): CodeIgniter\CodeIgniter->run()
 6 SYSTEMPATH\Boot.php(67): CodeIgniter\Boot::runCodeIgniter(Object(CodeIgniter\CodeIgniter))
 7 FCPATH\index.php(56): CodeIgniter\Boot::bootWeb(Object(Config\Paths))
CRITICAL - 2025-04-15 07:59:55 --> ErrorException: Undefined variable $productList
[Method: GET, Route: admin/myproduct]
in APPPATH\Views\admin\myproduct\index.php on line 29.
 1 APPPATH\Views\admin\myproduct\index.php(29): CodeIgniter\Debug\Exceptions->errorHandler(2, 'Undefined variable $productList', 'C:\\xampp\\htdocs\\kara_new\\app\\Views\\admin\\myproduct\\index.php', 29)
 2 SYSTEMPATH\View\View.php(234): include('C:\\xampp\\htdocs\\kara_new\\app\\Views\\admin\\myproduct\\index.php')
 3 SYSTEMPATH\View\View.php(237): CodeIgniter\View\View->CodeIgniter\View\{closure}()
 4 SYSTEMPATH\Common.php(1171): CodeIgniter\View\View->render('admin/myproduct/index', [], true)
 5 APPPATH\Controllers\BaseController.php(65): view('admin/myproduct/index', [])
 6 APPPATH\Controllers\Admin\Myproduct.php(16): App\Controllers\BaseController->adminFrontendLoad('myproduct/index')
 7 SYSTEMPATH\CodeIgniter.php(933): App\Controllers\Admin\Myproduct->index()
 8 SYSTEMPATH\CodeIgniter.php(509): CodeIgniter\CodeIgniter->runController(Object(App\Controllers\Admin\Myproduct))
 9 SYSTEMPATH\CodeIgniter.php(355): CodeIgniter\CodeIgniter->handleRequest(null, Object(Config\Cache), false)
10 SYSTEMPATH\Boot.php(325): CodeIgniter\CodeIgniter->run()
11 SYSTEMPATH\Boot.php(67): CodeIgniter\Boot::runCodeIgniter(Object(CodeIgniter\CodeIgniter))
12 FCPATH\index.php(56): CodeIgniter\Boot::bootWeb(Object(Config\Paths))
CRITICAL - 2025-04-15 08:00:39 --> ErrorException: Undefined variable $productList
[Method: GET, Route: admin/myproduct]
in APPPATH\Views\admin\myproduct\index.php on line 29.
 1 APPPATH\Views\admin\myproduct\index.php(29): CodeIgniter\Debug\Exceptions->errorHandler(2, 'Undefined variable $productList', 'C:\\xampp\\htdocs\\kara_new\\app\\Views\\admin\\myproduct\\index.php', 29)
 2 SYSTEMPATH\View\View.php(234): include('C:\\xampp\\htdocs\\kara_new\\app\\Views\\admin\\myproduct\\index.php')
 3 SYSTEMPATH\View\View.php(237): CodeIgniter\View\View->CodeIgniter\View\{closure}()
 4 SYSTEMPATH\Common.php(1171): CodeIgniter\View\View->render('admin/myproduct/index', [], true)
 5 APPPATH\Controllers\BaseController.php(65): view('admin/myproduct/index', [])
 6 APPPATH\Controllers\Admin\Myproduct.php(16): App\Controllers\BaseController->adminFrontendLoad('myproduct/index')
 7 SYSTEMPATH\CodeIgniter.php(933): App\Controllers\Admin\Myproduct->index()
 8 SYSTEMPATH\CodeIgniter.php(509): CodeIgniter\CodeIgniter->runController(Object(App\Controllers\Admin\Myproduct))
 9 SYSTEMPATH\CodeIgniter.php(355): CodeIgniter\CodeIgniter->handleRequest(null, Object(Config\Cache), false)
10 SYSTEMPATH\Boot.php(325): CodeIgniter\CodeIgniter->run()
11 SYSTEMPATH\Boot.php(67): CodeIgniter\Boot::runCodeIgniter(Object(CodeIgniter\CodeIgniter))
12 FCPATH\index.php(56): CodeIgniter\Boot::bootWeb(Object(Config\Paths))
CRITICAL - 2025-04-15 08:53:04 --> ErrorException: Undefined variable $productList
[Method: GET, Route: admin/myproduct]
in APPPATH\Views\admin\myproduct\index.php on line 29.
 1 APPPATH\Views\admin\myproduct\index.php(29): CodeIgniter\Debug\Exceptions->errorHandler(2, 'Undefined variable $productList', 'C:\\xampp\\htdocs\\kara_new\\app\\Views\\admin\\myproduct\\index.php', 29)
 2 SYSTEMPATH\View\View.php(234): include('C:\\xampp\\htdocs\\kara_new\\app\\Views\\admin\\myproduct\\index.php')
 3 SYSTEMPATH\View\View.php(237): CodeIgniter\View\View->CodeIgniter\View\{closure}()
 4 SYSTEMPATH\Common.php(1171): CodeIgniter\View\View->render('admin/myproduct/index', [], true)
 5 APPPATH\Controllers\BaseController.php(65): view('admin/myproduct/index', [])
 6 APPPATH\Controllers\Admin\Myproduct.php(16): App\Controllers\BaseController->adminFrontendLoad('myproduct/index')
 7 SYSTEMPATH\CodeIgniter.php(933): App\Controllers\Admin\Myproduct->index()
 8 SYSTEMPATH\CodeIgniter.php(509): CodeIgniter\CodeIgniter->runController(Object(App\Controllers\Admin\Myproduct))
 9 SYSTEMPATH\CodeIgniter.php(355): CodeIgniter\CodeIgniter->handleRequest(null, Object(Config\Cache), false)
10 SYSTEMPATH\Boot.php(325): CodeIgniter\CodeIgniter->run()
11 SYSTEMPATH\Boot.php(67): CodeIgniter\Boot::runCodeIgniter(Object(CodeIgniter\CodeIgniter))
12 FCPATH\index.php(56): CodeIgniter\Boot::bootWeb(Object(Config\Paths))
CRITICAL - 2025-04-15 09:11:37 --> ErrorException: Undefined variable $productList
[Method: GET, Route: admin/myproduct]
in APPPATH\Views\admin\myproduct\index.php on line 29.
 1 APPPATH\Views\admin\myproduct\index.php(29): CodeIgniter\Debug\Exceptions->errorHandler(2, 'Undefined variable $productList', 'C:\\xampp\\htdocs\\kara_new\\app\\Views\\admin\\myproduct\\index.php', 29)
 2 SYSTEMPATH\View\View.php(234): include('C:\\xampp\\htdocs\\kara_new\\app\\Views\\admin\\myproduct\\index.php')
 3 SYSTEMPATH\View\View.php(237): CodeIgniter\View\View->CodeIgniter\View\{closure}()
 4 SYSTEMPATH\Common.php(1171): CodeIgniter\View\View->render('admin/myproduct/index', [], true)
 5 APPPATH\Controllers\BaseController.php(65): view('admin/myproduct/index', [])
 6 APPPATH\Controllers\Admin\Myproduct.php(16): App\Controllers\BaseController->adminFrontendLoad('myproduct/index')
 7 SYSTEMPATH\CodeIgniter.php(933): App\Controllers\Admin\Myproduct->index()
 8 SYSTEMPATH\CodeIgniter.php(509): CodeIgniter\CodeIgniter->runController(Object(App\Controllers\Admin\Myproduct))
 9 SYSTEMPATH\CodeIgniter.php(355): CodeIgniter\CodeIgniter->handleRequest(null, Object(Config\Cache), false)
10 SYSTEMPATH\Boot.php(325): CodeIgniter\CodeIgniter->run()
11 SYSTEMPATH\Boot.php(67): CodeIgniter\Boot::runCodeIgniter(Object(CodeIgniter\CodeIgniter))
12 FCPATH\index.php(56): CodeIgniter\Boot::bootWeb(Object(Config\Paths))
CRITICAL - 2025-04-15 09:14:45 --> ErrorException: Undefined variable $productList
[Method: GET, Route: admin/myproduct]
in APPPATH\Views\admin\myproduct\index.php on line 29.
 1 APPPATH\Views\admin\myproduct\index.php(29): CodeIgniter\Debug\Exceptions->errorHandler(2, 'Undefined variable $productList', 'C:\\xampp\\htdocs\\kara_new\\app\\Views\\admin\\myproduct\\index.php', 29)
 2 SYSTEMPATH\View\View.php(234): include('C:\\xampp\\htdocs\\kara_new\\app\\Views\\admin\\myproduct\\index.php')
 3 SYSTEMPATH\View\View.php(237): CodeIgniter\View\View->CodeIgniter\View\{closure}()
 4 SYSTEMPATH\Common.php(1171): CodeIgniter\View\View->render('admin/myproduct/index', [], true)
 5 APPPATH\Controllers\BaseController.php(65): view('admin/myproduct/index', [])
 6 APPPATH\Controllers\Admin\Myproduct.php(16): App\Controllers\BaseController->adminFrontendLoad('myproduct/index')
 7 SYSTEMPATH\CodeIgniter.php(933): App\Controllers\Admin\Myproduct->index()
 8 SYSTEMPATH\CodeIgniter.php(509): CodeIgniter\CodeIgniter->runController(Object(App\Controllers\Admin\Myproduct))
 9 SYSTEMPATH\CodeIgniter.php(355): CodeIgniter\CodeIgniter->handleRequest(null, Object(Config\Cache), false)
10 SYSTEMPATH\Boot.php(325): CodeIgniter\CodeIgniter->run()
11 SYSTEMPATH\Boot.php(67): CodeIgniter\Boot::runCodeIgniter(Object(CodeIgniter\CodeIgniter))
12 FCPATH\index.php(56): CodeIgniter\Boot::bootWeb(Object(Config\Paths))
CRITICAL - 2025-04-15 09:15:32 --> ErrorException: Undefined variable $productList
[Method: GET, Route: admin/myproduct]
in APPPATH\Views\admin\myproduct\index.php on line 29.
 1 APPPATH\Views\admin\myproduct\index.php(29): CodeIgniter\Debug\Exceptions->errorHandler(2, 'Undefined variable $productList', 'C:\\xampp\\htdocs\\kara_new\\app\\Views\\admin\\myproduct\\index.php', 29)
 2 SYSTEMPATH\View\View.php(234): include('C:\\xampp\\htdocs\\kara_new\\app\\Views\\admin\\myproduct\\index.php')
 3 SYSTEMPATH\View\View.php(237): CodeIgniter\View\View->CodeIgniter\View\{closure}()
 4 SYSTEMPATH\Common.php(1171): CodeIgniter\View\View->render('admin/myproduct/index', [], true)
 5 APPPATH\Controllers\BaseController.php(65): view('admin/myproduct/index', [])
 6 APPPATH\Controllers\Admin\Myproduct.php(16): App\Controllers\BaseController->adminFrontendLoad('myproduct/index')
 7 SYSTEMPATH\CodeIgniter.php(933): App\Controllers\Admin\Myproduct->index()
 8 SYSTEMPATH\CodeIgniter.php(509): CodeIgniter\CodeIgniter->runController(Object(App\Controllers\Admin\Myproduct))
 9 SYSTEMPATH\CodeIgniter.php(355): CodeIgniter\CodeIgniter->handleRequest(null, Object(Config\Cache), false)
10 SYSTEMPATH\Boot.php(325): CodeIgniter\CodeIgniter->run()
11 SYSTEMPATH\Boot.php(67): CodeIgniter\Boot::runCodeIgniter(Object(CodeIgniter\CodeIgniter))
12 FCPATH\index.php(56): CodeIgniter\Boot::bootWeb(Object(Config\Paths))
CRITICAL - 2025-04-15 09:35:53 --> ErrorException: Undefined variable $productList
[Method: GET, Route: admin/myproduct]
in APPPATH\Views\admin\myproduct\index.php on line 29.
 1 APPPATH\Views\admin\myproduct\index.php(29): CodeIgniter\Debug\Exceptions->errorHandler(2, 'Undefined variable $productList', 'C:\\xampp\\htdocs\\kara_new\\app\\Views\\admin\\myproduct\\index.php', 29)
 2 SYSTEMPATH\View\View.php(234): include('C:\\xampp\\htdocs\\kara_new\\app\\Views\\admin\\myproduct\\index.php')
 3 SYSTEMPATH\View\View.php(237): CodeIgniter\View\View->CodeIgniter\View\{closure}()
 4 SYSTEMPATH\Common.php(1171): CodeIgniter\View\View->render('admin/myproduct/index', [], true)
 5 APPPATH\Controllers\BaseController.php(65): view('admin/myproduct/index', [])
 6 APPPATH\Controllers\Admin\Myproduct.php(16): App\Controllers\BaseController->adminFrontendLoad('myproduct/index')
 7 SYSTEMPATH\CodeIgniter.php(933): App\Controllers\Admin\Myproduct->index()
 8 SYSTEMPATH\CodeIgniter.php(509): CodeIgniter\CodeIgniter->runController(Object(App\Controllers\Admin\Myproduct))
 9 SYSTEMPATH\CodeIgniter.php(355): CodeIgniter\CodeIgniter->handleRequest(null, Object(Config\Cache), false)
10 SYSTEMPATH\Boot.php(325): CodeIgniter\CodeIgniter->run()
11 SYSTEMPATH\Boot.php(67): CodeIgniter\Boot::runCodeIgniter(Object(CodeIgniter\CodeIgniter))
12 FCPATH\index.php(56): CodeIgniter\Boot::bootWeb(Object(Config\Paths))
CRITICAL - 2025-04-15 09:37:57 --> ErrorException: Undefined variable $productList
[Method: GET, Route: admin/myproduct]
in APPPATH\Views\admin\myproduct\index.php on line 29.
 1 APPPATH\Views\admin\myproduct\index.php(29): CodeIgniter\Debug\Exceptions->errorHandler(2, 'Undefined variable $productList', 'C:\\xampp\\htdocs\\kara_new\\app\\Views\\admin\\myproduct\\index.php', 29)
 2 SYSTEMPATH\View\View.php(234): include('C:\\xampp\\htdocs\\kara_new\\app\\Views\\admin\\myproduct\\index.php')
 3 SYSTEMPATH\View\View.php(237): CodeIgniter\View\View->CodeIgniter\View\{closure}()
 4 SYSTEMPATH\Common.php(1171): CodeIgniter\View\View->render('admin/myproduct/index', [], true)
 5 APPPATH\Controllers\BaseController.php(65): view('admin/myproduct/index', [])
 6 APPPATH\Controllers\Admin\Myproduct.php(17): App\Controllers\BaseController->adminFrontendLoad('myproduct/index')
 7 SYSTEMPATH\CodeIgniter.php(933): App\Controllers\Admin\Myproduct->index()
 8 SYSTEMPATH\CodeIgniter.php(509): CodeIgniter\CodeIgniter->runController(Object(App\Controllers\Admin\Myproduct))
 9 SYSTEMPATH\CodeIgniter.php(355): CodeIgniter\CodeIgniter->handleRequest(null, Object(Config\Cache), false)
10 SYSTEMPATH\Boot.php(325): CodeIgniter\CodeIgniter->run()
11 SYSTEMPATH\Boot.php(67): CodeIgniter\Boot::runCodeIgniter(Object(CodeIgniter\CodeIgniter))
12 FCPATH\index.php(56): CodeIgniter\Boot::bootWeb(Object(Config\Paths))
CRITICAL - 2025-04-15 09:38:31 --> ErrorException: Undefined variable $productList
[Method: GET, Route: admin/myproduct]
in APPPATH\Views\admin\myproduct\index.php on line 29.
 1 APPPATH\Views\admin\myproduct\index.php(29): CodeIgniter\Debug\Exceptions->errorHandler(2, 'Undefined variable $productList', 'C:\\xampp\\htdocs\\kara_new\\app\\Views\\admin\\myproduct\\index.php', 29)
 2 SYSTEMPATH\View\View.php(234): include('C:\\xampp\\htdocs\\kara_new\\app\\Views\\admin\\myproduct\\index.php')
 3 SYSTEMPATH\View\View.php(237): CodeIgniter\View\View->CodeIgniter\View\{closure}()
 4 SYSTEMPATH\Common.php(1171): CodeIgniter\View\View->render('admin/myproduct/index', [], true)
 5 APPPATH\Controllers\BaseController.php(65): view('admin/myproduct/index', [])
 6 APPPATH\Controllers\Admin\Myproduct.php(17): App\Controllers\BaseController->adminFrontendLoad('myproduct/index')
 7 SYSTEMPATH\CodeIgniter.php(933): App\Controllers\Admin\Myproduct->index()
 8 SYSTEMPATH\CodeIgniter.php(509): CodeIgniter\CodeIgniter->runController(Object(App\Controllers\Admin\Myproduct))
 9 SYSTEMPATH\CodeIgniter.php(355): CodeIgniter\CodeIgniter->handleRequest(null, Object(Config\Cache), false)
10 SYSTEMPATH\Boot.php(325): CodeIgniter\CodeIgniter->run()
11 SYSTEMPATH\Boot.php(67): CodeIgniter\Boot::runCodeIgniter(Object(CodeIgniter\CodeIgniter))
12 FCPATH\index.php(56): CodeIgniter\Boot::bootWeb(Object(Config\Paths))
CRITICAL - 2025-04-15 09:38:54 --> ErrorException: Undefined array key "heading"
[Method: GET, Route: admin/myproduct]
in APPPATH\Views\admin\myproduct\index.php on line 34.
 1 APPPATH\Views\admin\myproduct\index.php(34): CodeIgniter\Debug\Exceptions->errorHandler(2, 'Undefined array key "heading"', 'C:\\xampp\\htdocs\\kara_new\\app\\Views\\admin\\myproduct\\index.php', 34)
 2 SYSTEMPATH\View\View.php(234): include('C:\\xampp\\htdocs\\kara_new\\app\\Views\\admin\\myproduct\\index.php')
 3 SYSTEMPATH\View\View.php(237): CodeIgniter\View\View->CodeIgniter\View\{closure}()
 4 SYSTEMPATH\Common.php(1171): CodeIgniter\View\View->render('admin/myproduct/index', [], true)
 5 APPPATH\Controllers\BaseController.php(65): view('admin/myproduct/index', [...])
 6 APPPATH\Controllers\Admin\Myproduct.php(16): App\Controllers\BaseController->adminFrontendLoad('myproduct/index', [...])
 7 SYSTEMPATH\CodeIgniter.php(933): App\Controllers\Admin\Myproduct->index()
 8 SYSTEMPATH\CodeIgniter.php(509): CodeIgniter\CodeIgniter->runController(Object(App\Controllers\Admin\Myproduct))
 9 SYSTEMPATH\CodeIgniter.php(355): CodeIgniter\CodeIgniter->handleRequest(null, Object(Config\Cache), false)
10 SYSTEMPATH\Boot.php(325): CodeIgniter\CodeIgniter->run()
11 SYSTEMPATH\Boot.php(67): CodeIgniter\Boot::runCodeIgniter(Object(CodeIgniter\CodeIgniter))
12 FCPATH\index.php(56): CodeIgniter\Boot::bootWeb(Object(Config\Paths))
CRITICAL - 2025-04-15 09:41:49 --> ErrorException: Undefined array key "status"
[Method: GET, Route: admin/myproduct]
in APPPATH\Views\admin\myproduct\index.php on line 37.
 1 APPPATH\Views\admin\myproduct\index.php(37): CodeIgniter\Debug\Exceptions->errorHandler(2, 'Undefined array key "status"', 'C:\\xampp\\htdocs\\kara_new\\app\\Views\\admin\\myproduct\\index.php', 37)
 2 SYSTEMPATH\View\View.php(234): include('C:\\xampp\\htdocs\\kara_new\\app\\Views\\admin\\myproduct\\index.php')
 3 SYSTEMPATH\View\View.php(237): CodeIgniter\View\View->CodeIgniter\View\{closure}()
 4 SYSTEMPATH\Common.php(1171): CodeIgniter\View\View->render('admin/myproduct/index', [], true)
 5 APPPATH\Controllers\BaseController.php(65): view('admin/myproduct/index', [...])
 6 APPPATH\Controllers\Admin\Myproduct.php(16): App\Controllers\BaseController->adminFrontendLoad('myproduct/index', [...])
 7 SYSTEMPATH\CodeIgniter.php(933): App\Controllers\Admin\Myproduct->index()
 8 SYSTEMPATH\CodeIgniter.php(509): CodeIgniter\CodeIgniter->runController(Object(App\Controllers\Admin\Myproduct))
 9 SYSTEMPATH\CodeIgniter.php(355): CodeIgniter\CodeIgniter->handleRequest(null, Object(Config\Cache), false)
10 SYSTEMPATH\Boot.php(325): CodeIgniter\CodeIgniter->run()
11 SYSTEMPATH\Boot.php(67): CodeIgniter\Boot::runCodeIgniter(Object(CodeIgniter\CodeIgniter))
12 FCPATH\index.php(56): CodeIgniter\Boot::bootWeb(Object(Config\Paths))
CRITICAL - 2025-04-15 09:49:00 --> ArgumentCountError: Too few arguments to function App\Controllers\Admin\Myproduct::view(), 0 passed in C:\xampp\htdocs\kara_new\system\CodeIgniter.php on line 933 and exactly 1 expected
[Method: GET, Route: admin/addproduct]
in APPPATH\Controllers\Admin\Myproduct.php on line 19.
 1 SYSTEMPATH\CodeIgniter.php(933): App\Controllers\Admin\Myproduct->view()
 2 SYSTEMPATH\CodeIgniter.php(509): CodeIgniter\CodeIgniter->runController(Object(App\Controllers\Admin\Myproduct))
 3 SYSTEMPATH\CodeIgniter.php(355): CodeIgniter\CodeIgniter->handleRequest(null, Object(Config\Cache), false)
 4 SYSTEMPATH\Boot.php(325): CodeIgniter\CodeIgniter->run()
 5 SYSTEMPATH\Boot.php(67): CodeIgniter\Boot::runCodeIgniter(Object(CodeIgniter\CodeIgniter))
 6 FCPATH\index.php(56): CodeIgniter\Boot::bootWeb(Object(Config\Paths))
CRITICAL - 2025-04-15 09:49:15 --> ArgumentCountError: Too few arguments to function App\Controllers\Admin\Myproduct::view(), 0 passed in C:\xampp\htdocs\kara_new\system\CodeIgniter.php on line 933 and exactly 1 expected
[Method: GET, Route: admin/addproduct]
in APPPATH\Controllers\Admin\Myproduct.php on line 19.
 1 SYSTEMPATH\CodeIgniter.php(933): App\Controllers\Admin\Myproduct->view()
 2 SYSTEMPATH\CodeIgniter.php(509): CodeIgniter\CodeIgniter->runController(Object(App\Controllers\Admin\Myproduct))
 3 SYSTEMPATH\CodeIgniter.php(355): CodeIgniter\CodeIgniter->handleRequest(null, Object(Config\Cache), false)
 4 SYSTEMPATH\Boot.php(325): CodeIgniter\CodeIgniter->run()
 5 SYSTEMPATH\Boot.php(67): CodeIgniter\Boot::runCodeIgniter(Object(CodeIgniter\CodeIgniter))
 6 FCPATH\index.php(56): CodeIgniter\Boot::bootWeb(Object(Config\Paths))
CRITICAL - 2025-04-15 09:51:48 --> ArgumentCountError: Too few arguments to function App\Controllers\Admin\Myproduct::create(), 0 passed in C:\xampp\htdocs\kara_new\system\CodeIgniter.php on line 933 and exactly 1 expected
[Method: GET, Route: admin/addproduct]
in APPPATH\Controllers\Admin\Myproduct.php on line 19.
 1 SYSTEMPATH\CodeIgniter.php(933): App\Controllers\Admin\Myproduct->create()
 2 SYSTEMPATH\CodeIgniter.php(509): CodeIgniter\CodeIgniter->runController(Object(App\Controllers\Admin\Myproduct))
 3 SYSTEMPATH\CodeIgniter.php(355): CodeIgniter\CodeIgniter->handleRequest(null, Object(Config\Cache), false)
 4 SYSTEMPATH\Boot.php(325): CodeIgniter\CodeIgniter->run()
 5 SYSTEMPATH\Boot.php(67): CodeIgniter\Boot::runCodeIgniter(Object(CodeIgniter\CodeIgniter))
 6 FCPATH\index.php(56): CodeIgniter\Boot::bootWeb(Object(Config\Paths))
CRITICAL - 2025-04-15 09:53:20 --> ArgumentCountError: Too few arguments to function App\Controllers\Admin\Myproduct::create(), 0 passed in C:\xampp\htdocs\kara_new\system\CodeIgniter.php on line 933 and exactly 1 expected
[Method: GET, Route: admin/addproduct]
in APPPATH\Controllers\Admin\Myproduct.php on line 19.
 1 SYSTEMPATH\CodeIgniter.php(933): App\Controllers\Admin\Myproduct->create()
 2 SYSTEMPATH\CodeIgniter.php(509): CodeIgniter\CodeIgniter->runController(Object(App\Controllers\Admin\Myproduct))
 3 SYSTEMPATH\CodeIgniter.php(355): CodeIgniter\CodeIgniter->handleRequest(null, Object(Config\Cache), false)
 4 SYSTEMPATH\Boot.php(325): CodeIgniter\CodeIgniter->run()
 5 SYSTEMPATH\Boot.php(67): CodeIgniter\Boot::runCodeIgniter(Object(CodeIgniter\CodeIgniter))
 6 FCPATH\index.php(56): CodeIgniter\Boot::bootWeb(Object(Config\Paths))
CRITICAL - 2025-04-15 09:53:45 --> ArgumentCountError: Too few arguments to function App\Controllers\Admin\Myproduct::create(), 0 passed in C:\xampp\htdocs\kara_new\system\CodeIgniter.php on line 933 and exactly 1 expected
[Method: GET, Route: admin/addproduct]
in APPPATH\Controllers\Admin\Myproduct.php on line 19.
 1 SYSTEMPATH\CodeIgniter.php(933): App\Controllers\Admin\Myproduct->create()
 2 SYSTEMPATH\CodeIgniter.php(509): CodeIgniter\CodeIgniter->runController(Object(App\Controllers\Admin\Myproduct))
 3 SYSTEMPATH\CodeIgniter.php(355): CodeIgniter\CodeIgniter->handleRequest(null, Object(Config\Cache), false)
 4 SYSTEMPATH\Boot.php(325): CodeIgniter\CodeIgniter->run()
 5 SYSTEMPATH\Boot.php(67): CodeIgniter\Boot::runCodeIgniter(Object(CodeIgniter\CodeIgniter))
 6 FCPATH\index.php(56): CodeIgniter\Boot::bootWeb(Object(Config\Paths))
CRITICAL - 2025-04-15 12:25:25 --> BadMethodCallException: Call to undefined method App\Models\Admin\MyproductmModel::updateProductStatus
[Method: GET, Route: admin/myproduct/updateStatus/1/0]
in SYSTEMPATH\Model.php on line 932.
 1 APPPATH\Controllers\Admin\Myproduct.php(57): CodeIgniter\Model->__call('updateProductStatus', [...])
 2 SYSTEMPATH\CodeIgniter.php(933): App\Controllers\Admin\Myproduct->updateProductStatus('1', '0')
 3 SYSTEMPATH\CodeIgniter.php(509): CodeIgniter\CodeIgniter->runController(Object(App\Controllers\Admin\Myproduct))
 4 SYSTEMPATH\CodeIgniter.php(355): CodeIgniter\CodeIgniter->handleRequest(null, Object(Config\Cache), false)
 5 SYSTEMPATH\Boot.php(325): CodeIgniter\CodeIgniter->run()
 6 SYSTEMPATH\Boot.php(67): CodeIgniter\Boot::runCodeIgniter(Object(CodeIgniter\CodeIgniter))
 7 FCPATH\index.php(56): CodeIgniter\Boot::bootWeb(Object(Config\Paths))
CRITICAL - 2025-04-15 13:05:20 --> ErrorException: Undefined array key "type"
[Method: GET, Route: admin/myproduct/edit-product/3]
in APPPATH\Views\admin\product\edit-product.php on line 25.
 1 APPPATH\Views\admin\product\edit-product.php(25): CodeIgniter\Debug\Exceptions->errorHandler(2, 'Undefined array key "type"', 'C:\\xampp\\htdocs\\kara_new\\app\\Views\\admin\\product\\edit-product.php', 25)
 2 SYSTEMPATH\View\View.php(234): include('C:\\xampp\\htdocs\\kara_new\\app\\Views\\admin\\product\\edit-product.php')
 3 SYSTEMPATH\View\View.php(237): CodeIgniter\View\View->CodeIgniter\View\{closure}()
 4 SYSTEMPATH\Common.php(1171): CodeIgniter\View\View->render('admin/product/edit-product', [], true)
 5 APPPATH\Controllers\BaseController.php(65): view('admin/product/edit-product', [...])
 6 APPPATH\Controllers\Admin\Myproduct.php(67): App\Controllers\BaseController->adminFrontendLoad('product/edit-product', [...])
 7 SYSTEMPATH\CodeIgniter.php(933): App\Controllers\Admin\Myproduct->editProduct('3')
 8 SYSTEMPATH\CodeIgniter.php(509): CodeIgniter\CodeIgniter->runController(Object(App\Controllers\Admin\Myproduct))
 9 SYSTEMPATH\CodeIgniter.php(355): CodeIgniter\CodeIgniter->handleRequest(null, Object(Config\Cache), false)
10 SYSTEMPATH\Boot.php(325): CodeIgniter\CodeIgniter->run()
11 SYSTEMPATH\Boot.php(67): CodeIgniter\Boot::runCodeIgniter(Object(CodeIgniter\CodeIgniter))
12 FCPATH\index.php(56): CodeIgniter\Boot::bootWeb(Object(Config\Paths))
CRITICAL - 2025-04-15 13:15:46 --> ErrorException: Undefined array key "type"
[Method: GET, Route: admin/myproduct/edit-product/3]
in APPPATH\Views\admin\product\edit-product.php on line 25.
 1 APPPATH\Views\admin\product\edit-product.php(25): CodeIgniter\Debug\Exceptions->errorHandler(2, 'Undefined array key "type"', 'C:\\xampp\\htdocs\\kara_new\\app\\Views\\admin\\product\\edit-product.php', 25)
 2 SYSTEMPATH\View\View.php(234): include('C:\\xampp\\htdocs\\kara_new\\app\\Views\\admin\\product\\edit-product.php')
 3 SYSTEMPATH\View\View.php(237): CodeIgniter\View\View->CodeIgniter\View\{closure}()
 4 SYSTEMPATH\Common.php(1171): CodeIgniter\View\View->render('admin/product/edit-product', [], true)
 5 APPPATH\Controllers\BaseController.php(65): view('admin/product/edit-product', [...])
 6 APPPATH\Controllers\Admin\Myproduct.php(67): App\Controllers\BaseController->adminFrontendLoad('product/edit-product', [...])
 7 SYSTEMPATH\CodeIgniter.php(933): App\Controllers\Admin\Myproduct->editProduct('3')
 8 SYSTEMPATH\CodeIgniter.php(509): CodeIgniter\CodeIgniter->runController(Object(App\Controllers\Admin\Myproduct))
 9 SYSTEMPATH\CodeIgniter.php(355): CodeIgniter\CodeIgniter->handleRequest(null, Object(Config\Cache), false)
10 SYSTEMPATH\Boot.php(325): CodeIgniter\CodeIgniter->run()
11 SYSTEMPATH\Boot.php(67): CodeIgniter\Boot::runCodeIgniter(Object(CodeIgniter\CodeIgniter))
12 FCPATH\index.php(56): CodeIgniter\Boot::bootWeb(Object(Config\Paths))
CRITICAL - 2025-04-15 13:22:07 --> ErrorException: Undefined array key "type"
[Method: GET, Route: admin/myproduct/edit-product/3]
in APPPATH\Views\admin\product\edit-product.php on line 25.
 1 APPPATH\Views\admin\product\edit-product.php(25): CodeIgniter\Debug\Exceptions->errorHandler(2, 'Undefined array key "type"', 'C:\\xampp\\htdocs\\kara_new\\app\\Views\\admin\\product\\edit-product.php', 25)
 2 SYSTEMPATH\View\View.php(234): include('C:\\xampp\\htdocs\\kara_new\\app\\Views\\admin\\product\\edit-product.php')
 3 SYSTEMPATH\View\View.php(237): CodeIgniter\View\View->CodeIgniter\View\{closure}()
 4 SYSTEMPATH\Common.php(1171): CodeIgniter\View\View->render('admin/product/edit-product', [], true)
 5 APPPATH\Controllers\BaseController.php(65): view('admin/product/edit-product', [...])
 6 APPPATH\Controllers\Admin\Myproduct.php(67): App\Controllers\BaseController->adminFrontendLoad('product/edit-product', [...])
 7 SYSTEMPATH\CodeIgniter.php(933): App\Controllers\Admin\Myproduct->editProduct('3')
 8 SYSTEMPATH\CodeIgniter.php(509): CodeIgniter\CodeIgniter->runController(Object(App\Controllers\Admin\Myproduct))
 9 SYSTEMPATH\CodeIgniter.php(355): CodeIgniter\CodeIgniter->handleRequest(null, Object(Config\Cache), false)
10 SYSTEMPATH\Boot.php(325): CodeIgniter\CodeIgniter->run()
11 SYSTEMPATH\Boot.php(67): CodeIgniter\Boot::runCodeIgniter(Object(CodeIgniter\CodeIgniter))
12 FCPATH\index.php(56): CodeIgniter\Boot::bootWeb(Object(Config\Paths))
CRITICAL - 2025-04-15 13:24:34 --> ErrorException: Undefined array key "type"
[Method: GET, Route: admin/myproduct/edit-product/3]
in APPPATH\Views\admin\product\edit-product.php on line 25.
 1 APPPATH\Views\admin\product\edit-product.php(25): CodeIgniter\Debug\Exceptions->errorHandler(2, 'Undefined array key "type"', 'C:\\xampp\\htdocs\\kara_new\\app\\Views\\admin\\product\\edit-product.php', 25)
 2 SYSTEMPATH\View\View.php(234): include('C:\\xampp\\htdocs\\kara_new\\app\\Views\\admin\\product\\edit-product.php')
 3 SYSTEMPATH\View\View.php(237): CodeIgniter\View\View->CodeIgniter\View\{closure}()
 4 SYSTEMPATH\Common.php(1171): CodeIgniter\View\View->render('admin/product/edit-product', [], true)
 5 APPPATH\Controllers\BaseController.php(65): view('admin/product/edit-product', [...])
 6 APPPATH\Controllers\Admin\Myproduct.php(67): App\Controllers\BaseController->adminFrontendLoad('product/edit-product', [...])
 7 SYSTEMPATH\CodeIgniter.php(933): App\Controllers\Admin\Myproduct->editProduct('3')
 8 SYSTEMPATH\CodeIgniter.php(509): CodeIgniter\CodeIgniter->runController(Object(App\Controllers\Admin\Myproduct))
 9 SYSTEMPATH\CodeIgniter.php(355): CodeIgniter\CodeIgniter->handleRequest(null, Object(Config\Cache), false)
10 SYSTEMPATH\Boot.php(325): CodeIgniter\CodeIgniter->run()
11 SYSTEMPATH\Boot.php(67): CodeIgniter\Boot::runCodeIgniter(Object(CodeIgniter\CodeIgniter))
12 FCPATH\index.php(56): CodeIgniter\Boot::bootWeb(Object(Config\Paths))
CRITICAL - 2025-04-15 13:25:35 --> CodeIgniter\View\Exceptions\ViewException: Invalid file: "admin/product/edit-myproduct.php"
[Method: GET, Route: admin/myproduct/edit-product/3]
in SYSTEMPATH\Exceptions\FrameworkException.php on line 41.
 1 SYSTEMPATH\View\View.php(222): CodeIgniter\Exceptions\FrameworkException::forInvalidFile('admin/product/edit-myproduct.php')
 2 SYSTEMPATH\Common.php(1171): CodeIgniter\View\View->render('admin/product/edit-myproduct', [], true)
 3 APPPATH\Controllers\BaseController.php(65): view('admin/product/edit-myproduct', [...])
 4 APPPATH\Controllers\Admin\Myproduct.php(67): App\Controllers\BaseController->adminFrontendLoad('product/edit-myproduct', [...])
 5 SYSTEMPATH\CodeIgniter.php(933): App\Controllers\Admin\Myproduct->editProduct('3')
 6 SYSTEMPATH\CodeIgniter.php(509): CodeIgniter\CodeIgniter->runController(Object(App\Controllers\Admin\Myproduct))
 7 SYSTEMPATH\CodeIgniter.php(355): CodeIgniter\CodeIgniter->handleRequest(null, Object(Config\Cache), false)
 8 SYSTEMPATH\Boot.php(325): CodeIgniter\CodeIgniter->run()
 9 SYSTEMPATH\Boot.php(67): CodeIgniter\Boot::runCodeIgniter(Object(CodeIgniter\CodeIgniter))
10 FCPATH\index.php(56): CodeIgniter\Boot::bootWeb(Object(Config\Paths))
CRITICAL - 2025-04-15 13:27:24 --> CodeIgniter\View\Exceptions\ViewException: Invalid file: "admin//admin/myproduct/edit-product/.php"
[Method: GET, Route: admin/myproduct/edit-product/3]
in SYSTEMPATH\Exceptions\FrameworkException.php on line 41.
 1 SYSTEMPATH\View\View.php(222): CodeIgniter\Exceptions\FrameworkException::forInvalidFile('admin//admin/myproduct/edit-product/.php')
 2 SYSTEMPATH\Common.php(1171): CodeIgniter\View\View->render('admin//admin/myproduct/edit-product/', [], true)
 3 APPPATH\Controllers\BaseController.php(65): view('admin//admin/myproduct/edit-product/', [...])
 4 APPPATH\Controllers\Admin\Myproduct.php(67): App\Controllers\BaseController->adminFrontendLoad('/admin/myproduct/edit-product/', [...])
 5 SYSTEMPATH\CodeIgniter.php(933): App\Controllers\Admin\Myproduct->editProduct('3')
 6 SYSTEMPATH\CodeIgniter.php(509): CodeIgniter\CodeIgniter->runController(Object(App\Controllers\Admin\Myproduct))
 7 SYSTEMPATH\CodeIgniter.php(355): CodeIgniter\CodeIgniter->handleRequest(null, Object(Config\Cache), false)
 8 SYSTEMPATH\Boot.php(325): CodeIgniter\CodeIgniter->run()
 9 SYSTEMPATH\Boot.php(67): CodeIgniter\Boot::runCodeIgniter(Object(CodeIgniter\CodeIgniter))
10 FCPATH\index.php(56): CodeIgniter\Boot::bootWeb(Object(Config\Paths))
