CRITICAL - 2024-12-09 07:40:26 --> ErrorException: Trying to access array offset on value of type null
[Method: POST, Route: cartList]
in APPPATH/Controllers/Home.php on line 669.
 1 APPPATH/Controllers/Home.php(669): CodeIgniter\Debug\Exceptions->errorHandler(2, 'Trying to access array offset on value of type null', '/home2/cwltechin/public_html/dawar-jewellery/app/Controllers/Home.php', 669)
 2 SYSTEMPATH/CodeIgniter.php(933): App\Controllers\Home->cartList()
 3 SYSTEMPATH/CodeIgniter.php(509): CodeIgniter\CodeIgniter->runController(Object(App\Controllers\Home))
 4 SYSTEMPATH/CodeIgniter.php(355): CodeIgniter\CodeIgniter->handleRequest(null, Object(Config\Cache), false)
 5 SYSTEMPATH/Boot.php(325): CodeIgniter\CodeIgniter->run()
 6 SYSTEMPATH/Boot.php(67): CodeIgniter\Boot::runCodeIgniter(Object(CodeIgniter\CodeIgniter))
 7 FCPATH/index.php(56): CodeIgniter\Boot::bootWeb(Object(Config\Paths))
CRITICAL - 2024-12-09 07:46:54 --> ErrorException: Trying to access array offset on value of type null
[Method: POST, Route: cartList]
in APPPATH/Controllers/Home.php on line 669.
 1 APPPATH/Controllers/Home.php(669): CodeIgniter\Debug\Exceptions->errorHandler(2, 'Trying to access array offset on value of type null', '/home2/cwltechin/public_html/dawar-jewellery/app/Controllers/Home.php', 669)
 2 SYSTEMPATH/CodeIgniter.php(933): App\Controllers\Home->cartList()
 3 SYSTEMPATH/CodeIgniter.php(509): CodeIgniter\CodeIgniter->runController(Object(App\Controllers\Home))
 4 SYSTEMPATH/CodeIgniter.php(355): CodeIgniter\CodeIgniter->handleRequest(null, Object(Config\Cache), false)
 5 SYSTEMPATH/Boot.php(325): CodeIgniter\CodeIgniter->run()
 6 SYSTEMPATH/Boot.php(67): CodeIgniter\Boot::runCodeIgniter(Object(CodeIgniter\CodeIgniter))
 7 FCPATH/index.php(56): CodeIgniter\Boot::bootWeb(Object(Config\Paths))
CRITICAL - 2024-12-09 07:47:33 --> ErrorException: Trying to access array offset on value of type null
[Method: POST, Route: cartList]
in APPPATH/Controllers/Home.php on line 669.
 1 APPPATH/Controllers/Home.php(669): CodeIgniter\Debug\Exceptions->errorHandler(2, 'Trying to access array offset on value of type null', '/home2/cwltechin/public_html/dawar-jewellery/app/Controllers/Home.php', 669)
 2 SYSTEMPATH/CodeIgniter.php(933): App\Controllers\Home->cartList()
 3 SYSTEMPATH/CodeIgniter.php(509): CodeIgniter\CodeIgniter->runController(Object(App\Controllers\Home))
 4 SYSTEMPATH/CodeIgniter.php(355): CodeIgniter\CodeIgniter->handleRequest(null, Object(Config\Cache), false)
 5 SYSTEMPATH/Boot.php(325): CodeIgniter\CodeIgniter->run()
 6 SYSTEMPATH/Boot.php(67): CodeIgniter\Boot::runCodeIgniter(Object(CodeIgniter\CodeIgniter))
 7 FCPATH/index.php(56): CodeIgniter\Boot::bootWeb(Object(Config\Paths))
CRITICAL - 2024-12-09 07:47:41 --> ErrorException: Trying to access array offset on value of type null
[Method: POST, Route: cartList]
in APPPATH/Controllers/Home.php on line 669.
 1 APPPATH/Controllers/Home.php(669): CodeIgniter\Debug\Exceptions->errorHandler(2, 'Trying to access array offset on value of type null', '/home2/cwltechin/public_html/dawar-jewellery/app/Controllers/Home.php', 669)
 2 SYSTEMPATH/CodeIgniter.php(933): App\Controllers\Home->cartList()
 3 SYSTEMPATH/CodeIgniter.php(509): CodeIgniter\CodeIgniter->runController(Object(App\Controllers\Home))
 4 SYSTEMPATH/CodeIgniter.php(355): CodeIgniter\CodeIgniter->handleRequest(null, Object(Config\Cache), false)
 5 SYSTEMPATH/Boot.php(325): CodeIgniter\CodeIgniter->run()
 6 SYSTEMPATH/Boot.php(67): CodeIgniter\Boot::runCodeIgniter(Object(CodeIgniter\CodeIgniter))
 7 FCPATH/index.php(56): CodeIgniter\Boot::bootWeb(Object(Config\Paths))
CRITICAL - 2024-12-09 10:17:58 --> ErrorException: Trying to access array offset on value of type null
[Method: POST, Route: cartList]
in APPPATH/Controllers/Home.php on line 669.
 1 APPPATH/Controllers/Home.php(669): CodeIgniter\Debug\Exceptions->errorHandler(2, 'Trying to access array offset on value of type null', '/home2/cwltechin/public_html/dawar-jewellery/app/Controllers/Home.php', 669)
 2 SYSTEMPATH/CodeIgniter.php(933): App\Controllers\Home->cartList()
 3 SYSTEMPATH/CodeIgniter.php(509): CodeIgniter\CodeIgniter->runController(Object(App\Controllers\Home))
 4 SYSTEMPATH/CodeIgniter.php(355): CodeIgniter\CodeIgniter->handleRequest(null, Object(Config\Cache), false)
 5 SYSTEMPATH/Boot.php(325): CodeIgniter\CodeIgniter->run()
 6 SYSTEMPATH/Boot.php(67): CodeIgniter\Boot::runCodeIgniter(Object(CodeIgniter\CodeIgniter))
 7 FCPATH/index.php(56): CodeIgniter\Boot::bootWeb(Object(Config\Paths))
CRITICAL - 2024-12-09 10:20:07 --> ErrorException: Trying to access array offset on value of type null
[Method: POST, Route: cartList]
in APPPATH/Controllers/Home.php on line 669.
 1 APPPATH/Controllers/Home.php(669): CodeIgniter\Debug\Exceptions->errorHandler(2, 'Trying to access array offset on value of type null', '/home2/cwltechin/public_html/dawar-jewellery/app/Controllers/Home.php', 669)
 2 SYSTEMPATH/CodeIgniter.php(933): App\Controllers\Home->cartList()
 3 SYSTEMPATH/CodeIgniter.php(509): CodeIgniter\CodeIgniter->runController(Object(App\Controllers\Home))
 4 SYSTEMPATH/CodeIgniter.php(355): CodeIgniter\CodeIgniter->handleRequest(null, Object(Config\Cache), false)
 5 SYSTEMPATH/Boot.php(325): CodeIgniter\CodeIgniter->run()
 6 SYSTEMPATH/Boot.php(67): CodeIgniter\Boot::runCodeIgniter(Object(CodeIgniter\CodeIgniter))
 7 FCPATH/index.php(56): CodeIgniter\Boot::bootWeb(Object(Config\Paths))
CRITICAL - 2024-12-09 10:23:00 --> ErrorException: Trying to access array offset on value of type null
[Method: POST, Route: cartList]
in APPPATH/Controllers/Home.php on line 669.
 1 APPPATH/Controllers/Home.php(669): CodeIgniter\Debug\Exceptions->errorHandler(2, 'Trying to access array offset on value of type null', '/home2/cwltechin/public_html/dawar-jewellery/app/Controllers/Home.php', 669)
 2 SYSTEMPATH/CodeIgniter.php(933): App\Controllers\Home->cartList()
 3 SYSTEMPATH/CodeIgniter.php(509): CodeIgniter\CodeIgniter->runController(Object(App\Controllers\Home))
 4 SYSTEMPATH/CodeIgniter.php(355): CodeIgniter\CodeIgniter->handleRequest(null, Object(Config\Cache), false)
 5 SYSTEMPATH/Boot.php(325): CodeIgniter\CodeIgniter->run()
 6 SYSTEMPATH/Boot.php(67): CodeIgniter\Boot::runCodeIgniter(Object(CodeIgniter\CodeIgniter))
 7 FCPATH/index.php(56): CodeIgniter\Boot::bootWeb(Object(Config\Paths))
