CRITICAL - 2025-04-17 06:49:47 --> ErrorException: Cannot redeclare App\Controllers\Home::index()
[Method: GET, Route: /]
in APPPATH\Controllers\Home.php on line 370.
 1 [internal function]: CodeIgniter\Debug\Exceptions->shutdownHandler()
CRITICAL - 2025-04-17 06:50:25 --> ErrorException: Cannot redeclare App\Controllers\Home::index()
[Method: GET, Route: /]
in APPPATH\Controllers\Home.php on line 370.
 1 [internal function]: CodeIgniter\Debug\Exceptions->shutdownHandler()
CRITICAL - 2025-04-17 06:50:38 --> ErrorException: Cannot redeclare App\Controllers\Home::index()
[Method: GET, Route: product/domestic-water-softener]
in APPPATH\Controllers\Home.php on line 370.
 1 [internal function]: CodeIgniter\Debug\Exceptions->shutdownHandler()
CRITICAL - 2025-04-17 06:58:16 --> ErrorException: Undefined array key "heading"
[Method: GET, Route: product/domestic-water-softener]
in APPPATH\Views\home\common\header.php on line 142.
 1 APPPATH\Views\home\common\header.php(142): CodeIgniter\Debug\Exceptions->errorHandler(2, 'Undefined array key "heading"', 'C:\\xampp\\htdocs\\kara_new\\app\\Views\\home\\common\\header.php', 142)
 2 SYSTEMPATH\View\View.php(234): include('C:\\xampp\\htdocs\\kara_new\\app\\Views\\home\\common\\header.php')
 3 SYSTEMPATH\View\View.php(237): CodeIgniter\View\View->CodeIgniter\View\{closure}()
 4 SYSTEMPATH\Common.php(1171): CodeIgniter\View\View->render('home/common/header', [], true)
 5 APPPATH\Controllers\BaseController.php(72): view('home/common/header', [...])
 6 APPPATH\Controllers\Home.php(244): App\Controllers\BaseController->frontendLoad('product-details', [...])
 7 SYSTEMPATH\CodeIgniter.php(933): App\Controllers\Home->productDetails('domestic-water-softener')
 8 SYSTEMPATH\CodeIgniter.php(509): CodeIgniter\CodeIgniter->runController(Object(App\Controllers\Home))
 9 SYSTEMPATH\CodeIgniter.php(355): CodeIgniter\CodeIgniter->handleRequest(null, Object(Config\Cache), false)
10 SYSTEMPATH\Boot.php(325): CodeIgniter\CodeIgniter->run()
11 SYSTEMPATH\Boot.php(67): CodeIgniter\Boot::runCodeIgniter(Object(CodeIgniter\CodeIgniter))
12 FCPATH\index.php(56): CodeIgniter\Boot::bootWeb(Object(Config\Paths))
CRITICAL - 2025-04-17 07:07:30 --> ErrorException: Undefined array key "title"
[Method: GET, Route: myproduct/cdbchjd]
in APPPATH\Controllers\Home.php on line 364.
 1 APPPATH\Controllers\Home.php(364): CodeIgniter\Debug\Exceptions->errorHandler(2, 'Undefined array key "title"', 'C:\\xampp\\htdocs\\kara_new\\app\\Controllers\\Home.php', 364)
 2 SYSTEMPATH\CodeIgniter.php(933): App\Controllers\Home->myproduct('cdbchjd')
 3 SYSTEMPATH\CodeIgniter.php(509): CodeIgniter\CodeIgniter->runController(Object(App\Controllers\Home))
 4 SYSTEMPATH\CodeIgniter.php(355): CodeIgniter\CodeIgniter->handleRequest(null, Object(Config\Cache), false)
 5 SYSTEMPATH\Boot.php(325): CodeIgniter\CodeIgniter->run()
 6 SYSTEMPATH\Boot.php(67): CodeIgniter\Boot::runCodeIgniter(Object(CodeIgniter\CodeIgniter))
 7 FCPATH\index.php(56): CodeIgniter\Boot::bootWeb(Object(Config\Paths))
CRITICAL - 2025-04-17 07:09:27 --> ErrorException: Undefined array key "title"
[Method: GET, Route: myproduct/cdbchjd]
in APPPATH\Controllers\Home.php on line 364.
 1 APPPATH\Controllers\Home.php(364): CodeIgniter\Debug\Exceptions->errorHandler(2, 'Undefined array key "title"', 'C:\\xampp\\htdocs\\kara_new\\app\\Controllers\\Home.php', 364)
 2 SYSTEMPATH\CodeIgniter.php(933): App\Controllers\Home->myproduct('cdbchjd')
 3 SYSTEMPATH\CodeIgniter.php(509): CodeIgniter\CodeIgniter->runController(Object(App\Controllers\Home))
 4 SYSTEMPATH\CodeIgniter.php(355): CodeIgniter\CodeIgniter->handleRequest(null, Object(Config\Cache), false)
 5 SYSTEMPATH\Boot.php(325): CodeIgniter\CodeIgniter->run()
 6 SYSTEMPATH\Boot.php(67): CodeIgniter\Boot::runCodeIgniter(Object(CodeIgniter\CodeIgniter))
 7 FCPATH\index.php(56): CodeIgniter\Boot::bootWeb(Object(Config\Paths))
CRITICAL - 2025-04-17 07:09:47 --> ErrorException: Undefined array key "thisproduct"
[Method: GET, Route: myproduct/cdbchjd]
in APPPATH\Controllers\Home.php on line 350.
 1 APPPATH\Controllers\Home.php(350): CodeIgniter\Debug\Exceptions->errorHandler(2, 'Undefined array key "thisproduct"', 'C:\\xampp\\htdocs\\kara_new\\app\\Controllers\\Home.php', 350)
 2 SYSTEMPATH\CodeIgniter.php(933): App\Controllers\Home->myproduct('cdbchjd')
 3 SYSTEMPATH\CodeIgniter.php(509): CodeIgniter\CodeIgniter->runController(Object(App\Controllers\Home))
 4 SYSTEMPATH\CodeIgniter.php(355): CodeIgniter\CodeIgniter->handleRequest(null, Object(Config\Cache), false)
 5 SYSTEMPATH\Boot.php(325): CodeIgniter\CodeIgniter->run()
 6 SYSTEMPATH\Boot.php(67): CodeIgniter\Boot::runCodeIgniter(Object(CodeIgniter\CodeIgniter))
 7 FCPATH\index.php(56): CodeIgniter\Boot::bootWeb(Object(Config\Paths))
CRITICAL - 2025-04-17 07:10:06 --> ErrorException: Undefined array key "title"
[Method: GET, Route: myproduct/cdbchjd]
in APPPATH\Controllers\Home.php on line 364.
 1 APPPATH\Controllers\Home.php(364): CodeIgniter\Debug\Exceptions->errorHandler(2, 'Undefined array key "title"', 'C:\\xampp\\htdocs\\kara_new\\app\\Controllers\\Home.php', 364)
 2 SYSTEMPATH\CodeIgniter.php(933): App\Controllers\Home->myproduct('cdbchjd')
 3 SYSTEMPATH\CodeIgniter.php(509): CodeIgniter\CodeIgniter->runController(Object(App\Controllers\Home))
 4 SYSTEMPATH\CodeIgniter.php(355): CodeIgniter\CodeIgniter->handleRequest(null, Object(Config\Cache), false)
 5 SYSTEMPATH\Boot.php(325): CodeIgniter\CodeIgniter->run()
 6 SYSTEMPATH\Boot.php(67): CodeIgniter\Boot::runCodeIgniter(Object(CodeIgniter\CodeIgniter))
 7 FCPATH\index.php(56): CodeIgniter\Boot::bootWeb(Object(Config\Paths))
CRITICAL - 2025-04-17 07:10:43 --> ErrorException: Undefined array key "meta_title"
[Method: GET, Route: myproduct/cdbchjd]
in APPPATH\Controllers\Home.php on line 364.
 1 APPPATH\Controllers\Home.php(364): CodeIgniter\Debug\Exceptions->errorHandler(2, 'Undefined array key "meta_title"', 'C:\\xampp\\htdocs\\kara_new\\app\\Controllers\\Home.php', 364)
 2 SYSTEMPATH\CodeIgniter.php(933): App\Controllers\Home->myproduct('cdbchjd')
 3 SYSTEMPATH\CodeIgniter.php(509): CodeIgniter\CodeIgniter->runController(Object(App\Controllers\Home))
 4 SYSTEMPATH\CodeIgniter.php(355): CodeIgniter\CodeIgniter->handleRequest(null, Object(Config\Cache), false)
 5 SYSTEMPATH\Boot.php(325): CodeIgniter\CodeIgniter->run()
 6 SYSTEMPATH\Boot.php(67): CodeIgniter\Boot::runCodeIgniter(Object(CodeIgniter\CodeIgniter))
 7 FCPATH\index.php(56): CodeIgniter\Boot::bootWeb(Object(Config\Paths))
CRITICAL - 2025-04-17 07:10:44 --> ErrorException: Undefined array key "meta_title"
[Method: GET, Route: myproduct/cdbchjd]
in APPPATH\Controllers\Home.php on line 364.
 1 APPPATH\Controllers\Home.php(364): CodeIgniter\Debug\Exceptions->errorHandler(2, 'Undefined array key "meta_title"', 'C:\\xampp\\htdocs\\kara_new\\app\\Controllers\\Home.php', 364)
 2 SYSTEMPATH\CodeIgniter.php(933): App\Controllers\Home->myproduct('cdbchjd')
 3 SYSTEMPATH\CodeIgniter.php(509): CodeIgniter\CodeIgniter->runController(Object(App\Controllers\Home))
 4 SYSTEMPATH\CodeIgniter.php(355): CodeIgniter\CodeIgniter->handleRequest(null, Object(Config\Cache), false)
 5 SYSTEMPATH\Boot.php(325): CodeIgniter\CodeIgniter->run()
 6 SYSTEMPATH\Boot.php(67): CodeIgniter\Boot::runCodeIgniter(Object(CodeIgniter\CodeIgniter))
 7 FCPATH\index.php(56): CodeIgniter\Boot::bootWeb(Object(Config\Paths))
CRITICAL - 2025-04-17 07:12:38 --> ErrorException: Undefined array key "meta_title"
[Method: GET, Route: myproduct/cdbchjd]
in APPPATH\Controllers\Home.php on line 348.
 1 APPPATH\Controllers\Home.php(348): CodeIgniter\Debug\Exceptions->errorHandler(2, 'Undefined array key "meta_title"', 'C:\\xampp\\htdocs\\kara_new\\app\\Controllers\\Home.php', 348)
 2 SYSTEMPATH\CodeIgniter.php(933): App\Controllers\Home->myproduct('cdbchjd')
 3 SYSTEMPATH\CodeIgniter.php(509): CodeIgniter\CodeIgniter->runController(Object(App\Controllers\Home))
 4 SYSTEMPATH\CodeIgniter.php(355): CodeIgniter\CodeIgniter->handleRequest(null, Object(Config\Cache), false)
 5 SYSTEMPATH\Boot.php(325): CodeIgniter\CodeIgniter->run()
 6 SYSTEMPATH\Boot.php(67): CodeIgniter\Boot::runCodeIgniter(Object(CodeIgniter\CodeIgniter))
 7 FCPATH\index.php(56): CodeIgniter\Boot::bootWeb(Object(Config\Paths))
CRITICAL - 2025-04-17 07:12:42 --> ErrorException: Undefined array key "meta_title"
[Method: GET, Route: myproduct/cdbchjd]
in APPPATH\Controllers\Home.php on line 348.
 1 APPPATH\Controllers\Home.php(348): CodeIgniter\Debug\Exceptions->errorHandler(2, 'Undefined array key "meta_title"', 'C:\\xampp\\htdocs\\kara_new\\app\\Controllers\\Home.php', 348)
 2 SYSTEMPATH\CodeIgniter.php(933): App\Controllers\Home->myproduct('cdbchjd')
 3 SYSTEMPATH\CodeIgniter.php(509): CodeIgniter\CodeIgniter->runController(Object(App\Controllers\Home))
 4 SYSTEMPATH\CodeIgniter.php(355): CodeIgniter\CodeIgniter->handleRequest(null, Object(Config\Cache), false)
 5 SYSTEMPATH\Boot.php(325): CodeIgniter\CodeIgniter->run()
 6 SYSTEMPATH\Boot.php(67): CodeIgniter\Boot::runCodeIgniter(Object(CodeIgniter\CodeIgniter))
 7 FCPATH\index.php(56): CodeIgniter\Boot::bootWeb(Object(Config\Paths))
CRITICAL - 2025-04-17 07:12:42 --> ErrorException: Undefined array key "meta_title"
[Method: GET, Route: myproduct/cdbchjd]
in APPPATH\Controllers\Home.php on line 348.
 1 APPPATH\Controllers\Home.php(348): CodeIgniter\Debug\Exceptions->errorHandler(2, 'Undefined array key "meta_title"', 'C:\\xampp\\htdocs\\kara_new\\app\\Controllers\\Home.php', 348)
 2 SYSTEMPATH\CodeIgniter.php(933): App\Controllers\Home->myproduct('cdbchjd')
 3 SYSTEMPATH\CodeIgniter.php(509): CodeIgniter\CodeIgniter->runController(Object(App\Controllers\Home))
 4 SYSTEMPATH\CodeIgniter.php(355): CodeIgniter\CodeIgniter->handleRequest(null, Object(Config\Cache), false)
 5 SYSTEMPATH\Boot.php(325): CodeIgniter\CodeIgniter->run()
 6 SYSTEMPATH\Boot.php(67): CodeIgniter\Boot::runCodeIgniter(Object(CodeIgniter\CodeIgniter))
 7 FCPATH\index.php(56): CodeIgniter\Boot::bootWeb(Object(Config\Paths))
CRITICAL - 2025-04-17 07:12:42 --> ErrorException: Undefined array key "meta_title"
[Method: GET, Route: myproduct/cdbchjd]
in APPPATH\Controllers\Home.php on line 348.
 1 APPPATH\Controllers\Home.php(348): CodeIgniter\Debug\Exceptions->errorHandler(2, 'Undefined array key "meta_title"', 'C:\\xampp\\htdocs\\kara_new\\app\\Controllers\\Home.php', 348)
 2 SYSTEMPATH\CodeIgniter.php(933): App\Controllers\Home->myproduct('cdbchjd')
 3 SYSTEMPATH\CodeIgniter.php(509): CodeIgniter\CodeIgniter->runController(Object(App\Controllers\Home))
 4 SYSTEMPATH\CodeIgniter.php(355): CodeIgniter\CodeIgniter->handleRequest(null, Object(Config\Cache), false)
 5 SYSTEMPATH\Boot.php(325): CodeIgniter\CodeIgniter->run()
 6 SYSTEMPATH\Boot.php(67): CodeIgniter\Boot::runCodeIgniter(Object(CodeIgniter\CodeIgniter))
 7 FCPATH\index.php(56): CodeIgniter\Boot::bootWeb(Object(Config\Paths))
CRITICAL - 2025-04-17 07:12:42 --> ErrorException: Undefined array key "meta_title"
[Method: GET, Route: myproduct/cdbchjd]
in APPPATH\Controllers\Home.php on line 348.
 1 APPPATH\Controllers\Home.php(348): CodeIgniter\Debug\Exceptions->errorHandler(2, 'Undefined array key "meta_title"', 'C:\\xampp\\htdocs\\kara_new\\app\\Controllers\\Home.php', 348)
 2 SYSTEMPATH\CodeIgniter.php(933): App\Controllers\Home->myproduct('cdbchjd')
 3 SYSTEMPATH\CodeIgniter.php(509): CodeIgniter\CodeIgniter->runController(Object(App\Controllers\Home))
 4 SYSTEMPATH\CodeIgniter.php(355): CodeIgniter\CodeIgniter->handleRequest(null, Object(Config\Cache), false)
 5 SYSTEMPATH\Boot.php(325): CodeIgniter\CodeIgniter->run()
 6 SYSTEMPATH\Boot.php(67): CodeIgniter\Boot::runCodeIgniter(Object(CodeIgniter\CodeIgniter))
 7 FCPATH\index.php(56): CodeIgniter\Boot::bootWeb(Object(Config\Paths))
CRITICAL - 2025-04-17 07:12:42 --> ErrorException: Undefined array key "meta_title"
[Method: GET, Route: myproduct/cdbchjd]
in APPPATH\Controllers\Home.php on line 348.
 1 APPPATH\Controllers\Home.php(348): CodeIgniter\Debug\Exceptions->errorHandler(2, 'Undefined array key "meta_title"', 'C:\\xampp\\htdocs\\kara_new\\app\\Controllers\\Home.php', 348)
 2 SYSTEMPATH\CodeIgniter.php(933): App\Controllers\Home->myproduct('cdbchjd')
 3 SYSTEMPATH\CodeIgniter.php(509): CodeIgniter\CodeIgniter->runController(Object(App\Controllers\Home))
 4 SYSTEMPATH\CodeIgniter.php(355): CodeIgniter\CodeIgniter->handleRequest(null, Object(Config\Cache), false)
 5 SYSTEMPATH\Boot.php(325): CodeIgniter\CodeIgniter->run()
 6 SYSTEMPATH\Boot.php(67): CodeIgniter\Boot::runCodeIgniter(Object(CodeIgniter\CodeIgniter))
 7 FCPATH\index.php(56): CodeIgniter\Boot::bootWeb(Object(Config\Paths))
CRITICAL - 2025-04-17 07:13:22 --> Error: Undefined constant "App\Controllers\ddie"
[Method: GET, Route: myproduct/cdbchjd]
in APPPATH\Controllers\Home.php on line 348.
 1 SYSTEMPATH\CodeIgniter.php(933): App\Controllers\Home->myproduct('cdbchjd')
 2 SYSTEMPATH\CodeIgniter.php(509): CodeIgniter\CodeIgniter->runController(Object(App\Controllers\Home))
 3 SYSTEMPATH\CodeIgniter.php(355): CodeIgniter\CodeIgniter->handleRequest(null, Object(Config\Cache), false)
 4 SYSTEMPATH\Boot.php(325): CodeIgniter\CodeIgniter->run()
 5 SYSTEMPATH\Boot.php(67): CodeIgniter\Boot::runCodeIgniter(Object(CodeIgniter\CodeIgniter))
 6 FCPATH\index.php(56): CodeIgniter\Boot::bootWeb(Object(Config\Paths))
CRITICAL - 2025-04-17 07:14:02 --> ErrorException: Undefined array key "meta_title"
[Method: GET, Route: myproduct/cdbchjd]
in APPPATH\Controllers\Home.php on line 348.
 1 APPPATH\Controllers\Home.php(348): CodeIgniter\Debug\Exceptions->errorHandler(2, 'Undefined array key "meta_title"', 'C:\\xampp\\htdocs\\kara_new\\app\\Controllers\\Home.php', 348)
 2 SYSTEMPATH\CodeIgniter.php(933): App\Controllers\Home->myproduct('cdbchjd')
 3 SYSTEMPATH\CodeIgniter.php(509): CodeIgniter\CodeIgniter->runController(Object(App\Controllers\Home))
 4 SYSTEMPATH\CodeIgniter.php(355): CodeIgniter\CodeIgniter->handleRequest(null, Object(Config\Cache), false)
 5 SYSTEMPATH\Boot.php(325): CodeIgniter\CodeIgniter->run()
 6 SYSTEMPATH\Boot.php(67): CodeIgniter\Boot::runCodeIgniter(Object(CodeIgniter\CodeIgniter))
 7 FCPATH\index.php(56): CodeIgniter\Boot::bootWeb(Object(Config\Paths))
CRITICAL - 2025-04-17 07:14:06 --> ErrorException: Undefined array key "meta_title"
[Method: GET, Route: myproduct/cdbchjd]
in APPPATH\Controllers\Home.php on line 348.
 1 APPPATH\Controllers\Home.php(348): CodeIgniter\Debug\Exceptions->errorHandler(2, 'Undefined array key "meta_title"', 'C:\\xampp\\htdocs\\kara_new\\app\\Controllers\\Home.php', 348)
 2 SYSTEMPATH\CodeIgniter.php(933): App\Controllers\Home->myproduct('cdbchjd')
 3 SYSTEMPATH\CodeIgniter.php(509): CodeIgniter\CodeIgniter->runController(Object(App\Controllers\Home))
 4 SYSTEMPATH\CodeIgniter.php(355): CodeIgniter\CodeIgniter->handleRequest(null, Object(Config\Cache), false)
 5 SYSTEMPATH\Boot.php(325): CodeIgniter\CodeIgniter->run()
 6 SYSTEMPATH\Boot.php(67): CodeIgniter\Boot::runCodeIgniter(Object(CodeIgniter\CodeIgniter))
 7 FCPATH\index.php(56): CodeIgniter\Boot::bootWeb(Object(Config\Paths))
CRITICAL - 2025-04-17 07:14:06 --> ErrorException: Undefined array key "meta_title"
[Method: GET, Route: myproduct/cdbchjd]
in APPPATH\Controllers\Home.php on line 348.
 1 APPPATH\Controllers\Home.php(348): CodeIgniter\Debug\Exceptions->errorHandler(2, 'Undefined array key "meta_title"', 'C:\\xampp\\htdocs\\kara_new\\app\\Controllers\\Home.php', 348)
 2 SYSTEMPATH\CodeIgniter.php(933): App\Controllers\Home->myproduct('cdbchjd')
 3 SYSTEMPATH\CodeIgniter.php(509): CodeIgniter\CodeIgniter->runController(Object(App\Controllers\Home))
 4 SYSTEMPATH\CodeIgniter.php(355): CodeIgniter\CodeIgniter->handleRequest(null, Object(Config\Cache), false)
 5 SYSTEMPATH\Boot.php(325): CodeIgniter\CodeIgniter->run()
 6 SYSTEMPATH\Boot.php(67): CodeIgniter\Boot::runCodeIgniter(Object(CodeIgniter\CodeIgniter))
 7 FCPATH\index.php(56): CodeIgniter\Boot::bootWeb(Object(Config\Paths))
CRITICAL - 2025-04-17 07:14:06 --> ErrorException: Undefined array key "meta_title"
[Method: GET, Route: myproduct/cdbchjd]
in APPPATH\Controllers\Home.php on line 348.
 1 APPPATH\Controllers\Home.php(348): CodeIgniter\Debug\Exceptions->errorHandler(2, 'Undefined array key "meta_title"', 'C:\\xampp\\htdocs\\kara_new\\app\\Controllers\\Home.php', 348)
 2 SYSTEMPATH\CodeIgniter.php(933): App\Controllers\Home->myproduct('cdbchjd')
 3 SYSTEMPATH\CodeIgniter.php(509): CodeIgniter\CodeIgniter->runController(Object(App\Controllers\Home))
 4 SYSTEMPATH\CodeIgniter.php(355): CodeIgniter\CodeIgniter->handleRequest(null, Object(Config\Cache), false)
 5 SYSTEMPATH\Boot.php(325): CodeIgniter\CodeIgniter->run()
 6 SYSTEMPATH\Boot.php(67): CodeIgniter\Boot::runCodeIgniter(Object(CodeIgniter\CodeIgniter))
 7 FCPATH\index.php(56): CodeIgniter\Boot::bootWeb(Object(Config\Paths))
CRITICAL - 2025-04-17 07:16:34 --> ErrorException: Undefined array key "meta_title"
[Method: GET, Route: myproduct/cdbchjd]
in APPPATH\Controllers\Home.php on line 355.
 1 APPPATH\Controllers\Home.php(355): CodeIgniter\Debug\Exceptions->errorHandler(2, 'Undefined array key "meta_title"', 'C:\\xampp\\htdocs\\kara_new\\app\\Controllers\\Home.php', 355)
 2 SYSTEMPATH\CodeIgniter.php(933): App\Controllers\Home->myproduct('cdbchjd')
 3 SYSTEMPATH\CodeIgniter.php(509): CodeIgniter\CodeIgniter->runController(Object(App\Controllers\Home))
 4 SYSTEMPATH\CodeIgniter.php(355): CodeIgniter\CodeIgniter->handleRequest(null, Object(Config\Cache), false)
 5 SYSTEMPATH\Boot.php(325): CodeIgniter\CodeIgniter->run()
 6 SYSTEMPATH\Boot.php(67): CodeIgniter\Boot::runCodeIgniter(Object(CodeIgniter\CodeIgniter))
 7 FCPATH\index.php(56): CodeIgniter\Boot::bootWeb(Object(Config\Paths))
CRITICAL - 2025-04-17 07:17:25 --> ErrorException: Undefined array key "og_image"
[Method: GET, Route: myproduct/cdbchjd]
in APPPATH\Controllers\Home.php on line 357.
 1 APPPATH\Controllers\Home.php(357): CodeIgniter\Debug\Exceptions->errorHandler(2, 'Undefined array key "og_image"', 'C:\\xampp\\htdocs\\kara_new\\app\\Controllers\\Home.php', 357)
 2 SYSTEMPATH\CodeIgniter.php(933): App\Controllers\Home->myproduct('cdbchjd')
 3 SYSTEMPATH\CodeIgniter.php(509): CodeIgniter\CodeIgniter->runController(Object(App\Controllers\Home))
 4 SYSTEMPATH\CodeIgniter.php(355): CodeIgniter\CodeIgniter->handleRequest(null, Object(Config\Cache), false)
 5 SYSTEMPATH\Boot.php(325): CodeIgniter\CodeIgniter->run()
 6 SYSTEMPATH\Boot.php(67): CodeIgniter\Boot::runCodeIgniter(Object(CodeIgniter\CodeIgniter))
 7 FCPATH\index.php(56): CodeIgniter\Boot::bootWeb(Object(Config\Paths))
CRITICAL - 2025-04-17 07:17:51 --> ErrorException: Undefined array key "og_image"
[Method: GET, Route: myproduct/cdbchjd]
in APPPATH\Controllers\Home.php on line 357.
 1 APPPATH\Controllers\Home.php(357): CodeIgniter\Debug\Exceptions->errorHandler(2, 'Undefined array key "og_image"', 'C:\\xampp\\htdocs\\kara_new\\app\\Controllers\\Home.php', 357)
 2 SYSTEMPATH\CodeIgniter.php(933): App\Controllers\Home->myproduct('cdbchjd')
 3 SYSTEMPATH\CodeIgniter.php(509): CodeIgniter\CodeIgniter->runController(Object(App\Controllers\Home))
 4 SYSTEMPATH\CodeIgniter.php(355): CodeIgniter\CodeIgniter->handleRequest(null, Object(Config\Cache), false)
 5 SYSTEMPATH\Boot.php(325): CodeIgniter\CodeIgniter->run()
 6 SYSTEMPATH\Boot.php(67): CodeIgniter\Boot::runCodeIgniter(Object(CodeIgniter\CodeIgniter))
 7 FCPATH\index.php(56): CodeIgniter\Boot::bootWeb(Object(Config\Paths))
CRITICAL - 2025-04-17 07:18:03 --> ErrorException: Undefined array key "og_image"
[Method: GET, Route: myproduct/cdbchjd]
in APPPATH\Controllers\Home.php on line 363.
 1 APPPATH\Controllers\Home.php(363): CodeIgniter\Debug\Exceptions->errorHandler(2, 'Undefined array key "og_image"', 'C:\\xampp\\htdocs\\kara_new\\app\\Controllers\\Home.php', 363)
 2 SYSTEMPATH\CodeIgniter.php(933): App\Controllers\Home->myproduct('cdbchjd')
 3 SYSTEMPATH\CodeIgniter.php(509): CodeIgniter\CodeIgniter->runController(Object(App\Controllers\Home))
 4 SYSTEMPATH\CodeIgniter.php(355): CodeIgniter\CodeIgniter->handleRequest(null, Object(Config\Cache), false)
 5 SYSTEMPATH\Boot.php(325): CodeIgniter\CodeIgniter->run()
 6 SYSTEMPATH\Boot.php(67): CodeIgniter\Boot::runCodeIgniter(Object(CodeIgniter\CodeIgniter))
 7 FCPATH\index.php(56): CodeIgniter\Boot::bootWeb(Object(Config\Paths))
CRITICAL - 2025-04-17 07:18:21 --> ParseError: Unclosed '{' on line 346
[Method: GET, Route: myproduct/cdbchjd]
in APPPATH\Controllers\Home.php on line 372.
 1 SYSTEMPATH\Autoloader\Autoloader.php(296): CodeIgniter\Autoloader\Autoloader->includeFile('C:\\xampp\\htdocs\\kara_new\\app\\Controllers\\Home.php')
 2 SYSTEMPATH\Autoloader\Autoloader.php(272): CodeIgniter\Autoloader\Autoloader->loadInNamespace('App\\Controllers\\Home')
 3 [internal function]: CodeIgniter\Autoloader\Autoloader->loadClass('App\\Controllers\\Home')
 4 SYSTEMPATH\CodeIgniter.php(887): class_exists('\\App\\Controllers\\Home', true)
 5 SYSTEMPATH\CodeIgniter.php(496): CodeIgniter\CodeIgniter->startController()
 6 SYSTEMPATH\CodeIgniter.php(355): CodeIgniter\CodeIgniter->handleRequest(null, Object(Config\Cache), false)
 7 SYSTEMPATH\Boot.php(325): CodeIgniter\CodeIgniter->run()
 8 SYSTEMPATH\Boot.php(67): CodeIgniter\Boot::runCodeIgniter(Object(CodeIgniter\CodeIgniter))
 9 FCPATH\index.php(56): CodeIgniter\Boot::bootWeb(Object(Config\Paths))
CRITICAL - 2025-04-17 07:18:45 --> ParseError: Unclosed '{' on line 346
[Method: GET, Route: myproduct/cdbchjd]
in APPPATH\Controllers\Home.php on line 372.
 1 SYSTEMPATH\Autoloader\Autoloader.php(296): CodeIgniter\Autoloader\Autoloader->includeFile('C:\\xampp\\htdocs\\kara_new\\app\\Controllers\\Home.php')
 2 SYSTEMPATH\Autoloader\Autoloader.php(272): CodeIgniter\Autoloader\Autoloader->loadInNamespace('App\\Controllers\\Home')
 3 [internal function]: CodeIgniter\Autoloader\Autoloader->loadClass('App\\Controllers\\Home')
 4 SYSTEMPATH\CodeIgniter.php(887): class_exists('\\App\\Controllers\\Home', true)
 5 SYSTEMPATH\CodeIgniter.php(496): CodeIgniter\CodeIgniter->startController()
 6 SYSTEMPATH\CodeIgniter.php(355): CodeIgniter\CodeIgniter->handleRequest(null, Object(Config\Cache), false)
 7 SYSTEMPATH\Boot.php(325): CodeIgniter\CodeIgniter->run()
 8 SYSTEMPATH\Boot.php(67): CodeIgniter\Boot::runCodeIgniter(Object(CodeIgniter\CodeIgniter))
 9 FCPATH\index.php(56): CodeIgniter\Boot::bootWeb(Object(Config\Paths))
CRITICAL - 2025-04-17 07:18:48 --> ParseError: Unclosed '{' on line 346
[Method: GET, Route: myproduct/cdbchjd]
in APPPATH\Controllers\Home.php on line 372.
 1 SYSTEMPATH\Autoloader\Autoloader.php(296): CodeIgniter\Autoloader\Autoloader->includeFile('C:\\xampp\\htdocs\\kara_new\\app\\Controllers\\Home.php')
 2 SYSTEMPATH\Autoloader\Autoloader.php(272): CodeIgniter\Autoloader\Autoloader->loadInNamespace('App\\Controllers\\Home')
 3 [internal function]: CodeIgniter\Autoloader\Autoloader->loadClass('App\\Controllers\\Home')
 4 SYSTEMPATH\CodeIgniter.php(887): class_exists('\\App\\Controllers\\Home', true)
 5 SYSTEMPATH\CodeIgniter.php(496): CodeIgniter\CodeIgniter->startController()
 6 SYSTEMPATH\CodeIgniter.php(355): CodeIgniter\CodeIgniter->handleRequest(null, Object(Config\Cache), false)
 7 SYSTEMPATH\Boot.php(325): CodeIgniter\CodeIgniter->run()
 8 SYSTEMPATH\Boot.php(67): CodeIgniter\Boot::runCodeIgniter(Object(CodeIgniter\CodeIgniter))
 9 FCPATH\index.php(56): CodeIgniter\Boot::bootWeb(Object(Config\Paths))
CRITICAL - 2025-04-17 07:20:41 --> ParseError: Unclosed '{' on line 346
[Method: GET, Route: myproduct/cdbchjd]
in APPPATH\Controllers\Home.php on line 372.
 1 SYSTEMPATH\Autoloader\Autoloader.php(296): CodeIgniter\Autoloader\Autoloader->includeFile('C:\\xampp\\htdocs\\kara_new\\app\\Controllers\\Home.php')
 2 SYSTEMPATH\Autoloader\Autoloader.php(272): CodeIgniter\Autoloader\Autoloader->loadInNamespace('App\\Controllers\\Home')
 3 [internal function]: CodeIgniter\Autoloader\Autoloader->loadClass('App\\Controllers\\Home')
 4 SYSTEMPATH\CodeIgniter.php(887): class_exists('\\App\\Controllers\\Home', true)
 5 SYSTEMPATH\CodeIgniter.php(496): CodeIgniter\CodeIgniter->startController()
 6 SYSTEMPATH\CodeIgniter.php(355): CodeIgniter\CodeIgniter->handleRequest(null, Object(Config\Cache), false)
 7 SYSTEMPATH\Boot.php(325): CodeIgniter\CodeIgniter->run()
 8 SYSTEMPATH\Boot.php(67): CodeIgniter\Boot::runCodeIgniter(Object(CodeIgniter\CodeIgniter))
 9 FCPATH\index.php(56): CodeIgniter\Boot::bootWeb(Object(Config\Paths))
CRITICAL - 2025-04-17 07:22:11 --> ErrorException: Undefined array key "og_image"
[Method: GET, Route: myproduct/cdbchjd]
in APPPATH\Controllers\Home.php on line 363.
 1 APPPATH\Controllers\Home.php(363): CodeIgniter\Debug\Exceptions->errorHandler(2, 'Undefined array key "og_image"', 'C:\\xampp\\htdocs\\kara_new\\app\\Controllers\\Home.php', 363)
 2 SYSTEMPATH\CodeIgniter.php(933): App\Controllers\Home->myproduct('cdbchjd')
 3 SYSTEMPATH\CodeIgniter.php(509): CodeIgniter\CodeIgniter->runController(Object(App\Controllers\Home))
 4 SYSTEMPATH\CodeIgniter.php(355): CodeIgniter\CodeIgniter->handleRequest(null, Object(Config\Cache), false)
 5 SYSTEMPATH\Boot.php(325): CodeIgniter\CodeIgniter->run()
 6 SYSTEMPATH\Boot.php(67): CodeIgniter\Boot::runCodeIgniter(Object(CodeIgniter\CodeIgniter))
 7 FCPATH\index.php(56): CodeIgniter\Boot::bootWeb(Object(Config\Paths))
CRITICAL - 2025-04-17 07:23:27 --> ParseError: Unclosed '{' on line 346
[Method: GET, Route: myproduct/cdbchjd]
in APPPATH\Controllers\Home.php on line 372.
 1 SYSTEMPATH\Autoloader\Autoloader.php(296): CodeIgniter\Autoloader\Autoloader->includeFile('C:\\xampp\\htdocs\\kara_new\\app\\Controllers\\Home.php')
 2 SYSTEMPATH\Autoloader\Autoloader.php(272): CodeIgniter\Autoloader\Autoloader->loadInNamespace('App\\Controllers\\Home')
 3 [internal function]: CodeIgniter\Autoloader\Autoloader->loadClass('App\\Controllers\\Home')
 4 SYSTEMPATH\CodeIgniter.php(887): class_exists('\\App\\Controllers\\Home', true)
 5 SYSTEMPATH\CodeIgniter.php(496): CodeIgniter\CodeIgniter->startController()
 6 SYSTEMPATH\CodeIgniter.php(355): CodeIgniter\CodeIgniter->handleRequest(null, Object(Config\Cache), false)
 7 SYSTEMPATH\Boot.php(325): CodeIgniter\CodeIgniter->run()
 8 SYSTEMPATH\Boot.php(67): CodeIgniter\Boot::runCodeIgniter(Object(CodeIgniter\CodeIgniter))
 9 FCPATH\index.php(56): CodeIgniter\Boot::bootWeb(Object(Config\Paths))
CRITICAL - 2025-04-17 07:39:27 --> ParseError: syntax error, unexpected token "public"
[Method: GET, Route: admin/myproduct]
in APPPATH\Controllers\Admin\Myproduct.php on line 63.
 1 SYSTEMPATH\Autoloader\Autoloader.php(296): CodeIgniter\Autoloader\Autoloader->includeFile('C:\\xampp\\htdocs\\kara_new\\app\\Controllers\\Admin\\myProduct.php')
 2 SYSTEMPATH\Autoloader\Autoloader.php(272): CodeIgniter\Autoloader\Autoloader->loadInNamespace('App\\Controllers\\Admin\\myProduct')
 3 [internal function]: CodeIgniter\Autoloader\Autoloader->loadClass('App\\Controllers\\Admin\\myProduct')
 4 SYSTEMPATH\CodeIgniter.php(887): class_exists('\\App\\Controllers\\Admin\\myProduct', true)
 5 SYSTEMPATH\CodeIgniter.php(496): CodeIgniter\CodeIgniter->startController()
 6 SYSTEMPATH\CodeIgniter.php(355): CodeIgniter\CodeIgniter->handleRequest(null, Object(Config\Cache), false)
 7 SYSTEMPATH\Boot.php(325): CodeIgniter\CodeIgniter->run()
 8 SYSTEMPATH\Boot.php(67): CodeIgniter\Boot::runCodeIgniter(Object(CodeIgniter\CodeIgniter))
 9 FCPATH\index.php(56): CodeIgniter\Boot::bootWeb(Object(Config\Paths))
CRITICAL - 2025-04-17 08:58:37 --> ErrorException: Undefined variable $title
[Method: GET, Route: myproduct/cdbchjd]
in APPPATH\Views\home\common\header.php on line 5.
 1 APPPATH\Views\home\common\header.php(5): CodeIgniter\Debug\Exceptions->errorHandler(2, 'Undefined variable $title', 'C:\\xampp\\htdocs\\kara_new\\app\\Views\\home\\common\\header.php', 5)
 2 SYSTEMPATH\View\View.php(234): include('C:\\xampp\\htdocs\\kara_new\\app\\Views\\home\\common\\header.php')
 3 SYSTEMPATH\View\View.php(237): CodeIgniter\View\View->CodeIgniter\View\{closure}()
 4 SYSTEMPATH\Common.php(1171): CodeIgniter\View\View->render('home/common/header', [], true)
 5 APPPATH\Controllers\BaseController.php(72): view('home/common/header', [...])
 6 APPPATH\Controllers\Home.php(365): App\Controllers\BaseController->frontendLoad('myproduct-details', [...])
 7 SYSTEMPATH\CodeIgniter.php(933): App\Controllers\Home->myproduct('cdbchjd')
 8 SYSTEMPATH\CodeIgniter.php(509): CodeIgniter\CodeIgniter->runController(Object(App\Controllers\Home))
 9 SYSTEMPATH\CodeIgniter.php(355): CodeIgniter\CodeIgniter->handleRequest(null, Object(Config\Cache), false)
10 SYSTEMPATH\Boot.php(325): CodeIgniter\CodeIgniter->run()
11 SYSTEMPATH\Boot.php(67): CodeIgniter\Boot::runCodeIgniter(Object(CodeIgniter\CodeIgniter))
12 FCPATH\index.php(56): CodeIgniter\Boot::bootWeb(Object(Config\Paths))
CRITICAL - 2025-04-17 09:04:02 --> ErrorException: Undefined array key "meta_tittle"
[Method: GET, Route: myproduct/cdbchjd]
in APPPATH\Controllers\Home.php on line 348.
 1 APPPATH\Controllers\Home.php(348): CodeIgniter\Debug\Exceptions->errorHandler(2, 'Undefined array key "meta_tittle"', 'C:\\xampp\\htdocs\\kara_new\\app\\Controllers\\Home.php', 348)
 2 SYSTEMPATH\CodeIgniter.php(933): App\Controllers\Home->myproduct('cdbchjd')
 3 SYSTEMPATH\CodeIgniter.php(509): CodeIgniter\CodeIgniter->runController(Object(App\Controllers\Home))
 4 SYSTEMPATH\CodeIgniter.php(355): CodeIgniter\CodeIgniter->handleRequest(null, Object(Config\Cache), false)
 5 SYSTEMPATH\Boot.php(325): CodeIgniter\CodeIgniter->run()
 6 SYSTEMPATH\Boot.php(67): CodeIgniter\Boot::runCodeIgniter(Object(CodeIgniter\CodeIgniter))
 7 FCPATH\index.php(56): CodeIgniter\Boot::bootWeb(Object(Config\Paths))
CRITICAL - 2025-04-17 09:04:37 --> ErrorException: Undefined array key "meta_tittle"
[Method: GET, Route: myproduct/cdbchjd]
in APPPATH\Controllers\Home.php on line 348.
 1 APPPATH\Controllers\Home.php(348): CodeIgniter\Debug\Exceptions->errorHandler(2, 'Undefined array key "meta_tittle"', 'C:\\xampp\\htdocs\\kara_new\\app\\Controllers\\Home.php', 348)
 2 SYSTEMPATH\CodeIgniter.php(933): App\Controllers\Home->myproduct('cdbchjd')
 3 SYSTEMPATH\CodeIgniter.php(509): CodeIgniter\CodeIgniter->runController(Object(App\Controllers\Home))
 4 SYSTEMPATH\CodeIgniter.php(355): CodeIgniter\CodeIgniter->handleRequest(null, Object(Config\Cache), false)
 5 SYSTEMPATH\Boot.php(325): CodeIgniter\CodeIgniter->run()
 6 SYSTEMPATH\Boot.php(67): CodeIgniter\Boot::runCodeIgniter(Object(CodeIgniter\CodeIgniter))
 7 FCPATH\index.php(56): CodeIgniter\Boot::bootWeb(Object(Config\Paths))
CRITICAL - 2025-04-17 09:06:11 --> CodeIgniter\View\Exceptions\ViewException: Invalid file: "home/myproduct-details.php"
[Method: GET, Route: myproduct/cdbchjd]
in SYSTEMPATH\Exceptions\FrameworkException.php on line 41.
 1 SYSTEMPATH\View\View.php(222): CodeIgniter\Exceptions\FrameworkException::forInvalidFile('home/myproduct-details.php')
 2 SYSTEMPATH\Common.php(1171): CodeIgniter\View\View->render('home/myproduct-details', [], true)
 3 APPPATH\Controllers\BaseController.php(73): view('home/myproduct-details', [...])
 4 APPPATH\Controllers\Home.php(365): App\Controllers\BaseController->frontendLoad('myproduct-details', [...])
 5 SYSTEMPATH\CodeIgniter.php(933): App\Controllers\Home->myproduct('cdbchjd')
 6 SYSTEMPATH\CodeIgniter.php(509): CodeIgniter\CodeIgniter->runController(Object(App\Controllers\Home))
 7 SYSTEMPATH\CodeIgniter.php(355): CodeIgniter\CodeIgniter->handleRequest(null, Object(Config\Cache), false)
 8 SYSTEMPATH\Boot.php(325): CodeIgniter\CodeIgniter->run()
 9 SYSTEMPATH\Boot.php(67): CodeIgniter\Boot::runCodeIgniter(Object(CodeIgniter\CodeIgniter))
10 FCPATH\index.php(56): CodeIgniter\Boot::bootWeb(Object(Config\Paths))
CRITICAL - 2025-04-17 09:11:49 --> ErrorException: Undefined variable $product
[Method: GET, Route: myproduct/cdbchjd]
in APPPATH\Views\home\thisproduct.php on line 10.
 1 APPPATH\Views\home\thisproduct.php(10): CodeIgniter\Debug\Exceptions->errorHandler(2, 'Undefined variable $product', 'C:\\xampp\\htdocs\\kara_new\\app\\Views\\home\\thisproduct.php', 10)
 2 SYSTEMPATH\View\View.php(234): include('C:\\xampp\\htdocs\\kara_new\\app\\Views\\home\\thisproduct.php')
 3 SYSTEMPATH\View\View.php(237): CodeIgniter\View\View->CodeIgniter\View\{closure}()
 4 SYSTEMPATH\Common.php(1171): CodeIgniter\View\View->render('home/thisproduct', [], true)
 5 APPPATH\Controllers\BaseController.php(73): view('home/thisproduct', [...])
 6 APPPATH\Controllers\Home.php(365): App\Controllers\BaseController->frontendLoad('thisproduct', [...])
 7 SYSTEMPATH\CodeIgniter.php(933): App\Controllers\Home->myproduct('cdbchjd')
 8 SYSTEMPATH\CodeIgniter.php(509): CodeIgniter\CodeIgniter->runController(Object(App\Controllers\Home))
 9 SYSTEMPATH\CodeIgniter.php(355): CodeIgniter\CodeIgniter->handleRequest(null, Object(Config\Cache), false)
10 SYSTEMPATH\Boot.php(325): CodeIgniter\CodeIgniter->run()
11 SYSTEMPATH\Boot.php(67): CodeIgniter\Boot::runCodeIgniter(Object(CodeIgniter\CodeIgniter))
12 FCPATH\index.php(56): CodeIgniter\Boot::bootWeb(Object(Config\Paths))
CRITICAL - 2025-04-17 09:16:33 --> ErrorException: Undefined array key "heading"
[Method: GET, Route: myproduct/cdbchjd]
in APPPATH\Views\home\thisproduct.php on line 35.
 1 APPPATH\Views\home\thisproduct.php(35): CodeIgniter\Debug\Exceptions->errorHandler(2, 'Undefined array key "heading"', 'C:\\xampp\\htdocs\\kara_new\\app\\Views\\home\\thisproduct.php', 35)
 2 SYSTEMPATH\View\View.php(234): include('C:\\xampp\\htdocs\\kara_new\\app\\Views\\home\\thisproduct.php')
 3 SYSTEMPATH\View\View.php(237): CodeIgniter\View\View->CodeIgniter\View\{closure}()
 4 SYSTEMPATH\Common.php(1171): CodeIgniter\View\View->render('home/thisproduct', [], true)
 5 APPPATH\Controllers\BaseController.php(73): view('home/thisproduct', [...])
 6 APPPATH\Controllers\Home.php(365): App\Controllers\BaseController->frontendLoad('thisproduct', [...])
 7 SYSTEMPATH\CodeIgniter.php(933): App\Controllers\Home->myproduct('cdbchjd')
 8 SYSTEMPATH\CodeIgniter.php(509): CodeIgniter\CodeIgniter->runController(Object(App\Controllers\Home))
 9 SYSTEMPATH\CodeIgniter.php(355): CodeIgniter\CodeIgniter->handleRequest(null, Object(Config\Cache), false)
10 SYSTEMPATH\Boot.php(325): CodeIgniter\CodeIgniter->run()
11 SYSTEMPATH\Boot.php(67): CodeIgniter\Boot::runCodeIgniter(Object(CodeIgniter\CodeIgniter))
12 FCPATH\index.php(56): CodeIgniter\Boot::bootWeb(Object(Config\Paths))
CRITICAL - 2025-04-17 09:17:34 --> ErrorException: Undefined array key "category"
[Method: GET, Route: myproduct/cdbchjd]
in APPPATH\Views\home\thisproduct.php on line 51.
 1 APPPATH\Views\home\thisproduct.php(51): CodeIgniter\Debug\Exceptions->errorHandler(2, 'Undefined array key "category"', 'C:\\xampp\\htdocs\\kara_new\\app\\Views\\home\\thisproduct.php', 51)
 2 SYSTEMPATH\View\View.php(234): include('C:\\xampp\\htdocs\\kara_new\\app\\Views\\home\\thisproduct.php')
 3 SYSTEMPATH\View\View.php(237): CodeIgniter\View\View->CodeIgniter\View\{closure}()
 4 SYSTEMPATH\Common.php(1171): CodeIgniter\View\View->render('home/thisproduct', [], true)
 5 APPPATH\Controllers\BaseController.php(73): view('home/thisproduct', [...])
 6 APPPATH\Controllers\Home.php(365): App\Controllers\BaseController->frontendLoad('thisproduct', [...])
 7 SYSTEMPATH\CodeIgniter.php(933): App\Controllers\Home->myproduct('cdbchjd')
 8 SYSTEMPATH\CodeIgniter.php(509): CodeIgniter\CodeIgniter->runController(Object(App\Controllers\Home))
 9 SYSTEMPATH\CodeIgniter.php(355): CodeIgniter\CodeIgniter->handleRequest(null, Object(Config\Cache), false)
10 SYSTEMPATH\Boot.php(325): CodeIgniter\CodeIgniter->run()
11 SYSTEMPATH\Boot.php(67): CodeIgniter\Boot::runCodeIgniter(Object(CodeIgniter\CodeIgniter))
12 FCPATH\index.php(56): CodeIgniter\Boot::bootWeb(Object(Config\Paths))
CRITICAL - 2025-04-17 09:18:31 --> ErrorException: Undefined array key "content"
[Method: GET, Route: myproduct/cdbchjd]
in APPPATH\Views\home\thisproduct.php on line 51.
 1 APPPATH\Views\home\thisproduct.php(51): CodeIgniter\Debug\Exceptions->errorHandler(2, 'Undefined array key "content"', 'C:\\xampp\\htdocs\\kara_new\\app\\Views\\home\\thisproduct.php', 51)
 2 SYSTEMPATH\View\View.php(234): include('C:\\xampp\\htdocs\\kara_new\\app\\Views\\home\\thisproduct.php')
 3 SYSTEMPATH\View\View.php(237): CodeIgniter\View\View->CodeIgniter\View\{closure}()
 4 SYSTEMPATH\Common.php(1171): CodeIgniter\View\View->render('home/thisproduct', [], true)
 5 APPPATH\Controllers\BaseController.php(73): view('home/thisproduct', [...])
 6 APPPATH\Controllers\Home.php(365): App\Controllers\BaseController->frontendLoad('thisproduct', [...])
 7 SYSTEMPATH\CodeIgniter.php(933): App\Controllers\Home->myproduct('cdbchjd')
 8 SYSTEMPATH\CodeIgniter.php(509): CodeIgniter\CodeIgniter->runController(Object(App\Controllers\Home))
 9 SYSTEMPATH\CodeIgniter.php(355): CodeIgniter\CodeIgniter->handleRequest(null, Object(Config\Cache), false)
10 SYSTEMPATH\Boot.php(325): CodeIgniter\CodeIgniter->run()
11 SYSTEMPATH\Boot.php(67): CodeIgniter\Boot::runCodeIgniter(Object(CodeIgniter\CodeIgniter))
12 FCPATH\index.php(56): CodeIgniter\Boot::bootWeb(Object(Config\Paths))
CRITICAL - 2025-04-17 09:19:04 --> ErrorException: Undefined variable $productList
[Method: GET, Route: myproduct/cdbchjd]
in APPPATH\Views\home\thisproduct.php on line 192.
 1 APPPATH\Views\home\thisproduct.php(192): CodeIgniter\Debug\Exceptions->errorHandler(2, 'Undefined variable $productList', 'C:\\xampp\\htdocs\\kara_new\\app\\Views\\home\\thisproduct.php', 192)
 2 SYSTEMPATH\View\View.php(234): include('C:\\xampp\\htdocs\\kara_new\\app\\Views\\home\\thisproduct.php')
 3 SYSTEMPATH\View\View.php(237): CodeIgniter\View\View->CodeIgniter\View\{closure}()
 4 SYSTEMPATH\Common.php(1171): CodeIgniter\View\View->render('home/thisproduct', [], true)
 5 APPPATH\Controllers\BaseController.php(73): view('home/thisproduct', [...])
 6 APPPATH\Controllers\Home.php(365): App\Controllers\BaseController->frontendLoad('thisproduct', [...])
 7 SYSTEMPATH\CodeIgniter.php(933): App\Controllers\Home->myproduct('cdbchjd')
 8 SYSTEMPATH\CodeIgniter.php(509): CodeIgniter\CodeIgniter->runController(Object(App\Controllers\Home))
 9 SYSTEMPATH\CodeIgniter.php(355): CodeIgniter\CodeIgniter->handleRequest(null, Object(Config\Cache), false)
10 SYSTEMPATH\Boot.php(325): CodeIgniter\CodeIgniter->run()
11 SYSTEMPATH\Boot.php(67): CodeIgniter\Boot::runCodeIgniter(Object(CodeIgniter\CodeIgniter))
12 FCPATH\index.php(56): CodeIgniter\Boot::bootWeb(Object(Config\Paths))
CRITICAL - 2025-04-17 09:22:19 --> ParseError: Unmatched '}'
[Method: GET, Route: myproduct/cdbchjd]
in APPPATH\Views\home\thisproduct.php on line 191.
 1 SYSTEMPATH\View\View.php(237): CodeIgniter\View\View->CodeIgniter\View\{closure}()
 2 SYSTEMPATH\Common.php(1171): CodeIgniter\View\View->render('home/thisproduct', [], true)
 3 APPPATH\Controllers\BaseController.php(73): view('home/thisproduct', [...])
 4 APPPATH\Controllers\Home.php(365): App\Controllers\BaseController->frontendLoad('thisproduct', [...])
 5 SYSTEMPATH\CodeIgniter.php(933): App\Controllers\Home->myproduct('cdbchjd')
 6 SYSTEMPATH\CodeIgniter.php(509): CodeIgniter\CodeIgniter->runController(Object(App\Controllers\Home))
 7 SYSTEMPATH\CodeIgniter.php(355): CodeIgniter\CodeIgniter->handleRequest(null, Object(Config\Cache), false)
 8 SYSTEMPATH\Boot.php(325): CodeIgniter\CodeIgniter->run()
 9 SYSTEMPATH\Boot.php(67): CodeIgniter\Boot::runCodeIgniter(Object(CodeIgniter\CodeIgniter))
10 FCPATH\index.php(56): CodeIgniter\Boot::bootWeb(Object(Config\Paths))
CRITICAL - 2025-04-17 09:22:36 --> ErrorException: Undefined array key "slug"
[Method: GET, Route: myproduct/cdbchjd]
in APPPATH\Views\home\thisproduct.php on line 225.
 1 APPPATH\Views\home\thisproduct.php(225): CodeIgniter\Debug\Exceptions->errorHandler(2, 'Undefined array key "slug"', 'C:\\xampp\\htdocs\\kara_new\\app\\Views\\home\\thisproduct.php', 225)
 2 SYSTEMPATH\View\View.php(234): include('C:\\xampp\\htdocs\\kara_new\\app\\Views\\home\\thisproduct.php')
 3 SYSTEMPATH\View\View.php(237): CodeIgniter\View\View->CodeIgniter\View\{closure}()
 4 SYSTEMPATH\Common.php(1171): CodeIgniter\View\View->render('home/thisproduct', [], true)
 5 APPPATH\Controllers\BaseController.php(73): view('home/thisproduct', [...])
 6 APPPATH\Controllers\Home.php(365): App\Controllers\BaseController->frontendLoad('thisproduct', [...])
 7 SYSTEMPATH\CodeIgniter.php(933): App\Controllers\Home->myproduct('cdbchjd')
 8 SYSTEMPATH\CodeIgniter.php(509): CodeIgniter\CodeIgniter->runController(Object(App\Controllers\Home))
 9 SYSTEMPATH\CodeIgniter.php(355): CodeIgniter\CodeIgniter->handleRequest(null, Object(Config\Cache), false)
10 SYSTEMPATH\Boot.php(325): CodeIgniter\CodeIgniter->run()
11 SYSTEMPATH\Boot.php(67): CodeIgniter\Boot::runCodeIgniter(Object(CodeIgniter\CodeIgniter))
12 FCPATH\index.php(56): CodeIgniter\Boot::bootWeb(Object(Config\Paths))
CRITICAL - 2025-04-17 09:24:06 --> ErrorException: Undefined variable $productList
[Method: GET, Route: myproduct/cdbchjd]
in APPPATH\Views\home\thisproduct.php on line 192.
 1 APPPATH\Views\home\thisproduct.php(192): CodeIgniter\Debug\Exceptions->errorHandler(2, 'Undefined variable $productList', 'C:\\xampp\\htdocs\\kara_new\\app\\Views\\home\\thisproduct.php', 192)
 2 SYSTEMPATH\View\View.php(234): include('C:\\xampp\\htdocs\\kara_new\\app\\Views\\home\\thisproduct.php')
 3 SYSTEMPATH\View\View.php(237): CodeIgniter\View\View->CodeIgniter\View\{closure}()
 4 SYSTEMPATH\Common.php(1171): CodeIgniter\View\View->render('home/thisproduct', [], true)
 5 APPPATH\Controllers\BaseController.php(73): view('home/thisproduct', [...])
 6 APPPATH\Controllers\Home.php(365): App\Controllers\BaseController->frontendLoad('thisproduct', [...])
 7 SYSTEMPATH\CodeIgniter.php(933): App\Controllers\Home->myproduct('cdbchjd')
 8 SYSTEMPATH\CodeIgniter.php(509): CodeIgniter\CodeIgniter->runController(Object(App\Controllers\Home))
 9 SYSTEMPATH\CodeIgniter.php(355): CodeIgniter\CodeIgniter->handleRequest(null, Object(Config\Cache), false)
10 SYSTEMPATH\Boot.php(325): CodeIgniter\CodeIgniter->run()
11 SYSTEMPATH\Boot.php(67): CodeIgniter\Boot::runCodeIgniter(Object(CodeIgniter\CodeIgniter))
12 FCPATH\index.php(56): CodeIgniter\Boot::bootWeb(Object(Config\Paths))
CRITICAL - 2025-04-17 09:27:35 --> ErrorException: Undefined array key "slug"
[Method: GET, Route: myproduct/cdbchjd]
in APPPATH\Views\home\thisproduct.php on line 196.
 1 APPPATH\Views\home\thisproduct.php(196): CodeIgniter\Debug\Exceptions->errorHandler(2, 'Undefined array key "slug"', 'C:\\xampp\\htdocs\\kara_new\\app\\Views\\home\\thisproduct.php', 196)
 2 SYSTEMPATH\View\View.php(234): include('C:\\xampp\\htdocs\\kara_new\\app\\Views\\home\\thisproduct.php')
 3 SYSTEMPATH\View\View.php(237): CodeIgniter\View\View->CodeIgniter\View\{closure}()
 4 SYSTEMPATH\Common.php(1171): CodeIgniter\View\View->render('home/thisproduct', [], true)
 5 APPPATH\Controllers\BaseController.php(73): view('home/thisproduct', [...])
 6 APPPATH\Controllers\Home.php(365): App\Controllers\BaseController->frontendLoad('thisproduct', [...])
 7 SYSTEMPATH\CodeIgniter.php(933): App\Controllers\Home->myproduct('cdbchjd')
 8 SYSTEMPATH\CodeIgniter.php(509): CodeIgniter\CodeIgniter->runController(Object(App\Controllers\Home))
 9 SYSTEMPATH\CodeIgniter.php(355): CodeIgniter\CodeIgniter->handleRequest(null, Object(Config\Cache), false)
10 SYSTEMPATH\Boot.php(325): CodeIgniter\CodeIgniter->run()
11 SYSTEMPATH\Boot.php(67): CodeIgniter\Boot::runCodeIgniter(Object(CodeIgniter\CodeIgniter))
12 FCPATH\index.php(56): CodeIgniter\Boot::bootWeb(Object(Config\Paths))
CRITICAL - 2025-04-17 09:28:13 --> ErrorException: Undefined array key "slug"
[Method: GET, Route: myproduct/cdbchjd]
in APPPATH\Views\home\thisproduct.php on line 196.
 1 APPPATH\Views\home\thisproduct.php(196): CodeIgniter\Debug\Exceptions->errorHandler(2, 'Undefined array key "slug"', 'C:\\xampp\\htdocs\\kara_new\\app\\Views\\home\\thisproduct.php', 196)
 2 SYSTEMPATH\View\View.php(234): include('C:\\xampp\\htdocs\\kara_new\\app\\Views\\home\\thisproduct.php')
 3 SYSTEMPATH\View\View.php(237): CodeIgniter\View\View->CodeIgniter\View\{closure}()
 4 SYSTEMPATH\Common.php(1171): CodeIgniter\View\View->render('home/thisproduct', [], true)
 5 APPPATH\Controllers\BaseController.php(73): view('home/thisproduct', [...])
 6 APPPATH\Controllers\Home.php(365): App\Controllers\BaseController->frontendLoad('thisproduct', [...])
 7 SYSTEMPATH\CodeIgniter.php(933): App\Controllers\Home->myproduct('cdbchjd')
 8 SYSTEMPATH\CodeIgniter.php(509): CodeIgniter\CodeIgniter->runController(Object(App\Controllers\Home))
 9 SYSTEMPATH\CodeIgniter.php(355): CodeIgniter\CodeIgniter->handleRequest(null, Object(Config\Cache), false)
10 SYSTEMPATH\Boot.php(325): CodeIgniter\CodeIgniter->run()
11 SYSTEMPATH\Boot.php(67): CodeIgniter\Boot::runCodeIgniter(Object(CodeIgniter\CodeIgniter))
12 FCPATH\index.php(56): CodeIgniter\Boot::bootWeb(Object(Config\Paths))
CRITICAL - 2025-04-17 09:29:13 --> ErrorException: Undefined array key "slug"
[Method: GET, Route: myproduct/cdbchjd]
in APPPATH\Views\home\thisproduct.php on line 196.
 1 APPPATH\Views\home\thisproduct.php(196): CodeIgniter\Debug\Exceptions->errorHandler(2, 'Undefined array key "slug"', 'C:\\xampp\\htdocs\\kara_new\\app\\Views\\home\\thisproduct.php', 196)
 2 SYSTEMPATH\View\View.php(234): include('C:\\xampp\\htdocs\\kara_new\\app\\Views\\home\\thisproduct.php')
 3 SYSTEMPATH\View\View.php(237): CodeIgniter\View\View->CodeIgniter\View\{closure}()
 4 SYSTEMPATH\Common.php(1171): CodeIgniter\View\View->render('home/thisproduct', [], true)
 5 APPPATH\Controllers\BaseController.php(73): view('home/thisproduct', [...])
 6 APPPATH\Controllers\Home.php(365): App\Controllers\BaseController->frontendLoad('thisproduct', [...])
 7 SYSTEMPATH\CodeIgniter.php(933): App\Controllers\Home->myproduct('cdbchjd')
 8 SYSTEMPATH\CodeIgniter.php(509): CodeIgniter\CodeIgniter->runController(Object(App\Controllers\Home))
 9 SYSTEMPATH\CodeIgniter.php(355): CodeIgniter\CodeIgniter->handleRequest(null, Object(Config\Cache), false)
10 SYSTEMPATH\Boot.php(325): CodeIgniter\CodeIgniter->run()
11 SYSTEMPATH\Boot.php(67): CodeIgniter\Boot::runCodeIgniter(Object(CodeIgniter\CodeIgniter))
12 FCPATH\index.php(56): CodeIgniter\Boot::bootWeb(Object(Config\Paths))
CRITICAL - 2025-04-17 09:29:20 --> ErrorException: Undefined array key "slug"
[Method: GET, Route: myproduct/cdbchjd]
in APPPATH\Views\home\thisproduct.php on line 196.
 1 APPPATH\Views\home\thisproduct.php(196): CodeIgniter\Debug\Exceptions->errorHandler(2, 'Undefined array key "slug"', 'C:\\xampp\\htdocs\\kara_new\\app\\Views\\home\\thisproduct.php', 196)
 2 SYSTEMPATH\View\View.php(234): include('C:\\xampp\\htdocs\\kara_new\\app\\Views\\home\\thisproduct.php')
 3 SYSTEMPATH\View\View.php(237): CodeIgniter\View\View->CodeIgniter\View\{closure}()
 4 SYSTEMPATH\Common.php(1171): CodeIgniter\View\View->render('home/thisproduct', [], true)
 5 APPPATH\Controllers\BaseController.php(73): view('home/thisproduct', [...])
 6 APPPATH\Controllers\Home.php(365): App\Controllers\BaseController->frontendLoad('thisproduct', [...])
 7 SYSTEMPATH\CodeIgniter.php(933): App\Controllers\Home->myproduct('cdbchjd')
 8 SYSTEMPATH\CodeIgniter.php(509): CodeIgniter\CodeIgniter->runController(Object(App\Controllers\Home))
 9 SYSTEMPATH\CodeIgniter.php(355): CodeIgniter\CodeIgniter->handleRequest(null, Object(Config\Cache), false)
10 SYSTEMPATH\Boot.php(325): CodeIgniter\CodeIgniter->run()
11 SYSTEMPATH\Boot.php(67): CodeIgniter\Boot::runCodeIgniter(Object(CodeIgniter\CodeIgniter))
12 FCPATH\index.php(56): CodeIgniter\Boot::bootWeb(Object(Config\Paths))
CRITICAL - 2025-04-17 09:30:02 --> ErrorException: Undefined array key "slug"
[Method: GET, Route: myproduct/cdbchjd]
in APPPATH\Views\home\thisproduct.php on line 196.
 1 APPPATH\Views\home\thisproduct.php(196): CodeIgniter\Debug\Exceptions->errorHandler(2, 'Undefined array key "slug"', 'C:\\xampp\\htdocs\\kara_new\\app\\Views\\home\\thisproduct.php', 196)
 2 SYSTEMPATH\View\View.php(234): include('C:\\xampp\\htdocs\\kara_new\\app\\Views\\home\\thisproduct.php')
 3 SYSTEMPATH\View\View.php(237): CodeIgniter\View\View->CodeIgniter\View\{closure}()
 4 SYSTEMPATH\Common.php(1171): CodeIgniter\View\View->render('home/thisproduct', [], true)
 5 APPPATH\Controllers\BaseController.php(73): view('home/thisproduct', [...])
 6 APPPATH\Controllers\Home.php(365): App\Controllers\BaseController->frontendLoad('thisproduct', [...])
 7 SYSTEMPATH\CodeIgniter.php(933): App\Controllers\Home->myproduct('cdbchjd')
 8 SYSTEMPATH\CodeIgniter.php(509): CodeIgniter\CodeIgniter->runController(Object(App\Controllers\Home))
 9 SYSTEMPATH\CodeIgniter.php(355): CodeIgniter\CodeIgniter->handleRequest(null, Object(Config\Cache), false)
10 SYSTEMPATH\Boot.php(325): CodeIgniter\CodeIgniter->run()
11 SYSTEMPATH\Boot.php(67): CodeIgniter\Boot::runCodeIgniter(Object(CodeIgniter\CodeIgniter))
12 FCPATH\index.php(56): CodeIgniter\Boot::bootWeb(Object(Config\Paths))
CRITICAL - 2025-04-17 09:30:38 --> Error: Call to undefined function myproduct()
[Method: GET, Route: myproduct/cdbchjd]
in APPPATH\Views\home\thisproduct.php on line 190.
 1 SYSTEMPATH\View\View.php(234): include()
 2 SYSTEMPATH\View\View.php(237): CodeIgniter\View\View->CodeIgniter\View\{closure}()
 3 SYSTEMPATH\Common.php(1171): CodeIgniter\View\View->render('home/thisproduct', [], true)
 4 APPPATH\Controllers\BaseController.php(73): view('home/thisproduct', [...])
 5 APPPATH\Controllers\Home.php(365): App\Controllers\BaseController->frontendLoad('thisproduct', [...])
 6 SYSTEMPATH\CodeIgniter.php(933): App\Controllers\Home->myproduct('cdbchjd')
 7 SYSTEMPATH\CodeIgniter.php(509): CodeIgniter\CodeIgniter->runController(Object(App\Controllers\Home))
 8 SYSTEMPATH\CodeIgniter.php(355): CodeIgniter\CodeIgniter->handleRequest(null, Object(Config\Cache), false)
 9 SYSTEMPATH\Boot.php(325): CodeIgniter\CodeIgniter->run()
10 SYSTEMPATH\Boot.php(67): CodeIgniter\Boot::runCodeIgniter(Object(CodeIgniter\CodeIgniter))
11 FCPATH\index.php(56): CodeIgniter\Boot::bootWeb(Object(Config\Paths))
CRITICAL - 2025-04-17 09:30:49 --> ErrorException: Undefined array key "slug"
[Method: GET, Route: myproduct/cdbchjd]
in APPPATH\Views\home\thisproduct.php on line 196.
 1 APPPATH\Views\home\thisproduct.php(196): CodeIgniter\Debug\Exceptions->errorHandler(2, 'Undefined array key "slug"', 'C:\\xampp\\htdocs\\kara_new\\app\\Views\\home\\thisproduct.php', 196)
 2 SYSTEMPATH\View\View.php(234): include('C:\\xampp\\htdocs\\kara_new\\app\\Views\\home\\thisproduct.php')
 3 SYSTEMPATH\View\View.php(237): CodeIgniter\View\View->CodeIgniter\View\{closure}()
 4 SYSTEMPATH\Common.php(1171): CodeIgniter\View\View->render('home/thisproduct', [], true)
 5 APPPATH\Controllers\BaseController.php(73): view('home/thisproduct', [...])
 6 APPPATH\Controllers\Home.php(365): App\Controllers\BaseController->frontendLoad('thisproduct', [...])
 7 SYSTEMPATH\CodeIgniter.php(933): App\Controllers\Home->myproduct('cdbchjd')
 8 SYSTEMPATH\CodeIgniter.php(509): CodeIgniter\CodeIgniter->runController(Object(App\Controllers\Home))
 9 SYSTEMPATH\CodeIgniter.php(355): CodeIgniter\CodeIgniter->handleRequest(null, Object(Config\Cache), false)
10 SYSTEMPATH\Boot.php(325): CodeIgniter\CodeIgniter->run()
11 SYSTEMPATH\Boot.php(67): CodeIgniter\Boot::runCodeIgniter(Object(CodeIgniter\CodeIgniter))
12 FCPATH\index.php(56): CodeIgniter\Boot::bootWeb(Object(Config\Paths))
CRITICAL - 2025-04-17 09:34:02 --> Error: Call to undefined function myproduct()
[Method: GET, Route: myproduct/cdbchjd]
in APPPATH\Views\home\thisproduct.php on line 190.
 1 SYSTEMPATH\View\View.php(234): include()
 2 SYSTEMPATH\View\View.php(237): CodeIgniter\View\View->CodeIgniter\View\{closure}()
 3 SYSTEMPATH\Common.php(1171): CodeIgniter\View\View->render('home/thisproduct', [], true)
 4 APPPATH\Controllers\BaseController.php(73): view('home/thisproduct', [...])
 5 APPPATH\Controllers\Home.php(365): App\Controllers\BaseController->frontendLoad('thisproduct', [...])
 6 SYSTEMPATH\CodeIgniter.php(933): App\Controllers\Home->myproduct('cdbchjd')
 7 SYSTEMPATH\CodeIgniter.php(509): CodeIgniter\CodeIgniter->runController(Object(App\Controllers\Home))
 8 SYSTEMPATH\CodeIgniter.php(355): CodeIgniter\CodeIgniter->handleRequest(null, Object(Config\Cache), false)
 9 SYSTEMPATH\Boot.php(325): CodeIgniter\CodeIgniter->run()
10 SYSTEMPATH\Boot.php(67): CodeIgniter\Boot::runCodeIgniter(Object(CodeIgniter\CodeIgniter))
11 FCPATH\index.php(56): CodeIgniter\Boot::bootWeb(Object(Config\Paths))
CRITICAL - 2025-04-17 09:34:49 --> ErrorException: Undefined array key "slug"
[Method: GET, Route: myproduct/cdbchjd]
in APPPATH\Views\home\thisproduct.php on line 196.
 1 APPPATH\Views\home\thisproduct.php(196): CodeIgniter\Debug\Exceptions->errorHandler(2, 'Undefined array key "slug"', 'C:\\xampp\\htdocs\\kara_new\\app\\Views\\home\\thisproduct.php', 196)
 2 SYSTEMPATH\View\View.php(234): include('C:\\xampp\\htdocs\\kara_new\\app\\Views\\home\\thisproduct.php')
 3 SYSTEMPATH\View\View.php(237): CodeIgniter\View\View->CodeIgniter\View\{closure}()
 4 SYSTEMPATH\Common.php(1171): CodeIgniter\View\View->render('home/thisproduct', [], true)
 5 APPPATH\Controllers\BaseController.php(73): view('home/thisproduct', [...])
 6 APPPATH\Controllers\Home.php(365): App\Controllers\BaseController->frontendLoad('thisproduct', [...])
 7 SYSTEMPATH\CodeIgniter.php(933): App\Controllers\Home->myproduct('cdbchjd')
 8 SYSTEMPATH\CodeIgniter.php(509): CodeIgniter\CodeIgniter->runController(Object(App\Controllers\Home))
 9 SYSTEMPATH\CodeIgniter.php(355): CodeIgniter\CodeIgniter->handleRequest(null, Object(Config\Cache), false)
10 SYSTEMPATH\Boot.php(325): CodeIgniter\CodeIgniter->run()
11 SYSTEMPATH\Boot.php(67): CodeIgniter\Boot::runCodeIgniter(Object(CodeIgniter\CodeIgniter))
12 FCPATH\index.php(56): CodeIgniter\Boot::bootWeb(Object(Config\Paths))
CRITICAL - 2025-04-17 09:35:14 --> ErrorException: Undefined array key "slug"
[Method: GET, Route: myproduct/cdbchjd]
in APPPATH\Views\home\thisproduct.php on line 196.
 1 APPPATH\Views\home\thisproduct.php(196): CodeIgniter\Debug\Exceptions->errorHandler(2, 'Undefined array key "slug"', 'C:\\xampp\\htdocs\\kara_new\\app\\Views\\home\\thisproduct.php', 196)
 2 SYSTEMPATH\View\View.php(234): include('C:\\xampp\\htdocs\\kara_new\\app\\Views\\home\\thisproduct.php')
 3 SYSTEMPATH\View\View.php(237): CodeIgniter\View\View->CodeIgniter\View\{closure}()
 4 SYSTEMPATH\Common.php(1171): CodeIgniter\View\View->render('home/thisproduct', [], true)
 5 APPPATH\Controllers\BaseController.php(73): view('home/thisproduct', [...])
 6 APPPATH\Controllers\Home.php(365): App\Controllers\BaseController->frontendLoad('thisproduct', [...])
 7 SYSTEMPATH\CodeIgniter.php(933): App\Controllers\Home->myproduct('cdbchjd')
 8 SYSTEMPATH\CodeIgniter.php(509): CodeIgniter\CodeIgniter->runController(Object(App\Controllers\Home))
 9 SYSTEMPATH\CodeIgniter.php(355): CodeIgniter\CodeIgniter->handleRequest(null, Object(Config\Cache), false)
10 SYSTEMPATH\Boot.php(325): CodeIgniter\CodeIgniter->run()
11 SYSTEMPATH\Boot.php(67): CodeIgniter\Boot::runCodeIgniter(Object(CodeIgniter\CodeIgniter))
12 FCPATH\index.php(56): CodeIgniter\Boot::bootWeb(Object(Config\Paths))
CRITICAL - 2025-04-17 09:36:10 --> ErrorException: Undefined array key "slug"
[Method: GET, Route: myproduct/cdbchjd]
in APPPATH\Views\home\thisproduct.php on line 196.
 1 APPPATH\Views\home\thisproduct.php(196): CodeIgniter\Debug\Exceptions->errorHandler(2, 'Undefined array key "slug"', 'C:\\xampp\\htdocs\\kara_new\\app\\Views\\home\\thisproduct.php', 196)
 2 SYSTEMPATH\View\View.php(234): include('C:\\xampp\\htdocs\\kara_new\\app\\Views\\home\\thisproduct.php')
 3 SYSTEMPATH\View\View.php(237): CodeIgniter\View\View->CodeIgniter\View\{closure}()
 4 SYSTEMPATH\Common.php(1171): CodeIgniter\View\View->render('home/thisproduct', [], true)
 5 APPPATH\Controllers\BaseController.php(73): view('home/thisproduct', [...])
 6 APPPATH\Controllers\Home.php(365): App\Controllers\BaseController->frontendLoad('thisproduct', [...])
 7 SYSTEMPATH\CodeIgniter.php(933): App\Controllers\Home->myproduct('cdbchjd')
 8 SYSTEMPATH\CodeIgniter.php(509): CodeIgniter\CodeIgniter->runController(Object(App\Controllers\Home))
 9 SYSTEMPATH\CodeIgniter.php(355): CodeIgniter\CodeIgniter->handleRequest(null, Object(Config\Cache), false)
10 SYSTEMPATH\Boot.php(325): CodeIgniter\CodeIgniter->run()
11 SYSTEMPATH\Boot.php(67): CodeIgniter\Boot::runCodeIgniter(Object(CodeIgniter\CodeIgniter))
12 FCPATH\index.php(56): CodeIgniter\Boot::bootWeb(Object(Config\Paths))
CRITICAL - 2025-04-17 09:37:59 --> ErrorException: Undefined variable $product
[Method: GET, Route: myproduct/cdbchjd]
in APPPATH\Views\home\thisproduct.php on line 204.
 1 APPPATH\Views\home\thisproduct.php(204): CodeIgniter\Debug\Exceptions->errorHandler(2, 'Undefined variable $product', 'C:\\xampp\\htdocs\\kara_new\\app\\Views\\home\\thisproduct.php', 204)
 2 SYSTEMPATH\View\View.php(234): include('C:\\xampp\\htdocs\\kara_new\\app\\Views\\home\\thisproduct.php')
 3 SYSTEMPATH\View\View.php(237): CodeIgniter\View\View->CodeIgniter\View\{closure}()
 4 SYSTEMPATH\Common.php(1171): CodeIgniter\View\View->render('home/thisproduct', [], true)
 5 APPPATH\Controllers\BaseController.php(73): view('home/thisproduct', [...])
 6 APPPATH\Controllers\Home.php(365): App\Controllers\BaseController->frontendLoad('thisproduct', [...])
 7 SYSTEMPATH\CodeIgniter.php(933): App\Controllers\Home->myproduct('cdbchjd')
 8 SYSTEMPATH\CodeIgniter.php(509): CodeIgniter\CodeIgniter->runController(Object(App\Controllers\Home))
 9 SYSTEMPATH\CodeIgniter.php(355): CodeIgniter\CodeIgniter->handleRequest(null, Object(Config\Cache), false)
10 SYSTEMPATH\Boot.php(325): CodeIgniter\CodeIgniter->run()
11 SYSTEMPATH\Boot.php(67): CodeIgniter\Boot::runCodeIgniter(Object(CodeIgniter\CodeIgniter))
12 FCPATH\index.php(56): CodeIgniter\Boot::bootWeb(Object(Config\Paths))
CRITICAL - 2025-04-17 09:38:36 --> ErrorException: Undefined array key "slug"
[Method: GET, Route: myproduct/cdbchjd]
in APPPATH\Views\home\thisproduct.php on line 204.
 1 APPPATH\Views\home\thisproduct.php(204): CodeIgniter\Debug\Exceptions->errorHandler(2, 'Undefined array key "slug"', 'C:\\xampp\\htdocs\\kara_new\\app\\Views\\home\\thisproduct.php', 204)
 2 SYSTEMPATH\View\View.php(234): include('C:\\xampp\\htdocs\\kara_new\\app\\Views\\home\\thisproduct.php')
 3 SYSTEMPATH\View\View.php(237): CodeIgniter\View\View->CodeIgniter\View\{closure}()
 4 SYSTEMPATH\Common.php(1171): CodeIgniter\View\View->render('home/thisproduct', [], true)
 5 APPPATH\Controllers\BaseController.php(73): view('home/thisproduct', [...])
 6 APPPATH\Controllers\Home.php(365): App\Controllers\BaseController->frontendLoad('thisproduct', [...])
 7 SYSTEMPATH\CodeIgniter.php(933): App\Controllers\Home->myproduct('cdbchjd')
 8 SYSTEMPATH\CodeIgniter.php(509): CodeIgniter\CodeIgniter->runController(Object(App\Controllers\Home))
 9 SYSTEMPATH\CodeIgniter.php(355): CodeIgniter\CodeIgniter->handleRequest(null, Object(Config\Cache), false)
10 SYSTEMPATH\Boot.php(325): CodeIgniter\CodeIgniter->run()
11 SYSTEMPATH\Boot.php(67): CodeIgniter\Boot::runCodeIgniter(Object(CodeIgniter\CodeIgniter))
12 FCPATH\index.php(56): CodeIgniter\Boot::bootWeb(Object(Config\Paths))
CRITICAL - 2025-04-17 09:39:35 --> ErrorException: Undefined array key "slug"
[Method: GET, Route: myproduct/cdbchjd]
in APPPATH\Views\home\thisproduct.php on line 204.
 1 APPPATH\Views\home\thisproduct.php(204): CodeIgniter\Debug\Exceptions->errorHandler(2, 'Undefined array key "slug"', 'C:\\xampp\\htdocs\\kara_new\\app\\Views\\home\\thisproduct.php', 204)
 2 SYSTEMPATH\View\View.php(234): include('C:\\xampp\\htdocs\\kara_new\\app\\Views\\home\\thisproduct.php')
 3 SYSTEMPATH\View\View.php(237): CodeIgniter\View\View->CodeIgniter\View\{closure}()
 4 SYSTEMPATH\Common.php(1171): CodeIgniter\View\View->render('home/thisproduct', [], true)
 5 APPPATH\Controllers\BaseController.php(73): view('home/thisproduct', [...])
 6 APPPATH\Controllers\Home.php(365): App\Controllers\BaseController->frontendLoad('thisproduct', [...])
 7 SYSTEMPATH\CodeIgniter.php(933): App\Controllers\Home->myproduct('cdbchjd')
 8 SYSTEMPATH\CodeIgniter.php(509): CodeIgniter\CodeIgniter->runController(Object(App\Controllers\Home))
 9 SYSTEMPATH\CodeIgniter.php(355): CodeIgniter\CodeIgniter->handleRequest(null, Object(Config\Cache), false)
10 SYSTEMPATH\Boot.php(325): CodeIgniter\CodeIgniter->run()
11 SYSTEMPATH\Boot.php(67): CodeIgniter\Boot::runCodeIgniter(Object(CodeIgniter\CodeIgniter))
12 FCPATH\index.php(56): CodeIgniter\Boot::bootWeb(Object(Config\Paths))
CRITICAL - 2025-04-17 09:39:51 --> ErrorException: Undefined array key "slug"
[Method: GET, Route: myproduct/cdbchjd]
in APPPATH\Views\home\thisproduct.php on line 242.
 1 APPPATH\Views\home\thisproduct.php(242): CodeIgniter\Debug\Exceptions->errorHandler(2, 'Undefined array key "slug"', 'C:\\xampp\\htdocs\\kara_new\\app\\Views\\home\\thisproduct.php', 242)
 2 SYSTEMPATH\View\View.php(234): include('C:\\xampp\\htdocs\\kara_new\\app\\Views\\home\\thisproduct.php')
 3 SYSTEMPATH\View\View.php(237): CodeIgniter\View\View->CodeIgniter\View\{closure}()
 4 SYSTEMPATH\Common.php(1171): CodeIgniter\View\View->render('home/thisproduct', [], true)
 5 APPPATH\Controllers\BaseController.php(73): view('home/thisproduct', [...])
 6 APPPATH\Controllers\Home.php(365): App\Controllers\BaseController->frontendLoad('thisproduct', [...])
 7 SYSTEMPATH\CodeIgniter.php(933): App\Controllers\Home->myproduct('cdbchjd')
 8 SYSTEMPATH\CodeIgniter.php(509): CodeIgniter\CodeIgniter->runController(Object(App\Controllers\Home))
 9 SYSTEMPATH\CodeIgniter.php(355): CodeIgniter\CodeIgniter->handleRequest(null, Object(Config\Cache), false)
10 SYSTEMPATH\Boot.php(325): CodeIgniter\CodeIgniter->run()
11 SYSTEMPATH\Boot.php(67): CodeIgniter\Boot::runCodeIgniter(Object(CodeIgniter\CodeIgniter))
12 FCPATH\index.php(56): CodeIgniter\Boot::bootWeb(Object(Config\Paths))
CRITICAL - 2025-04-17 09:40:40 --> ErrorException: Undefined array key "slug"
[Method: GET, Route: myproduct/cdbchjd]
in APPPATH\Views\home\thisproduct.php on line 247.
 1 APPPATH\Views\home\thisproduct.php(247): CodeIgniter\Debug\Exceptions->errorHandler(2, 'Undefined array key "slug"', 'C:\\xampp\\htdocs\\kara_new\\app\\Views\\home\\thisproduct.php', 247)
 2 SYSTEMPATH\View\View.php(234): include('C:\\xampp\\htdocs\\kara_new\\app\\Views\\home\\thisproduct.php')
 3 SYSTEMPATH\View\View.php(237): CodeIgniter\View\View->CodeIgniter\View\{closure}()
 4 SYSTEMPATH\Common.php(1171): CodeIgniter\View\View->render('home/thisproduct', [], true)
 5 APPPATH\Controllers\BaseController.php(73): view('home/thisproduct', [...])
 6 APPPATH\Controllers\Home.php(365): App\Controllers\BaseController->frontendLoad('thisproduct', [...])
 7 SYSTEMPATH\CodeIgniter.php(933): App\Controllers\Home->myproduct('cdbchjd')
 8 SYSTEMPATH\CodeIgniter.php(509): CodeIgniter\CodeIgniter->runController(Object(App\Controllers\Home))
 9 SYSTEMPATH\CodeIgniter.php(355): CodeIgniter\CodeIgniter->handleRequest(null, Object(Config\Cache), false)
10 SYSTEMPATH\Boot.php(325): CodeIgniter\CodeIgniter->run()
11 SYSTEMPATH\Boot.php(67): CodeIgniter\Boot::runCodeIgniter(Object(CodeIgniter\CodeIgniter))
12 FCPATH\index.php(56): CodeIgniter\Boot::bootWeb(Object(Config\Paths))
CRITICAL - 2025-04-17 10:08:48 --> ErrorException: Undefined variable $product
[Method: GET, Route: myproduct/domestic-water-softener]
in APPPATH\Views\home\thisproduct.php on line 35.
 1 APPPATH\Views\home\thisproduct.php(35): CodeIgniter\Debug\Exceptions->errorHandler(2, 'Undefined variable $product', 'C:\\xampp\\htdocs\\kara_new\\app\\Views\\home\\thisproduct.php', 35)
 2 SYSTEMPATH\View\View.php(234): include('C:\\xampp\\htdocs\\kara_new\\app\\Views\\home\\thisproduct.php')
 3 SYSTEMPATH\View\View.php(237): CodeIgniter\View\View->CodeIgniter\View\{closure}()
 4 SYSTEMPATH\Common.php(1171): CodeIgniter\View\View->render('home/thisproduct', [], true)
 5 APPPATH\Controllers\BaseController.php(73): view('home/thisproduct', [...])
 6 APPPATH\Controllers\Home.php(365): App\Controllers\BaseController->frontendLoad('thisproduct', [...])
 7 SYSTEMPATH\CodeIgniter.php(933): App\Controllers\Home->myproduct('domestic-water-softener')
 8 SYSTEMPATH\CodeIgniter.php(509): CodeIgniter\CodeIgniter->runController(Object(App\Controllers\Home))
 9 SYSTEMPATH\CodeIgniter.php(355): CodeIgniter\CodeIgniter->handleRequest(null, Object(Config\Cache), false)
10 SYSTEMPATH\Boot.php(325): CodeIgniter\CodeIgniter->run()
11 SYSTEMPATH\Boot.php(67): CodeIgniter\Boot::runCodeIgniter(Object(CodeIgniter\CodeIgniter))
12 FCPATH\index.php(56): CodeIgniter\Boot::bootWeb(Object(Config\Paths))
CRITICAL - 2025-04-17 10:09:24 --> ErrorException: Undefined variable $product
[Method: GET, Route: myproduct/domestic-water-softener]
in APPPATH\Views\home\thisproduct.php on line 35.
 1 APPPATH\Views\home\thisproduct.php(35): CodeIgniter\Debug\Exceptions->errorHandler(2, 'Undefined variable $product', 'C:\\xampp\\htdocs\\kara_new\\app\\Views\\home\\thisproduct.php', 35)
 2 SYSTEMPATH\View\View.php(234): include('C:\\xampp\\htdocs\\kara_new\\app\\Views\\home\\thisproduct.php')
 3 SYSTEMPATH\View\View.php(237): CodeIgniter\View\View->CodeIgniter\View\{closure}()
 4 SYSTEMPATH\Common.php(1171): CodeIgniter\View\View->render('home/thisproduct', [], true)
 5 APPPATH\Controllers\BaseController.php(73): view('home/thisproduct', [...])
 6 APPPATH\Controllers\Home.php(365): App\Controllers\BaseController->frontendLoad('thisproduct', [...])
 7 SYSTEMPATH\CodeIgniter.php(933): App\Controllers\Home->myproduct('domestic-water-softener')
 8 SYSTEMPATH\CodeIgniter.php(509): CodeIgniter\CodeIgniter->runController(Object(App\Controllers\Home))
 9 SYSTEMPATH\CodeIgniter.php(355): CodeIgniter\CodeIgniter->handleRequest(null, Object(Config\Cache), false)
10 SYSTEMPATH\Boot.php(325): CodeIgniter\CodeIgniter->run()
11 SYSTEMPATH\Boot.php(67): CodeIgniter\Boot::runCodeIgniter(Object(CodeIgniter\CodeIgniter))
12 FCPATH\index.php(56): CodeIgniter\Boot::bootWeb(Object(Config\Paths))
CRITICAL - 2025-04-17 10:09:44 --> ErrorException: Undefined variable $product
[Method: GET, Route: myproduct/domestic-water-softener]
in APPPATH\Views\home\thisproduct.php on line 58.
 1 APPPATH\Views\home\thisproduct.php(58): CodeIgniter\Debug\Exceptions->errorHandler(2, 'Undefined variable $product', 'C:\\xampp\\htdocs\\kara_new\\app\\Views\\home\\thisproduct.php', 58)
 2 SYSTEMPATH\View\View.php(234): include('C:\\xampp\\htdocs\\kara_new\\app\\Views\\home\\thisproduct.php')
 3 SYSTEMPATH\View\View.php(237): CodeIgniter\View\View->CodeIgniter\View\{closure}()
 4 SYSTEMPATH\Common.php(1171): CodeIgniter\View\View->render('home/thisproduct', [], true)
 5 APPPATH\Controllers\BaseController.php(73): view('home/thisproduct', [...])
 6 APPPATH\Controllers\Home.php(365): App\Controllers\BaseController->frontendLoad('thisproduct', [...])
 7 SYSTEMPATH\CodeIgniter.php(933): App\Controllers\Home->myproduct('domestic-water-softener')
 8 SYSTEMPATH\CodeIgniter.php(509): CodeIgniter\CodeIgniter->runController(Object(App\Controllers\Home))
 9 SYSTEMPATH\CodeIgniter.php(355): CodeIgniter\CodeIgniter->handleRequest(null, Object(Config\Cache), false)
10 SYSTEMPATH\Boot.php(325): CodeIgniter\CodeIgniter->run()
11 SYSTEMPATH\Boot.php(67): CodeIgniter\Boot::runCodeIgniter(Object(CodeIgniter\CodeIgniter))
12 FCPATH\index.php(56): CodeIgniter\Boot::bootWeb(Object(Config\Paths))
CRITICAL - 2025-04-17 10:21:49 --> ErrorException: Trying to access array offset on value of type null
[Method: GET, Route: myproduct/hbfuwbf]
in APPPATH\Controllers\Home.php on line 348.
 1 APPPATH\Controllers\Home.php(348): CodeIgniter\Debug\Exceptions->errorHandler(2, 'Trying to access array offset on value of type null', 'C:\\xampp\\htdocs\\kara_new\\app\\Controllers\\Home.php', 348)
 2 SYSTEMPATH\CodeIgniter.php(933): App\Controllers\Home->myproduct('hbfuwbf')
 3 SYSTEMPATH\CodeIgniter.php(509): CodeIgniter\CodeIgniter->runController(Object(App\Controllers\Home))
 4 SYSTEMPATH\CodeIgniter.php(355): CodeIgniter\CodeIgniter->handleRequest(null, Object(Config\Cache), false)
 5 SYSTEMPATH\Boot.php(325): CodeIgniter\CodeIgniter->run()
 6 SYSTEMPATH\Boot.php(67): CodeIgniter\Boot::runCodeIgniter(Object(CodeIgniter\CodeIgniter))
 7 FCPATH\index.php(56): CodeIgniter\Boot::bootWeb(Object(Config\Paths))
CRITICAL - 2025-04-17 10:23:00 --> ErrorException: Trying to access array offset on value of type null
[Method: GET, Route: myproduct/hbfuwbf]
in APPPATH\Controllers\Home.php on line 348.
 1 APPPATH\Controllers\Home.php(348): CodeIgniter\Debug\Exceptions->errorHandler(2, 'Trying to access array offset on value of type null', 'C:\\xampp\\htdocs\\kara_new\\app\\Controllers\\Home.php', 348)
 2 SYSTEMPATH\CodeIgniter.php(933): App\Controllers\Home->myproduct('hbfuwbf')
 3 SYSTEMPATH\CodeIgniter.php(509): CodeIgniter\CodeIgniter->runController(Object(App\Controllers\Home))
 4 SYSTEMPATH\CodeIgniter.php(355): CodeIgniter\CodeIgniter->handleRequest(null, Object(Config\Cache), false)
 5 SYSTEMPATH\Boot.php(325): CodeIgniter\CodeIgniter->run()
 6 SYSTEMPATH\Boot.php(67): CodeIgniter\Boot::runCodeIgniter(Object(CodeIgniter\CodeIgniter))
 7 FCPATH\index.php(56): CodeIgniter\Boot::bootWeb(Object(Config\Paths))
CRITICAL - 2025-04-17 10:23:02 --> ErrorException: Trying to access array offset on value of type null
[Method: GET, Route: myproduct/hbfuwbf]
in APPPATH\Controllers\Home.php on line 348.
 1 APPPATH\Controllers\Home.php(348): CodeIgniter\Debug\Exceptions->errorHandler(2, 'Trying to access array offset on value of type null', 'C:\\xampp\\htdocs\\kara_new\\app\\Controllers\\Home.php', 348)
 2 SYSTEMPATH\CodeIgniter.php(933): App\Controllers\Home->myproduct('hbfuwbf')
 3 SYSTEMPATH\CodeIgniter.php(509): CodeIgniter\CodeIgniter->runController(Object(App\Controllers\Home))
 4 SYSTEMPATH\CodeIgniter.php(355): CodeIgniter\CodeIgniter->handleRequest(null, Object(Config\Cache), false)
 5 SYSTEMPATH\Boot.php(325): CodeIgniter\CodeIgniter->run()
 6 SYSTEMPATH\Boot.php(67): CodeIgniter\Boot::runCodeIgniter(Object(CodeIgniter\CodeIgniter))
 7 FCPATH\index.php(56): CodeIgniter\Boot::bootWeb(Object(Config\Paths))
CRITICAL - 2025-04-17 10:23:03 --> ErrorException: Trying to access array offset on value of type null
[Method: GET, Route: myproduct/hbfuwbf]
in APPPATH\Controllers\Home.php on line 348.
 1 APPPATH\Controllers\Home.php(348): CodeIgniter\Debug\Exceptions->errorHandler(2, 'Trying to access array offset on value of type null', 'C:\\xampp\\htdocs\\kara_new\\app\\Controllers\\Home.php', 348)
 2 SYSTEMPATH\CodeIgniter.php(933): App\Controllers\Home->myproduct('hbfuwbf')
 3 SYSTEMPATH\CodeIgniter.php(509): CodeIgniter\CodeIgniter->runController(Object(App\Controllers\Home))
 4 SYSTEMPATH\CodeIgniter.php(355): CodeIgniter\CodeIgniter->handleRequest(null, Object(Config\Cache), false)
 5 SYSTEMPATH\Boot.php(325): CodeIgniter\CodeIgniter->run()
 6 SYSTEMPATH\Boot.php(67): CodeIgniter\Boot::runCodeIgniter(Object(CodeIgniter\CodeIgniter))
 7 FCPATH\index.php(56): CodeIgniter\Boot::bootWeb(Object(Config\Paths))
CRITICAL - 2025-04-17 10:24:00 --> ErrorException: Trying to access array offset on value of type null
[Method: GET, Route: myproduct/hbfuwbf]
in APPPATH\Controllers\Home.php on line 348.
 1 APPPATH\Controllers\Home.php(348): CodeIgniter\Debug\Exceptions->errorHandler(2, 'Trying to access array offset on value of type null', 'C:\\xampp\\htdocs\\kara_new\\app\\Controllers\\Home.php', 348)
 2 SYSTEMPATH\CodeIgniter.php(933): App\Controllers\Home->myproduct('hbfuwbf')
 3 SYSTEMPATH\CodeIgniter.php(509): CodeIgniter\CodeIgniter->runController(Object(App\Controllers\Home))
 4 SYSTEMPATH\CodeIgniter.php(355): CodeIgniter\CodeIgniter->handleRequest(null, Object(Config\Cache), false)
 5 SYSTEMPATH\Boot.php(325): CodeIgniter\CodeIgniter->run()
 6 SYSTEMPATH\Boot.php(67): CodeIgniter\Boot::runCodeIgniter(Object(CodeIgniter\CodeIgniter))
 7 FCPATH\index.php(56): CodeIgniter\Boot::bootWeb(Object(Config\Paths))
CRITICAL - 2025-04-17 12:13:09 --> ErrorException: Undefined variable $contactData
[Method: GET, Route: contactme]
in APPPATH\Views\home\contactme.php on line 58.
 1 APPPATH\Views\home\contactme.php(58): CodeIgniter\Debug\Exceptions->errorHandler(2, 'Undefined variable $contactData', 'C:\\xampp\\htdocs\\kara_new\\app\\Views\\home\\contactme.php', 58)
 2 SYSTEMPATH\View\View.php(234): include('C:\\xampp\\htdocs\\kara_new\\app\\Views\\home\\contactme.php')
 3 SYSTEMPATH\View\View.php(237): CodeIgniter\View\View->CodeIgniter\View\{closure}()
 4 SYSTEMPATH\Common.php(1171): CodeIgniter\View\View->render('home/contactme', [], true)
 5 APPPATH\Controllers\BaseController.php(73): view('home/contactme', [...])
 6 APPPATH\Controllers\Home.php(390): App\Controllers\BaseController->frontendLoad('contactme', [...])
 7 SYSTEMPATH\CodeIgniter.php(933): App\Controllers\Home->contactme()
 8 SYSTEMPATH\CodeIgniter.php(509): CodeIgniter\CodeIgniter->runController(Object(App\Controllers\Home))
 9 SYSTEMPATH\CodeIgniter.php(355): CodeIgniter\CodeIgniter->handleRequest(null, Object(Config\Cache), false)
10 SYSTEMPATH\Boot.php(325): CodeIgniter\CodeIgniter->run()
11 SYSTEMPATH\Boot.php(67): CodeIgniter\Boot::runCodeIgniter(Object(CodeIgniter\CodeIgniter))
12 FCPATH\index.php(56): CodeIgniter\Boot::bootWeb(Object(Config\Paths))
CRITICAL - 2025-04-17 13:04:37 --> ErrorException: Undefined variable $contactData
[Method: GET, Route: contactme]
in APPPATH\Views\home\contactme.php on line 58.
 1 APPPATH\Views\home\contactme.php(58): CodeIgniter\Debug\Exceptions->errorHandler(2, 'Undefined variable $contactData', 'C:\\xampp\\htdocs\\kara_new\\app\\Views\\home\\contactme.php', 58)
 2 SYSTEMPATH\View\View.php(234): include('C:\\xampp\\htdocs\\kara_new\\app\\Views\\home\\contactme.php')
 3 SYSTEMPATH\View\View.php(237): CodeIgniter\View\View->CodeIgniter\View\{closure}()
 4 SYSTEMPATH\Common.php(1171): CodeIgniter\View\View->render('home/contactme', [], true)
 5 APPPATH\Controllers\BaseController.php(73): view('home/contactme', [...])
 6 APPPATH\Controllers\Home.php(390): App\Controllers\BaseController->frontendLoad('contactme', [...])
 7 SYSTEMPATH\CodeIgniter.php(933): App\Controllers\Home->contactme()
 8 SYSTEMPATH\CodeIgniter.php(509): CodeIgniter\CodeIgniter->runController(Object(App\Controllers\Home))
 9 SYSTEMPATH\CodeIgniter.php(355): CodeIgniter\CodeIgniter->handleRequest(null, Object(Config\Cache), false)
10 SYSTEMPATH\Boot.php(325): CodeIgniter\CodeIgniter->run()
11 SYSTEMPATH\Boot.php(67): CodeIgniter\Boot::runCodeIgniter(Object(CodeIgniter\CodeIgniter))
12 FCPATH\index.php(56): CodeIgniter\Boot::bootWeb(Object(Config\Paths))
CRITICAL - 2025-04-17 13:06:32 --> ErrorException: Undefined variable $contactData
[Method: GET, Route: contactme]
in APPPATH\Views\home\contactme.php on line 58.
 1 APPPATH\Views\home\contactme.php(58): CodeIgniter\Debug\Exceptions->errorHandler(2, 'Undefined variable $contactData', 'C:\\xampp\\htdocs\\kara_new\\app\\Views\\home\\contactme.php', 58)
 2 SYSTEMPATH\View\View.php(234): include('C:\\xampp\\htdocs\\kara_new\\app\\Views\\home\\contactme.php')
 3 SYSTEMPATH\View\View.php(237): CodeIgniter\View\View->CodeIgniter\View\{closure}()
 4 SYSTEMPATH\Common.php(1171): CodeIgniter\View\View->render('home/contactme', [], true)
 5 APPPATH\Controllers\BaseController.php(73): view('home/contactme', [...])
 6 APPPATH\Controllers\Home.php(390): App\Controllers\BaseController->frontendLoad('contactme', [...])
 7 SYSTEMPATH\CodeIgniter.php(933): App\Controllers\Home->contactme()
 8 SYSTEMPATH\CodeIgniter.php(509): CodeIgniter\CodeIgniter->runController(Object(App\Controllers\Home))
 9 SYSTEMPATH\CodeIgniter.php(355): CodeIgniter\CodeIgniter->handleRequest(null, Object(Config\Cache), false)
10 SYSTEMPATH\Boot.php(325): CodeIgniter\CodeIgniter->run()
11 SYSTEMPATH\Boot.php(67): CodeIgniter\Boot::runCodeIgniter(Object(CodeIgniter\CodeIgniter))
12 FCPATH\index.php(56): CodeIgniter\Boot::bootWeb(Object(Config\Paths))
CRITICAL - 2025-04-17 13:07:12 --> ErrorException: Undefined variable $contactData
[Method: GET, Route: contactme]
in APPPATH\Views\home\contactme.php on line 58.
 1 APPPATH\Views\home\contactme.php(58): CodeIgniter\Debug\Exceptions->errorHandler(2, 'Undefined variable $contactData', 'C:\\xampp\\htdocs\\kara_new\\app\\Views\\home\\contactme.php', 58)
 2 SYSTEMPATH\View\View.php(234): include('C:\\xampp\\htdocs\\kara_new\\app\\Views\\home\\contactme.php')
 3 SYSTEMPATH\View\View.php(237): CodeIgniter\View\View->CodeIgniter\View\{closure}()
 4 SYSTEMPATH\Common.php(1171): CodeIgniter\View\View->render('home/contactme', [], true)
 5 APPPATH\Controllers\BaseController.php(73): view('home/contactme', [...])
 6 APPPATH\Controllers\Home.php(390): App\Controllers\BaseController->frontendLoad('contactme', [...])
 7 SYSTEMPATH\CodeIgniter.php(933): App\Controllers\Home->contactme()
 8 SYSTEMPATH\CodeIgniter.php(509): CodeIgniter\CodeIgniter->runController(Object(App\Controllers\Home))
 9 SYSTEMPATH\CodeIgniter.php(355): CodeIgniter\CodeIgniter->handleRequest(null, Object(Config\Cache), false)
10 SYSTEMPATH\Boot.php(325): CodeIgniter\CodeIgniter->run()
11 SYSTEMPATH\Boot.php(67): CodeIgniter\Boot::runCodeIgniter(Object(CodeIgniter\CodeIgniter))
12 FCPATH\index.php(56): CodeIgniter\Boot::bootWeb(Object(Config\Paths))
CRITICAL - 2025-04-17 13:07:18 --> ErrorException: Undefined variable $contactData
[Method: GET, Route: contactme]
in APPPATH\Views\home\contactme.php on line 58.
 1 APPPATH\Views\home\contactme.php(58): CodeIgniter\Debug\Exceptions->errorHandler(2, 'Undefined variable $contactData', 'C:\\xampp\\htdocs\\kara_new\\app\\Views\\home\\contactme.php', 58)
 2 SYSTEMPATH\View\View.php(234): include('C:\\xampp\\htdocs\\kara_new\\app\\Views\\home\\contactme.php')
 3 SYSTEMPATH\View\View.php(237): CodeIgniter\View\View->CodeIgniter\View\{closure}()
 4 SYSTEMPATH\Common.php(1171): CodeIgniter\View\View->render('home/contactme', [], true)
 5 APPPATH\Controllers\BaseController.php(73): view('home/contactme', [...])
 6 APPPATH\Controllers\Home.php(390): App\Controllers\BaseController->frontendLoad('contactme', [...])
 7 SYSTEMPATH\CodeIgniter.php(933): App\Controllers\Home->contactme()
 8 SYSTEMPATH\CodeIgniter.php(509): CodeIgniter\CodeIgniter->runController(Object(App\Controllers\Home))
 9 SYSTEMPATH\CodeIgniter.php(355): CodeIgniter\CodeIgniter->handleRequest(null, Object(Config\Cache), false)
10 SYSTEMPATH\Boot.php(325): CodeIgniter\CodeIgniter->run()
11 SYSTEMPATH\Boot.php(67): CodeIgniter\Boot::runCodeIgniter(Object(CodeIgniter\CodeIgniter))
12 FCPATH\index.php(56): CodeIgniter\Boot::bootWeb(Object(Config\Paths))
CRITICAL - 2025-04-17 13:07:22 --> ErrorException: Undefined variable $contactData
[Method: GET, Route: contactme]
in APPPATH\Views\home\contactme.php on line 58.
 1 APPPATH\Views\home\contactme.php(58): CodeIgniter\Debug\Exceptions->errorHandler(2, 'Undefined variable $contactData', 'C:\\xampp\\htdocs\\kara_new\\app\\Views\\home\\contactme.php', 58)
 2 SYSTEMPATH\View\View.php(234): include('C:\\xampp\\htdocs\\kara_new\\app\\Views\\home\\contactme.php')
 3 SYSTEMPATH\View\View.php(237): CodeIgniter\View\View->CodeIgniter\View\{closure}()
 4 SYSTEMPATH\Common.php(1171): CodeIgniter\View\View->render('home/contactme', [], true)
 5 APPPATH\Controllers\BaseController.php(73): view('home/contactme', [...])
 6 APPPATH\Controllers\Home.php(390): App\Controllers\BaseController->frontendLoad('contactme', [...])
 7 SYSTEMPATH\CodeIgniter.php(933): App\Controllers\Home->contactme()
 8 SYSTEMPATH\CodeIgniter.php(509): CodeIgniter\CodeIgniter->runController(Object(App\Controllers\Home))
 9 SYSTEMPATH\CodeIgniter.php(355): CodeIgniter\CodeIgniter->handleRequest(null, Object(Config\Cache), false)
10 SYSTEMPATH\Boot.php(325): CodeIgniter\CodeIgniter->run()
11 SYSTEMPATH\Boot.php(67): CodeIgniter\Boot::runCodeIgniter(Object(CodeIgniter\CodeIgniter))
12 FCPATH\index.php(56): CodeIgniter\Boot::bootWeb(Object(Config\Paths))
CRITICAL - 2025-04-17 13:08:04 --> ErrorException: Undefined variable $contactData
[Method: GET, Route: contactme]
in APPPATH\Views\home\contactme.php on line 58.
 1 APPPATH\Views\home\contactme.php(58): CodeIgniter\Debug\Exceptions->errorHandler(2, 'Undefined variable $contactData', 'C:\\xampp\\htdocs\\kara_new\\app\\Views\\home\\contactme.php', 58)
 2 SYSTEMPATH\View\View.php(234): include('C:\\xampp\\htdocs\\kara_new\\app\\Views\\home\\contactme.php')
 3 SYSTEMPATH\View\View.php(237): CodeIgniter\View\View->CodeIgniter\View\{closure}()
 4 SYSTEMPATH\Common.php(1171): CodeIgniter\View\View->render('home/contactme', [], true)
 5 APPPATH\Controllers\BaseController.php(73): view('home/contactme', [...])
 6 APPPATH\Controllers\Home.php(390): App\Controllers\BaseController->frontendLoad('contactme', [...])
 7 SYSTEMPATH\CodeIgniter.php(933): App\Controllers\Home->contactme()
 8 SYSTEMPATH\CodeIgniter.php(509): CodeIgniter\CodeIgniter->runController(Object(App\Controllers\Home))
 9 SYSTEMPATH\CodeIgniter.php(355): CodeIgniter\CodeIgniter->handleRequest(null, Object(Config\Cache), false)
10 SYSTEMPATH\Boot.php(325): CodeIgniter\CodeIgniter->run()
11 SYSTEMPATH\Boot.php(67): CodeIgniter\Boot::runCodeIgniter(Object(CodeIgniter\CodeIgniter))
12 FCPATH\index.php(56): CodeIgniter\Boot::bootWeb(Object(Config\Paths))
CRITICAL - 2025-04-17 13:08:24 --> ErrorException: Undefined variable $addressList
[Method: GET, Route: contactme]
in APPPATH\Views\home\contactme.php on line 83.
 1 APPPATH\Views\home\contactme.php(83): CodeIgniter\Debug\Exceptions->errorHandler(2, 'Undefined variable $addressList', 'C:\\xampp\\htdocs\\kara_new\\app\\Views\\home\\contactme.php', 83)
 2 SYSTEMPATH\View\View.php(234): include('C:\\xampp\\htdocs\\kara_new\\app\\Views\\home\\contactme.php')
 3 SYSTEMPATH\View\View.php(237): CodeIgniter\View\View->CodeIgniter\View\{closure}()
 4 SYSTEMPATH\Common.php(1171): CodeIgniter\View\View->render('home/contactme', [], true)
 5 APPPATH\Controllers\BaseController.php(73): view('home/contactme', [...])
 6 APPPATH\Controllers\Home.php(390): App\Controllers\BaseController->frontendLoad('contactme', [...])
 7 SYSTEMPATH\CodeIgniter.php(933): App\Controllers\Home->contactme()
 8 SYSTEMPATH\CodeIgniter.php(509): CodeIgniter\CodeIgniter->runController(Object(App\Controllers\Home))
 9 SYSTEMPATH\CodeIgniter.php(355): CodeIgniter\CodeIgniter->handleRequest(null, Object(Config\Cache), false)
10 SYSTEMPATH\Boot.php(325): CodeIgniter\CodeIgniter->run()
11 SYSTEMPATH\Boot.php(67): CodeIgniter\Boot::runCodeIgniter(Object(CodeIgniter\CodeIgniter))
12 FCPATH\index.php(56): CodeIgniter\Boot::bootWeb(Object(Config\Paths))
ERROR - 2025-04-17 13:12:04 --> mysqli_sql_exception: Table 'kara.mycontact_detail' doesn't exist in C:\xampp\htdocs\kara_new\system\Database\MySQLi\Connection.php:312
Stack trace:
#0 C:\xampp\htdocs\kara_new\system\Database\MySQLi\Connection.php(312): mysqli->query('SELECT *\nFROM `...', 0)
#1 C:\xampp\htdocs\kara_new\system\Database\BaseConnection.php(734): CodeIgniter\Database\MySQLi\Connection->execute('SELECT *\nFROM `...')
#2 C:\xampp\htdocs\kara_new\system\Database\BaseConnection.php(648): CodeIgniter\Database\BaseConnection->simpleQuery('SELECT *\nFROM `...')
#3 C:\xampp\htdocs\kara_new\system\Database\BaseBuilder.php(1636): CodeIgniter\Database\BaseConnection->query('SELECT *\nFROM `...', Array, false)
#4 C:\xampp\htdocs\kara_new\app\Models\HomeModel.php(134): CodeIgniter\Database\BaseBuilder->get()
#5 C:\xampp\htdocs\kara_new\app\Controllers\Home.php(370): App\Models\HomeModel->contactDat()
#6 C:\xampp\htdocs\kara_new\system\CodeIgniter.php(933): App\Controllers\Home->contactme()
#7 C:\xampp\htdocs\kara_new\system\CodeIgniter.php(509): CodeIgniter\CodeIgniter->runController(Object(App\Controllers\Home))
#8 C:\xampp\htdocs\kara_new\system\CodeIgniter.php(355): CodeIgniter\CodeIgniter->handleRequest(NULL, Object(Config\Cache), false)
#9 C:\xampp\htdocs\kara_new\system\Boot.php(325): CodeIgniter\CodeIgniter->run()
#10 C:\xampp\htdocs\kara_new\system\Boot.php(67): CodeIgniter\Boot::runCodeIgniter(Object(CodeIgniter\CodeIgniter))
#11 C:\xampp\htdocs\kara_new\index.php(56): CodeIgniter\Boot::bootWeb(Object(Config\Paths))
#12 {main}
CRITICAL - 2025-04-17 13:12:04 --> CodeIgniter\Database\Exceptions\DatabaseException: Table 'kara.mycontact_detail' doesn't exist
[Method: GET, Route: contactme]
in SYSTEMPATH\Database\BaseConnection.php on line 688.
 1 SYSTEMPATH\Database\BaseBuilder.php(1636): CodeIgniter\Database\BaseConnection->query('SELECT *
FROM `mycontact_detail`', [], false)
 2 APPPATH\Models\HomeModel.php(134): CodeIgniter\Database\BaseBuilder->get()
 3 APPPATH\Controllers\Home.php(370): App\Models\HomeModel->contactDat()
 4 SYSTEMPATH\CodeIgniter.php(933): App\Controllers\Home->contactme()
 5 SYSTEMPATH\CodeIgniter.php(509): CodeIgniter\CodeIgniter->runController(Object(App\Controllers\Home))
 6 SYSTEMPATH\CodeIgniter.php(355): CodeIgniter\CodeIgniter->handleRequest(null, Object(Config\Cache), false)
 7 SYSTEMPATH\Boot.php(325): CodeIgniter\CodeIgniter->run()
 8 SYSTEMPATH\Boot.php(67): CodeIgniter\Boot::runCodeIgniter(Object(CodeIgniter\CodeIgniter))
 9 FCPATH\index.php(56): CodeIgniter\Boot::bootWeb(Object(Config\Paths))
CRITICAL - 2025-04-17 13:12:04 --> [Caused by] CodeIgniter\Database\Exceptions\DatabaseException: Table 'kara.mycontact_detail' doesn't exist
in SYSTEMPATH\Database\MySQLi\Connection.php on line 317.
 1 SYSTEMPATH\Database\BaseConnection.php(734): CodeIgniter\Database\MySQLi\Connection->execute('SELECT *
FROM `mycontact_detail`')
 2 SYSTEMPATH\Database\BaseConnection.php(648): CodeIgniter\Database\BaseConnection->simpleQuery('SELECT *
FROM `mycontact_detail`')
 3 SYSTEMPATH\Database\BaseBuilder.php(1636): CodeIgniter\Database\BaseConnection->query('SELECT *
FROM `mycontact_detail`', [], false)
 4 APPPATH\Models\HomeModel.php(134): CodeIgniter\Database\BaseBuilder->get()
 5 APPPATH\Controllers\Home.php(370): App\Models\HomeModel->contactDat()
 6 SYSTEMPATH\CodeIgniter.php(933): App\Controllers\Home->contactme()
 7 SYSTEMPATH\CodeIgniter.php(509): CodeIgniter\CodeIgniter->runController(Object(App\Controllers\Home))
 8 SYSTEMPATH\CodeIgniter.php(355): CodeIgniter\CodeIgniter->handleRequest(null, Object(Config\Cache), false)
 9 SYSTEMPATH\Boot.php(325): CodeIgniter\CodeIgniter->run()
10 SYSTEMPATH\Boot.php(67): CodeIgniter\Boot::runCodeIgniter(Object(CodeIgniter\CodeIgniter))
11 FCPATH\index.php(56): CodeIgniter\Boot::bootWeb(Object(Config\Paths))
CRITICAL - 2025-04-17 13:12:04 --> [Caused by] mysqli_sql_exception: Table 'kara.mycontact_detail' doesn't exist
in SYSTEMPATH\Database\MySQLi\Connection.php on line 312.
 1 SYSTEMPATH\Database\MySQLi\Connection.php(312): mysqli->query('SELECT *
FROM `mycontact_detail`', 0)
 2 SYSTEMPATH\Database\BaseConnection.php(734): CodeIgniter\Database\MySQLi\Connection->execute('SELECT *
FROM `mycontact_detail`')
 3 SYSTEMPATH\Database\BaseConnection.php(648): CodeIgniter\Database\BaseConnection->simpleQuery('SELECT *
FROM `mycontact_detail`')
 4 SYSTEMPATH\Database\BaseBuilder.php(1636): CodeIgniter\Database\BaseConnection->query('SELECT *
FROM `mycontact_detail`', [], false)
 5 APPPATH\Models\HomeModel.php(134): CodeIgniter\Database\BaseBuilder->get()
 6 APPPATH\Controllers\Home.php(370): App\Models\HomeModel->contactDat()
 7 SYSTEMPATH\CodeIgniter.php(933): App\Controllers\Home->contactme()
 8 SYSTEMPATH\CodeIgniter.php(509): CodeIgniter\CodeIgniter->runController(Object(App\Controllers\Home))
 9 SYSTEMPATH\CodeIgniter.php(355): CodeIgniter\CodeIgniter->handleRequest(null, Object(Config\Cache), false)
10 SYSTEMPATH\Boot.php(325): CodeIgniter\CodeIgniter->run()
11 SYSTEMPATH\Boot.php(67): CodeIgniter\Boot::runCodeIgniter(Object(CodeIgniter\CodeIgniter))
12 FCPATH\index.php(56): CodeIgniter\Boot::bootWeb(Object(Config\Paths))
ERROR - 2025-04-17 13:23:01 --> mysqli_sql_exception: Table 'kara.mycontact_detail' doesn't exist in C:\xampp\htdocs\kara_new\system\Database\MySQLi\Connection.php:312
Stack trace:
#0 C:\xampp\htdocs\kara_new\system\Database\MySQLi\Connection.php(312): mysqli->query('SELECT *\nFROM `...', 0)
#1 C:\xampp\htdocs\kara_new\system\Database\BaseConnection.php(734): CodeIgniter\Database\MySQLi\Connection->execute('SELECT *\nFROM `...')
#2 C:\xampp\htdocs\kara_new\system\Database\BaseConnection.php(648): CodeIgniter\Database\BaseConnection->simpleQuery('SELECT *\nFROM `...')
#3 C:\xampp\htdocs\kara_new\system\Database\BaseBuilder.php(1636): CodeIgniter\Database\BaseConnection->query('SELECT *\nFROM `...', Array, false)
#4 C:\xampp\htdocs\kara_new\app\Models\HomeModel.php(134): CodeIgniter\Database\BaseBuilder->get()
#5 C:\xampp\htdocs\kara_new\app\Controllers\Home.php(370): App\Models\HomeModel->contactDat()
#6 C:\xampp\htdocs\kara_new\system\CodeIgniter.php(933): App\Controllers\Home->contactme()
#7 C:\xampp\htdocs\kara_new\system\CodeIgniter.php(509): CodeIgniter\CodeIgniter->runController(Object(App\Controllers\Home))
#8 C:\xampp\htdocs\kara_new\system\CodeIgniter.php(355): CodeIgniter\CodeIgniter->handleRequest(NULL, Object(Config\Cache), false)
#9 C:\xampp\htdocs\kara_new\system\Boot.php(325): CodeIgniter\CodeIgniter->run()
#10 C:\xampp\htdocs\kara_new\system\Boot.php(67): CodeIgniter\Boot::runCodeIgniter(Object(CodeIgniter\CodeIgniter))
#11 C:\xampp\htdocs\kara_new\index.php(56): CodeIgniter\Boot::bootWeb(Object(Config\Paths))
#12 {main}
CRITICAL - 2025-04-17 13:23:01 --> CodeIgniter\Database\Exceptions\DatabaseException: Table 'kara.mycontact_detail' doesn't exist
[Method: GET, Route: contactme]
in SYSTEMPATH\Database\BaseConnection.php on line 688.
 1 SYSTEMPATH\Database\BaseBuilder.php(1636): CodeIgniter\Database\BaseConnection->query('SELECT *
FROM `mycontact_detail`', [], false)
 2 APPPATH\Models\HomeModel.php(134): CodeIgniter\Database\BaseBuilder->get()
 3 APPPATH\Controllers\Home.php(370): App\Models\HomeModel->contactDat()
 4 SYSTEMPATH\CodeIgniter.php(933): App\Controllers\Home->contactme()
 5 SYSTEMPATH\CodeIgniter.php(509): CodeIgniter\CodeIgniter->runController(Object(App\Controllers\Home))
 6 SYSTEMPATH\CodeIgniter.php(355): CodeIgniter\CodeIgniter->handleRequest(null, Object(Config\Cache), false)
 7 SYSTEMPATH\Boot.php(325): CodeIgniter\CodeIgniter->run()
 8 SYSTEMPATH\Boot.php(67): CodeIgniter\Boot::runCodeIgniter(Object(CodeIgniter\CodeIgniter))
 9 FCPATH\index.php(56): CodeIgniter\Boot::bootWeb(Object(Config\Paths))
CRITICAL - 2025-04-17 13:23:01 --> [Caused by] CodeIgniter\Database\Exceptions\DatabaseException: Table 'kara.mycontact_detail' doesn't exist
in SYSTEMPATH\Database\MySQLi\Connection.php on line 317.
 1 SYSTEMPATH\Database\BaseConnection.php(734): CodeIgniter\Database\MySQLi\Connection->execute('SELECT *
FROM `mycontact_detail`')
 2 SYSTEMPATH\Database\BaseConnection.php(648): CodeIgniter\Database\BaseConnection->simpleQuery('SELECT *
FROM `mycontact_detail`')
 3 SYSTEMPATH\Database\BaseBuilder.php(1636): CodeIgniter\Database\BaseConnection->query('SELECT *
FROM `mycontact_detail`', [], false)
 4 APPPATH\Models\HomeModel.php(134): CodeIgniter\Database\BaseBuilder->get()
 5 APPPATH\Controllers\Home.php(370): App\Models\HomeModel->contactDat()
 6 SYSTEMPATH\CodeIgniter.php(933): App\Controllers\Home->contactme()
 7 SYSTEMPATH\CodeIgniter.php(509): CodeIgniter\CodeIgniter->runController(Object(App\Controllers\Home))
 8 SYSTEMPATH\CodeIgniter.php(355): CodeIgniter\CodeIgniter->handleRequest(null, Object(Config\Cache), false)
 9 SYSTEMPATH\Boot.php(325): CodeIgniter\CodeIgniter->run()
10 SYSTEMPATH\Boot.php(67): CodeIgniter\Boot::runCodeIgniter(Object(CodeIgniter\CodeIgniter))
11 FCPATH\index.php(56): CodeIgniter\Boot::bootWeb(Object(Config\Paths))
CRITICAL - 2025-04-17 13:23:01 --> [Caused by] mysqli_sql_exception: Table 'kara.mycontact_detail' doesn't exist
in SYSTEMPATH\Database\MySQLi\Connection.php on line 312.
 1 SYSTEMPATH\Database\MySQLi\Connection.php(312): mysqli->query('SELECT *
FROM `mycontact_detail`', 0)
 2 SYSTEMPATH\Database\BaseConnection.php(734): CodeIgniter\Database\MySQLi\Connection->execute('SELECT *
FROM `mycontact_detail`')
 3 SYSTEMPATH\Database\BaseConnection.php(648): CodeIgniter\Database\BaseConnection->simpleQuery('SELECT *
FROM `mycontact_detail`')
 4 SYSTEMPATH\Database\BaseBuilder.php(1636): CodeIgniter\Database\BaseConnection->query('SELECT *
FROM `mycontact_detail`', [], false)
 5 APPPATH\Models\HomeModel.php(134): CodeIgniter\Database\BaseBuilder->get()
 6 APPPATH\Controllers\Home.php(370): App\Models\HomeModel->contactDat()
 7 SYSTEMPATH\CodeIgniter.php(933): App\Controllers\Home->contactme()
 8 SYSTEMPATH\CodeIgniter.php(509): CodeIgniter\CodeIgniter->runController(Object(App\Controllers\Home))
 9 SYSTEMPATH\CodeIgniter.php(355): CodeIgniter\CodeIgniter->handleRequest(null, Object(Config\Cache), false)
10 SYSTEMPATH\Boot.php(325): CodeIgniter\CodeIgniter->run()
11 SYSTEMPATH\Boot.php(67): CodeIgniter\Boot::runCodeIgniter(Object(CodeIgniter\CodeIgniter))
12 FCPATH\index.php(56): CodeIgniter\Boot::bootWeb(Object(Config\Paths))
CRITICAL - 2025-04-17 13:32:32 --> BadMethodCallException: Call to undefined method App\Models\HomeModel::contactDat
[Method: GET, Route: contactme]
in SYSTEMPATH\Model.php on line 932.
 1 APPPATH\Controllers\Home.php(371): CodeIgniter\Model->__call('contactDat', [])
 2 SYSTEMPATH\CodeIgniter.php(933): App\Controllers\Home->contactme()
 3 SYSTEMPATH\CodeIgniter.php(509): CodeIgniter\CodeIgniter->runController(Object(App\Controllers\Home))
 4 SYSTEMPATH\CodeIgniter.php(355): CodeIgniter\CodeIgniter->handleRequest(null, Object(Config\Cache), false)
 5 SYSTEMPATH\Boot.php(325): CodeIgniter\CodeIgniter->run()
 6 SYSTEMPATH\Boot.php(67): CodeIgniter\Boot::runCodeIgniter(Object(CodeIgniter\CodeIgniter))
 7 FCPATH\index.php(56): CodeIgniter\Boot::bootWeb(Object(Config\Paths))
