ERROR - 2024-11-14 07:31:41 --> mysqli_sql_exception: You have an error in your SQL syntax; check the manual that corresponds to your MySQL server version for the right syntax to use near 'IS NULL' at line 4 in /home2/cwltechin/public_html/dawar-jewellery/system/Database/MySQLi/Connection.php:312
Stack trace:
#0 /home2/cwltechin/public_html/dawar-jewellery/system/Database/MySQLi/Connection.php(312): mysqli->query('SELECT *\nFROM `...', 0)
#1 /home2/cwltechin/public_html/dawar-jewellery/system/Database/BaseConnection.php(734): CodeIgniter\Database\MySQLi\Connection->execute('SELECT *\nFROM `...')
#2 /home2/cwltechin/public_html/dawar-jewellery/system/Database/BaseConnection.php(648): CodeIgniter\Database\BaseConnection->simpleQuery('SELECT *\nFROM `...')
#3 /home2/cwltechin/public_html/dawar-jewellery/system/Database/BaseBuilder.php(1636): CodeIgniter\Database\BaseConnection->query('SELECT *\nFROM `...', Array, false)
#4 /home2/cwltechin/public_html/dawar-jewellery/app/Models/HomeModel.php(167): CodeIgniter\Database\BaseBuilder->get()
#5 /home2/cwltechin/public_html/dawar-jewellery/app/Controllers/Home.php(300): App\Models\HomeModel->productListByBudget(NULL)
#6 /home2/cwltechin/public_html/dawar-jewellery/system/CodeIgniter.php(933): App\Controllers\Home->productListByBudget()
#7 /home2/cwltechin/public_html/dawar-jewellery/system/CodeIgniter.php(509): CodeIgniter\CodeIgniter->runController(Object(App\Controllers\Home))
#8 /home2/cwltechin/public_html/dawar-jewellery/system/CodeIgniter.php(355): CodeIgniter\CodeIgniter->handleRequest(NULL, Object(Config\Cache), false)
#9 /home2/cwltechin/public_html/dawar-jewellery/system/Boot.php(325): CodeIgniter\CodeIgniter->run()
#10 /home2/cwltechin/public_html/dawar-jewellery/system/Boot.php(67): CodeIgniter\Boot::runCodeIgniter(Object(CodeIgniter\CodeIgniter))
#11 /home2/cwltechin/public_html/dawar-jewellery/index.php(56): CodeIgniter\Boot::bootWeb(Object(Config\Paths))
#12 {main}
CRITICAL - 2024-11-14 07:31:41 --> CodeIgniter\Database\Exceptions\DatabaseException: You have an error in your SQL syntax; check the manual that corresponds to your MySQL server version for the right syntax to use near 'IS NULL' at line 4
[Method: POST, Route: productListByBudget]
in SYSTEMPATH/Database/BaseConnection.php on line 688.
 1 SYSTEMPATH/Database/BaseBuilder.php(1636): CodeIgniter\Database\BaseConnection->query('SELECT *
FROM `product`
WHERE `status` = :status:
AND `price` < IS NULL', [...], false)
 2 APPPATH/Models/HomeModel.php(167): CodeIgniter\Database\BaseBuilder->get()
 3 APPPATH/Controllers/Home.php(300): App\Models\HomeModel->productListByBudget(null)
 4 SYSTEMPATH/CodeIgniter.php(933): App\Controllers\Home->productListByBudget()
 5 SYSTEMPATH/CodeIgniter.php(509): CodeIgniter\CodeIgniter->runController(Object(App\Controllers\Home))
 6 SYSTEMPATH/CodeIgniter.php(355): CodeIgniter\CodeIgniter->handleRequest(null, Object(Config\Cache), false)
 7 SYSTEMPATH/Boot.php(325): CodeIgniter\CodeIgniter->run()
 8 SYSTEMPATH/Boot.php(67): CodeIgniter\Boot::runCodeIgniter(Object(CodeIgniter\CodeIgniter))
 9 FCPATH/index.php(56): CodeIgniter\Boot::bootWeb(Object(Config\Paths))
CRITICAL - 2024-11-14 07:31:41 --> [Caused by] CodeIgniter\Database\Exceptions\DatabaseException: You have an error in your SQL syntax; check the manual that corresponds to your MySQL server version for the right syntax to use near 'IS NULL' at line 4
in SYSTEMPATH/Database/MySQLi/Connection.php on line 317.
 1 SYSTEMPATH/Database/BaseConnection.php(734): CodeIgniter\Database\MySQLi\Connection->execute('SELECT *
FROM `product`
WHERE `status` = \'1\'
AND `price` < IS NULL')
 2 SYSTEMPATH/Database/BaseConnection.php(648): CodeIgniter\Database\BaseConnection->simpleQuery('SELECT *
FROM `product`
WHERE `status` = \'1\'
AND `price` < IS NULL')
 3 SYSTEMPATH/Database/BaseBuilder.php(1636): CodeIgniter\Database\BaseConnection->query('SELECT *
FROM `product`
WHERE `status` = :status:
AND `price` < IS NULL', [...], false)
 4 APPPATH/Models/HomeModel.php(167): CodeIgniter\Database\BaseBuilder->get()
 5 APPPATH/Controllers/Home.php(300): App\Models\HomeModel->productListByBudget(null)
 6 SYSTEMPATH/CodeIgniter.php(933): App\Controllers\Home->productListByBudget()
 7 SYSTEMPATH/CodeIgniter.php(509): CodeIgniter\CodeIgniter->runController(Object(App\Controllers\Home))
 8 SYSTEMPATH/CodeIgniter.php(355): CodeIgniter\CodeIgniter->handleRequest(null, Object(Config\Cache), false)
 9 SYSTEMPATH/Boot.php(325): CodeIgniter\CodeIgniter->run()
10 SYSTEMPATH/Boot.php(67): CodeIgniter\Boot::runCodeIgniter(Object(CodeIgniter\CodeIgniter))
11 FCPATH/index.php(56): CodeIgniter\Boot::bootWeb(Object(Config\Paths))
CRITICAL - 2024-11-14 07:31:41 --> [Caused by] mysqli_sql_exception: You have an error in your SQL syntax; check the manual that corresponds to your MySQL server version for the right syntax to use near 'IS NULL' at line 4
in SYSTEMPATH/Database/MySQLi/Connection.php on line 312.
 1 SYSTEMPATH/Database/MySQLi/Connection.php(312): mysqli->query('SELECT *
FROM `product`
WHERE `status` = \'1\'
AND `price` < IS NULL', 0)
 2 SYSTEMPATH/Database/BaseConnection.php(734): CodeIgniter\Database\MySQLi\Connection->execute('SELECT *
FROM `product`
WHERE `status` = \'1\'
AND `price` < IS NULL')
 3 SYSTEMPATH/Database/BaseConnection.php(648): CodeIgniter\Database\BaseConnection->simpleQuery('SELECT *
FROM `product`
WHERE `status` = \'1\'
AND `price` < IS NULL')
 4 SYSTEMPATH/Database/BaseBuilder.php(1636): CodeIgniter\Database\BaseConnection->query('SELECT *
FROM `product`
WHERE `status` = :status:
AND `price` < IS NULL', [...], false)
 5 APPPATH/Models/HomeModel.php(167): CodeIgniter\Database\BaseBuilder->get()
 6 APPPATH/Controllers/Home.php(300): App\Models\HomeModel->productListByBudget(null)
 7 SYSTEMPATH/CodeIgniter.php(933): App\Controllers\Home->productListByBudget()
 8 SYSTEMPATH/CodeIgniter.php(509): CodeIgniter\CodeIgniter->runController(Object(App\Controllers\Home))
 9 SYSTEMPATH/CodeIgniter.php(355): CodeIgniter\CodeIgniter->handleRequest(null, Object(Config\Cache), false)
10 SYSTEMPATH/Boot.php(325): CodeIgniter\CodeIgniter->run()
11 SYSTEMPATH/Boot.php(67): CodeIgniter\Boot::runCodeIgniter(Object(CodeIgniter\CodeIgniter))
12 FCPATH/index.php(56): CodeIgniter\Boot::bootWeb(Object(Config\Paths))
ERROR - 2024-11-14 07:32:21 --> mysqli_sql_exception: You have an error in your SQL syntax; check the manual that corresponds to your MySQL server version for the right syntax to use near 'IS NULL' at line 4 in /home2/cwltechin/public_html/dawar-jewellery/system/Database/MySQLi/Connection.php:312
Stack trace:
#0 /home2/cwltechin/public_html/dawar-jewellery/system/Database/MySQLi/Connection.php(312): mysqli->query('SELECT *\nFROM `...', 0)
#1 /home2/cwltechin/public_html/dawar-jewellery/system/Database/BaseConnection.php(734): CodeIgniter\Database\MySQLi\Connection->execute('SELECT *\nFROM `...')
#2 /home2/cwltechin/public_html/dawar-jewellery/system/Database/BaseConnection.php(648): CodeIgniter\Database\BaseConnection->simpleQuery('SELECT *\nFROM `...')
#3 /home2/cwltechin/public_html/dawar-jewellery/system/Database/BaseBuilder.php(1636): CodeIgniter\Database\BaseConnection->query('SELECT *\nFROM `...', Array, false)
#4 /home2/cwltechin/public_html/dawar-jewellery/app/Models/HomeModel.php(167): CodeIgniter\Database\BaseBuilder->get()
#5 /home2/cwltechin/public_html/dawar-jewellery/app/Controllers/Home.php(300): App\Models\HomeModel->productListByBudget(NULL)
#6 /home2/cwltechin/public_html/dawar-jewellery/system/CodeIgniter.php(933): App\Controllers\Home->productListByBudget()
#7 /home2/cwltechin/public_html/dawar-jewellery/system/CodeIgniter.php(509): CodeIgniter\CodeIgniter->runController(Object(App\Controllers\Home))
#8 /home2/cwltechin/public_html/dawar-jewellery/system/CodeIgniter.php(355): CodeIgniter\CodeIgniter->handleRequest(NULL, Object(Config\Cache), false)
#9 /home2/cwltechin/public_html/dawar-jewellery/system/Boot.php(325): CodeIgniter\CodeIgniter->run()
#10 /home2/cwltechin/public_html/dawar-jewellery/system/Boot.php(67): CodeIgniter\Boot::runCodeIgniter(Object(CodeIgniter\CodeIgniter))
#11 /home2/cwltechin/public_html/dawar-jewellery/index.php(56): CodeIgniter\Boot::bootWeb(Object(Config\Paths))
#12 {main}
CRITICAL - 2024-11-14 07:32:21 --> CodeIgniter\Database\Exceptions\DatabaseException: You have an error in your SQL syntax; check the manual that corresponds to your MySQL server version for the right syntax to use near 'IS NULL' at line 4
[Method: POST, Route: productListByBudget]
in SYSTEMPATH/Database/BaseConnection.php on line 688.
 1 SYSTEMPATH/Database/BaseBuilder.php(1636): CodeIgniter\Database\BaseConnection->query('SELECT *
FROM `product`
WHERE `status` = :status:
AND `price` < IS NULL', [...], false)
 2 APPPATH/Models/HomeModel.php(167): CodeIgniter\Database\BaseBuilder->get()
 3 APPPATH/Controllers/Home.php(300): App\Models\HomeModel->productListByBudget(null)
 4 SYSTEMPATH/CodeIgniter.php(933): App\Controllers\Home->productListByBudget()
 5 SYSTEMPATH/CodeIgniter.php(509): CodeIgniter\CodeIgniter->runController(Object(App\Controllers\Home))
 6 SYSTEMPATH/CodeIgniter.php(355): CodeIgniter\CodeIgniter->handleRequest(null, Object(Config\Cache), false)
 7 SYSTEMPATH/Boot.php(325): CodeIgniter\CodeIgniter->run()
 8 SYSTEMPATH/Boot.php(67): CodeIgniter\Boot::runCodeIgniter(Object(CodeIgniter\CodeIgniter))
 9 FCPATH/index.php(56): CodeIgniter\Boot::bootWeb(Object(Config\Paths))
CRITICAL - 2024-11-14 07:32:21 --> [Caused by] CodeIgniter\Database\Exceptions\DatabaseException: You have an error in your SQL syntax; check the manual that corresponds to your MySQL server version for the right syntax to use near 'IS NULL' at line 4
in SYSTEMPATH/Database/MySQLi/Connection.php on line 317.
 1 SYSTEMPATH/Database/BaseConnection.php(734): CodeIgniter\Database\MySQLi\Connection->execute('SELECT *
FROM `product`
WHERE `status` = \'1\'
AND `price` < IS NULL')
 2 SYSTEMPATH/Database/BaseConnection.php(648): CodeIgniter\Database\BaseConnection->simpleQuery('SELECT *
FROM `product`
WHERE `status` = \'1\'
AND `price` < IS NULL')
 3 SYSTEMPATH/Database/BaseBuilder.php(1636): CodeIgniter\Database\BaseConnection->query('SELECT *
FROM `product`
WHERE `status` = :status:
AND `price` < IS NULL', [...], false)
 4 APPPATH/Models/HomeModel.php(167): CodeIgniter\Database\BaseBuilder->get()
 5 APPPATH/Controllers/Home.php(300): App\Models\HomeModel->productListByBudget(null)
 6 SYSTEMPATH/CodeIgniter.php(933): App\Controllers\Home->productListByBudget()
 7 SYSTEMPATH/CodeIgniter.php(509): CodeIgniter\CodeIgniter->runController(Object(App\Controllers\Home))
 8 SYSTEMPATH/CodeIgniter.php(355): CodeIgniter\CodeIgniter->handleRequest(null, Object(Config\Cache), false)
 9 SYSTEMPATH/Boot.php(325): CodeIgniter\CodeIgniter->run()
10 SYSTEMPATH/Boot.php(67): CodeIgniter\Boot::runCodeIgniter(Object(CodeIgniter\CodeIgniter))
11 FCPATH/index.php(56): CodeIgniter\Boot::bootWeb(Object(Config\Paths))
CRITICAL - 2024-11-14 07:32:21 --> [Caused by] mysqli_sql_exception: You have an error in your SQL syntax; check the manual that corresponds to your MySQL server version for the right syntax to use near 'IS NULL' at line 4
in SYSTEMPATH/Database/MySQLi/Connection.php on line 312.
 1 SYSTEMPATH/Database/MySQLi/Connection.php(312): mysqli->query('SELECT *
FROM `product`
WHERE `status` = \'1\'
AND `price` < IS NULL', 0)
 2 SYSTEMPATH/Database/BaseConnection.php(734): CodeIgniter\Database\MySQLi\Connection->execute('SELECT *
FROM `product`
WHERE `status` = \'1\'
AND `price` < IS NULL')
 3 SYSTEMPATH/Database/BaseConnection.php(648): CodeIgniter\Database\BaseConnection->simpleQuery('SELECT *
FROM `product`
WHERE `status` = \'1\'
AND `price` < IS NULL')
 4 SYSTEMPATH/Database/BaseBuilder.php(1636): CodeIgniter\Database\BaseConnection->query('SELECT *
FROM `product`
WHERE `status` = :status:
AND `price` < IS NULL', [...], false)
 5 APPPATH/Models/HomeModel.php(167): CodeIgniter\Database\BaseBuilder->get()
 6 APPPATH/Controllers/Home.php(300): App\Models\HomeModel->productListByBudget(null)
 7 SYSTEMPATH/CodeIgniter.php(933): App\Controllers\Home->productListByBudget()
 8 SYSTEMPATH/CodeIgniter.php(509): CodeIgniter\CodeIgniter->runController(Object(App\Controllers\Home))
 9 SYSTEMPATH/CodeIgniter.php(355): CodeIgniter\CodeIgniter->handleRequest(null, Object(Config\Cache), false)
10 SYSTEMPATH/Boot.php(325): CodeIgniter\CodeIgniter->run()
11 SYSTEMPATH/Boot.php(67): CodeIgniter\Boot::runCodeIgniter(Object(CodeIgniter\CodeIgniter))
12 FCPATH/index.php(56): CodeIgniter\Boot::bootWeb(Object(Config\Paths))
ERROR - 2024-11-14 07:32:30 --> mysqli_sql_exception: You have an error in your SQL syntax; check the manual that corresponds to your MySQL server version for the right syntax to use near 'IS NULL' at line 4 in /home2/cwltechin/public_html/dawar-jewellery/system/Database/MySQLi/Connection.php:312
Stack trace:
#0 /home2/cwltechin/public_html/dawar-jewellery/system/Database/MySQLi/Connection.php(312): mysqli->query('SELECT *\nFROM `...', 0)
#1 /home2/cwltechin/public_html/dawar-jewellery/system/Database/BaseConnection.php(734): CodeIgniter\Database\MySQLi\Connection->execute('SELECT *\nFROM `...')
#2 /home2/cwltechin/public_html/dawar-jewellery/system/Database/BaseConnection.php(648): CodeIgniter\Database\BaseConnection->simpleQuery('SELECT *\nFROM `...')
#3 /home2/cwltechin/public_html/dawar-jewellery/system/Database/BaseBuilder.php(1636): CodeIgniter\Database\BaseConnection->query('SELECT *\nFROM `...', Array, false)
#4 /home2/cwltechin/public_html/dawar-jewellery/app/Models/HomeModel.php(167): CodeIgniter\Database\BaseBuilder->get()
#5 /home2/cwltechin/public_html/dawar-jewellery/app/Controllers/Home.php(300): App\Models\HomeModel->productListByBudget(NULL)
#6 /home2/cwltechin/public_html/dawar-jewellery/system/CodeIgniter.php(933): App\Controllers\Home->productListByBudget()
#7 /home2/cwltechin/public_html/dawar-jewellery/system/CodeIgniter.php(509): CodeIgniter\CodeIgniter->runController(Object(App\Controllers\Home))
#8 /home2/cwltechin/public_html/dawar-jewellery/system/CodeIgniter.php(355): CodeIgniter\CodeIgniter->handleRequest(NULL, Object(Config\Cache), false)
#9 /home2/cwltechin/public_html/dawar-jewellery/system/Boot.php(325): CodeIgniter\CodeIgniter->run()
#10 /home2/cwltechin/public_html/dawar-jewellery/system/Boot.php(67): CodeIgniter\Boot::runCodeIgniter(Object(CodeIgniter\CodeIgniter))
#11 /home2/cwltechin/public_html/dawar-jewellery/index.php(56): CodeIgniter\Boot::bootWeb(Object(Config\Paths))
#12 {main}
CRITICAL - 2024-11-14 07:32:30 --> CodeIgniter\Database\Exceptions\DatabaseException: You have an error in your SQL syntax; check the manual that corresponds to your MySQL server version for the right syntax to use near 'IS NULL' at line 4
[Method: POST, Route: productListByBudget]
in SYSTEMPATH/Database/BaseConnection.php on line 688.
 1 SYSTEMPATH/Database/BaseBuilder.php(1636): CodeIgniter\Database\BaseConnection->query('SELECT *
FROM `product`
WHERE `status` = :status:
AND `price` < IS NULL', [...], false)
 2 APPPATH/Models/HomeModel.php(167): CodeIgniter\Database\BaseBuilder->get()
 3 APPPATH/Controllers/Home.php(300): App\Models\HomeModel->productListByBudget(null)
 4 SYSTEMPATH/CodeIgniter.php(933): App\Controllers\Home->productListByBudget()
 5 SYSTEMPATH/CodeIgniter.php(509): CodeIgniter\CodeIgniter->runController(Object(App\Controllers\Home))
 6 SYSTEMPATH/CodeIgniter.php(355): CodeIgniter\CodeIgniter->handleRequest(null, Object(Config\Cache), false)
 7 SYSTEMPATH/Boot.php(325): CodeIgniter\CodeIgniter->run()
 8 SYSTEMPATH/Boot.php(67): CodeIgniter\Boot::runCodeIgniter(Object(CodeIgniter\CodeIgniter))
 9 FCPATH/index.php(56): CodeIgniter\Boot::bootWeb(Object(Config\Paths))
CRITICAL - 2024-11-14 07:32:30 --> [Caused by] CodeIgniter\Database\Exceptions\DatabaseException: You have an error in your SQL syntax; check the manual that corresponds to your MySQL server version for the right syntax to use near 'IS NULL' at line 4
in SYSTEMPATH/Database/MySQLi/Connection.php on line 317.
 1 SYSTEMPATH/Database/BaseConnection.php(734): CodeIgniter\Database\MySQLi\Connection->execute('SELECT *
FROM `product`
WHERE `status` = \'1\'
AND `price` < IS NULL')
 2 SYSTEMPATH/Database/BaseConnection.php(648): CodeIgniter\Database\BaseConnection->simpleQuery('SELECT *
FROM `product`
WHERE `status` = \'1\'
AND `price` < IS NULL')
 3 SYSTEMPATH/Database/BaseBuilder.php(1636): CodeIgniter\Database\BaseConnection->query('SELECT *
FROM `product`
WHERE `status` = :status:
AND `price` < IS NULL', [...], false)
 4 APPPATH/Models/HomeModel.php(167): CodeIgniter\Database\BaseBuilder->get()
 5 APPPATH/Controllers/Home.php(300): App\Models\HomeModel->productListByBudget(null)
 6 SYSTEMPATH/CodeIgniter.php(933): App\Controllers\Home->productListByBudget()
 7 SYSTEMPATH/CodeIgniter.php(509): CodeIgniter\CodeIgniter->runController(Object(App\Controllers\Home))
 8 SYSTEMPATH/CodeIgniter.php(355): CodeIgniter\CodeIgniter->handleRequest(null, Object(Config\Cache), false)
 9 SYSTEMPATH/Boot.php(325): CodeIgniter\CodeIgniter->run()
10 SYSTEMPATH/Boot.php(67): CodeIgniter\Boot::runCodeIgniter(Object(CodeIgniter\CodeIgniter))
11 FCPATH/index.php(56): CodeIgniter\Boot::bootWeb(Object(Config\Paths))
CRITICAL - 2024-11-14 07:32:30 --> [Caused by] mysqli_sql_exception: You have an error in your SQL syntax; check the manual that corresponds to your MySQL server version for the right syntax to use near 'IS NULL' at line 4
in SYSTEMPATH/Database/MySQLi/Connection.php on line 312.
 1 SYSTEMPATH/Database/MySQLi/Connection.php(312): mysqli->query('SELECT *
FROM `product`
WHERE `status` = \'1\'
AND `price` < IS NULL', 0)
 2 SYSTEMPATH/Database/BaseConnection.php(734): CodeIgniter\Database\MySQLi\Connection->execute('SELECT *
FROM `product`
WHERE `status` = \'1\'
AND `price` < IS NULL')
 3 SYSTEMPATH/Database/BaseConnection.php(648): CodeIgniter\Database\BaseConnection->simpleQuery('SELECT *
FROM `product`
WHERE `status` = \'1\'
AND `price` < IS NULL')
 4 SYSTEMPATH/Database/BaseBuilder.php(1636): CodeIgniter\Database\BaseConnection->query('SELECT *
FROM `product`
WHERE `status` = :status:
AND `price` < IS NULL', [...], false)
 5 APPPATH/Models/HomeModel.php(167): CodeIgniter\Database\BaseBuilder->get()
 6 APPPATH/Controllers/Home.php(300): App\Models\HomeModel->productListByBudget(null)
 7 SYSTEMPATH/CodeIgniter.php(933): App\Controllers\Home->productListByBudget()
 8 SYSTEMPATH/CodeIgniter.php(509): CodeIgniter\CodeIgniter->runController(Object(App\Controllers\Home))
 9 SYSTEMPATH/CodeIgniter.php(355): CodeIgniter\CodeIgniter->handleRequest(null, Object(Config\Cache), false)
10 SYSTEMPATH/Boot.php(325): CodeIgniter\CodeIgniter->run()
11 SYSTEMPATH/Boot.php(67): CodeIgniter\Boot::runCodeIgniter(Object(CodeIgniter\CodeIgniter))
12 FCPATH/index.php(56): CodeIgniter\Boot::bootWeb(Object(Config\Paths))
ERROR - 2024-11-14 07:33:12 --> mysqli_sql_exception: You have an error in your SQL syntax; check the manual that corresponds to your MySQL server version for the right syntax to use near 'IS NULL' at line 4 in /home2/cwltechin/public_html/dawar-jewellery/system/Database/MySQLi/Connection.php:312
Stack trace:
#0 /home2/cwltechin/public_html/dawar-jewellery/system/Database/MySQLi/Connection.php(312): mysqli->query('SELECT *\nFROM `...', 0)
#1 /home2/cwltechin/public_html/dawar-jewellery/system/Database/BaseConnection.php(734): CodeIgniter\Database\MySQLi\Connection->execute('SELECT *\nFROM `...')
#2 /home2/cwltechin/public_html/dawar-jewellery/system/Database/BaseConnection.php(648): CodeIgniter\Database\BaseConnection->simpleQuery('SELECT *\nFROM `...')
#3 /home2/cwltechin/public_html/dawar-jewellery/system/Database/BaseBuilder.php(1636): CodeIgniter\Database\BaseConnection->query('SELECT *\nFROM `...', Array, false)
#4 /home2/cwltechin/public_html/dawar-jewellery/app/Models/HomeModel.php(167): CodeIgniter\Database\BaseBuilder->get()
#5 /home2/cwltechin/public_html/dawar-jewellery/app/Controllers/Home.php(300): App\Models\HomeModel->productListByBudget(NULL)
#6 /home2/cwltechin/public_html/dawar-jewellery/system/CodeIgniter.php(933): App\Controllers\Home->productListByBudget()
#7 /home2/cwltechin/public_html/dawar-jewellery/system/CodeIgniter.php(509): CodeIgniter\CodeIgniter->runController(Object(App\Controllers\Home))
#8 /home2/cwltechin/public_html/dawar-jewellery/system/CodeIgniter.php(355): CodeIgniter\CodeIgniter->handleRequest(NULL, Object(Config\Cache), false)
#9 /home2/cwltechin/public_html/dawar-jewellery/system/Boot.php(325): CodeIgniter\CodeIgniter->run()
#10 /home2/cwltechin/public_html/dawar-jewellery/system/Boot.php(67): CodeIgniter\Boot::runCodeIgniter(Object(CodeIgniter\CodeIgniter))
#11 /home2/cwltechin/public_html/dawar-jewellery/index.php(56): CodeIgniter\Boot::bootWeb(Object(Config\Paths))
#12 {main}
CRITICAL - 2024-11-14 07:33:12 --> CodeIgniter\Database\Exceptions\DatabaseException: You have an error in your SQL syntax; check the manual that corresponds to your MySQL server version for the right syntax to use near 'IS NULL' at line 4
[Method: POST, Route: productListByBudget]
in SYSTEMPATH/Database/BaseConnection.php on line 688.
 1 SYSTEMPATH/Database/BaseBuilder.php(1636): CodeIgniter\Database\BaseConnection->query('SELECT *
FROM `product`
WHERE `status` = :status:
AND `price` < IS NULL', [...], false)
 2 APPPATH/Models/HomeModel.php(167): CodeIgniter\Database\BaseBuilder->get()
 3 APPPATH/Controllers/Home.php(300): App\Models\HomeModel->productListByBudget(null)
 4 SYSTEMPATH/CodeIgniter.php(933): App\Controllers\Home->productListByBudget()
 5 SYSTEMPATH/CodeIgniter.php(509): CodeIgniter\CodeIgniter->runController(Object(App\Controllers\Home))
 6 SYSTEMPATH/CodeIgniter.php(355): CodeIgniter\CodeIgniter->handleRequest(null, Object(Config\Cache), false)
 7 SYSTEMPATH/Boot.php(325): CodeIgniter\CodeIgniter->run()
 8 SYSTEMPATH/Boot.php(67): CodeIgniter\Boot::runCodeIgniter(Object(CodeIgniter\CodeIgniter))
 9 FCPATH/index.php(56): CodeIgniter\Boot::bootWeb(Object(Config\Paths))
CRITICAL - 2024-11-14 07:33:12 --> [Caused by] CodeIgniter\Database\Exceptions\DatabaseException: You have an error in your SQL syntax; check the manual that corresponds to your MySQL server version for the right syntax to use near 'IS NULL' at line 4
in SYSTEMPATH/Database/MySQLi/Connection.php on line 317.
 1 SYSTEMPATH/Database/BaseConnection.php(734): CodeIgniter\Database\MySQLi\Connection->execute('SELECT *
FROM `product`
WHERE `status` = \'1\'
AND `price` < IS NULL')
 2 SYSTEMPATH/Database/BaseConnection.php(648): CodeIgniter\Database\BaseConnection->simpleQuery('SELECT *
FROM `product`
WHERE `status` = \'1\'
AND `price` < IS NULL')
 3 SYSTEMPATH/Database/BaseBuilder.php(1636): CodeIgniter\Database\BaseConnection->query('SELECT *
FROM `product`
WHERE `status` = :status:
AND `price` < IS NULL', [...], false)
 4 APPPATH/Models/HomeModel.php(167): CodeIgniter\Database\BaseBuilder->get()
 5 APPPATH/Controllers/Home.php(300): App\Models\HomeModel->productListByBudget(null)
 6 SYSTEMPATH/CodeIgniter.php(933): App\Controllers\Home->productListByBudget()
 7 SYSTEMPATH/CodeIgniter.php(509): CodeIgniter\CodeIgniter->runController(Object(App\Controllers\Home))
 8 SYSTEMPATH/CodeIgniter.php(355): CodeIgniter\CodeIgniter->handleRequest(null, Object(Config\Cache), false)
 9 SYSTEMPATH/Boot.php(325): CodeIgniter\CodeIgniter->run()
10 SYSTEMPATH/Boot.php(67): CodeIgniter\Boot::runCodeIgniter(Object(CodeIgniter\CodeIgniter))
11 FCPATH/index.php(56): CodeIgniter\Boot::bootWeb(Object(Config\Paths))
CRITICAL - 2024-11-14 07:33:12 --> [Caused by] mysqli_sql_exception: You have an error in your SQL syntax; check the manual that corresponds to your MySQL server version for the right syntax to use near 'IS NULL' at line 4
in SYSTEMPATH/Database/MySQLi/Connection.php on line 312.
 1 SYSTEMPATH/Database/MySQLi/Connection.php(312): mysqli->query('SELECT *
FROM `product`
WHERE `status` = \'1\'
AND `price` < IS NULL', 0)
 2 SYSTEMPATH/Database/BaseConnection.php(734): CodeIgniter\Database\MySQLi\Connection->execute('SELECT *
FROM `product`
WHERE `status` = \'1\'
AND `price` < IS NULL')
 3 SYSTEMPATH/Database/BaseConnection.php(648): CodeIgniter\Database\BaseConnection->simpleQuery('SELECT *
FROM `product`
WHERE `status` = \'1\'
AND `price` < IS NULL')
 4 SYSTEMPATH/Database/BaseBuilder.php(1636): CodeIgniter\Database\BaseConnection->query('SELECT *
FROM `product`
WHERE `status` = :status:
AND `price` < IS NULL', [...], false)
 5 APPPATH/Models/HomeModel.php(167): CodeIgniter\Database\BaseBuilder->get()
 6 APPPATH/Controllers/Home.php(300): App\Models\HomeModel->productListByBudget(null)
 7 SYSTEMPATH/CodeIgniter.php(933): App\Controllers\Home->productListByBudget()
 8 SYSTEMPATH/CodeIgniter.php(509): CodeIgniter\CodeIgniter->runController(Object(App\Controllers\Home))
 9 SYSTEMPATH/CodeIgniter.php(355): CodeIgniter\CodeIgniter->handleRequest(null, Object(Config\Cache), false)
10 SYSTEMPATH/Boot.php(325): CodeIgniter\CodeIgniter->run()
11 SYSTEMPATH/Boot.php(67): CodeIgniter\Boot::runCodeIgniter(Object(CodeIgniter\CodeIgniter))
12 FCPATH/index.php(56): CodeIgniter\Boot::bootWeb(Object(Config\Paths))
ERROR - 2024-11-14 09:21:34 --> mysqli_sql_exception: Table 'cwltechi_dawar.temp_client' doesn't exist in /home2/cwltechin/public_html/dawar-jewellery/system/Database/MySQLi/Connection.php:312
Stack trace:
#0 /home2/cwltechin/public_html/dawar-jewellery/system/Database/MySQLi/Connection.php(312): mysqli->query('SELECT *\nFROM `...', 0)
#1 /home2/cwltechin/public_html/dawar-jewellery/system/Database/BaseConnection.php(734): CodeIgniter\Database\MySQLi\Connection->execute('SELECT *\nFROM `...')
#2 /home2/cwltechin/public_html/dawar-jewellery/system/Database/BaseConnection.php(648): CodeIgniter\Database\BaseConnection->simpleQuery('SELECT *\nFROM `...')
#3 /home2/cwltechin/public_html/dawar-jewellery/system/Database/BaseBuilder.php(1636): CodeIgniter\Database\BaseConnection->query('SELECT *\nFROM `...', Array, false)
#4 /home2/cwltechin/public_html/dawar-jewellery/app/Models/HomeModel.php(37): CodeIgniter\Database\BaseBuilder->get()
#5 /home2/cwltechin/public_html/dawar-jewellery/app/Controllers/Home.php(53): App\Models\HomeModel->authenticateUser('123456', '1')
#6 /home2/cwltechin/public_html/dawar-jewellery/system/CodeIgniter.php(933): App\Controllers\Home->authenticateUser()
#7 /home2/cwltechin/public_html/dawar-jewellery/system/CodeIgniter.php(509): CodeIgniter\CodeIgniter->runController(Object(App\Controllers\Home))
#8 /home2/cwltechin/public_html/dawar-jewellery/system/CodeIgniter.php(355): CodeIgniter\CodeIgniter->handleRequest(NULL, Object(Config\Cache), false)
#9 /home2/cwltechin/public_html/dawar-jewellery/system/Boot.php(325): CodeIgniter\CodeIgniter->run()
#10 /home2/cwltechin/public_html/dawar-jewellery/system/Boot.php(67): CodeIgniter\Boot::runCodeIgniter(Object(CodeIgniter\CodeIgniter))
#11 /home2/cwltechin/public_html/dawar-jewellery/index.php(56): CodeIgniter\Boot::bootWeb(Object(Config\Paths))
#12 {main}
CRITICAL - 2024-11-14 09:21:34 --> CodeIgniter\Database\Exceptions\DatabaseException: Table 'cwltechi_dawar.temp_client' doesn't exist
[Method: POST, Route: authenticateUser]
in SYSTEMPATH/Database/BaseConnection.php on line 688.
 1 SYSTEMPATH/Database/BaseBuilder.php(1636): CodeIgniter\Database\BaseConnection->query('SELECT *
FROM `temp_client`
WHERE `otp` = :otp:
AND `id` = :id:', [...], false)
 2 APPPATH/Models/HomeModel.php(37): CodeIgniter\Database\BaseBuilder->get()
 3 APPPATH/Controllers/Home.php(53): App\Models\HomeModel->authenticateUser('123456', '1')
 4 SYSTEMPATH/CodeIgniter.php(933): App\Controllers\Home->authenticateUser()
 5 SYSTEMPATH/CodeIgniter.php(509): CodeIgniter\CodeIgniter->runController(Object(App\Controllers\Home))
 6 SYSTEMPATH/CodeIgniter.php(355): CodeIgniter\CodeIgniter->handleRequest(null, Object(Config\Cache), false)
 7 SYSTEMPATH/Boot.php(325): CodeIgniter\CodeIgniter->run()
 8 SYSTEMPATH/Boot.php(67): CodeIgniter\Boot::runCodeIgniter(Object(CodeIgniter\CodeIgniter))
 9 FCPATH/index.php(56): CodeIgniter\Boot::bootWeb(Object(Config\Paths))
CRITICAL - 2024-11-14 09:21:34 --> [Caused by] CodeIgniter\Database\Exceptions\DatabaseException: Table 'cwltechi_dawar.temp_client' doesn't exist
in SYSTEMPATH/Database/MySQLi/Connection.php on line 317.
 1 SYSTEMPATH/Database/BaseConnection.php(734): CodeIgniter\Database\MySQLi\Connection->execute('SELECT *
FROM `temp_client`
WHERE `otp` = \'123456\'
AND `id` = \'1\'')
 2 SYSTEMPATH/Database/BaseConnection.php(648): CodeIgniter\Database\BaseConnection->simpleQuery('SELECT *
FROM `temp_client`
WHERE `otp` = \'123456\'
AND `id` = \'1\'')
 3 SYSTEMPATH/Database/BaseBuilder.php(1636): CodeIgniter\Database\BaseConnection->query('SELECT *
FROM `temp_client`
WHERE `otp` = :otp:
AND `id` = :id:', [...], false)
 4 APPPATH/Models/HomeModel.php(37): CodeIgniter\Database\BaseBuilder->get()
 5 APPPATH/Controllers/Home.php(53): App\Models\HomeModel->authenticateUser('123456', '1')
 6 SYSTEMPATH/CodeIgniter.php(933): App\Controllers\Home->authenticateUser()
 7 SYSTEMPATH/CodeIgniter.php(509): CodeIgniter\CodeIgniter->runController(Object(App\Controllers\Home))
 8 SYSTEMPATH/CodeIgniter.php(355): CodeIgniter\CodeIgniter->handleRequest(null, Object(Config\Cache), false)
 9 SYSTEMPATH/Boot.php(325): CodeIgniter\CodeIgniter->run()
10 SYSTEMPATH/Boot.php(67): CodeIgniter\Boot::runCodeIgniter(Object(CodeIgniter\CodeIgniter))
11 FCPATH/index.php(56): CodeIgniter\Boot::bootWeb(Object(Config\Paths))
CRITICAL - 2024-11-14 09:21:34 --> [Caused by] mysqli_sql_exception: Table 'cwltechi_dawar.temp_client' doesn't exist
in SYSTEMPATH/Database/MySQLi/Connection.php on line 312.
 1 SYSTEMPATH/Database/MySQLi/Connection.php(312): mysqli->query('SELECT *
FROM `temp_client`
WHERE `otp` = \'123456\'
AND `id` = \'1\'', 0)
 2 SYSTEMPATH/Database/BaseConnection.php(734): CodeIgniter\Database\MySQLi\Connection->execute('SELECT *
FROM `temp_client`
WHERE `otp` = \'123456\'
AND `id` = \'1\'')
 3 SYSTEMPATH/Database/BaseConnection.php(648): CodeIgniter\Database\BaseConnection->simpleQuery('SELECT *
FROM `temp_client`
WHERE `otp` = \'123456\'
AND `id` = \'1\'')
 4 SYSTEMPATH/Database/BaseBuilder.php(1636): CodeIgniter\Database\BaseConnection->query('SELECT *
FROM `temp_client`
WHERE `otp` = :otp:
AND `id` = :id:', [...], false)
 5 APPPATH/Models/HomeModel.php(37): CodeIgniter\Database\BaseBuilder->get()
 6 APPPATH/Controllers/Home.php(53): App\Models\HomeModel->authenticateUser('123456', '1')
 7 SYSTEMPATH/CodeIgniter.php(933): App\Controllers\Home->authenticateUser()
 8 SYSTEMPATH/CodeIgniter.php(509): CodeIgniter\CodeIgniter->runController(Object(App\Controllers\Home))
 9 SYSTEMPATH/CodeIgniter.php(355): CodeIgniter\CodeIgniter->handleRequest(null, Object(Config\Cache), false)
10 SYSTEMPATH/Boot.php(325): CodeIgniter\CodeIgniter->run()
11 SYSTEMPATH/Boot.php(67): CodeIgniter\Boot::runCodeIgniter(Object(CodeIgniter\CodeIgniter))
12 FCPATH/index.php(56): CodeIgniter\Boot::bootWeb(Object(Config\Paths))
ERROR - 2024-11-14 09:22:23 --> mysqli_sql_exception: Table 'cwltechi_dawar.temp_client' doesn't exist in /home2/cwltechin/public_html/dawar-jewellery/system/Database/MySQLi/Connection.php:312
Stack trace:
#0 /home2/cwltechin/public_html/dawar-jewellery/system/Database/MySQLi/Connection.php(312): mysqli->query('SELECT *\nFROM `...', 0)
#1 /home2/cwltechin/public_html/dawar-jewellery/system/Database/BaseConnection.php(734): CodeIgniter\Database\MySQLi\Connection->execute('SELECT *\nFROM `...')
#2 /home2/cwltechin/public_html/dawar-jewellery/system/Database/BaseConnection.php(648): CodeIgniter\Database\BaseConnection->simpleQuery('SELECT *\nFROM `...')
#3 /home2/cwltechin/public_html/dawar-jewellery/system/Database/BaseBuilder.php(1636): CodeIgniter\Database\BaseConnection->query('SELECT *\nFROM `...', Array, false)
#4 /home2/cwltechin/public_html/dawar-jewellery/app/Models/HomeModel.php(37): CodeIgniter\Database\BaseBuilder->get()
#5 /home2/cwltechin/public_html/dawar-jewellery/app/Controllers/Home.php(53): App\Models\HomeModel->authenticateUser('123456', '3')
#6 /home2/cwltechin/public_html/dawar-jewellery/system/CodeIgniter.php(933): App\Controllers\Home->authenticateUser()
#7 /home2/cwltechin/public_html/dawar-jewellery/system/CodeIgniter.php(509): CodeIgniter\CodeIgniter->runController(Object(App\Controllers\Home))
#8 /home2/cwltechin/public_html/dawar-jewellery/system/CodeIgniter.php(355): CodeIgniter\CodeIgniter->handleRequest(NULL, Object(Config\Cache), false)
#9 /home2/cwltechin/public_html/dawar-jewellery/system/Boot.php(325): CodeIgniter\CodeIgniter->run()
#10 /home2/cwltechin/public_html/dawar-jewellery/system/Boot.php(67): CodeIgniter\Boot::runCodeIgniter(Object(CodeIgniter\CodeIgniter))
#11 /home2/cwltechin/public_html/dawar-jewellery/index.php(56): CodeIgniter\Boot::bootWeb(Object(Config\Paths))
#12 {main}
CRITICAL - 2024-11-14 09:22:23 --> CodeIgniter\Database\Exceptions\DatabaseException: Table 'cwltechi_dawar.temp_client' doesn't exist
[Method: POST, Route: authenticateUser]
in SYSTEMPATH/Database/BaseConnection.php on line 688.
 1 SYSTEMPATH/Database/BaseBuilder.php(1636): CodeIgniter\Database\BaseConnection->query('SELECT *
FROM `temp_client`
WHERE `otp` = :otp:
AND `id` = :id:', [...], false)
 2 APPPATH/Models/HomeModel.php(37): CodeIgniter\Database\BaseBuilder->get()
 3 APPPATH/Controllers/Home.php(53): App\Models\HomeModel->authenticateUser('123456', '3')
 4 SYSTEMPATH/CodeIgniter.php(933): App\Controllers\Home->authenticateUser()
 5 SYSTEMPATH/CodeIgniter.php(509): CodeIgniter\CodeIgniter->runController(Object(App\Controllers\Home))
 6 SYSTEMPATH/CodeIgniter.php(355): CodeIgniter\CodeIgniter->handleRequest(null, Object(Config\Cache), false)
 7 SYSTEMPATH/Boot.php(325): CodeIgniter\CodeIgniter->run()
 8 SYSTEMPATH/Boot.php(67): CodeIgniter\Boot::runCodeIgniter(Object(CodeIgniter\CodeIgniter))
 9 FCPATH/index.php(56): CodeIgniter\Boot::bootWeb(Object(Config\Paths))
CRITICAL - 2024-11-14 09:22:23 --> [Caused by] CodeIgniter\Database\Exceptions\DatabaseException: Table 'cwltechi_dawar.temp_client' doesn't exist
in SYSTEMPATH/Database/MySQLi/Connection.php on line 317.
 1 SYSTEMPATH/Database/BaseConnection.php(734): CodeIgniter\Database\MySQLi\Connection->execute('SELECT *
FROM `temp_client`
WHERE `otp` = \'123456\'
AND `id` = \'3\'')
 2 SYSTEMPATH/Database/BaseConnection.php(648): CodeIgniter\Database\BaseConnection->simpleQuery('SELECT *
FROM `temp_client`
WHERE `otp` = \'123456\'
AND `id` = \'3\'')
 3 SYSTEMPATH/Database/BaseBuilder.php(1636): CodeIgniter\Database\BaseConnection->query('SELECT *
FROM `temp_client`
WHERE `otp` = :otp:
AND `id` = :id:', [...], false)
 4 APPPATH/Models/HomeModel.php(37): CodeIgniter\Database\BaseBuilder->get()
 5 APPPATH/Controllers/Home.php(53): App\Models\HomeModel->authenticateUser('123456', '3')
 6 SYSTEMPATH/CodeIgniter.php(933): App\Controllers\Home->authenticateUser()
 7 SYSTEMPATH/CodeIgniter.php(509): CodeIgniter\CodeIgniter->runController(Object(App\Controllers\Home))
 8 SYSTEMPATH/CodeIgniter.php(355): CodeIgniter\CodeIgniter->handleRequest(null, Object(Config\Cache), false)
 9 SYSTEMPATH/Boot.php(325): CodeIgniter\CodeIgniter->run()
10 SYSTEMPATH/Boot.php(67): CodeIgniter\Boot::runCodeIgniter(Object(CodeIgniter\CodeIgniter))
11 FCPATH/index.php(56): CodeIgniter\Boot::bootWeb(Object(Config\Paths))
CRITICAL - 2024-11-14 09:22:23 --> [Caused by] mysqli_sql_exception: Table 'cwltechi_dawar.temp_client' doesn't exist
in SYSTEMPATH/Database/MySQLi/Connection.php on line 312.
 1 SYSTEMPATH/Database/MySQLi/Connection.php(312): mysqli->query('SELECT *
FROM `temp_client`
WHERE `otp` = \'123456\'
AND `id` = \'3\'', 0)
 2 SYSTEMPATH/Database/BaseConnection.php(734): CodeIgniter\Database\MySQLi\Connection->execute('SELECT *
FROM `temp_client`
WHERE `otp` = \'123456\'
AND `id` = \'3\'')
 3 SYSTEMPATH/Database/BaseConnection.php(648): CodeIgniter\Database\BaseConnection->simpleQuery('SELECT *
FROM `temp_client`
WHERE `otp` = \'123456\'
AND `id` = \'3\'')
 4 SYSTEMPATH/Database/BaseBuilder.php(1636): CodeIgniter\Database\BaseConnection->query('SELECT *
FROM `temp_client`
WHERE `otp` = :otp:
AND `id` = :id:', [...], false)
 5 APPPATH/Models/HomeModel.php(37): CodeIgniter\Database\BaseBuilder->get()
 6 APPPATH/Controllers/Home.php(53): App\Models\HomeModel->authenticateUser('123456', '3')
 7 SYSTEMPATH/CodeIgniter.php(933): App\Controllers\Home->authenticateUser()
 8 SYSTEMPATH/CodeIgniter.php(509): CodeIgniter\CodeIgniter->runController(Object(App\Controllers\Home))
 9 SYSTEMPATH/CodeIgniter.php(355): CodeIgniter\CodeIgniter->handleRequest(null, Object(Config\Cache), false)
10 SYSTEMPATH/Boot.php(325): CodeIgniter\CodeIgniter->run()
11 SYSTEMPATH/Boot.php(67): CodeIgniter\Boot::runCodeIgniter(Object(CodeIgniter\CodeIgniter))
12 FCPATH/index.php(56): CodeIgniter\Boot::bootWeb(Object(Config\Paths))
ERROR - 2024-11-14 09:38:34 --> mysqli_sql_exception: Table 'cwltechi_dawar.temp_client' doesn't exist in /home2/cwltechin/public_html/dawar-jewellery/system/Database/MySQLi/Connection.php:312
Stack trace:
#0 /home2/cwltechin/public_html/dawar-jewellery/system/Database/MySQLi/Connection.php(312): mysqli->query('SELECT *\nFROM `...', 0)
#1 /home2/cwltechin/public_html/dawar-jewellery/system/Database/BaseConnection.php(734): CodeIgniter\Database\MySQLi\Connection->execute('SELECT *\nFROM `...')
#2 /home2/cwltechin/public_html/dawar-jewellery/system/Database/BaseConnection.php(648): CodeIgniter\Database\BaseConnection->simpleQuery('SELECT *\nFROM `...')
#3 /home2/cwltechin/public_html/dawar-jewellery/system/Database/BaseBuilder.php(1636): CodeIgniter\Database\BaseConnection->query('SELECT *\nFROM `...', Array, false)
#4 /home2/cwltechin/public_html/dawar-jewellery/app/Models/HomeModel.php(37): CodeIgniter\Database\BaseBuilder->get()
#5 /home2/cwltechin/public_html/dawar-jewellery/app/Controllers/Home.php(53): App\Models\HomeModel->authenticateUser('123456', '1')
#6 /home2/cwltechin/public_html/dawar-jewellery/system/CodeIgniter.php(933): App\Controllers\Home->authenticateUser()
#7 /home2/cwltechin/public_html/dawar-jewellery/system/CodeIgniter.php(509): CodeIgniter\CodeIgniter->runController(Object(App\Controllers\Home))
#8 /home2/cwltechin/public_html/dawar-jewellery/system/CodeIgniter.php(355): CodeIgniter\CodeIgniter->handleRequest(NULL, Object(Config\Cache), false)
#9 /home2/cwltechin/public_html/dawar-jewellery/system/Boot.php(325): CodeIgniter\CodeIgniter->run()
#10 /home2/cwltechin/public_html/dawar-jewellery/system/Boot.php(67): CodeIgniter\Boot::runCodeIgniter(Object(CodeIgniter\CodeIgniter))
#11 /home2/cwltechin/public_html/dawar-jewellery/index.php(56): CodeIgniter\Boot::bootWeb(Object(Config\Paths))
#12 {main}
CRITICAL - 2024-11-14 09:38:34 --> CodeIgniter\Database\Exceptions\DatabaseException: Table 'cwltechi_dawar.temp_client' doesn't exist
[Method: POST, Route: authenticateUser]
in SYSTEMPATH/Database/BaseConnection.php on line 688.
 1 SYSTEMPATH/Database/BaseBuilder.php(1636): CodeIgniter\Database\BaseConnection->query('SELECT *
FROM `temp_client`
WHERE `otp` = :otp:
AND `id` = :id:', [...], false)
 2 APPPATH/Models/HomeModel.php(37): CodeIgniter\Database\BaseBuilder->get()
 3 APPPATH/Controllers/Home.php(53): App\Models\HomeModel->authenticateUser('123456', '1')
 4 SYSTEMPATH/CodeIgniter.php(933): App\Controllers\Home->authenticateUser()
 5 SYSTEMPATH/CodeIgniter.php(509): CodeIgniter\CodeIgniter->runController(Object(App\Controllers\Home))
 6 SYSTEMPATH/CodeIgniter.php(355): CodeIgniter\CodeIgniter->handleRequest(null, Object(Config\Cache), false)
 7 SYSTEMPATH/Boot.php(325): CodeIgniter\CodeIgniter->run()
 8 SYSTEMPATH/Boot.php(67): CodeIgniter\Boot::runCodeIgniter(Object(CodeIgniter\CodeIgniter))
 9 FCPATH/index.php(56): CodeIgniter\Boot::bootWeb(Object(Config\Paths))
CRITICAL - 2024-11-14 09:38:34 --> [Caused by] CodeIgniter\Database\Exceptions\DatabaseException: Table 'cwltechi_dawar.temp_client' doesn't exist
in SYSTEMPATH/Database/MySQLi/Connection.php on line 317.
 1 SYSTEMPATH/Database/BaseConnection.php(734): CodeIgniter\Database\MySQLi\Connection->execute('SELECT *
FROM `temp_client`
WHERE `otp` = \'123456\'
AND `id` = \'1\'')
 2 SYSTEMPATH/Database/BaseConnection.php(648): CodeIgniter\Database\BaseConnection->simpleQuery('SELECT *
FROM `temp_client`
WHERE `otp` = \'123456\'
AND `id` = \'1\'')
 3 SYSTEMPATH/Database/BaseBuilder.php(1636): CodeIgniter\Database\BaseConnection->query('SELECT *
FROM `temp_client`
WHERE `otp` = :otp:
AND `id` = :id:', [...], false)
 4 APPPATH/Models/HomeModel.php(37): CodeIgniter\Database\BaseBuilder->get()
 5 APPPATH/Controllers/Home.php(53): App\Models\HomeModel->authenticateUser('123456', '1')
 6 SYSTEMPATH/CodeIgniter.php(933): App\Controllers\Home->authenticateUser()
 7 SYSTEMPATH/CodeIgniter.php(509): CodeIgniter\CodeIgniter->runController(Object(App\Controllers\Home))
 8 SYSTEMPATH/CodeIgniter.php(355): CodeIgniter\CodeIgniter->handleRequest(null, Object(Config\Cache), false)
 9 SYSTEMPATH/Boot.php(325): CodeIgniter\CodeIgniter->run()
10 SYSTEMPATH/Boot.php(67): CodeIgniter\Boot::runCodeIgniter(Object(CodeIgniter\CodeIgniter))
11 FCPATH/index.php(56): CodeIgniter\Boot::bootWeb(Object(Config\Paths))
CRITICAL - 2024-11-14 09:38:34 --> [Caused by] mysqli_sql_exception: Table 'cwltechi_dawar.temp_client' doesn't exist
in SYSTEMPATH/Database/MySQLi/Connection.php on line 312.
 1 SYSTEMPATH/Database/MySQLi/Connection.php(312): mysqli->query('SELECT *
FROM `temp_client`
WHERE `otp` = \'123456\'
AND `id` = \'1\'', 0)
 2 SYSTEMPATH/Database/BaseConnection.php(734): CodeIgniter\Database\MySQLi\Connection->execute('SELECT *
FROM `temp_client`
WHERE `otp` = \'123456\'
AND `id` = \'1\'')
 3 SYSTEMPATH/Database/BaseConnection.php(648): CodeIgniter\Database\BaseConnection->simpleQuery('SELECT *
FROM `temp_client`
WHERE `otp` = \'123456\'
AND `id` = \'1\'')
 4 SYSTEMPATH/Database/BaseBuilder.php(1636): CodeIgniter\Database\BaseConnection->query('SELECT *
FROM `temp_client`
WHERE `otp` = :otp:
AND `id` = :id:', [...], false)
 5 APPPATH/Models/HomeModel.php(37): CodeIgniter\Database\BaseBuilder->get()
 6 APPPATH/Controllers/Home.php(53): App\Models\HomeModel->authenticateUser('123456', '1')
 7 SYSTEMPATH/CodeIgniter.php(933): App\Controllers\Home->authenticateUser()
 8 SYSTEMPATH/CodeIgniter.php(509): CodeIgniter\CodeIgniter->runController(Object(App\Controllers\Home))
 9 SYSTEMPATH/CodeIgniter.php(355): CodeIgniter\CodeIgniter->handleRequest(null, Object(Config\Cache), false)
10 SYSTEMPATH/Boot.php(325): CodeIgniter\CodeIgniter->run()
11 SYSTEMPATH/Boot.php(67): CodeIgniter\Boot::runCodeIgniter(Object(CodeIgniter\CodeIgniter))
12 FCPATH/index.php(56): CodeIgniter\Boot::bootWeb(Object(Config\Paths))
