CRITICAL - 2024-11-13 06:43:59 --> CodeIgniter\Database\Exceptions\DatabaseException: You must set the database table to be used with your query.
[Method: GET, Route: categoryList]
in SYSTEMPATH/Database/BaseConnection.php on line 927.
 1 SYSTEMPATH/Model.php(716): CodeIgniter\Database\BaseConnection->table(null)
 2 SYSTEMPATH/Model.php(922): CodeIgniter\Model->builder()
 3 APPPATH/Controllers/Home.php(134): CodeIgniter\Model->__call('categoryList', [])
 4 SYSTEMPATH/CodeIgniter.php(933): App\Controllers\Home->categoryList()
 5 SYSTEMPATH/CodeIgniter.php(509): CodeIgniter\CodeIgniter->runController(Object(App\Controllers\Home))
 6 SYSTEMPATH/CodeIgniter.php(355): CodeIgniter\CodeIgniter->handleRequest(null, Object(Config\Cache), false)
 7 SYSTEMPATH/Boot.php(325): CodeIgniter\CodeIgniter->run()
 8 SYSTEMPATH/Boot.php(67): CodeIgniter\Boot::runCodeIgniter(Object(CodeIgniter\CodeIgniter))
 9 FCPATH/index.php(56): CodeIgniter\Boot::bootWeb(Object(Config\Paths))
ERROR - 2024-11-13 07:09:13 --> mysqli_sql_exception: Table 'cwltechi_dawar.hop_by_gender' doesn't exist in /home2/cwltechin/public_html/dawar-jewellery/system/Database/MySQLi/Connection.php:312
Stack trace:
#0 /home2/cwltechin/public_html/dawar-jewellery/system/Database/MySQLi/Connection.php(312): mysqli->query('SELECT *\nFROM `...', 0)
#1 /home2/cwltechin/public_html/dawar-jewellery/system/Database/BaseConnection.php(734): CodeIgniter\Database\MySQLi\Connection->execute('SELECT *\nFROM `...')
#2 /home2/cwltechin/public_html/dawar-jewellery/system/Database/BaseConnection.php(648): CodeIgniter\Database\BaseConnection->simpleQuery('SELECT *\nFROM `...')
#3 /home2/cwltechin/public_html/dawar-jewellery/system/Database/BaseBuilder.php(1636): CodeIgniter\Database\BaseConnection->query('SELECT *\nFROM `...', Array, false)
#4 /home2/cwltechin/public_html/dawar-jewellery/app/Models/HomeModel.php(115): CodeIgniter\Database\BaseBuilder->get()
#5 /home2/cwltechin/public_html/dawar-jewellery/app/Controllers/Home.php(219): App\Models\HomeModel->shopByGenderList()
#6 /home2/cwltechin/public_html/dawar-jewellery/system/CodeIgniter.php(933): App\Controllers\Home->shopByGenderList()
#7 /home2/cwltechin/public_html/dawar-jewellery/system/CodeIgniter.php(509): CodeIgniter\CodeIgniter->runController(Object(App\Controllers\Home))
#8 /home2/cwltechin/public_html/dawar-jewellery/system/CodeIgniter.php(355): CodeIgniter\CodeIgniter->handleRequest(NULL, Object(Config\Cache), false)
#9 /home2/cwltechin/public_html/dawar-jewellery/system/Boot.php(325): CodeIgniter\CodeIgniter->run()
#10 /home2/cwltechin/public_html/dawar-jewellery/system/Boot.php(67): CodeIgniter\Boot::runCodeIgniter(Object(CodeIgniter\CodeIgniter))
#11 /home2/cwltechin/public_html/dawar-jewellery/index.php(56): CodeIgniter\Boot::bootWeb(Object(Config\Paths))
#12 {main}
CRITICAL - 2024-11-13 07:09:13 --> CodeIgniter\Database\Exceptions\DatabaseException: Table 'cwltechi_dawar.hop_by_gender' doesn't exist
[Method: GET, Route: shopByGenderList]
in SYSTEMPATH/Database/BaseConnection.php on line 688.
 1 SYSTEMPATH/Database/BaseBuilder.php(1636): CodeIgniter\Database\BaseConnection->query('SELECT *
FROM `hop_by_gender`
WHERE `status` = :status:', [...], false)
 2 APPPATH/Models/HomeModel.php(115): CodeIgniter\Database\BaseBuilder->get()
 3 APPPATH/Controllers/Home.php(219): App\Models\HomeModel->shopByGenderList()
 4 SYSTEMPATH/CodeIgniter.php(933): App\Controllers\Home->shopByGenderList()
 5 SYSTEMPATH/CodeIgniter.php(509): CodeIgniter\CodeIgniter->runController(Object(App\Controllers\Home))
 6 SYSTEMPATH/CodeIgniter.php(355): CodeIgniter\CodeIgniter->handleRequest(null, Object(Config\Cache), false)
 7 SYSTEMPATH/Boot.php(325): CodeIgniter\CodeIgniter->run()
 8 SYSTEMPATH/Boot.php(67): CodeIgniter\Boot::runCodeIgniter(Object(CodeIgniter\CodeIgniter))
 9 FCPATH/index.php(56): CodeIgniter\Boot::bootWeb(Object(Config\Paths))
CRITICAL - 2024-11-13 07:09:13 --> [Caused by] CodeIgniter\Database\Exceptions\DatabaseException: Table 'cwltechi_dawar.hop_by_gender' doesn't exist
in SYSTEMPATH/Database/MySQLi/Connection.php on line 317.
 1 SYSTEMPATH/Database/BaseConnection.php(734): CodeIgniter\Database\MySQLi\Connection->execute('SELECT *
FROM `hop_by_gender`
WHERE `status` = \'1\'')
 2 SYSTEMPATH/Database/BaseConnection.php(648): CodeIgniter\Database\BaseConnection->simpleQuery('SELECT *
FROM `hop_by_gender`
WHERE `status` = \'1\'')
 3 SYSTEMPATH/Database/BaseBuilder.php(1636): CodeIgniter\Database\BaseConnection->query('SELECT *
FROM `hop_by_gender`
WHERE `status` = :status:', [...], false)
 4 APPPATH/Models/HomeModel.php(115): CodeIgniter\Database\BaseBuilder->get()
 5 APPPATH/Controllers/Home.php(219): App\Models\HomeModel->shopByGenderList()
 6 SYSTEMPATH/CodeIgniter.php(933): App\Controllers\Home->shopByGenderList()
 7 SYSTEMPATH/CodeIgniter.php(509): CodeIgniter\CodeIgniter->runController(Object(App\Controllers\Home))
 8 SYSTEMPATH/CodeIgniter.php(355): CodeIgniter\CodeIgniter->handleRequest(null, Object(Config\Cache), false)
 9 SYSTEMPATH/Boot.php(325): CodeIgniter\CodeIgniter->run()
10 SYSTEMPATH/Boot.php(67): CodeIgniter\Boot::runCodeIgniter(Object(CodeIgniter\CodeIgniter))
11 FCPATH/index.php(56): CodeIgniter\Boot::bootWeb(Object(Config\Paths))
CRITICAL - 2024-11-13 07:09:13 --> [Caused by] mysqli_sql_exception: Table 'cwltechi_dawar.hop_by_gender' doesn't exist
in SYSTEMPATH/Database/MySQLi/Connection.php on line 312.
 1 SYSTEMPATH/Database/MySQLi/Connection.php(312): mysqli->query('SELECT *
FROM `hop_by_gender`
WHERE `status` = \'1\'', 0)
 2 SYSTEMPATH/Database/BaseConnection.php(734): CodeIgniter\Database\MySQLi\Connection->execute('SELECT *
FROM `hop_by_gender`
WHERE `status` = \'1\'')
 3 SYSTEMPATH/Database/BaseConnection.php(648): CodeIgniter\Database\BaseConnection->simpleQuery('SELECT *
FROM `hop_by_gender`
WHERE `status` = \'1\'')
 4 SYSTEMPATH/Database/BaseBuilder.php(1636): CodeIgniter\Database\BaseConnection->query('SELECT *
FROM `hop_by_gender`
WHERE `status` = :status:', [...], false)
 5 APPPATH/Models/HomeModel.php(115): CodeIgniter\Database\BaseBuilder->get()
 6 APPPATH/Controllers/Home.php(219): App\Models\HomeModel->shopByGenderList()
 7 SYSTEMPATH/CodeIgniter.php(933): App\Controllers\Home->shopByGenderList()
 8 SYSTEMPATH/CodeIgniter.php(509): CodeIgniter\CodeIgniter->runController(Object(App\Controllers\Home))
 9 SYSTEMPATH/CodeIgniter.php(355): CodeIgniter\CodeIgniter->handleRequest(null, Object(Config\Cache), false)
10 SYSTEMPATH/Boot.php(325): CodeIgniter\CodeIgniter->run()
11 SYSTEMPATH/Boot.php(67): CodeIgniter\Boot::runCodeIgniter(Object(CodeIgniter\CodeIgniter))
12 FCPATH/index.php(56): CodeIgniter\Boot::bootWeb(Object(Config\Paths))
