CRITICAL - 2024-07-31 05:56:00 --> ErrorException: Trying to access array offset on value of type null
[Method: GET, Route: assets/home/images/ajax-loading.gif]
in APPPATH\Controllers\Home.php on line 95.
 1 APPPATH\Controllers\Home.php(95): CodeIgniter\Debug\Exceptions->errorHandler(2, 'Trying to access array offset on value of type null', 'F:\\xampp\\htdocs\\skmc_global\\app\\Controllers\\Home.php', 95)
 2 SYSTEMPATH\CodeIgniter.php(933): App\Controllers\Home->categoryDetail('assets', 'home', 'images', 'ajax-loading.gif')
 3 SYSTEMPATH\CodeIgniter.php(509): CodeIgniter\CodeIgniter->runController(Object(App\Controllers\Home))
 4 SYSTEMPATH\CodeIgniter.php(355): CodeIgniter\CodeIgniter->handleRequest(null, Object(Config\Cache), false)
 5 SYSTEMPATH\Boot.php(325): CodeIgniter\CodeIgniter->run()
 6 SYSTEMPATH\Boot.php(67): CodeIgniter\Boot::runCodeIgniter(Object(CodeIgniter\CodeIgniter))
 7 FCPATH\index.php(56): CodeIgniter\Boot::bootWeb(Object(Config\Paths))
CRITICAL - 2024-07-31 05:56:00 --> ErrorException: Trying to access array offset on value of type null
[Method: GET, Route: assets/home/images/fevicon.png]
in APPPATH\Controllers\Home.php on line 95.
 1 APPPATH\Controllers\Home.php(95): CodeIgniter\Debug\Exceptions->errorHandler(2, 'Trying to access array offset on value of type null', 'F:\\xampp\\htdocs\\skmc_global\\app\\Controllers\\Home.php', 95)
 2 SYSTEMPATH\CodeIgniter.php(933): App\Controllers\Home->categoryDetail('assets', 'home', 'images', 'fevicon.png')
 3 SYSTEMPATH\CodeIgniter.php(509): CodeIgniter\CodeIgniter->runController(Object(App\Controllers\Home))
 4 SYSTEMPATH\CodeIgniter.php(355): CodeIgniter\CodeIgniter->handleRequest(null, Object(Config\Cache), false)
 5 SYSTEMPATH\Boot.php(325): CodeIgniter\CodeIgniter->run()
 6 SYSTEMPATH\Boot.php(67): CodeIgniter\Boot::runCodeIgniter(Object(CodeIgniter\CodeIgniter))
 7 FCPATH\index.php(56): CodeIgniter\Boot::bootWeb(Object(Config\Paths))
CRITICAL - 2024-07-31 05:56:53 --> ErrorException: Trying to access array offset on value of type null
[Method: GET, Route: assets/admin/js/bootstrap.min.js.map]
in APPPATH\Controllers\Home.php on line 95.
 1 APPPATH\Controllers\Home.php(95): CodeIgniter\Debug\Exceptions->errorHandler(2, 'Trying to access array offset on value of type null', 'F:\\xampp\\htdocs\\skmc_global\\app\\Controllers\\Home.php', 95)
 2 SYSTEMPATH\CodeIgniter.php(933): App\Controllers\Home->categoryDetail('assets', 'admin', 'js', 'bootstrap.min.js.map')
 3 SYSTEMPATH\CodeIgniter.php(509): CodeIgniter\CodeIgniter->runController(Object(App\Controllers\Home))
 4 SYSTEMPATH\CodeIgniter.php(355): CodeIgniter\CodeIgniter->handleRequest(null, Object(Config\Cache), false)
 5 SYSTEMPATH\Boot.php(325): CodeIgniter\CodeIgniter->run()
 6 SYSTEMPATH\Boot.php(67): CodeIgniter\Boot::runCodeIgniter(Object(CodeIgniter\CodeIgniter))
 7 FCPATH\index.php(56): CodeIgniter\Boot::bootWeb(Object(Config\Paths))
CRITICAL - 2024-07-31 06:10:20 --> ErrorException: Trying to access array offset on value of type null
[Method: GET, Route: assets/admin/js/bootstrap.min.js.map]
in APPPATH\Controllers\Home.php on line 95.
 1 APPPATH\Controllers\Home.php(95): CodeIgniter\Debug\Exceptions->errorHandler(2, 'Trying to access array offset on value of type null', 'F:\\xampp\\htdocs\\skmc_global\\app\\Controllers\\Home.php', 95)
 2 SYSTEMPATH\CodeIgniter.php(933): App\Controllers\Home->categoryDetail('assets', 'admin', 'js', 'bootstrap.min.js.map')
 3 SYSTEMPATH\CodeIgniter.php(509): CodeIgniter\CodeIgniter->runController(Object(App\Controllers\Home))
 4 SYSTEMPATH\CodeIgniter.php(355): CodeIgniter\CodeIgniter->handleRequest(null, Object(Config\Cache), false)
 5 SYSTEMPATH\Boot.php(325): CodeIgniter\CodeIgniter->run()
 6 SYSTEMPATH\Boot.php(67): CodeIgniter\Boot::runCodeIgniter(Object(CodeIgniter\CodeIgniter))
 7 FCPATH\index.php(56): CodeIgniter\Boot::bootWeb(Object(Config\Paths))
CRITICAL - 2024-07-31 06:10:20 --> ErrorException: Trying to access array offset on value of type null
[Method: GET, Route: assets/home/images/ajax-loading.gif]
in APPPATH\Controllers\Home.php on line 95.
 1 APPPATH\Controllers\Home.php(95): CodeIgniter\Debug\Exceptions->errorHandler(2, 'Trying to access array offset on value of type null', 'F:\\xampp\\htdocs\\skmc_global\\app\\Controllers\\Home.php', 95)
 2 SYSTEMPATH\CodeIgniter.php(933): App\Controllers\Home->categoryDetail('assets', 'home', 'images', 'ajax-loading.gif')
 3 SYSTEMPATH\CodeIgniter.php(509): CodeIgniter\CodeIgniter->runController(Object(App\Controllers\Home))
 4 SYSTEMPATH\CodeIgniter.php(355): CodeIgniter\CodeIgniter->handleRequest(null, Object(Config\Cache), false)
 5 SYSTEMPATH\Boot.php(325): CodeIgniter\CodeIgniter->run()
 6 SYSTEMPATH\Boot.php(67): CodeIgniter\Boot::runCodeIgniter(Object(CodeIgniter\CodeIgniter))
 7 FCPATH\index.php(56): CodeIgniter\Boot::bootWeb(Object(Config\Paths))
CRITICAL - 2024-07-31 06:10:21 --> ErrorException: Trying to access array offset on value of type null
[Method: GET, Route: assets/home/images/fevicon.png]
in APPPATH\Controllers\Home.php on line 95.
 1 APPPATH\Controllers\Home.php(95): CodeIgniter\Debug\Exceptions->errorHandler(2, 'Trying to access array offset on value of type null', 'F:\\xampp\\htdocs\\skmc_global\\app\\Controllers\\Home.php', 95)
 2 SYSTEMPATH\CodeIgniter.php(933): App\Controllers\Home->categoryDetail('assets', 'home', 'images', 'fevicon.png')
 3 SYSTEMPATH\CodeIgniter.php(509): CodeIgniter\CodeIgniter->runController(Object(App\Controllers\Home))
 4 SYSTEMPATH\CodeIgniter.php(355): CodeIgniter\CodeIgniter->handleRequest(null, Object(Config\Cache), false)
 5 SYSTEMPATH\Boot.php(325): CodeIgniter\CodeIgniter->run()
 6 SYSTEMPATH\Boot.php(67): CodeIgniter\Boot::runCodeIgniter(Object(CodeIgniter\CodeIgniter))
 7 FCPATH\index.php(56): CodeIgniter\Boot::bootWeb(Object(Config\Paths))
CRITICAL - 2024-07-31 07:03:55 --> ErrorException: Trying to access array offset on value of type null
[Method: GET, Route: assets/home/images/fevicon.png]
in APPPATH\Controllers\Home.php on line 95.
 1 APPPATH\Controllers\Home.php(95): CodeIgniter\Debug\Exceptions->errorHandler(2, 'Trying to access array offset on value of type null', 'F:\\xampp\\htdocs\\skmc_global\\app\\Controllers\\Home.php', 95)
 2 SYSTEMPATH\CodeIgniter.php(933): App\Controllers\Home->categoryDetail('assets', 'home', 'images', 'fevicon.png')
 3 SYSTEMPATH\CodeIgniter.php(509): CodeIgniter\CodeIgniter->runController(Object(App\Controllers\Home))
 4 SYSTEMPATH\CodeIgniter.php(355): CodeIgniter\CodeIgniter->handleRequest(null, Object(Config\Cache), false)
 5 SYSTEMPATH\Boot.php(325): CodeIgniter\CodeIgniter->run()
 6 SYSTEMPATH\Boot.php(67): CodeIgniter\Boot::runCodeIgniter(Object(CodeIgniter\CodeIgniter))
 7 FCPATH\index.php(56): CodeIgniter\Boot::bootWeb(Object(Config\Paths))
CRITICAL - 2024-07-31 07:04:02 --> ErrorException: Trying to access array offset on value of type null
[Method: GET, Route: assets/home/images/ajax-loading.gif]
in APPPATH\Controllers\Home.php on line 95.
 1 APPPATH\Controllers\Home.php(95): CodeIgniter\Debug\Exceptions->errorHandler(2, 'Trying to access array offset on value of type null', 'F:\\xampp\\htdocs\\skmc_global\\app\\Controllers\\Home.php', 95)
 2 SYSTEMPATH\CodeIgniter.php(933): App\Controllers\Home->categoryDetail('assets', 'home', 'images', 'ajax-loading.gif')
 3 SYSTEMPATH\CodeIgniter.php(509): CodeIgniter\CodeIgniter->runController(Object(App\Controllers\Home))
 4 SYSTEMPATH\CodeIgniter.php(355): CodeIgniter\CodeIgniter->handleRequest(null, Object(Config\Cache), false)
 5 SYSTEMPATH\Boot.php(325): CodeIgniter\CodeIgniter->run()
 6 SYSTEMPATH\Boot.php(67): CodeIgniter\Boot::runCodeIgniter(Object(CodeIgniter\CodeIgniter))
 7 FCPATH\index.php(56): CodeIgniter\Boot::bootWeb(Object(Config\Paths))
CRITICAL - 2024-07-31 07:07:01 --> ErrorException: Trying to access array offset on value of type null
[Method: GET, Route: assets/css/fontawesome.min.css]
in APPPATH\Controllers\Home.php on line 95.
 1 APPPATH\Controllers\Home.php(95): CodeIgniter\Debug\Exceptions->errorHandler(2, 'Trying to access array offset on value of type null', 'F:\\xampp\\htdocs\\skmc_global\\app\\Controllers\\Home.php', 95)
 2 SYSTEMPATH\CodeIgniter.php(933): App\Controllers\Home->categoryDetail('assets', 'css', 'fontawesome.min.css')
 3 SYSTEMPATH\CodeIgniter.php(509): CodeIgniter\CodeIgniter->runController(Object(App\Controllers\Home))
 4 SYSTEMPATH\CodeIgniter.php(355): CodeIgniter\CodeIgniter->handleRequest(null, Object(Config\Cache), false)
 5 SYSTEMPATH\Boot.php(325): CodeIgniter\CodeIgniter->run()
 6 SYSTEMPATH\Boot.php(67): CodeIgniter\Boot::runCodeIgniter(Object(CodeIgniter\CodeIgniter))
 7 FCPATH\index.php(56): CodeIgniter\Boot::bootWeb(Object(Config\Paths))
CRITICAL - 2024-07-31 07:07:10 --> ErrorException: Trying to access array offset on value of type null
[Method: GET, Route: assets/css/fontawesome.min.css]
in APPPATH\Controllers\Home.php on line 95.
 1 APPPATH\Controllers\Home.php(95): CodeIgniter\Debug\Exceptions->errorHandler(2, 'Trying to access array offset on value of type null', 'F:\\xampp\\htdocs\\skmc_global\\app\\Controllers\\Home.php', 95)
 2 SYSTEMPATH\CodeIgniter.php(933): App\Controllers\Home->categoryDetail('assets', 'css', 'fontawesome.min.css')
 3 SYSTEMPATH\CodeIgniter.php(509): CodeIgniter\CodeIgniter->runController(Object(App\Controllers\Home))
 4 SYSTEMPATH\CodeIgniter.php(355): CodeIgniter\CodeIgniter->handleRequest(null, Object(Config\Cache), false)
 5 SYSTEMPATH\Boot.php(325): CodeIgniter\CodeIgniter->run()
 6 SYSTEMPATH\Boot.php(67): CodeIgniter\Boot::runCodeIgniter(Object(CodeIgniter\CodeIgniter))
 7 FCPATH\index.php(56): CodeIgniter\Boot::bootWeb(Object(Config\Paths))
CRITICAL - 2024-07-31 07:07:12 --> ErrorException: Trying to access array offset on value of type null
[Method: GET, Route: assets/css/fontawesome.min.css]
in APPPATH\Controllers\Home.php on line 95.
 1 APPPATH\Controllers\Home.php(95): CodeIgniter\Debug\Exceptions->errorHandler(2, 'Trying to access array offset on value of type null', 'F:\\xampp\\htdocs\\skmc_global\\app\\Controllers\\Home.php', 95)
 2 SYSTEMPATH\CodeIgniter.php(933): App\Controllers\Home->categoryDetail('assets', 'css', 'fontawesome.min.css')
 3 SYSTEMPATH\CodeIgniter.php(509): CodeIgniter\CodeIgniter->runController(Object(App\Controllers\Home))
 4 SYSTEMPATH\CodeIgniter.php(355): CodeIgniter\CodeIgniter->handleRequest(null, Object(Config\Cache), false)
 5 SYSTEMPATH\Boot.php(325): CodeIgniter\CodeIgniter->run()
 6 SYSTEMPATH\Boot.php(67): CodeIgniter\Boot::runCodeIgniter(Object(CodeIgniter\CodeIgniter))
 7 FCPATH\index.php(56): CodeIgniter\Boot::bootWeb(Object(Config\Paths))
CRITICAL - 2024-07-31 07:07:16 --> ErrorException: Trying to access array offset on value of type null
[Method: GET, Route: assets/css/fontawesome.min.css]
in APPPATH\Controllers\Home.php on line 95.
 1 APPPATH\Controllers\Home.php(95): CodeIgniter\Debug\Exceptions->errorHandler(2, 'Trying to access array offset on value of type null', 'F:\\xampp\\htdocs\\skmc_global\\app\\Controllers\\Home.php', 95)
 2 SYSTEMPATH\CodeIgniter.php(933): App\Controllers\Home->categoryDetail('assets', 'css', 'fontawesome.min.css')
 3 SYSTEMPATH\CodeIgniter.php(509): CodeIgniter\CodeIgniter->runController(Object(App\Controllers\Home))
 4 SYSTEMPATH\CodeIgniter.php(355): CodeIgniter\CodeIgniter->handleRequest(null, Object(Config\Cache), false)
 5 SYSTEMPATH\Boot.php(325): CodeIgniter\CodeIgniter->run()
 6 SYSTEMPATH\Boot.php(67): CodeIgniter\Boot::runCodeIgniter(Object(CodeIgniter\CodeIgniter))
 7 FCPATH\index.php(56): CodeIgniter\Boot::bootWeb(Object(Config\Paths))
CRITICAL - 2024-07-31 07:08:02 --> ErrorException: Trying to access array offset on value of type null
[Method: GET, Route: assets/home/images/fevicon.png]
in APPPATH\Controllers\Home.php on line 95.
 1 APPPATH\Controllers\Home.php(95): CodeIgniter\Debug\Exceptions->errorHandler(2, 'Trying to access array offset on value of type null', 'F:\\xampp\\htdocs\\skmc_global\\app\\Controllers\\Home.php', 95)
 2 SYSTEMPATH\CodeIgniter.php(933): App\Controllers\Home->categoryDetail('assets', 'home', 'images', 'fevicon.png')
 3 SYSTEMPATH\CodeIgniter.php(509): CodeIgniter\CodeIgniter->runController(Object(App\Controllers\Home))
 4 SYSTEMPATH\CodeIgniter.php(355): CodeIgniter\CodeIgniter->handleRequest(null, Object(Config\Cache), false)
 5 SYSTEMPATH\Boot.php(325): CodeIgniter\CodeIgniter->run()
 6 SYSTEMPATH\Boot.php(67): CodeIgniter\Boot::runCodeIgniter(Object(CodeIgniter\CodeIgniter))
 7 FCPATH\index.php(56): CodeIgniter\Boot::bootWeb(Object(Config\Paths))
CRITICAL - 2024-07-31 07:08:05 --> ErrorException: Trying to access array offset on value of type null
[Method: GET, Route: assets/home/images/ajax-loading.gif]
in APPPATH\Controllers\Home.php on line 95.
 1 APPPATH\Controllers\Home.php(95): CodeIgniter\Debug\Exceptions->errorHandler(2, 'Trying to access array offset on value of type null', 'F:\\xampp\\htdocs\\skmc_global\\app\\Controllers\\Home.php', 95)
 2 SYSTEMPATH\CodeIgniter.php(933): App\Controllers\Home->categoryDetail('assets', 'home', 'images', 'ajax-loading.gif')
 3 SYSTEMPATH\CodeIgniter.php(509): CodeIgniter\CodeIgniter->runController(Object(App\Controllers\Home))
 4 SYSTEMPATH\CodeIgniter.php(355): CodeIgniter\CodeIgniter->handleRequest(null, Object(Config\Cache), false)
 5 SYSTEMPATH\Boot.php(325): CodeIgniter\CodeIgniter->run()
 6 SYSTEMPATH\Boot.php(67): CodeIgniter\Boot::runCodeIgniter(Object(CodeIgniter\CodeIgniter))
 7 FCPATH\index.php(56): CodeIgniter\Boot::bootWeb(Object(Config\Paths))
CRITICAL - 2024-07-31 07:08:05 --> ErrorException: Trying to access array offset on value of type null
[Method: GET, Route: assets/home/images/fevicon.png]
in APPPATH\Controllers\Home.php on line 95.
 1 APPPATH\Controllers\Home.php(95): CodeIgniter\Debug\Exceptions->errorHandler(2, 'Trying to access array offset on value of type null', 'F:\\xampp\\htdocs\\skmc_global\\app\\Controllers\\Home.php', 95)
 2 SYSTEMPATH\CodeIgniter.php(933): App\Controllers\Home->categoryDetail('assets', 'home', 'images', 'fevicon.png')
 3 SYSTEMPATH\CodeIgniter.php(509): CodeIgniter\CodeIgniter->runController(Object(App\Controllers\Home))
 4 SYSTEMPATH\CodeIgniter.php(355): CodeIgniter\CodeIgniter->handleRequest(null, Object(Config\Cache), false)
 5 SYSTEMPATH\Boot.php(325): CodeIgniter\CodeIgniter->run()
 6 SYSTEMPATH\Boot.php(67): CodeIgniter\Boot::runCodeIgniter(Object(CodeIgniter\CodeIgniter))
 7 FCPATH\index.php(56): CodeIgniter\Boot::bootWeb(Object(Config\Paths))
CRITICAL - 2024-07-31 07:10:35 --> ErrorException: Trying to access array offset on value of type null
[Method: GET, Route: assets/admin/js/bootstrap.min.js.map]
in APPPATH\Controllers\Home.php on line 95.
 1 APPPATH\Controllers\Home.php(95): CodeIgniter\Debug\Exceptions->errorHandler(2, 'Trying to access array offset on value of type null', 'F:\\xampp\\htdocs\\skmc_global\\app\\Controllers\\Home.php', 95)
 2 SYSTEMPATH\CodeIgniter.php(933): App\Controllers\Home->categoryDetail('assets', 'admin', 'js', 'bootstrap.min.js.map')
 3 SYSTEMPATH\CodeIgniter.php(509): CodeIgniter\CodeIgniter->runController(Object(App\Controllers\Home))
 4 SYSTEMPATH\CodeIgniter.php(355): CodeIgniter\CodeIgniter->handleRequest(null, Object(Config\Cache), false)
 5 SYSTEMPATH\Boot.php(325): CodeIgniter\CodeIgniter->run()
 6 SYSTEMPATH\Boot.php(67): CodeIgniter\Boot::runCodeIgniter(Object(CodeIgniter\CodeIgniter))
 7 FCPATH\index.php(56): CodeIgniter\Boot::bootWeb(Object(Config\Paths))
CRITICAL - 2024-07-31 07:13:13 --> ErrorException: Trying to access array offset on value of type null
[Method: GET, Route: assets/css/fontawesome.min.css]
in APPPATH\Controllers\Home.php on line 95.
 1 APPPATH\Controllers\Home.php(95): CodeIgniter\Debug\Exceptions->errorHandler(2, 'Trying to access array offset on value of type null', 'F:\\xampp\\htdocs\\skmc_global\\app\\Controllers\\Home.php', 95)
 2 SYSTEMPATH\CodeIgniter.php(933): App\Controllers\Home->categoryDetail('assets', 'css', 'fontawesome.min.css')
 3 SYSTEMPATH\CodeIgniter.php(509): CodeIgniter\CodeIgniter->runController(Object(App\Controllers\Home))
 4 SYSTEMPATH\CodeIgniter.php(355): CodeIgniter\CodeIgniter->handleRequest(null, Object(Config\Cache), false)
 5 SYSTEMPATH\Boot.php(325): CodeIgniter\CodeIgniter->run()
 6 SYSTEMPATH\Boot.php(67): CodeIgniter\Boot::runCodeIgniter(Object(CodeIgniter\CodeIgniter))
 7 FCPATH\index.php(56): CodeIgniter\Boot::bootWeb(Object(Config\Paths))
CRITICAL - 2024-07-31 07:13:14 --> ErrorException: Trying to access array offset on value of type null
[Method: GET, Route: assets/css/fontawesome.min.css]
in APPPATH\Controllers\Home.php on line 95.
 1 APPPATH\Controllers\Home.php(95): CodeIgniter\Debug\Exceptions->errorHandler(2, 'Trying to access array offset on value of type null', 'F:\\xampp\\htdocs\\skmc_global\\app\\Controllers\\Home.php', 95)
 2 SYSTEMPATH\CodeIgniter.php(933): App\Controllers\Home->categoryDetail('assets', 'css', 'fontawesome.min.css')
 3 SYSTEMPATH\CodeIgniter.php(509): CodeIgniter\CodeIgniter->runController(Object(App\Controllers\Home))
 4 SYSTEMPATH\CodeIgniter.php(355): CodeIgniter\CodeIgniter->handleRequest(null, Object(Config\Cache), false)
 5 SYSTEMPATH\Boot.php(325): CodeIgniter\CodeIgniter->run()
 6 SYSTEMPATH\Boot.php(67): CodeIgniter\Boot::runCodeIgniter(Object(CodeIgniter\CodeIgniter))
 7 FCPATH\index.php(56): CodeIgniter\Boot::bootWeb(Object(Config\Paths))
CRITICAL - 2024-07-31 07:13:16 --> ErrorException: Trying to access array offset on value of type null
[Method: GET, Route: assets/css/fontawesome.min.css]
in APPPATH\Controllers\Home.php on line 95.
 1 APPPATH\Controllers\Home.php(95): CodeIgniter\Debug\Exceptions->errorHandler(2, 'Trying to access array offset on value of type null', 'F:\\xampp\\htdocs\\skmc_global\\app\\Controllers\\Home.php', 95)
 2 SYSTEMPATH\CodeIgniter.php(933): App\Controllers\Home->categoryDetail('assets', 'css', 'fontawesome.min.css')
 3 SYSTEMPATH\CodeIgniter.php(509): CodeIgniter\CodeIgniter->runController(Object(App\Controllers\Home))
 4 SYSTEMPATH\CodeIgniter.php(355): CodeIgniter\CodeIgniter->handleRequest(null, Object(Config\Cache), false)
 5 SYSTEMPATH\Boot.php(325): CodeIgniter\CodeIgniter->run()
 6 SYSTEMPATH\Boot.php(67): CodeIgniter\Boot::runCodeIgniter(Object(CodeIgniter\CodeIgniter))
 7 FCPATH\index.php(56): CodeIgniter\Boot::bootWeb(Object(Config\Paths))
CRITICAL - 2024-07-31 07:14:22 --> ErrorException: Trying to access array offset on value of type null
[Method: GET, Route: assets/admin/js/bootstrap.min.js.map]
in APPPATH\Controllers\Home.php on line 95.
 1 APPPATH\Controllers\Home.php(95): CodeIgniter\Debug\Exceptions->errorHandler(2, 'Trying to access array offset on value of type null', 'F:\\xampp\\htdocs\\skmc_global\\app\\Controllers\\Home.php', 95)
 2 SYSTEMPATH\CodeIgniter.php(933): App\Controllers\Home->categoryDetail('assets', 'admin', 'js', 'bootstrap.min.js.map')
 3 SYSTEMPATH\CodeIgniter.php(509): CodeIgniter\CodeIgniter->runController(Object(App\Controllers\Home))
 4 SYSTEMPATH\CodeIgniter.php(355): CodeIgniter\CodeIgniter->handleRequest(null, Object(Config\Cache), false)
 5 SYSTEMPATH\Boot.php(325): CodeIgniter\CodeIgniter->run()
 6 SYSTEMPATH\Boot.php(67): CodeIgniter\Boot::runCodeIgniter(Object(CodeIgniter\CodeIgniter))
 7 FCPATH\index.php(56): CodeIgniter\Boot::bootWeb(Object(Config\Paths))
CRITICAL - 2024-07-31 07:14:33 --> ErrorException: Trying to access array offset on value of type null
[Method: GET, Route: assets/css/fontawesome.min.css]
in APPPATH\Controllers\Home.php on line 95.
 1 APPPATH\Controllers\Home.php(95): CodeIgniter\Debug\Exceptions->errorHandler(2, 'Trying to access array offset on value of type null', 'F:\\xampp\\htdocs\\skmc_global\\app\\Controllers\\Home.php', 95)
 2 SYSTEMPATH\CodeIgniter.php(933): App\Controllers\Home->categoryDetail('assets', 'css', 'fontawesome.min.css')
 3 SYSTEMPATH\CodeIgniter.php(509): CodeIgniter\CodeIgniter->runController(Object(App\Controllers\Home))
 4 SYSTEMPATH\CodeIgniter.php(355): CodeIgniter\CodeIgniter->handleRequest(null, Object(Config\Cache), false)
 5 SYSTEMPATH\Boot.php(325): CodeIgniter\CodeIgniter->run()
 6 SYSTEMPATH\Boot.php(67): CodeIgniter\Boot::runCodeIgniter(Object(CodeIgniter\CodeIgniter))
 7 FCPATH\index.php(56): CodeIgniter\Boot::bootWeb(Object(Config\Paths))
CRITICAL - 2024-07-31 07:14:35 --> ErrorException: Trying to access array offset on value of type null
[Method: GET, Route: assets/css/fontawesome.min.css]
in APPPATH\Controllers\Home.php on line 95.
 1 APPPATH\Controllers\Home.php(95): CodeIgniter\Debug\Exceptions->errorHandler(2, 'Trying to access array offset on value of type null', 'F:\\xampp\\htdocs\\skmc_global\\app\\Controllers\\Home.php', 95)
 2 SYSTEMPATH\CodeIgniter.php(933): App\Controllers\Home->categoryDetail('assets', 'css', 'fontawesome.min.css')
 3 SYSTEMPATH\CodeIgniter.php(509): CodeIgniter\CodeIgniter->runController(Object(App\Controllers\Home))
 4 SYSTEMPATH\CodeIgniter.php(355): CodeIgniter\CodeIgniter->handleRequest(null, Object(Config\Cache), false)
 5 SYSTEMPATH\Boot.php(325): CodeIgniter\CodeIgniter->run()
 6 SYSTEMPATH\Boot.php(67): CodeIgniter\Boot::runCodeIgniter(Object(CodeIgniter\CodeIgniter))
 7 FCPATH\index.php(56): CodeIgniter\Boot::bootWeb(Object(Config\Paths))
CRITICAL - 2024-07-31 07:14:37 --> ErrorException: Trying to access array offset on value of type null
[Method: GET, Route: assets/css/fontawesome.min.css]
in APPPATH\Controllers\Home.php on line 95.
 1 APPPATH\Controllers\Home.php(95): CodeIgniter\Debug\Exceptions->errorHandler(2, 'Trying to access array offset on value of type null', 'F:\\xampp\\htdocs\\skmc_global\\app\\Controllers\\Home.php', 95)
 2 SYSTEMPATH\CodeIgniter.php(933): App\Controllers\Home->categoryDetail('assets', 'css', 'fontawesome.min.css')
 3 SYSTEMPATH\CodeIgniter.php(509): CodeIgniter\CodeIgniter->runController(Object(App\Controllers\Home))
 4 SYSTEMPATH\CodeIgniter.php(355): CodeIgniter\CodeIgniter->handleRequest(null, Object(Config\Cache), false)
 5 SYSTEMPATH\Boot.php(325): CodeIgniter\CodeIgniter->run()
 6 SYSTEMPATH\Boot.php(67): CodeIgniter\Boot::runCodeIgniter(Object(CodeIgniter\CodeIgniter))
 7 FCPATH\index.php(56): CodeIgniter\Boot::bootWeb(Object(Config\Paths))
CRITICAL - 2024-07-31 07:25:43 --> ErrorException: Trying to access array offset on value of type null
[Method: GET, Route: assets/home/images/fevicon.png]
in APPPATH\Controllers\Home.php on line 95.
 1 APPPATH\Controllers\Home.php(95): CodeIgniter\Debug\Exceptions->errorHandler(2, 'Trying to access array offset on value of type null', 'F:\\xampp\\htdocs\\skmc_global\\app\\Controllers\\Home.php', 95)
 2 SYSTEMPATH\CodeIgniter.php(933): App\Controllers\Home->categoryDetail('assets', 'home', 'images', 'fevicon.png')
 3 SYSTEMPATH\CodeIgniter.php(509): CodeIgniter\CodeIgniter->runController(Object(App\Controllers\Home))
 4 SYSTEMPATH\CodeIgniter.php(355): CodeIgniter\CodeIgniter->handleRequest(null, Object(Config\Cache), false)
 5 SYSTEMPATH\Boot.php(325): CodeIgniter\CodeIgniter->run()
 6 SYSTEMPATH\Boot.php(67): CodeIgniter\Boot::runCodeIgniter(Object(CodeIgniter\CodeIgniter))
 7 FCPATH\index.php(56): CodeIgniter\Boot::bootWeb(Object(Config\Paths))
CRITICAL - 2024-07-31 07:25:49 --> ErrorException: Trying to access array offset on value of type null
[Method: GET, Route: assets/home/images/ajax-loading.gif]
in APPPATH\Controllers\Home.php on line 95.
 1 APPPATH\Controllers\Home.php(95): CodeIgniter\Debug\Exceptions->errorHandler(2, 'Trying to access array offset on value of type null', 'F:\\xampp\\htdocs\\skmc_global\\app\\Controllers\\Home.php', 95)
 2 SYSTEMPATH\CodeIgniter.php(933): App\Controllers\Home->categoryDetail('assets', 'home', 'images', 'ajax-loading.gif')
 3 SYSTEMPATH\CodeIgniter.php(509): CodeIgniter\CodeIgniter->runController(Object(App\Controllers\Home))
 4 SYSTEMPATH\CodeIgniter.php(355): CodeIgniter\CodeIgniter->handleRequest(null, Object(Config\Cache), false)
 5 SYSTEMPATH\Boot.php(325): CodeIgniter\CodeIgniter->run()
 6 SYSTEMPATH\Boot.php(67): CodeIgniter\Boot::runCodeIgniter(Object(CodeIgniter\CodeIgniter))
 7 FCPATH\index.php(56): CodeIgniter\Boot::bootWeb(Object(Config\Paths))
CRITICAL - 2024-07-31 07:25:49 --> ErrorException: Trying to access array offset on value of type null
[Method: GET, Route: assets/home/images/fevicon.png]
in APPPATH\Controllers\Home.php on line 95.
 1 APPPATH\Controllers\Home.php(95): CodeIgniter\Debug\Exceptions->errorHandler(2, 'Trying to access array offset on value of type null', 'F:\\xampp\\htdocs\\skmc_global\\app\\Controllers\\Home.php', 95)
 2 SYSTEMPATH\CodeIgniter.php(933): App\Controllers\Home->categoryDetail('assets', 'home', 'images', 'fevicon.png')
 3 SYSTEMPATH\CodeIgniter.php(509): CodeIgniter\CodeIgniter->runController(Object(App\Controllers\Home))
 4 SYSTEMPATH\CodeIgniter.php(355): CodeIgniter\CodeIgniter->handleRequest(null, Object(Config\Cache), false)
 5 SYSTEMPATH\Boot.php(325): CodeIgniter\CodeIgniter->run()
 6 SYSTEMPATH\Boot.php(67): CodeIgniter\Boot::runCodeIgniter(Object(CodeIgniter\CodeIgniter))
 7 FCPATH\index.php(56): CodeIgniter\Boot::bootWeb(Object(Config\Paths))
