ERROR - 2025-03-28 06:19:51 --> Error connecting to the database: mysqli_sql_exception: Unknown database 'kara_new' in I:\xampp\htdocs\kara_new\system\Database\MySQLi\Connection.php:187
Stack trace:
#0 I:\xampp\htdocs\kara_new\system\Database\MySQLi\Connection.php(187): mysqli->real_connect('localhost', 'root', '', 'kara_new', 3306, '', 0)
#1 I:\xampp\htdocs\kara_new\system\Database\BaseConnection.php(421): CodeIgniter\Database\MySQLi\Connection->connect(false)
#2 I:\xampp\htdocs\kara_new\system\Database\BaseConnection.php(616): CodeIgniter\Database\BaseConnection->initialize()
#3 I:\xampp\htdocs\kara_new\system\Database\BaseBuilder.php(1636): CodeIgniter\Database\BaseConnection->query('SELECT *\nFROM `...', Array, false)
#4 I:\xampp\htdocs\kara_new\app\Models\HomeModel.php(16): CodeIgniter\Database\BaseBuilder->get()
#5 I:\xampp\htdocs\kara_new\app\Controllers\Home.php(25): App\Models\HomeModel->productList(3)
#6 I:\xampp\htdocs\kara_new\system\CodeIgniter.php(933): App\Controllers\Home->index()
#7 I:\xampp\htdocs\kara_new\system\CodeIgniter.php(509): CodeIgniter\CodeIgniter->runController(Object(App\Controllers\Home))
#8 I:\xampp\htdocs\kara_new\system\CodeIgniter.php(355): CodeIgniter\CodeIgniter->handleRequest(NULL, Object(Config\Cache), false)
#9 I:\xampp\htdocs\kara_new\system\Boot.php(325): CodeIgniter\CodeIgniter->run()
#10 I:\xampp\htdocs\kara_new\system\Boot.php(67): CodeIgniter\Boot::runCodeIgniter(Object(CodeIgniter\CodeIgniter))
#11 I:\xampp\htdocs\kara_new\index.php(56): CodeIgniter\Boot::bootWeb(Object(Config\Paths))
#12 {main}

Next CodeIgniter\Database\Exceptions\DatabaseException: Unknown database 'kara_new' in I:\xampp\htdocs\kara_new\system\Database\MySQLi\Connection.php:231
Stack trace:
#0 I:\xampp\htdocs\kara_new\system\Database\BaseConnection.php(421): CodeIgniter\Database\MySQLi\Connection->connect(false)
#1 I:\xampp\htdocs\kara_new\system\Database\BaseConnection.php(616): CodeIgniter\Database\BaseConnection->initialize()
#2 I:\xampp\htdocs\kara_new\system\Database\BaseBuilder.php(1636): CodeIgniter\Database\BaseConnection->query('SELECT *\nFROM `...', Array, false)
#3 I:\xampp\htdocs\kara_new\app\Models\HomeModel.php(16): CodeIgniter\Database\BaseBuilder->get()
#4 I:\xampp\htdocs\kara_new\app\Controllers\Home.php(25): App\Models\HomeModel->productList(3)
#5 I:\xampp\htdocs\kara_new\system\CodeIgniter.php(933): App\Controllers\Home->index()
#6 I:\xampp\htdocs\kara_new\system\CodeIgniter.php(509): CodeIgniter\CodeIgniter->runController(Object(App\Controllers\Home))
#7 I:\xampp\htdocs\kara_new\system\CodeIgniter.php(355): CodeIgniter\CodeIgniter->handleRequest(NULL, Object(Config\Cache), false)
#8 I:\xampp\htdocs\kara_new\system\Boot.php(325): CodeIgniter\CodeIgniter->run()
#9 I:\xampp\htdocs\kara_new\system\Boot.php(67): CodeIgniter\Boot::runCodeIgniter(Object(CodeIgniter\CodeIgniter))
#10 I:\xampp\htdocs\kara_new\index.php(56): CodeIgniter\Boot::bootWeb(Object(Config\Paths))
#11 {main}
CRITICAL - 2025-03-28 06:19:51 --> CodeIgniter\Database\Exceptions\DatabaseException: Unable to connect to the database.
Main connection [MySQLi]: Unknown database 'kara_new'
[Method: GET, Route: /]
in SYSTEMPATH\Database\BaseConnection.php on line 467.
 1 SYSTEMPATH\Database\BaseConnection.php(616): CodeIgniter\Database\BaseConnection->initialize()
 2 SYSTEMPATH\Database\BaseBuilder.php(1636): CodeIgniter\Database\BaseConnection->query('SELECT *
FROM `product`
WHERE `status` = :status:
 LIMIT 3', [...], false)
 3 APPPATH\Models\HomeModel.php(16): CodeIgniter\Database\BaseBuilder->get()
 4 APPPATH\Controllers\Home.php(25): App\Models\HomeModel->productList(3)
 5 SYSTEMPATH\CodeIgniter.php(933): App\Controllers\Home->index()
 6 SYSTEMPATH\CodeIgniter.php(509): CodeIgniter\CodeIgniter->runController(Object(App\Controllers\Home))
 7 SYSTEMPATH\CodeIgniter.php(355): CodeIgniter\CodeIgniter->handleRequest(null, Object(Config\Cache), false)
 8 SYSTEMPATH\Boot.php(325): CodeIgniter\CodeIgniter->run()
 9 SYSTEMPATH\Boot.php(67): CodeIgniter\Boot::runCodeIgniter(Object(CodeIgniter\CodeIgniter))
10 FCPATH\index.php(56): CodeIgniter\Boot::bootWeb(Object(Config\Paths))
